[0.011s] Invoking command in '/home/sahil-22/flytbase_assignment/build/custom_msgs': CMAKE_PREFIX_PATH=${CMAKE_PREFIX_PATH}:/home/sahil-22/flytbase_assignment/install/turtle_sim_project:/home/sahil-22/ros2_ws/flytbase_assignment/install/turtle_sim_project:/home/sahil-22/ros2_ws/install/turtle_sim_project:/opt/ros/humble /usr/bin/cmake --build /home/sahil-22/flytbase_assignment/build/custom_msgs -- -j4 -l4
[0.054s] [35m[1mConsolidate compiler generated dependencies of target custom_msgs__rosidl_generator_c[0m
[0.066s] [  3%] Built target custom_msgs__cpp
[0.072s] [ 12%] Built target custom_msgs__rosidl_generator_c
[0.082s] [35m[1mConsolidate compiler generated dependencies of target custom_msgs__rosidl_typesupport_fastrtps_cpp[0m
[0.089s] [35m[1mConsolidate compiler generated dependencies of target custom_msgs__rosidl_typesupport_cpp[0m
[0.094s] [ 12%] Built target ament_cmake_python_symlink_custom_msgs
[0.102s] [35m[1mConsolidate compiler generated dependencies of target custom_msgs__rosidl_typesupport_introspection_cpp[0m
[0.107s] [ 22%] Built target custom_msgs__rosidl_typesupport_cpp
[0.119s] [35m[1mConsolidate compiler generated dependencies of target custom_msgs__rosidl_typesupport_fastrtps_c[0m
[0.120s] [ 32%] Built target custom_msgs__rosidl_typesupport_fastrtps_cpp
[0.128s] [35m[1mConsolidate compiler generated dependencies of target custom_msgs__rosidl_typesupport_introspection_c[0m
[0.138s] [ 41%] Built target custom_msgs__rosidl_typesupport_introspection_c
[0.140s] [35m[1mConsolidate compiler generated dependencies of target custom_msgs__rosidl_typesupport_c[0m
[0.144s] [ 51%] Built target custom_msgs__rosidl_typesupport_fastrtps_c
[0.153s] [ 61%] Built target custom_msgs__rosidl_typesupport_introspection_cpp
[0.163s] [ 70%] Built target custom_msgs__rosidl_typesupport_c
[0.183s] [ 70%] Built target custom_msgs
[0.205s] [ 74%] Built target custom_msgs__py
[0.218s] [35m[1mConsolidate compiler generated dependencies of target custom_msgs__rosidl_generator_py[0m
[0.229s] [ 80%] Built target custom_msgs__rosidl_generator_py
[0.244s] [35m[1mConsolidate compiler generated dependencies of target custom_msgs__rosidl_typesupport_c__pyext[0m
[0.256s] [35m[1mConsolidate compiler generated dependencies of target custom_msgs__rosidl_typesupport_fastrtps_c__pyext[0m
[0.273s] [ 87%] Built target custom_msgs__rosidl_typesupport_c__pyext
[0.276s] [35m[1mConsolidate compiler generated dependencies of target custom_msgs__rosidl_typesupport_introspection_c__pyext[0m
[0.289s] [ 93%] Built target custom_msgs__rosidl_typesupport_fastrtps_c__pyext
[0.299s] [100%] Built target custom_msgs__rosidl_typesupport_introspection_c__pyext
[0.395s] running egg_info
[0.395s] writing custom_msgs.egg-info/PKG-INFO
[0.395s] writing dependency_links to custom_msgs.egg-info/dependency_links.txt
[0.395s] writing top-level names to custom_msgs.egg-info/top_level.txt
[0.399s] reading manifest file 'custom_msgs.egg-info/SOURCES.txt'
[0.399s] writing manifest file 'custom_msgs.egg-info/SOURCES.txt'
[0.428s] [100%] Built target ament_cmake_python_build_custom_msgs_egg
[0.438s] Invoked command in '/home/sahil-22/flytbase_assignment/build/custom_msgs' returned '0': CMAKE_PREFIX_PATH=${CMAKE_PREFIX_PATH}:/home/sahil-22/flytbase_assignment/install/turtle_sim_project:/home/sahil-22/ros2_ws/flytbase_assignment/install/turtle_sim_project:/home/sahil-22/ros2_ws/install/turtle_sim_project:/opt/ros/humble /usr/bin/cmake --build /home/sahil-22/flytbase_assignment/build/custom_msgs -- -j4 -l4
[0.513s] Invoking command in '/home/sahil-22/flytbase_assignment/build/custom_msgs': CMAKE_PREFIX_PATH=${CMAKE_PREFIX_PATH}:/home/sahil-22/flytbase_assignment/install/turtle_sim_project:/home/sahil-22/ros2_ws/flytbase_assignment/install/turtle_sim_project:/home/sahil-22/ros2_ws/install/turtle_sim_project:/opt/ros/humble /usr/bin/cmake --install /home/sahil-22/flytbase_assignment/build/custom_msgs
[0.523s] -- Install configuration: ""
[0.524s] -- Execute custom install script
[0.525s] -- Up-to-date symlink: /home/sahil-22/flytbase_assignment/install/custom_msgs/share/ament_index/resource_index/rosidl_interfaces/custom_msgs
[0.526s] -- Up-to-date symlink: /home/sahil-22/flytbase_assignment/install/custom_msgs/include/custom_msgs/custom_msgs/msg/detail/movement__functions.h
[0.528s] -- Up-to-date symlink: /home/sahil-22/flytbase_assignment/install/custom_msgs/include/custom_msgs/custom_msgs/msg/detail/movement__struct.h
[0.528s] -- Up-to-date symlink: /home/sahil-22/flytbase_assignment/install/custom_msgs/include/custom_msgs/custom_msgs/msg/detail/movement__type_support.h
[0.529s] -- Up-to-date symlink: /home/sahil-22/flytbase_assignment/install/custom_msgs/include/custom_msgs/custom_msgs/msg/movement.h
[0.529s] -- Up-to-date symlink: /home/sahil-22/flytbase_assignment/install/custom_msgs/include/custom_msgs/custom_msgs/msg/rosidl_generator_c__visibility_control.h
[0.529s] -- Up-to-date symlink: /home/sahil-22/flytbase_assignment/install/custom_msgs/share/custom_msgs/environment/library_path.sh
[0.530s] -- Up-to-date symlink: /home/sahil-22/flytbase_assignment/install/custom_msgs/share/custom_msgs/environment/library_path.dsv
[0.530s] -- Up-to-date symlink: /home/sahil-22/flytbase_assignment/install/custom_msgs/include/custom_msgs/custom_msgs/msg/detail/movement__rosidl_typesupport_fastrtps_c.h
[0.530s] -- Up-to-date symlink: /home/sahil-22/flytbase_assignment/install/custom_msgs/include/custom_msgs/custom_msgs/msg/rosidl_typesupport_fastrtps_c__visibility_control.h
[0.530s] -- Up-to-date symlink: /home/sahil-22/flytbase_assignment/install/custom_msgs/include/custom_msgs/custom_msgs/msg/detail/movement__rosidl_typesupport_introspection_c.h
[0.530s] -- Up-to-date symlink: /home/sahil-22/flytbase_assignment/install/custom_msgs/include/custom_msgs/custom_msgs/msg/rosidl_typesupport_introspection_c__visibility_control.h
[0.530s] -- Up-to-date symlink: /home/sahil-22/flytbase_assignment/install/custom_msgs/include/custom_msgs/custom_msgs/msg/detail/movement__builder.hpp
[0.530s] -- Up-to-date symlink: /home/sahil-22/flytbase_assignment/install/custom_msgs/include/custom_msgs/custom_msgs/msg/detail/movement__struct.hpp
[0.530s] -- Up-to-date symlink: /home/sahil-22/flytbase_assignment/install/custom_msgs/include/custom_msgs/custom_msgs/msg/detail/movement__traits.hpp
[0.534s] -- Up-to-date symlink: /home/sahil-22/flytbase_assignment/install/custom_msgs/include/custom_msgs/custom_msgs/msg/movement.hpp
[0.534s] -- Up-to-date symlink: /home/sahil-22/flytbase_assignment/install/custom_msgs/include/custom_msgs/custom_msgs/msg/detail/movement__rosidl_typesupport_fastrtps_cpp.hpp
[0.534s] -- Up-to-date symlink: /home/sahil-22/flytbase_assignment/install/custom_msgs/include/custom_msgs/custom_msgs/msg/rosidl_typesupport_fastrtps_cpp__visibility_control.h
[0.534s] -- Up-to-date symlink: /home/sahil-22/flytbase_assignment/install/custom_msgs/include/custom_msgs/custom_msgs/msg/detail/movement__rosidl_typesupport_introspection_cpp.hpp
[0.534s] -- Up-to-date symlink: /home/sahil-22/flytbase_assignment/install/custom_msgs/share/custom_msgs/environment/pythonpath.sh
[0.534s] -- Up-to-date symlink: /home/sahil-22/flytbase_assignment/install/custom_msgs/share/custom_msgs/environment/pythonpath.dsv
[0.534s] -- Up-to-date symlink: /home/sahil-22/flytbase_assignment/install/custom_msgs/local/lib/python3.10/dist-packages/custom_msgs-0.0.0-py3.10.egg-info/PKG-INFO
[0.534s] -- Up-to-date symlink: /home/sahil-22/flytbase_assignment/install/custom_msgs/local/lib/python3.10/dist-packages/custom_msgs-0.0.0-py3.10.egg-info/SOURCES.txt
[0.534s] -- Up-to-date symlink: /home/sahil-22/flytbase_assignment/install/custom_msgs/local/lib/python3.10/dist-packages/custom_msgs-0.0.0-py3.10.egg-info/dependency_links.txt
[0.534s] -- Up-to-date symlink: /home/sahil-22/flytbase_assignment/install/custom_msgs/local/lib/python3.10/dist-packages/custom_msgs-0.0.0-py3.10.egg-info/top_level.txt
[0.534s] -- Up-to-date symlink: /home/sahil-22/flytbase_assignment/install/custom_msgs/local/lib/python3.10/dist-packages/custom_msgs/__init__.py
[0.534s] -- Up-to-date symlink: /home/sahil-22/flytbase_assignment/install/custom_msgs/local/lib/python3.10/dist-packages/custom_msgs/_custom_msgs_s.ep.rosidl_typesupport_c.c
[0.534s] -- Up-to-date symlink: /home/sahil-22/flytbase_assignment/install/custom_msgs/local/lib/python3.10/dist-packages/custom_msgs/_custom_msgs_s.ep.rosidl_typesupport_fastrtps_c.c
[0.534s] -- Up-to-date symlink: /home/sahil-22/flytbase_assignment/install/custom_msgs/local/lib/python3.10/dist-packages/custom_msgs/_custom_msgs_s.ep.rosidl_typesupport_introspection_c.c
[0.535s] -- Up-to-date symlink: /home/sahil-22/flytbase_assignment/install/custom_msgs/local/lib/python3.10/dist-packages/custom_msgs/custom_msgs_s__rosidl_typesupport_c.cpython-310-x86_64-linux-gnu.so
[0.535s] -- Up-to-date symlink: /home/sahil-22/flytbase_assignment/install/custom_msgs/local/lib/python3.10/dist-packages/custom_msgs/custom_msgs_s__rosidl_typesupport_fastrtps_c.cpython-310-x86_64-linux-gnu.so
[0.535s] -- Up-to-date symlink: /home/sahil-22/flytbase_assignment/install/custom_msgs/local/lib/python3.10/dist-packages/custom_msgs/custom_msgs_s__rosidl_typesupport_introspection_c.cpython-310-x86_64-linux-gnu.so
[0.535s] -- Up-to-date symlink: /home/sahil-22/flytbase_assignment/install/custom_msgs/local/lib/python3.10/dist-packages/custom_msgs/libcustom_msgs__rosidl_generator_py.so
[0.535s] -- Up-to-date symlink: /home/sahil-22/flytbase_assignment/install/custom_msgs/local/lib/python3.10/dist-packages/custom_msgs/msg/__init__.py
[0.535s] -- Up-to-date symlink: /home/sahil-22/flytbase_assignment/install/custom_msgs/local/lib/python3.10/dist-packages/custom_msgs/msg/_movement.py
[0.535s] -- Up-to-date symlink: /home/sahil-22/flytbase_assignment/install/custom_msgs/local/lib/python3.10/dist-packages/custom_msgs/msg/_movement_s.c
[0.535s] -- Up-to-date symlink: /home/sahil-22/flytbase_assignment/install/custom_msgs/local/lib/python3.10/dist-packages/custom_msgs/custom_msgs_s__rosidl_typesupport_fastrtps_c.cpython-310-x86_64-linux-gnu.so
[0.535s] -- Up-to-date symlink: /home/sahil-22/flytbase_assignment/install/custom_msgs/local/lib/python3.10/dist-packages/custom_msgs/custom_msgs_s__rosidl_typesupport_introspection_c.cpython-310-x86_64-linux-gnu.so
[0.535s] -- Up-to-date symlink: /home/sahil-22/flytbase_assignment/install/custom_msgs/local/lib/python3.10/dist-packages/custom_msgs/custom_msgs_s__rosidl_typesupport_c.cpython-310-x86_64-linux-gnu.so
[0.535s] -- Up-to-date symlink: /home/sahil-22/flytbase_assignment/install/custom_msgs/share/custom_msgs/msg/Movement.idl
[0.535s] -- Up-to-date symlink: /home/sahil-22/flytbase_assignment/install/custom_msgs/share/custom_msgs/msg/Movement.msg
[0.535s] -- Up-to-date symlink: /home/sahil-22/flytbase_assignment/install/custom_msgs/share/ament_index/resource_index/package_run_dependencies/custom_msgs
[0.536s] -- Up-to-date symlink: /home/sahil-22/flytbase_assignment/install/custom_msgs/share/ament_index/resource_index/parent_prefix_path/custom_msgs
[0.536s] -- Up-to-date symlink: /home/sahil-22/flytbase_assignment/install/custom_msgs/share/custom_msgs/environment/ament_prefix_path.sh
[0.536s] -- Up-to-date symlink: /home/sahil-22/flytbase_assignment/install/custom_msgs/share/custom_msgs/environment/ament_prefix_path.dsv
[0.536s] -- Up-to-date symlink: /home/sahil-22/flytbase_assignment/install/custom_msgs/share/custom_msgs/environment/path.sh
[0.536s] -- Up-to-date symlink: /home/sahil-22/flytbase_assignment/install/custom_msgs/share/custom_msgs/environment/path.dsv
[0.536s] -- Up-to-date symlink: /home/sahil-22/flytbase_assignment/install/custom_msgs/share/custom_msgs/local_setup.bash
[0.536s] -- Up-to-date symlink: /home/sahil-22/flytbase_assignment/install/custom_msgs/share/custom_msgs/local_setup.sh
[0.536s] -- Up-to-date symlink: /home/sahil-22/flytbase_assignment/install/custom_msgs/share/custom_msgs/local_setup.zsh
[0.536s] -- Up-to-date symlink: /home/sahil-22/flytbase_assignment/install/custom_msgs/share/custom_msgs/local_setup.dsv
[0.536s] -- Symlinking: /home/sahil-22/flytbase_assignment/install/custom_msgs/share/custom_msgs/package.dsv
[0.555s] -- Up-to-date symlink: /home/sahil-22/flytbase_assignment/install/custom_msgs/share/ament_index/resource_index/packages/custom_msgs
[0.555s] -- Up-to-date symlink: /home/sahil-22/flytbase_assignment/install/custom_msgs/share/custom_msgs/cmake/rosidl_cmake-extras.cmake
[0.555s] -- Up-to-date symlink: /home/sahil-22/flytbase_assignment/install/custom_msgs/share/custom_msgs/cmake/ament_cmake_export_include_directories-extras.cmake
[0.555s] -- Up-to-date symlink: /home/sahil-22/flytbase_assignment/install/custom_msgs/share/custom_msgs/cmake/ament_cmake_export_libraries-extras.cmake
[0.555s] -- Up-to-date symlink: /home/sahil-22/flytbase_assignment/install/custom_msgs/share/custom_msgs/cmake/ament_cmake_export_targets-extras.cmake
[0.555s] -- Up-to-date symlink: /home/sahil-22/flytbase_assignment/install/custom_msgs/share/custom_msgs/cmake/rosidl_cmake_export_typesupport_targets-extras.cmake
[0.555s] -- Up-to-date symlink: /home/sahil-22/flytbase_assignment/install/custom_msgs/share/custom_msgs/cmake/ament_cmake_export_dependencies-extras.cmake
[0.556s] -- Up-to-date symlink: /home/sahil-22/flytbase_assignment/install/custom_msgs/share/custom_msgs/cmake/rosidl_cmake_export_typesupport_libraries-extras.cmake
[0.556s] -- Up-to-date symlink: /home/sahil-22/flytbase_assignment/install/custom_msgs/share/custom_msgs/cmake/custom_msgsConfig.cmake
[0.556s] -- Up-to-date symlink: /home/sahil-22/flytbase_assignment/install/custom_msgs/share/custom_msgs/cmake/custom_msgsConfig-version.cmake
[0.556s] -- Up-to-date symlink: /home/sahil-22/flytbase_assignment/install/custom_msgs/share/custom_msgs/package.xml
[0.556s] -- Up-to-date: /home/sahil-22/flytbase_assignment/install/custom_msgs/lib/libcustom_msgs__rosidl_generator_c.so
[0.556s] -- Up-to-date: /home/sahil-22/flytbase_assignment/install/custom_msgs/lib/libcustom_msgs__rosidl_typesupport_fastrtps_c.so
[0.556s] -- Up-to-date: /home/sahil-22/flytbase_assignment/install/custom_msgs/lib/libcustom_msgs__rosidl_typesupport_introspection_c.so
[0.556s] -- Up-to-date: /home/sahil-22/flytbase_assignment/install/custom_msgs/lib/libcustom_msgs__rosidl_typesupport_c.so
[0.556s] -- Up-to-date: /home/sahil-22/flytbase_assignment/install/custom_msgs/lib/libcustom_msgs__rosidl_typesupport_fastrtps_cpp.so
[0.556s] -- Up-to-date: /home/sahil-22/flytbase_assignment/install/custom_msgs/lib/libcustom_msgs__rosidl_typesupport_introspection_cpp.so
[0.556s] -- Up-to-date: /home/sahil-22/flytbase_assignment/install/custom_msgs/lib/libcustom_msgs__rosidl_typesupport_cpp.so
[0.594s] Listing '/home/sahil-22/flytbase_assignment/install/custom_msgs/local/lib/python3.10/dist-packages/custom_msgs'...
[0.594s] Listing '/home/sahil-22/flytbase_assignment/install/custom_msgs/local/lib/python3.10/dist-packages/custom_msgs/msg'...
[0.600s] -- Up-to-date: /home/sahil-22/flytbase_assignment/install/custom_msgs/lib/libcustom_msgs__rosidl_generator_py.so
[0.600s] -- Up-to-date: /home/sahil-22/flytbase_assignment/install/custom_msgs/share/custom_msgs/cmake/export_custom_msgs__rosidl_generator_cExport.cmake
[0.600s] -- Up-to-date: /home/sahil-22/flytbase_assignment/install/custom_msgs/share/custom_msgs/cmake/export_custom_msgs__rosidl_generator_cExport-noconfig.cmake
[0.600s] -- Up-to-date: /home/sahil-22/flytbase_assignment/install/custom_msgs/share/custom_msgs/cmake/export_custom_msgs__rosidl_typesupport_fastrtps_cExport.cmake
[0.600s] -- Up-to-date: /home/sahil-22/flytbase_assignment/install/custom_msgs/share/custom_msgs/cmake/export_custom_msgs__rosidl_typesupport_fastrtps_cExport-noconfig.cmake
[0.600s] -- Up-to-date: /home/sahil-22/flytbase_assignment/install/custom_msgs/share/custom_msgs/cmake/custom_msgs__rosidl_typesupport_introspection_cExport.cmake
[0.600s] -- Up-to-date: /home/sahil-22/flytbase_assignment/install/custom_msgs/share/custom_msgs/cmake/custom_msgs__rosidl_typesupport_introspection_cExport-noconfig.cmake
[0.600s] -- Up-to-date: /home/sahil-22/flytbase_assignment/install/custom_msgs/share/custom_msgs/cmake/custom_msgs__rosidl_typesupport_cExport.cmake
[0.600s] -- Up-to-date: /home/sahil-22/flytbase_assignment/install/custom_msgs/share/custom_msgs/cmake/custom_msgs__rosidl_typesupport_cExport-noconfig.cmake
[0.601s] -- Up-to-date: /home/sahil-22/flytbase_assignment/install/custom_msgs/share/custom_msgs/cmake/export_custom_msgs__rosidl_generator_cppExport.cmake
[0.601s] -- Up-to-date: /home/sahil-22/flytbase_assignment/install/custom_msgs/share/custom_msgs/cmake/export_custom_msgs__rosidl_typesupport_fastrtps_cppExport.cmake
[0.601s] -- Up-to-date: /home/sahil-22/flytbase_assignment/install/custom_msgs/share/custom_msgs/cmake/export_custom_msgs__rosidl_typesupport_fastrtps_cppExport-noconfig.cmake
[0.601s] -- Up-to-date: /home/sahil-22/flytbase_assignment/install/custom_msgs/share/custom_msgs/cmake/custom_msgs__rosidl_typesupport_introspection_cppExport.cmake
[0.601s] -- Up-to-date: /home/sahil-22/flytbase_assignment/install/custom_msgs/share/custom_msgs/cmake/custom_msgs__rosidl_typesupport_introspection_cppExport-noconfig.cmake
[0.601s] -- Up-to-date: /home/sahil-22/flytbase_assignment/install/custom_msgs/share/custom_msgs/cmake/custom_msgs__rosidl_typesupport_cppExport.cmake
[0.601s] -- Up-to-date: /home/sahil-22/flytbase_assignment/install/custom_msgs/share/custom_msgs/cmake/custom_msgs__rosidl_typesupport_cppExport-noconfig.cmake
[0.601s] -- Up-to-date: /home/sahil-22/flytbase_assignment/install/custom_msgs/share/custom_msgs/cmake/export_custom_msgs__rosidl_generator_pyExport.cmake
[0.601s] -- Up-to-date: /home/sahil-22/flytbase_assignment/install/custom_msgs/share/custom_msgs/cmake/export_custom_msgs__rosidl_generator_pyExport-noconfig.cmake
[0.608s] Invoked command in '/home/sahil-22/flytbase_assignment/build/custom_msgs' returned '0': CMAKE_PREFIX_PATH=${CMAKE_PREFIX_PATH}:/home/sahil-22/flytbase_assignment/install/turtle_sim_project:/home/sahil-22/ros2_ws/flytbase_assignment/install/turtle_sim_project:/home/sahil-22/ros2_ws/install/turtle_sim_project:/opt/ros/humble /usr/bin/cmake --install /home/sahil-22/flytbase_assignment/build/custom_msgs
