[0.013s] Invoking command in '/home/sahil-22/flytbase_assignment/build/custom_msgs': CMAKE_PREFIX_PATH=${CMAKE_PREFIX_PATH}:/home/sahil-22/flytbase_assignment/install/turtle_sim_project:/home/sahil-22/ros2_ws/flytbase_assignment/install/turtle_sim_project:/home/sahil-22/ros2_ws/install/turtle_sim_project:/opt/ros/humble /usr/bin/cmake /home/sahil-22/flytbase_assignment/src/custom_msgs -DAMENT_CMAKE_SYMLINK_INSTALL=1 -DCMAKE_INSTALL_PREFIX=/home/sahil-22/flytbase_assignment/install/custom_msgs
[0.107s] -- The C compiler identification is GNU 11.4.0
[0.191s] -- The CXX compiler identification is GNU 11.4.0
[0.203s] -- Detecting C compiler ABI info
[0.290s] -- Detecting C compiler ABI info - done
[0.300s] -- Check for working C compiler: /usr/bin/cc - skipped
[0.301s] -- Detecting C compile features
[0.305s] -- Detecting C compile features - done
[0.311s] -- Detecting CXX compiler ABI info
[0.415s] -- Detecting CXX compiler ABI info - done
[0.424s] -- Check for working CXX compiler: /usr/bin/c++ - skipped
[0.424s] -- Detecting CXX compile features
[0.424s] -- Detecting CXX compile features - done
[0.439s] -- Found ament_cmake: 1.3.8 (/opt/ros/humble/share/ament_cmake/cmake)
[0.641s] -- Found Python3: /usr/bin/python3 (found version "3.10.12") found components: Interpreter 
[0.716s] -- Override CMake install command with custom implementation using symlinks instead of copying resources
[0.760s] -- Found rosidl_default_generators: 1.2.0 (/opt/ros/humble/share/rosidl_default_generators/cmake)
[0.768s] -- Using all available rosidl_typesupport_c: rosidl_typesupport_fastrtps_c;rosidl_typesupport_introspection_c
[0.780s] -- Found rosidl_adapter: 3.1.5 (/opt/ros/humble/share/rosidl_adapter/cmake)
[0.871s] -- Using all available rosidl_typesupport_cpp: rosidl_typesupport_fastrtps_cpp;rosidl_typesupport_introspection_cpp
[1.268s] -- Found ament_cmake_ros: 0.10.0 (/opt/ros/humble/share/ament_cmake_ros/cmake)
[1.454s] -- Using all available rosidl_typesupport_c: rosidl_typesupport_fastrtps_c;rosidl_typesupport_introspection_c
[1.763s] -- Using all available rosidl_typesupport_cpp: rosidl_typesupport_fastrtps_cpp;rosidl_typesupport_introspection_cpp
[1.790s] -- Found PythonInterp: /usr/bin/python3 (found suitable version "3.10.12", minimum required is "3.6") 
[1.799s] -- Found python_cmake_module: 0.10.0 (/opt/ros/humble/share/python_cmake_module/cmake)
[1.841s] -- Found PythonLibs: /usr/lib/x86_64-linux-gnu/libpython3.10.so (found suitable version "3.10.12", minimum required is "3.5") 
[1.841s] -- Using PYTHON_EXECUTABLE: /usr/bin/python3
[1.841s] -- Using PYTHON_INCLUDE_DIRS: /usr/include/python3.10
[1.841s] -- Using PYTHON_LIBRARIES: /usr/lib/x86_64-linux-gnu/libpython3.10.so
[1.869s] -- Found PythonExtra: .so  
[1.931s] -- Configuring done
[1.974s] -- Generating done
[1.976s] -- Build files have been written to: /home/sahil-22/flytbase_assignment/build/custom_msgs
[1.989s] Invoked command in '/home/sahil-22/flytbase_assignment/build/custom_msgs' returned '0': CMAKE_PREFIX_PATH=${CMAKE_PREFIX_PATH}:/home/sahil-22/flytbase_assignment/install/turtle_sim_project:/home/sahil-22/ros2_ws/flytbase_assignment/install/turtle_sim_project:/home/sahil-22/ros2_ws/install/turtle_sim_project:/opt/ros/humble /usr/bin/cmake /home/sahil-22/flytbase_assignment/src/custom_msgs -DAMENT_CMAKE_SYMLINK_INSTALL=1 -DCMAKE_INSTALL_PREFIX=/home/sahil-22/flytbase_assignment/install/custom_msgs
[1.990s] Invoking command in '/home/sahil-22/flytbase_assignment/build/custom_msgs': CMAKE_PREFIX_PATH=${CMAKE_PREFIX_PATH}:/home/sahil-22/flytbase_assignment/install/turtle_sim_project:/home/sahil-22/ros2_ws/flytbase_assignment/install/turtle_sim_project:/home/sahil-22/ros2_ws/install/turtle_sim_project:/opt/ros/humble /usr/bin/cmake --build /home/sahil-22/flytbase_assignment/build/custom_msgs -- -j4 -l4
[2.042s] [  3%] [34m[1mGenerating C code for ROS interfaces[0m
[2.070s] [  6%] [34m[1mGenerating C++ code for ROS interfaces[0m
[2.081s] [  6%] Built target ament_cmake_python_symlink_custom_msgs
[2.576s] running egg_info
[2.576s] creating custom_msgs.egg-info
[2.576s] writing custom_msgs.egg-info/PKG-INFO
[2.576s] writing dependency_links to custom_msgs.egg-info/dependency_links.txt
[2.576s] writing top-level names to custom_msgs.egg-info/top_level.txt
[2.576s] writing manifest file 'custom_msgs.egg-info/SOURCES.txt'
[2.577s] reading manifest file 'custom_msgs.egg-info/SOURCES.txt'
[2.577s] writing manifest file 'custom_msgs.egg-info/SOURCES.txt'
[2.618s] [  6%] Built target custom_msgs__cpp
[2.629s] [  9%] [34m[1mGenerating C++ type support dispatch for ROS interfaces[0m
[2.639s] [ 12%] [34m[1mGenerating C++ type support for eProsima Fast-RTPS[0m
[2.649s] [ 12%] Built target ament_cmake_python_build_custom_msgs_egg
[2.660s] [ 16%] [32mBuilding C object CMakeFiles/custom_msgs__rosidl_generator_c.dir/rosidl_generator_c/custom_msgs/msg/detail/movement__functions.c.o[0m
[2.694s] [ 19%] [34m[1mGenerating C++ introspection for ROS interfaces[0m
[2.816s] [ 22%] [32m[1mLinking C shared library libcustom_msgs__rosidl_generator_c.so[0m
[2.901s] [ 22%] Built target custom_msgs__rosidl_generator_c
[2.940s] [ 25%] [34m[1mGenerating C type support for eProsima Fast-RTPS[0m
[3.044s] [ 29%] [32mBuilding CXX object CMakeFiles/custom_msgs__rosidl_typesupport_cpp.dir/rosidl_typesupport_cpp/custom_msgs/msg/movement__type_support.cpp.o[0m
[3.161s] [ 32%] [32mBuilding CXX object CMakeFiles/custom_msgs__rosidl_typesupport_fastrtps_cpp.dir/rosidl_typesupport_fastrtps_cpp/custom_msgs/msg/detail/dds_fastrtps/movement__type_support.cpp.o[0m
[3.277s] [ 35%] [32mBuilding CXX object CMakeFiles/custom_msgs__rosidl_typesupport_introspection_cpp.dir/rosidl_typesupport_introspection_cpp/custom_msgs/msg/detail/movement__type_support.cpp.o[0m
[3.446s] [ 38%] [32mBuilding CXX object CMakeFiles/custom_msgs__rosidl_typesupport_fastrtps_c.dir/rosidl_typesupport_fastrtps_c/custom_msgs/msg/detail/movement__type_support_c.cpp.o[0m
[3.466s] [ 41%] [32m[1mLinking CXX shared library libcustom_msgs__rosidl_typesupport_cpp.so[0m
[3.533s] [ 41%] Built target custom_msgs__rosidl_typesupport_cpp
[3.545s] [ 45%] [34m[1mGenerating C introspection for ROS interfaces[0m
[3.748s] [ 48%] [32m[1mLinking CXX shared library libcustom_msgs__rosidl_typesupport_fastrtps_cpp.so[0m
[3.862s] [ 48%] Built target custom_msgs__rosidl_typesupport_fastrtps_cpp
[3.872s] [ 51%] [34m[1mGenerating C type support dispatch for ROS interfaces[0m
[3.883s] [ 54%] [32mBuilding C object CMakeFiles/custom_msgs__rosidl_typesupport_introspection_c.dir/rosidl_typesupport_introspection_c/custom_msgs/msg/detail/movement__type_support.c.o[0m
[3.888s] [ 58%] [32m[1mLinking CXX shared library libcustom_msgs__rosidl_typesupport_introspection_cpp.so[0m
[3.891s] [ 61%] [32m[1mLinking CXX shared library libcustom_msgs__rosidl_typesupport_fastrtps_c.so[0m
[3.952s] [ 61%] Built target custom_msgs__rosidl_typesupport_introspection_cpp
[3.955s] [ 64%] [32m[1mLinking C shared library libcustom_msgs__rosidl_typesupport_introspection_c.so[0m
[3.988s] [ 64%] Built target custom_msgs__rosidl_typesupport_introspection_c
[4.000s] [ 64%] Built target custom_msgs__rosidl_typesupport_fastrtps_c
[4.083s] [ 67%] [32mBuilding CXX object CMakeFiles/custom_msgs__rosidl_typesupport_c.dir/rosidl_typesupport_c/custom_msgs/msg/movement__type_support.cpp.o[0m
[4.102s] [ 70%] [32m[1mLinking CXX shared library libcustom_msgs__rosidl_typesupport_c.so[0m
[4.129s] [ 70%] Built target custom_msgs__rosidl_typesupport_c
[4.143s] [ 70%] Built target custom_msgs
[4.157s] [ 74%] [34m[1mGenerating Python code for ROS interfaces[0m
[4.370s] [ 74%] Built target custom_msgs__py
[4.384s] [ 77%] [32mBuilding C object CMakeFiles/custom_msgs__rosidl_generator_py.dir/rosidl_generator_py/custom_msgs/msg/_movement_s.c.o[0m
[4.451s] [ 80%] [32m[1mLinking C shared library rosidl_generator_py/custom_msgs/libcustom_msgs__rosidl_generator_py.so[0m
[4.478s] [ 80%] Built target custom_msgs__rosidl_generator_py
[4.498s] [ 87%] [32mBuilding C object CMakeFiles/custom_msgs__rosidl_typesupport_c__pyext.dir/rosidl_generator_py/custom_msgs/_custom_msgs_s.ep.rosidl_typesupport_c.c.o[0m
[4.498s] [ 87%] [32mBuilding C object CMakeFiles/custom_msgs__rosidl_typesupport_introspection_c__pyext.dir/rosidl_generator_py/custom_msgs/_custom_msgs_s.ep.rosidl_typesupport_introspection_c.c.o[0m
[4.498s] [ 90%] [32mBuilding C object CMakeFiles/custom_msgs__rosidl_typesupport_fastrtps_c__pyext.dir/rosidl_generator_py/custom_msgs/_custom_msgs_s.ep.rosidl_typesupport_fastrtps_c.c.o[0m
[4.597s] [ 96%] [32m[1mLinking C shared library rosidl_generator_py/custom_msgs/custom_msgs_s__rosidl_typesupport_c.cpython-310-x86_64-linux-gnu.so[0m
[4.597s] [ 96%] [32m[1mLinking C shared library rosidl_generator_py/custom_msgs/custom_msgs_s__rosidl_typesupport_introspection_c.cpython-310-x86_64-linux-gnu.so[0m
[4.606s] [100%] [32m[1mLinking C shared library rosidl_generator_py/custom_msgs/custom_msgs_s__rosidl_typesupport_fastrtps_c.cpython-310-x86_64-linux-gnu.so[0m
[4.629s] [100%] Built target custom_msgs__rosidl_typesupport_c__pyext
[4.632s] [100%] Built target custom_msgs__rosidl_typesupport_introspection_c__pyext
[4.640s] [100%] Built target custom_msgs__rosidl_typesupport_fastrtps_c__pyext
[4.648s] Invoked command in '/home/sahil-22/flytbase_assignment/build/custom_msgs' returned '0': CMAKE_PREFIX_PATH=${CMAKE_PREFIX_PATH}:/home/sahil-22/flytbase_assignment/install/turtle_sim_project:/home/sahil-22/ros2_ws/flytbase_assignment/install/turtle_sim_project:/home/sahil-22/ros2_ws/install/turtle_sim_project:/opt/ros/humble /usr/bin/cmake --build /home/sahil-22/flytbase_assignment/build/custom_msgs -- -j4 -l4
[4.695s] Invoking command in '/home/sahil-22/flytbase_assignment/build/custom_msgs': CMAKE_PREFIX_PATH=${CMAKE_PREFIX_PATH}:/home/sahil-22/flytbase_assignment/install/turtle_sim_project:/home/sahil-22/ros2_ws/flytbase_assignment/install/turtle_sim_project:/home/sahil-22/ros2_ws/install/turtle_sim_project:/opt/ros/humble /usr/bin/cmake --install /home/sahil-22/flytbase_assignment/build/custom_msgs
[4.701s] -- Install configuration: ""
[4.701s] -- Execute custom install script
[4.701s] -- Symlinking: /home/sahil-22/flytbase_assignment/install/custom_msgs/share/ament_index/resource_index/rosidl_interfaces/custom_msgs
[4.708s] -- Symlinking: /home/sahil-22/flytbase_assignment/install/custom_msgs/include/custom_msgs/custom_msgs/msg/detail/movement__functions.h
[4.715s] -- Symlinking: /home/sahil-22/flytbase_assignment/install/custom_msgs/include/custom_msgs/custom_msgs/msg/detail/movement__struct.h
[4.721s] -- Symlinking: /home/sahil-22/flytbase_assignment/install/custom_msgs/include/custom_msgs/custom_msgs/msg/detail/movement__type_support.h
[4.727s] -- Symlinking: /home/sahil-22/flytbase_assignment/install/custom_msgs/include/custom_msgs/custom_msgs/msg/movement.h
[4.733s] -- Symlinking: /home/sahil-22/flytbase_assignment/install/custom_msgs/include/custom_msgs/custom_msgs/msg/rosidl_generator_c__visibility_control.h
[4.739s] -- Symlinking: /home/sahil-22/flytbase_assignment/install/custom_msgs/share/custom_msgs/environment/library_path.sh
[4.746s] -- Symlinking: /home/sahil-22/flytbase_assignment/install/custom_msgs/share/custom_msgs/environment/library_path.dsv
[4.752s] -- Symlinking: /home/sahil-22/flytbase_assignment/install/custom_msgs/include/custom_msgs/custom_msgs/msg/detail/movement__rosidl_typesupport_fastrtps_c.h
[4.759s] -- Symlinking: /home/sahil-22/flytbase_assignment/install/custom_msgs/include/custom_msgs/custom_msgs/msg/rosidl_typesupport_fastrtps_c__visibility_control.h
[4.767s] -- Symlinking: /home/sahil-22/flytbase_assignment/install/custom_msgs/include/custom_msgs/custom_msgs/msg/detail/movement__rosidl_typesupport_introspection_c.h
[4.772s] -- Symlinking: /home/sahil-22/flytbase_assignment/install/custom_msgs/include/custom_msgs/custom_msgs/msg/rosidl_typesupport_introspection_c__visibility_control.h
[4.779s] -- Symlinking: /home/sahil-22/flytbase_assignment/install/custom_msgs/include/custom_msgs/custom_msgs/msg/detail/movement__builder.hpp
[4.785s] -- Symlinking: /home/sahil-22/flytbase_assignment/install/custom_msgs/include/custom_msgs/custom_msgs/msg/detail/movement__struct.hpp
[4.792s] -- Symlinking: /home/sahil-22/flytbase_assignment/install/custom_msgs/include/custom_msgs/custom_msgs/msg/detail/movement__traits.hpp
[4.798s] -- Symlinking: /home/sahil-22/flytbase_assignment/install/custom_msgs/include/custom_msgs/custom_msgs/msg/movement.hpp
[4.804s] -- Symlinking: /home/sahil-22/flytbase_assignment/install/custom_msgs/include/custom_msgs/custom_msgs/msg/detail/movement__rosidl_typesupport_fastrtps_cpp.hpp
[4.811s] -- Symlinking: /home/sahil-22/flytbase_assignment/install/custom_msgs/include/custom_msgs/custom_msgs/msg/rosidl_typesupport_fastrtps_cpp__visibility_control.h
[4.817s] -- Symlinking: /home/sahil-22/flytbase_assignment/install/custom_msgs/include/custom_msgs/custom_msgs/msg/detail/movement__rosidl_typesupport_introspection_cpp.hpp
[4.824s] -- Symlinking: /home/sahil-22/flytbase_assignment/install/custom_msgs/share/custom_msgs/environment/pythonpath.sh
[4.830s] -- Symlinking: /home/sahil-22/flytbase_assignment/install/custom_msgs/share/custom_msgs/environment/pythonpath.dsv
[4.837s] -- Symlinking: /home/sahil-22/flytbase_assignment/install/custom_msgs/local/lib/python3.10/dist-packages/custom_msgs-0.0.0-py3.10.egg-info/PKG-INFO
[4.845s] -- Symlinking: /home/sahil-22/flytbase_assignment/install/custom_msgs/local/lib/python3.10/dist-packages/custom_msgs-0.0.0-py3.10.egg-info/SOURCES.txt
[4.851s] -- Symlinking: /home/sahil-22/flytbase_assignment/install/custom_msgs/local/lib/python3.10/dist-packages/custom_msgs-0.0.0-py3.10.egg-info/dependency_links.txt
[4.858s] -- Symlinking: /home/sahil-22/flytbase_assignment/install/custom_msgs/local/lib/python3.10/dist-packages/custom_msgs-0.0.0-py3.10.egg-info/top_level.txt
[4.865s] -- Symlinking: /home/sahil-22/flytbase_assignment/install/custom_msgs/local/lib/python3.10/dist-packages/custom_msgs/__init__.py
[4.872s] -- Symlinking: /home/sahil-22/flytbase_assignment/install/custom_msgs/local/lib/python3.10/dist-packages/custom_msgs/_custom_msgs_s.ep.rosidl_typesupport_c.c
[4.880s] -- Symlinking: /home/sahil-22/flytbase_assignment/install/custom_msgs/local/lib/python3.10/dist-packages/custom_msgs/_custom_msgs_s.ep.rosidl_typesupport_fastrtps_c.c
[4.887s] -- Symlinking: /home/sahil-22/flytbase_assignment/install/custom_msgs/local/lib/python3.10/dist-packages/custom_msgs/_custom_msgs_s.ep.rosidl_typesupport_introspection_c.c
[4.893s] -- Symlinking: /home/sahil-22/flytbase_assignment/install/custom_msgs/local/lib/python3.10/dist-packages/custom_msgs/custom_msgs_s__rosidl_typesupport_c.cpython-310-x86_64-linux-gnu.so
[4.900s] -- Symlinking: /home/sahil-22/flytbase_assignment/install/custom_msgs/local/lib/python3.10/dist-packages/custom_msgs/custom_msgs_s__rosidl_typesupport_fastrtps_c.cpython-310-x86_64-linux-gnu.so
[4.906s] -- Symlinking: /home/sahil-22/flytbase_assignment/install/custom_msgs/local/lib/python3.10/dist-packages/custom_msgs/custom_msgs_s__rosidl_typesupport_introspection_c.cpython-310-x86_64-linux-gnu.so
[4.913s] -- Symlinking: /home/sahil-22/flytbase_assignment/install/custom_msgs/local/lib/python3.10/dist-packages/custom_msgs/libcustom_msgs__rosidl_generator_py.so
[4.919s] -- Symlinking: /home/sahil-22/flytbase_assignment/install/custom_msgs/local/lib/python3.10/dist-packages/custom_msgs/msg/__init__.py
[4.925s] -- Symlinking: /home/sahil-22/flytbase_assignment/install/custom_msgs/local/lib/python3.10/dist-packages/custom_msgs/msg/_movement.py
[4.931s] -- Symlinking: /home/sahil-22/flytbase_assignment/install/custom_msgs/local/lib/python3.10/dist-packages/custom_msgs/msg/_movement_s.c
[4.937s] -- Up-to-date symlink: /home/sahil-22/flytbase_assignment/install/custom_msgs/local/lib/python3.10/dist-packages/custom_msgs/custom_msgs_s__rosidl_typesupport_fastrtps_c.cpython-310-x86_64-linux-gnu.so
[4.937s] -- Up-to-date symlink: /home/sahil-22/flytbase_assignment/install/custom_msgs/local/lib/python3.10/dist-packages/custom_msgs/custom_msgs_s__rosidl_typesupport_introspection_c.cpython-310-x86_64-linux-gnu.so
[4.937s] -- Up-to-date symlink: /home/sahil-22/flytbase_assignment/install/custom_msgs/local/lib/python3.10/dist-packages/custom_msgs/custom_msgs_s__rosidl_typesupport_c.cpython-310-x86_64-linux-gnu.so
[4.937s] -- Symlinking: /home/sahil-22/flytbase_assignment/install/custom_msgs/share/custom_msgs/msg/Movement.idl
[4.944s] -- Symlinking: /home/sahil-22/flytbase_assignment/install/custom_msgs/share/custom_msgs/msg/Movement.msg
[4.951s] -- Symlinking: /home/sahil-22/flytbase_assignment/install/custom_msgs/share/ament_index/resource_index/package_run_dependencies/custom_msgs
[4.958s] -- Symlinking: /home/sahil-22/flytbase_assignment/install/custom_msgs/share/ament_index/resource_index/parent_prefix_path/custom_msgs
[4.964s] -- Symlinking: /home/sahil-22/flytbase_assignment/install/custom_msgs/share/custom_msgs/environment/ament_prefix_path.sh
[4.970s] -- Symlinking: /home/sahil-22/flytbase_assignment/install/custom_msgs/share/custom_msgs/environment/ament_prefix_path.dsv
[4.976s] -- Symlinking: /home/sahil-22/flytbase_assignment/install/custom_msgs/share/custom_msgs/environment/path.sh
[4.982s] -- Symlinking: /home/sahil-22/flytbase_assignment/install/custom_msgs/share/custom_msgs/environment/path.dsv
[4.988s] -- Symlinking: /home/sahil-22/flytbase_assignment/install/custom_msgs/share/custom_msgs/local_setup.bash
[4.994s] -- Symlinking: /home/sahil-22/flytbase_assignment/install/custom_msgs/share/custom_msgs/local_setup.sh
[5.001s] -- Symlinking: /home/sahil-22/flytbase_assignment/install/custom_msgs/share/custom_msgs/local_setup.zsh
[5.007s] -- Symlinking: /home/sahil-22/flytbase_assignment/install/custom_msgs/share/custom_msgs/local_setup.dsv
[5.014s] -- Symlinking: /home/sahil-22/flytbase_assignment/install/custom_msgs/share/custom_msgs/package.dsv
[5.023s] -- Symlinking: /home/sahil-22/flytbase_assignment/install/custom_msgs/share/ament_index/resource_index/packages/custom_msgs
[5.030s] -- Symlinking: /home/sahil-22/flytbase_assignment/install/custom_msgs/share/custom_msgs/cmake/rosidl_cmake-extras.cmake
[5.037s] -- Symlinking: /home/sahil-22/flytbase_assignment/install/custom_msgs/share/custom_msgs/cmake/ament_cmake_export_include_directories-extras.cmake
[5.043s] -- Symlinking: /home/sahil-22/flytbase_assignment/install/custom_msgs/share/custom_msgs/cmake/ament_cmake_export_libraries-extras.cmake
[5.050s] -- Symlinking: /home/sahil-22/flytbase_assignment/install/custom_msgs/share/custom_msgs/cmake/ament_cmake_export_targets-extras.cmake
[5.057s] -- Symlinking: /home/sahil-22/flytbase_assignment/install/custom_msgs/share/custom_msgs/cmake/rosidl_cmake_export_typesupport_targets-extras.cmake
[5.064s] -- Symlinking: /home/sahil-22/flytbase_assignment/install/custom_msgs/share/custom_msgs/cmake/ament_cmake_export_dependencies-extras.cmake
[5.071s] -- Symlinking: /home/sahil-22/flytbase_assignment/install/custom_msgs/share/custom_msgs/cmake/rosidl_cmake_export_typesupport_libraries-extras.cmake
[5.077s] -- Symlinking: /home/sahil-22/flytbase_assignment/install/custom_msgs/share/custom_msgs/cmake/custom_msgsConfig.cmake
[5.083s] -- Symlinking: /home/sahil-22/flytbase_assignment/install/custom_msgs/share/custom_msgs/cmake/custom_msgsConfig-version.cmake
[5.090s] -- Symlinking: /home/sahil-22/flytbase_assignment/install/custom_msgs/share/custom_msgs/package.xml
[5.096s] -- Installing: /home/sahil-22/flytbase_assignment/install/custom_msgs/lib/libcustom_msgs__rosidl_generator_c.so
[5.096s] -- Set runtime path of "/home/sahil-22/flytbase_assignment/install/custom_msgs/lib/libcustom_msgs__rosidl_generator_c.so" to ""
[5.096s] -- Installing: /home/sahil-22/flytbase_assignment/install/custom_msgs/lib/libcustom_msgs__rosidl_typesupport_fastrtps_c.so
[5.096s] -- Set runtime path of "/home/sahil-22/flytbase_assignment/install/custom_msgs/lib/libcustom_msgs__rosidl_typesupport_fastrtps_c.so" to ""
[5.096s] -- Installing: /home/sahil-22/flytbase_assignment/install/custom_msgs/lib/libcustom_msgs__rosidl_typesupport_introspection_c.so
[5.097s] -- Set runtime path of "/home/sahil-22/flytbase_assignment/install/custom_msgs/lib/libcustom_msgs__rosidl_typesupport_introspection_c.so" to ""
[5.097s] -- Installing: /home/sahil-22/flytbase_assignment/install/custom_msgs/lib/libcustom_msgs__rosidl_typesupport_c.so
[5.097s] -- Set runtime path of "/home/sahil-22/flytbase_assignment/install/custom_msgs/lib/libcustom_msgs__rosidl_typesupport_c.so" to ""
[5.097s] -- Installing: /home/sahil-22/flytbase_assignment/install/custom_msgs/lib/libcustom_msgs__rosidl_typesupport_fastrtps_cpp.so
[5.097s] -- Set runtime path of "/home/sahil-22/flytbase_assignment/install/custom_msgs/lib/libcustom_msgs__rosidl_typesupport_fastrtps_cpp.so" to ""
[5.097s] -- Installing: /home/sahil-22/flytbase_assignment/install/custom_msgs/lib/libcustom_msgs__rosidl_typesupport_introspection_cpp.so
[5.097s] -- Set runtime path of "/home/sahil-22/flytbase_assignment/install/custom_msgs/lib/libcustom_msgs__rosidl_typesupport_introspection_cpp.so" to ""
[5.098s] -- Installing: /home/sahil-22/flytbase_assignment/install/custom_msgs/lib/libcustom_msgs__rosidl_typesupport_cpp.so
[5.098s] -- Set runtime path of "/home/sahil-22/flytbase_assignment/install/custom_msgs/lib/libcustom_msgs__rosidl_typesupport_cpp.so" to ""
[5.125s] Listing '/home/sahil-22/flytbase_assignment/install/custom_msgs/local/lib/python3.10/dist-packages/custom_msgs'...
[5.125s] Compiling '/home/sahil-22/flytbase_assignment/install/custom_msgs/local/lib/python3.10/dist-packages/custom_msgs/__init__.py'...
[5.125s] Listing '/home/sahil-22/flytbase_assignment/install/custom_msgs/local/lib/python3.10/dist-packages/custom_msgs/msg'...
[5.126s] Compiling '/home/sahil-22/flytbase_assignment/install/custom_msgs/local/lib/python3.10/dist-packages/custom_msgs/msg/__init__.py'...
[5.126s] Compiling '/home/sahil-22/flytbase_assignment/install/custom_msgs/local/lib/python3.10/dist-packages/custom_msgs/msg/_movement.py'...
[5.128s] -- Installing: /home/sahil-22/flytbase_assignment/install/custom_msgs/lib/libcustom_msgs__rosidl_generator_py.so
[5.128s] -- Set runtime path of "/home/sahil-22/flytbase_assignment/install/custom_msgs/lib/libcustom_msgs__rosidl_generator_py.so" to ""
[5.128s] -- Installing: /home/sahil-22/flytbase_assignment/install/custom_msgs/share/custom_msgs/cmake/export_custom_msgs__rosidl_generator_cExport.cmake
[5.128s] -- Installing: /home/sahil-22/flytbase_assignment/install/custom_msgs/share/custom_msgs/cmake/export_custom_msgs__rosidl_generator_cExport-noconfig.cmake
[5.129s] -- Installing: /home/sahil-22/flytbase_assignment/install/custom_msgs/share/custom_msgs/cmake/export_custom_msgs__rosidl_typesupport_fastrtps_cExport.cmake
[5.129s] -- Installing: /home/sahil-22/flytbase_assignment/install/custom_msgs/share/custom_msgs/cmake/export_custom_msgs__rosidl_typesupport_fastrtps_cExport-noconfig.cmake
[5.129s] -- Installing: /home/sahil-22/flytbase_assignment/install/custom_msgs/share/custom_msgs/cmake/custom_msgs__rosidl_typesupport_introspection_cExport.cmake
[5.129s] -- Installing: /home/sahil-22/flytbase_assignment/install/custom_msgs/share/custom_msgs/cmake/custom_msgs__rosidl_typesupport_introspection_cExport-noconfig.cmake
[5.129s] -- Installing: /home/sahil-22/flytbase_assignment/install/custom_msgs/share/custom_msgs/cmake/custom_msgs__rosidl_typesupport_cExport.cmake
[5.129s] -- Installing: /home/sahil-22/flytbase_assignment/install/custom_msgs/share/custom_msgs/cmake/custom_msgs__rosidl_typesupport_cExport-noconfig.cmake
[5.129s] -- Installing: /home/sahil-22/flytbase_assignment/install/custom_msgs/share/custom_msgs/cmake/export_custom_msgs__rosidl_generator_cppExport.cmake
[5.129s] -- Installing: /home/sahil-22/flytbase_assignment/install/custom_msgs/share/custom_msgs/cmake/export_custom_msgs__rosidl_typesupport_fastrtps_cppExport.cmake
[5.129s] -- Installing: /home/sahil-22/flytbase_assignment/install/custom_msgs/share/custom_msgs/cmake/export_custom_msgs__rosidl_typesupport_fastrtps_cppExport-noconfig.cmake
[5.129s] -- Installing: /home/sahil-22/flytbase_assignment/install/custom_msgs/share/custom_msgs/cmake/custom_msgs__rosidl_typesupport_introspection_cppExport.cmake
[5.130s] -- Installing: /home/sahil-22/flytbase_assignment/install/custom_msgs/share/custom_msgs/cmake/custom_msgs__rosidl_typesupport_introspection_cppExport-noconfig.cmake
[5.130s] -- Installing: /home/sahil-22/flytbase_assignment/install/custom_msgs/share/custom_msgs/cmake/custom_msgs__rosidl_typesupport_cppExport.cmake
[5.130s] -- Installing: /home/sahil-22/flytbase_assignment/install/custom_msgs/share/custom_msgs/cmake/custom_msgs__rosidl_typesupport_cppExport-noconfig.cmake
[5.130s] -- Installing: /home/sahil-22/flytbase_assignment/install/custom_msgs/share/custom_msgs/cmake/export_custom_msgs__rosidl_generator_pyExport.cmake
[5.130s] -- Installing: /home/sahil-22/flytbase_assignment/install/custom_msgs/share/custom_msgs/cmake/export_custom_msgs__rosidl_generator_pyExport-noconfig.cmake
[5.133s] Invoked command in '/home/sahil-22/flytbase_assignment/build/custom_msgs' returned '0': CMAKE_PREFIX_PATH=${CMAKE_PREFIX_PATH}:/home/sahil-22/flytbase_assignment/install/turtle_sim_project:/home/sahil-22/ros2_ws/flytbase_assignment/install/turtle_sim_project:/home/sahil-22/ros2_ws/install/turtle_sim_project:/opt/ros/humble /usr/bin/cmake --install /home/sahil-22/flytbase_assignment/build/custom_msgs
