[0.093s] DEBUG:colcon:Command line arguments: ['/home/sahil-22/.local/bin/colcon', 'build', '--symlink-install']
[0.093s] DEBUG:colcon:Parsed command line arguments: Namespace(log_base=None, log_level=None, verb_name='build', build_base='build', install_base='install', merge_install=False, symlink_install=True, test_result_base=None, continue_on_error=False, executor='parallel', parallel_workers=4, event_handlers=None, ignore_user_meta=False, metas=['./colcon.meta'], base_paths=['.'], packages_ignore=None, packages_ignore_regex=None, paths=None, packages_up_to=None, packages_up_to_regex=None, packages_above=None, packages_above_and_dependencies=None, packages_above_depth=None, packages_select_by_dep=None, packages_skip_by_dep=None, packages_skip_up_to=None, packages_select_build_failed=False, packages_skip_build_finished=False, packages_select_test_failures=False, packages_skip_test_passed=False, packages_select=None, packages_skip=None, packages_select_regex=None, packages_skip_regex=None, packages_start=None, packages_end=None, allow_overriding=[], cmake_args=None, cmake_target=None, cmake_target_skip_unavailable=False, cmake_clean_cache=False, cmake_clean_first=False, cmake_force_configure=False, ament_cmake_args=None, catkin_cmake_args=None, catkin_skip_building_tests=False, verb_parser=<colcon_defaults.argument_parser.defaults.DefaultArgumentsDecorator object at 0x76ba44fddc60>, verb_extension=<colcon_core.verb.build.BuildVerb object at 0x76ba44fdd330>, main=<bound method BuildVerb.main of <colcon_core.verb.build.BuildVerb object at 0x76ba44fdd330>>)
[0.190s] Level 1:colcon.colcon_core.package_discovery:discover_packages(colcon_meta) check parameters
[0.190s] Level 1:colcon.colcon_core.package_discovery:discover_packages(recursive) check parameters
[0.190s] Level 1:colcon.colcon_core.package_discovery:discover_packages(ignore) check parameters
[0.190s] Level 1:colcon.colcon_core.package_discovery:discover_packages(path) check parameters
[0.190s] Level 1:colcon.colcon_core.package_discovery:discover_packages(colcon_meta) discover
[0.190s] Level 1:colcon.colcon_core.package_discovery:discover_packages(recursive) discover
[0.190s] INFO:colcon.colcon_core.package_discovery:Crawling recursively for packages in '/home/sahil-22/flytbase_assignment'
[0.190s] Level 1:colcon.colcon_core.package_identification:_identify(.) by extensions ['ignore', 'ignore_ament_install']
[0.190s] Level 1:colcon.colcon_core.package_identification:_identify(.) by extension 'ignore'
[0.190s] Level 1:colcon.colcon_core.package_identification:_identify(.) by extension 'ignore_ament_install'
[0.191s] Level 1:colcon.colcon_core.package_identification:_identify(.) by extensions ['colcon_pkg']
[0.191s] Level 1:colcon.colcon_core.package_identification:_identify(.) by extension 'colcon_pkg'
[0.191s] Level 1:colcon.colcon_core.package_identification:_identify(.) by extensions ['colcon_meta']
[0.191s] Level 1:colcon.colcon_core.package_identification:_identify(.) by extension 'colcon_meta'
[0.191s] Level 1:colcon.colcon_core.package_identification:_identify(.) by extensions ['ros']
[0.191s] Level 1:colcon.colcon_core.package_identification:_identify(.) by extension 'ros'
[0.201s] Level 1:colcon.colcon_core.package_identification:_identify(.) by extensions ['cmake', 'python']
[0.201s] Level 1:colcon.colcon_core.package_identification:_identify(.) by extension 'cmake'
[0.201s] Level 1:colcon.colcon_core.package_identification:_identify(.) by extension 'python'
[0.201s] Level 1:colcon.colcon_core.package_identification:_identify(.) by extensions ['python_setup_py']
[0.201s] Level 1:colcon.colcon_core.package_identification:_identify(.) by extension 'python_setup_py'
[0.201s] Level 1:colcon.colcon_core.package_identification:_identify(build) by extensions ['ignore', 'ignore_ament_install']
[0.201s] Level 1:colcon.colcon_core.package_identification:_identify(build) by extension 'ignore'
[0.201s] Level 1:colcon.colcon_core.package_identification:_identify(build) ignored
[0.201s] Level 1:colcon.colcon_core.package_identification:_identify(captures) by extensions ['ignore', 'ignore_ament_install']
[0.202s] Level 1:colcon.colcon_core.package_identification:_identify(captures) by extension 'ignore'
[0.202s] Level 1:colcon.colcon_core.package_identification:_identify(captures) by extension 'ignore_ament_install'
[0.202s] Level 1:colcon.colcon_core.package_identification:_identify(captures) by extensions ['colcon_pkg']
[0.202s] Level 1:colcon.colcon_core.package_identification:_identify(captures) by extension 'colcon_pkg'
[0.202s] Level 1:colcon.colcon_core.package_identification:_identify(captures) by extensions ['colcon_meta']
[0.202s] Level 1:colcon.colcon_core.package_identification:_identify(captures) by extension 'colcon_meta'
[0.202s] Level 1:colcon.colcon_core.package_identification:_identify(captures) by extensions ['ros']
[0.202s] Level 1:colcon.colcon_core.package_identification:_identify(captures) by extension 'ros'
[0.202s] Level 1:colcon.colcon_core.package_identification:_identify(captures) by extensions ['cmake', 'python']
[0.202s] Level 1:colcon.colcon_core.package_identification:_identify(captures) by extension 'cmake'
[0.202s] Level 1:colcon.colcon_core.package_identification:_identify(captures) by extension 'python'
[0.202s] Level 1:colcon.colcon_core.package_identification:_identify(captures) by extensions ['python_setup_py']
[0.202s] Level 1:colcon.colcon_core.package_identification:_identify(captures) by extension 'python_setup_py'
[0.202s] Level 1:colcon.colcon_core.package_identification:_identify(install) by extensions ['ignore', 'ignore_ament_install']
[0.202s] Level 1:colcon.colcon_core.package_identification:_identify(install) by extension 'ignore'
[0.202s] Level 1:colcon.colcon_core.package_identification:_identify(install) ignored
[0.202s] Level 1:colcon.colcon_core.package_identification:_identify(log) by extensions ['ignore', 'ignore_ament_install']
[0.202s] Level 1:colcon.colcon_core.package_identification:_identify(log) by extension 'ignore'
[0.203s] Level 1:colcon.colcon_core.package_identification:_identify(log) ignored
[0.203s] Level 1:colcon.colcon_core.package_identification:_identify(src) by extensions ['ignore', 'ignore_ament_install']
[0.203s] Level 1:colcon.colcon_core.package_identification:_identify(src) by extension 'ignore'
[0.203s] Level 1:colcon.colcon_core.package_identification:_identify(src) by extension 'ignore_ament_install'
[0.203s] Level 1:colcon.colcon_core.package_identification:_identify(src) by extensions ['colcon_pkg']
[0.203s] Level 1:colcon.colcon_core.package_identification:_identify(src) by extension 'colcon_pkg'
[0.203s] Level 1:colcon.colcon_core.package_identification:_identify(src) by extensions ['colcon_meta']
[0.203s] Level 1:colcon.colcon_core.package_identification:_identify(src) by extension 'colcon_meta'
[0.203s] Level 1:colcon.colcon_core.package_identification:_identify(src) by extensions ['ros']
[0.203s] Level 1:colcon.colcon_core.package_identification:_identify(src) by extension 'ros'
[0.203s] Level 1:colcon.colcon_core.package_identification:_identify(src) by extensions ['cmake', 'python']
[0.203s] Level 1:colcon.colcon_core.package_identification:_identify(src) by extension 'cmake'
[0.203s] Level 1:colcon.colcon_core.package_identification:_identify(src) by extension 'python'
[0.203s] Level 1:colcon.colcon_core.package_identification:_identify(src) by extensions ['python_setup_py']
[0.203s] Level 1:colcon.colcon_core.package_identification:_identify(src) by extension 'python_setup_py'
[0.203s] Level 1:colcon.colcon_core.package_identification:_identify(src/custom_msgs) by extensions ['ignore', 'ignore_ament_install']
[0.203s] Level 1:colcon.colcon_core.package_identification:_identify(src/custom_msgs) by extension 'ignore'
[0.203s] Level 1:colcon.colcon_core.package_identification:_identify(src/custom_msgs) by extension 'ignore_ament_install'
[0.203s] Level 1:colcon.colcon_core.package_identification:_identify(src/custom_msgs) by extensions ['colcon_pkg']
[0.203s] Level 1:colcon.colcon_core.package_identification:_identify(src/custom_msgs) by extension 'colcon_pkg'
[0.204s] Level 1:colcon.colcon_core.package_identification:_identify(src/custom_msgs) by extensions ['colcon_meta']
[0.204s] Level 1:colcon.colcon_core.package_identification:_identify(src/custom_msgs) by extension 'colcon_meta'
[0.204s] Level 1:colcon.colcon_core.package_identification:_identify(src/custom_msgs) by extensions ['ros']
[0.204s] Level 1:colcon.colcon_core.package_identification:_identify(src/custom_msgs) by extension 'ros'
[0.206s] DEBUG:colcon.colcon_core.package_identification:Package 'src/custom_msgs' with type 'ros.ament_cmake' and name 'custom_msgs'
[0.206s] Level 1:colcon.colcon_core.package_identification:_identify(src/turtle_sim_project) by extensions ['ignore', 'ignore_ament_install']
[0.206s] Level 1:colcon.colcon_core.package_identification:_identify(src/turtle_sim_project) by extension 'ignore'
[0.207s] Level 1:colcon.colcon_core.package_identification:_identify(src/turtle_sim_project) by extension 'ignore_ament_install'
[0.207s] Level 1:colcon.colcon_core.package_identification:_identify(src/turtle_sim_project) by extensions ['colcon_pkg']
[0.207s] Level 1:colcon.colcon_core.package_identification:_identify(src/turtle_sim_project) by extension 'colcon_pkg'
[0.207s] Level 1:colcon.colcon_core.package_identification:_identify(src/turtle_sim_project) by extensions ['colcon_meta']
[0.207s] Level 1:colcon.colcon_core.package_identification:_identify(src/turtle_sim_project) by extension 'colcon_meta'
[0.207s] Level 1:colcon.colcon_core.package_identification:_identify(src/turtle_sim_project) by extensions ['ros']
[0.207s] Level 1:colcon.colcon_core.package_identification:_identify(src/turtle_sim_project) by extension 'ros'
[0.207s] DEBUG:colcon.colcon_core.package_identification:Package 'src/turtle_sim_project' with type 'ros.ament_python' and name 'turtle_sim_project'
[0.208s] Level 1:colcon.colcon_core.package_discovery:discover_packages(recursive) using defaults
[0.208s] Level 1:colcon.colcon_core.package_discovery:discover_packages(ignore) discover
[0.208s] Level 1:colcon.colcon_core.package_discovery:discover_packages(ignore) using defaults
[0.208s] Level 1:colcon.colcon_core.package_discovery:discover_packages(path) discover
[0.208s] Level 1:colcon.colcon_core.package_discovery:discover_packages(path) using defaults
[0.230s] Level 1:colcon.colcon_core.package_discovery:discover_packages(prefix_path) check parameters
[0.230s] Level 1:colcon.colcon_core.package_discovery:discover_packages(prefix_path) discover
[0.231s] WARNING:colcon.colcon_core.prefix_path.colcon:The path '/home/sahil-22/ros2_ws/flytbase_assignment/install' in the environment variable COLCON_PREFIX_PATH doesn't exist
[0.231s] WARNING:colcon.colcon_ros.prefix_path.ament:The path '/home/sahil-22/flytbase_assignment/install/turtle_sim_project' in the environment variable AMENT_PREFIX_PATH doesn't exist
[0.231s] WARNING:colcon.colcon_ros.prefix_path.ament:The path '/home/sahil-22/ros2_ws/flytbase_assignment/install/turtle_sim_project' in the environment variable AMENT_PREFIX_PATH doesn't exist
[0.231s] WARNING:colcon.colcon_ros.prefix_path.catkin:The path '/home/sahil-22/flytbase_assignment/install/custom_msgs' in the environment variable CMAKE_PREFIX_PATH doesn't exist
[0.232s] WARNING:colcon.colcon_ros.prefix_path.catkin:The path '/home/sahil-22/ros2_ws/flytbase_assignment/install/custom_msgs' in the environment variable CMAKE_PREFIX_PATH doesn't exist
[0.232s] DEBUG:colcon.colcon_installed_package_information.package_discovery:Found 0 installed packages in /home/sahil-22/flytbase_assignment/install
[0.233s] DEBUG:colcon.colcon_installed_package_information.package_discovery:Found 2 installed packages in /home/sahil-22/ros2_ws/install
[0.234s] DEBUG:colcon.colcon_installed_package_information.package_discovery:Found 272 installed packages in /opt/ros/humble
[0.236s] Level 1:colcon.colcon_core.package_discovery:discover_packages(prefix_path) using defaults
[0.279s] Level 5:colcon.colcon_core.verb:set package 'custom_msgs' build argument 'cmake_args' from command line to 'None'
[0.279s] Level 5:colcon.colcon_core.verb:set package 'custom_msgs' build argument 'cmake_target' from command line to 'None'
[0.279s] Level 5:colcon.colcon_core.verb:set package 'custom_msgs' build argument 'cmake_target_skip_unavailable' from command line to 'False'
[0.279s] Level 5:colcon.colcon_core.verb:set package 'custom_msgs' build argument 'cmake_clean_cache' from command line to 'False'
[0.279s] Level 5:colcon.colcon_core.verb:set package 'custom_msgs' build argument 'cmake_clean_first' from command line to 'False'
[0.279s] Level 5:colcon.colcon_core.verb:set package 'custom_msgs' build argument 'cmake_force_configure' from command line to 'False'
[0.279s] Level 5:colcon.colcon_core.verb:set package 'custom_msgs' build argument 'ament_cmake_args' from command line to 'None'
[0.279s] Level 5:colcon.colcon_core.verb:set package 'custom_msgs' build argument 'catkin_cmake_args' from command line to 'None'
[0.279s] Level 5:colcon.colcon_core.verb:set package 'custom_msgs' build argument 'catkin_skip_building_tests' from command line to 'False'
[0.279s] DEBUG:colcon.colcon_core.verb:Building package 'custom_msgs' with the following arguments: {'ament_cmake_args': None, 'build_base': '/home/sahil-22/flytbase_assignment/build/custom_msgs', 'catkin_cmake_args': None, 'catkin_skip_building_tests': False, 'cmake_args': None, 'cmake_clean_cache': False, 'cmake_clean_first': False, 'cmake_force_configure': False, 'cmake_target': None, 'cmake_target_skip_unavailable': False, 'install_base': '/home/sahil-22/flytbase_assignment/install/custom_msgs', 'merge_install': False, 'path': '/home/sahil-22/flytbase_assignment/src/custom_msgs', 'symlink_install': True, 'test_result_base': None}
[0.280s] Level 5:colcon.colcon_core.verb:set package 'turtle_sim_project' build argument 'cmake_args' from command line to 'None'
[0.280s] Level 5:colcon.colcon_core.verb:set package 'turtle_sim_project' build argument 'cmake_target' from command line to 'None'
[0.280s] Level 5:colcon.colcon_core.verb:set package 'turtle_sim_project' build argument 'cmake_target_skip_unavailable' from command line to 'False'
[0.280s] Level 5:colcon.colcon_core.verb:set package 'turtle_sim_project' build argument 'cmake_clean_cache' from command line to 'False'
[0.280s] Level 5:colcon.colcon_core.verb:set package 'turtle_sim_project' build argument 'cmake_clean_first' from command line to 'False'
[0.280s] Level 5:colcon.colcon_core.verb:set package 'turtle_sim_project' build argument 'cmake_force_configure' from command line to 'False'
[0.280s] Level 5:colcon.colcon_core.verb:set package 'turtle_sim_project' build argument 'ament_cmake_args' from command line to 'None'
[0.280s] Level 5:colcon.colcon_core.verb:set package 'turtle_sim_project' build argument 'catkin_cmake_args' from command line to 'None'
[0.280s] Level 5:colcon.colcon_core.verb:set package 'turtle_sim_project' build argument 'catkin_skip_building_tests' from command line to 'False'
[0.280s] DEBUG:colcon.colcon_core.verb:Building package 'turtle_sim_project' with the following arguments: {'ament_cmake_args': None, 'build_base': '/home/sahil-22/flytbase_assignment/build/turtle_sim_project', 'catkin_cmake_args': None, 'catkin_skip_building_tests': False, 'cmake_args': None, 'cmake_clean_cache': False, 'cmake_clean_first': False, 'cmake_force_configure': False, 'cmake_target': None, 'cmake_target_skip_unavailable': False, 'install_base': '/home/sahil-22/flytbase_assignment/install/turtle_sim_project', 'merge_install': False, 'path': '/home/sahil-22/flytbase_assignment/src/turtle_sim_project', 'symlink_install': True, 'test_result_base': None}
[0.280s] INFO:colcon.colcon_core.executor:Executing jobs using 'parallel' executor
[0.281s] DEBUG:colcon.colcon_parallel_executor.executor.parallel:run_until_complete
[0.281s] INFO:colcon.colcon_ros.task.ament_cmake.build:Building ROS package in '/home/sahil-22/flytbase_assignment/src/custom_msgs' with build type 'ament_cmake'
[0.281s] INFO:colcon.colcon_cmake.task.cmake.build:Building CMake package in '/home/sahil-22/flytbase_assignment/src/custom_msgs'
[0.283s] INFO:colcon.colcon_core.plugin_system:Skipping extension 'colcon_core.shell.bat': Not used on non-Windows systems
[0.283s] INFO:colcon.colcon_core.shell:Skip shell extension 'powershell' for command environment: Not usable outside of PowerShell
[0.283s] DEBUG:colcon.colcon_core.shell:Skip shell extension 'dsv' for command environment
[0.285s] INFO:colcon.colcon_ros.task.ament_python.build:Building ROS package in '/home/sahil-22/flytbase_assignment/src/turtle_sim_project' with build type 'ament_python'
[0.286s] Level 1:colcon.colcon_core.shell:create_environment_hook('turtle_sim_project', 'ament_prefix_path')
[0.286s] INFO:colcon.colcon_core.shell:Creating environment hook '/home/sahil-22/flytbase_assignment/install/turtle_sim_project/share/turtle_sim_project/hook/ament_prefix_path.ps1'
[0.287s] INFO:colcon.colcon_core.shell:Creating environment descriptor '/home/sahil-22/flytbase_assignment/install/turtle_sim_project/share/turtle_sim_project/hook/ament_prefix_path.dsv'
[0.287s] INFO:colcon.colcon_core.shell:Creating environment hook '/home/sahil-22/flytbase_assignment/install/turtle_sim_project/share/turtle_sim_project/hook/ament_prefix_path.sh'
[0.288s] INFO:colcon.colcon_core.shell:Skip shell extension 'powershell' for command environment: Not usable outside of PowerShell
[0.288s] DEBUG:colcon.colcon_core.shell:Skip shell extension 'dsv' for command environment
[0.294s] DEBUG:colcon.colcon_core.event_handler.log_command:Invoking command in '/home/sahil-22/flytbase_assignment/build/custom_msgs': CMAKE_PREFIX_PATH=${CMAKE_PREFIX_PATH}:/home/sahil-22/flytbase_assignment/install/turtle_sim_project:/home/sahil-22/ros2_ws/flytbase_assignment/install/turtle_sim_project:/home/sahil-22/ros2_ws/install/turtle_sim_project:/opt/ros/humble /usr/bin/cmake /home/sahil-22/flytbase_assignment/src/custom_msgs -DAMENT_CMAKE_SYMLINK_INSTALL=1 -DCMAKE_INSTALL_PREFIX=/home/sahil-22/flytbase_assignment/install/custom_msgs
[0.522s] INFO:colcon.colcon_core.task.python.build:Building Python package in '/home/sahil-22/flytbase_assignment/src/turtle_sim_project'
[0.522s] INFO:colcon.colcon_core.shell:Skip shell extension 'powershell' for command environment: Not usable outside of PowerShell
[0.522s] DEBUG:colcon.colcon_core.shell:Skip shell extension 'dsv' for command environment
[0.974s] DEBUG:colcon.colcon_core.event_handler.log_command:Invoking command in '/home/sahil-22/flytbase_assignment/build/turtle_sim_project': PYTHONPATH=/home/sahil-22/flytbase_assignment/build/turtle_sim_project/prefix_override:/home/sahil-22/flytbase_assignment/install/turtle_sim_project/lib/python3.10/site-packages:${PYTHONPATH} /usr/bin/python3 -W ignore:setup.py install is deprecated setup.py develop --editable --build-directory /home/sahil-22/flytbase_assignment/build/turtle_sim_project/build --no-deps symlink_data
[1.570s] Level 1:colcon.colcon_core.shell:create_environment_hook('turtle_sim_project', 'pythonpath_develop')
[1.570s] INFO:colcon.colcon_core.shell:Creating environment hook '/home/sahil-22/flytbase_assignment/build/turtle_sim_project/share/turtle_sim_project/hook/pythonpath_develop.ps1'
[1.571s] DEBUG:colcon.colcon_core.event_handler.log_command:Invoked command in '/home/sahil-22/flytbase_assignment/build/turtle_sim_project' returned '0': PYTHONPATH=/home/sahil-22/flytbase_assignment/build/turtle_sim_project/prefix_override:/home/sahil-22/flytbase_assignment/install/turtle_sim_project/lib/python3.10/site-packages:${PYTHONPATH} /usr/bin/python3 -W ignore:setup.py install is deprecated setup.py develop --editable --build-directory /home/sahil-22/flytbase_assignment/build/turtle_sim_project/build --no-deps symlink_data
[1.571s] INFO:colcon.colcon_core.shell:Creating environment descriptor '/home/sahil-22/flytbase_assignment/build/turtle_sim_project/share/turtle_sim_project/hook/pythonpath_develop.dsv'
[1.572s] INFO:colcon.colcon_core.shell:Creating environment hook '/home/sahil-22/flytbase_assignment/build/turtle_sim_project/share/turtle_sim_project/hook/pythonpath_develop.sh'
[1.575s] Level 1:colcon.colcon_core.environment:checking '/home/sahil-22/flytbase_assignment/install/turtle_sim_project' for CMake module files
[1.576s] Level 1:colcon.colcon_core.environment:checking '/home/sahil-22/flytbase_assignment/install/turtle_sim_project' for CMake config files
[1.576s] Level 1:colcon.colcon_core.environment:checking '/home/sahil-22/flytbase_assignment/install/turtle_sim_project/lib'
[1.577s] Level 1:colcon.colcon_core.environment:checking '/home/sahil-22/flytbase_assignment/install/turtle_sim_project/bin'
[1.577s] Level 1:colcon.colcon_core.environment:checking '/home/sahil-22/flytbase_assignment/install/turtle_sim_project/lib/pkgconfig/turtle_sim_project.pc'
[1.577s] Level 1:colcon.colcon_core.environment:checking '/home/sahil-22/flytbase_assignment/install/turtle_sim_project/lib/python3.10/site-packages'
[1.577s] Level 1:colcon.colcon_core.shell:create_environment_hook('turtle_sim_project', 'pythonpath')
[1.577s] INFO:colcon.colcon_core.shell:Creating environment hook '/home/sahil-22/flytbase_assignment/install/turtle_sim_project/share/turtle_sim_project/hook/pythonpath.ps1'
[1.578s] INFO:colcon.colcon_core.shell:Creating environment descriptor '/home/sahil-22/flytbase_assignment/install/turtle_sim_project/share/turtle_sim_project/hook/pythonpath.dsv'
[1.578s] INFO:colcon.colcon_core.shell:Creating environment hook '/home/sahil-22/flytbase_assignment/install/turtle_sim_project/share/turtle_sim_project/hook/pythonpath.sh'
[1.579s] Level 1:colcon.colcon_core.environment:checking '/home/sahil-22/flytbase_assignment/install/turtle_sim_project/bin'
[1.579s] Level 1:colcon.colcon_core.environment:create_environment_scripts_only(turtle_sim_project)
[1.579s] INFO:colcon.colcon_core.shell:Creating package script '/home/sahil-22/flytbase_assignment/install/turtle_sim_project/share/turtle_sim_project/package.ps1'
[1.580s] INFO:colcon.colcon_core.shell:Creating package descriptor '/home/sahil-22/flytbase_assignment/install/turtle_sim_project/share/turtle_sim_project/package.dsv'
[1.581s] INFO:colcon.colcon_core.shell:Creating package script '/home/sahil-22/flytbase_assignment/install/turtle_sim_project/share/turtle_sim_project/package.sh'
[1.582s] INFO:colcon.colcon_core.shell:Creating package script '/home/sahil-22/flytbase_assignment/install/turtle_sim_project/share/turtle_sim_project/package.bash'
[1.583s] INFO:colcon.colcon_core.shell:Creating package script '/home/sahil-22/flytbase_assignment/install/turtle_sim_project/share/turtle_sim_project/package.zsh'
[1.584s] Level 1:colcon.colcon_core.environment:create_file_with_runtime_dependencies(/home/sahil-22/flytbase_assignment/install/turtle_sim_project/share/colcon-core/packages/turtle_sim_project)
[2.270s] DEBUG:colcon.colcon_core.event_handler.log_command:Invoked command in '/home/sahil-22/flytbase_assignment/build/custom_msgs' returned '0': CMAKE_PREFIX_PATH=${CMAKE_PREFIX_PATH}:/home/sahil-22/flytbase_assignment/install/turtle_sim_project:/home/sahil-22/ros2_ws/flytbase_assignment/install/turtle_sim_project:/home/sahil-22/ros2_ws/install/turtle_sim_project:/opt/ros/humble /usr/bin/cmake /home/sahil-22/flytbase_assignment/src/custom_msgs -DAMENT_CMAKE_SYMLINK_INSTALL=1 -DCMAKE_INSTALL_PREFIX=/home/sahil-22/flytbase_assignment/install/custom_msgs
[2.271s] DEBUG:colcon.colcon_core.event_handler.log_command:Invoking command in '/home/sahil-22/flytbase_assignment/build/custom_msgs': CMAKE_PREFIX_PATH=${CMAKE_PREFIX_PATH}:/home/sahil-22/flytbase_assignment/install/turtle_sim_project:/home/sahil-22/ros2_ws/flytbase_assignment/install/turtle_sim_project:/home/sahil-22/ros2_ws/install/turtle_sim_project:/opt/ros/humble /usr/bin/cmake --build /home/sahil-22/flytbase_assignment/build/custom_msgs -- -j4 -l4
[4.930s] DEBUG:colcon.colcon_core.event_handler.log_command:Invoked command in '/home/sahil-22/flytbase_assignment/build/custom_msgs' returned '0': CMAKE_PREFIX_PATH=${CMAKE_PREFIX_PATH}:/home/sahil-22/flytbase_assignment/install/turtle_sim_project:/home/sahil-22/ros2_ws/flytbase_assignment/install/turtle_sim_project:/home/sahil-22/ros2_ws/install/turtle_sim_project:/opt/ros/humble /usr/bin/cmake --build /home/sahil-22/flytbase_assignment/build/custom_msgs -- -j4 -l4
[4.976s] DEBUG:colcon.colcon_core.event_handler.log_command:Invoking command in '/home/sahil-22/flytbase_assignment/build/custom_msgs': CMAKE_PREFIX_PATH=${CMAKE_PREFIX_PATH}:/home/sahil-22/flytbase_assignment/install/turtle_sim_project:/home/sahil-22/ros2_ws/flytbase_assignment/install/turtle_sim_project:/home/sahil-22/ros2_ws/install/turtle_sim_project:/opt/ros/humble /usr/bin/cmake --install /home/sahil-22/flytbase_assignment/build/custom_msgs
[5.413s] Level 1:colcon.colcon_core.environment:create_environment_scripts_only(custom_msgs)
[5.413s] Level 1:colcon.colcon_core.environment:checking '/home/sahil-22/flytbase_assignment/install/custom_msgs' for CMake module files
[5.414s] DEBUG:colcon.colcon_core.event_handler.log_command:Invoked command in '/home/sahil-22/flytbase_assignment/build/custom_msgs' returned '0': CMAKE_PREFIX_PATH=${CMAKE_PREFIX_PATH}:/home/sahil-22/flytbase_assignment/install/turtle_sim_project:/home/sahil-22/ros2_ws/flytbase_assignment/install/turtle_sim_project:/home/sahil-22/ros2_ws/install/turtle_sim_project:/opt/ros/humble /usr/bin/cmake --install /home/sahil-22/flytbase_assignment/build/custom_msgs
[5.415s] Level 1:colcon.colcon_core.environment:checking '/home/sahil-22/flytbase_assignment/install/custom_msgs' for CMake config files
[5.415s] Level 1:colcon.colcon_core.shell:create_environment_hook('custom_msgs', 'cmake_prefix_path')
[5.416s] INFO:colcon.colcon_core.shell:Creating environment hook '/home/sahil-22/flytbase_assignment/install/custom_msgs/share/custom_msgs/hook/cmake_prefix_path.ps1'
[5.416s] INFO:colcon.colcon_core.shell:Creating environment descriptor '/home/sahil-22/flytbase_assignment/install/custom_msgs/share/custom_msgs/hook/cmake_prefix_path.dsv'
[5.416s] INFO:colcon.colcon_core.shell:Creating environment hook '/home/sahil-22/flytbase_assignment/install/custom_msgs/share/custom_msgs/hook/cmake_prefix_path.sh'
[5.417s] Level 1:colcon.colcon_core.environment:checking '/home/sahil-22/flytbase_assignment/install/custom_msgs/lib'
[5.417s] Level 1:colcon.colcon_core.shell:create_environment_hook('custom_msgs', 'ld_library_path_lib')
[5.417s] INFO:colcon.colcon_core.shell:Creating environment hook '/home/sahil-22/flytbase_assignment/install/custom_msgs/share/custom_msgs/hook/ld_library_path_lib.ps1'
[5.417s] INFO:colcon.colcon_core.shell:Creating environment descriptor '/home/sahil-22/flytbase_assignment/install/custom_msgs/share/custom_msgs/hook/ld_library_path_lib.dsv'
[5.417s] INFO:colcon.colcon_core.shell:Creating environment hook '/home/sahil-22/flytbase_assignment/install/custom_msgs/share/custom_msgs/hook/ld_library_path_lib.sh'
[5.417s] Level 1:colcon.colcon_core.environment:checking '/home/sahil-22/flytbase_assignment/install/custom_msgs/bin'
[5.417s] Level 1:colcon.colcon_core.environment:checking '/home/sahil-22/flytbase_assignment/install/custom_msgs/lib/pkgconfig/custom_msgs.pc'
[5.418s] Level 1:colcon.colcon_core.environment:checking '/home/sahil-22/flytbase_assignment/install/custom_msgs/lib/python3.10/site-packages'
[5.418s] Level 1:colcon.colcon_core.environment:checking '/home/sahil-22/flytbase_assignment/install/custom_msgs/bin'
[5.418s] INFO:colcon.colcon_core.shell:Creating package script '/home/sahil-22/flytbase_assignment/install/custom_msgs/share/custom_msgs/package.ps1'
[5.418s] INFO:colcon.colcon_core.shell:Creating package descriptor '/home/sahil-22/flytbase_assignment/install/custom_msgs/share/custom_msgs/package.dsv'
[5.418s] INFO:colcon.colcon_core.shell:Creating package script '/home/sahil-22/flytbase_assignment/install/custom_msgs/share/custom_msgs/package.sh'
[5.419s] INFO:colcon.colcon_core.shell:Creating package script '/home/sahil-22/flytbase_assignment/install/custom_msgs/share/custom_msgs/package.bash'
[5.419s] INFO:colcon.colcon_core.shell:Creating package script '/home/sahil-22/flytbase_assignment/install/custom_msgs/share/custom_msgs/package.zsh'
[5.419s] Level 1:colcon.colcon_core.environment:create_file_with_runtime_dependencies(/home/sahil-22/flytbase_assignment/install/custom_msgs/share/colcon-core/packages/custom_msgs)
[5.459s] Level 1:colcon.colcon_core.environment:create_environment_scripts_only(custom_msgs)
[5.459s] Level 1:colcon.colcon_core.environment:checking '/home/sahil-22/flytbase_assignment/install/custom_msgs' for CMake module files
[5.460s] Level 1:colcon.colcon_core.environment:checking '/home/sahil-22/flytbase_assignment/install/custom_msgs' for CMake config files
[5.460s] Level 1:colcon.colcon_core.shell:create_environment_hook('custom_msgs', 'cmake_prefix_path')
[5.460s] INFO:colcon.colcon_core.shell:Creating environment hook '/home/sahil-22/flytbase_assignment/install/custom_msgs/share/custom_msgs/hook/cmake_prefix_path.ps1'
[5.461s] INFO:colcon.colcon_core.shell:Creating environment descriptor '/home/sahil-22/flytbase_assignment/install/custom_msgs/share/custom_msgs/hook/cmake_prefix_path.dsv'
[5.461s] INFO:colcon.colcon_core.shell:Creating environment hook '/home/sahil-22/flytbase_assignment/install/custom_msgs/share/custom_msgs/hook/cmake_prefix_path.sh'
[5.461s] Level 1:colcon.colcon_core.environment:checking '/home/sahil-22/flytbase_assignment/install/custom_msgs/lib'
[5.461s] Level 1:colcon.colcon_core.shell:create_environment_hook('custom_msgs', 'ld_library_path_lib')
[5.461s] INFO:colcon.colcon_core.shell:Creating environment hook '/home/sahil-22/flytbase_assignment/install/custom_msgs/share/custom_msgs/hook/ld_library_path_lib.ps1'
[5.462s] INFO:colcon.colcon_core.shell:Creating environment descriptor '/home/sahil-22/flytbase_assignment/install/custom_msgs/share/custom_msgs/hook/ld_library_path_lib.dsv'
[5.462s] INFO:colcon.colcon_core.shell:Creating environment hook '/home/sahil-22/flytbase_assignment/install/custom_msgs/share/custom_msgs/hook/ld_library_path_lib.sh'
[5.462s] Level 1:colcon.colcon_core.environment:checking '/home/sahil-22/flytbase_assignment/install/custom_msgs/bin'
[5.462s] Level 1:colcon.colcon_core.environment:checking '/home/sahil-22/flytbase_assignment/install/custom_msgs/lib/pkgconfig/custom_msgs.pc'
[5.462s] Level 1:colcon.colcon_core.environment:checking '/home/sahil-22/flytbase_assignment/install/custom_msgs/lib/python3.10/site-packages'
[5.462s] Level 1:colcon.colcon_core.environment:checking '/home/sahil-22/flytbase_assignment/install/custom_msgs/bin'
[5.462s] INFO:colcon.colcon_core.shell:Creating package script '/home/sahil-22/flytbase_assignment/install/custom_msgs/share/custom_msgs/package.ps1'
[5.463s] INFO:colcon.colcon_core.shell:Creating package descriptor '/home/sahil-22/flytbase_assignment/install/custom_msgs/share/custom_msgs/package.dsv'
[5.463s] INFO:colcon.colcon_core.shell:Creating package script '/home/sahil-22/flytbase_assignment/install/custom_msgs/share/custom_msgs/package.sh'
[5.463s] INFO:colcon.colcon_core.shell:Creating package script '/home/sahil-22/flytbase_assignment/install/custom_msgs/share/custom_msgs/package.bash'
[5.463s] INFO:colcon.colcon_core.shell:Creating package script '/home/sahil-22/flytbase_assignment/install/custom_msgs/share/custom_msgs/package.zsh'
[5.464s] Level 1:colcon.colcon_core.environment:create_file_with_runtime_dependencies(/home/sahil-22/flytbase_assignment/install/custom_msgs/share/colcon-core/packages/custom_msgs)
[5.464s] DEBUG:colcon.colcon_parallel_executor.executor.parallel:closing loop
[5.464s] DEBUG:colcon.colcon_parallel_executor.executor.parallel:loop closed
[5.464s] DEBUG:colcon.colcon_parallel_executor.executor.parallel:run_until_complete finished with '0'
[5.464s] DEBUG:colcon.colcon_core.event_reactor:joining thread
[5.468s] INFO:colcon.colcon_core.plugin_system:Skipping extension 'colcon_notification.desktop_notification.terminal_notifier': Not used on non-Darwin systems
[5.468s] INFO:colcon.colcon_core.plugin_system:Skipping extension 'colcon_notification.desktop_notification.win32': Not used on non-Windows systems
[5.468s] INFO:colcon.colcon_notification.desktop_notification:Sending desktop notification using 'notify2'
[5.481s] DEBUG:colcon.colcon_core.event_reactor:joined thread
[5.481s] INFO:colcon.colcon_core.shell:Creating prefix script '/home/sahil-22/flytbase_assignment/install/local_setup.ps1'
[5.483s] INFO:colcon.colcon_core.shell:Creating prefix util module '/home/sahil-22/flytbase_assignment/install/_local_setup_util_ps1.py'
[5.484s] INFO:colcon.colcon_core.shell:Creating prefix chain script '/home/sahil-22/flytbase_assignment/install/setup.ps1'
[5.485s] INFO:colcon.colcon_core.shell:Creating prefix script '/home/sahil-22/flytbase_assignment/install/local_setup.sh'
[5.486s] INFO:colcon.colcon_core.shell:Creating prefix util module '/home/sahil-22/flytbase_assignment/install/_local_setup_util_sh.py'
[5.486s] INFO:colcon.colcon_core.shell:Creating prefix chain script '/home/sahil-22/flytbase_assignment/install/setup.sh'
[5.487s] INFO:colcon.colcon_core.shell:Creating prefix script '/home/sahil-22/flytbase_assignment/install/local_setup.bash'
[5.488s] INFO:colcon.colcon_core.shell:Creating prefix chain script '/home/sahil-22/flytbase_assignment/install/setup.bash'
[5.489s] INFO:colcon.colcon_core.shell:Creating prefix script '/home/sahil-22/flytbase_assignment/install/local_setup.zsh'
[5.490s] INFO:colcon.colcon_core.shell:Creating prefix chain script '/home/sahil-22/flytbase_assignment/install/setup.zsh'
