[0.012s] Invoking command in '/home/sahil-22/ros2_ws/build/custom_msgs': CMAKE_PREFIX_PATH=${CMAKE_PREFIX_PATH}:/home/sahil-22/ros2_ws/install/turtle_sim_project:/opt/ros/humble /usr/bin/cmake --build /home/sahil-22/ros2_ws/build/custom_msgs -- -j4 -l4
[0.058s] [  3%] Built target custom_msgs__cpp
[0.062s] [ 12%] Built target custom_msgs__rosidl_generator_c
[0.068s] [ 12%] Built target ament_cmake_python_copy_custom_msgs
[0.087s] [ 22%] Built target custom_msgs__rosidl_typesupport_cpp
[0.096s] [ 32%] Built target custom_msgs__rosidl_typesupport_introspection_cpp
[0.101s] [ 41%] Built target custom_msgs__rosidl_typesupport_fastrtps_c
[0.114s] [ 51%] Built target custom_msgs__rosidl_typesupport_fastrtps_cpp
[0.127s] [ 61%] Built target custom_msgs__rosidl_typesupport_introspection_c
[0.128s] [ 70%] Built target custom_msgs__rosidl_typesupport_c
[0.142s] [ 70%] Built target custom_msgs
[0.161s] [ 74%] Built target custom_msgs__py
[0.179s] [ 80%] Built target custom_msgs__rosidl_generator_py
[0.208s] [ 87%] Built target custom_msgs__rosidl_typesupport_fastrtps_c__pyext
[0.210s] [ 93%] Built target custom_msgs__rosidl_typesupport_c__pyext
[0.224s] [100%] Built target custom_msgs__rosidl_typesupport_introspection_c__pyext
[0.344s] running egg_info
[0.344s] writing custom_msgs.egg-info/PKG-INFO
[0.345s] writing dependency_links to custom_msgs.egg-info/dependency_links.txt
[0.345s] writing top-level names to custom_msgs.egg-info/top_level.txt
[0.347s] reading manifest file 'custom_msgs.egg-info/SOURCES.txt'
[0.348s] writing manifest file 'custom_msgs.egg-info/SOURCES.txt'
[0.378s] [100%] Built target ament_cmake_python_build_custom_msgs_egg
[0.396s] Invoked command in '/home/sahil-22/ros2_ws/build/custom_msgs' returned '0': CMAKE_PREFIX_PATH=${CMAKE_PREFIX_PATH}:/home/sahil-22/ros2_ws/install/turtle_sim_project:/opt/ros/humble /usr/bin/cmake --build /home/sahil-22/ros2_ws/build/custom_msgs -- -j4 -l4
[0.477s] Invoking command in '/home/sahil-22/ros2_ws/build/custom_msgs': CMAKE_PREFIX_PATH=${CMAKE_PREFIX_PATH}:/home/sahil-22/ros2_ws/install/turtle_sim_project:/opt/ros/humble /usr/bin/cmake --install /home/sahil-22/ros2_ws/build/custom_msgs
[0.496s] -- Install configuration: ""
[0.497s] -- Up-to-date: /home/sahil-22/ros2_ws/install/custom_msgs/share/ament_index/resource_index/rosidl_interfaces/custom_msgs
[0.497s] -- Up-to-date: /home/sahil-22/ros2_ws/install/custom_msgs/include/custom_msgs/custom_msgs
[0.497s] -- Up-to-date: /home/sahil-22/ros2_ws/install/custom_msgs/include/custom_msgs/custom_msgs/msg
[0.497s] -- Up-to-date: /home/sahil-22/ros2_ws/install/custom_msgs/include/custom_msgs/custom_msgs/msg/movement.h
[0.497s] -- Up-to-date: /home/sahil-22/ros2_ws/install/custom_msgs/include/custom_msgs/custom_msgs/msg/detail
[0.497s] -- Up-to-date: /home/sahil-22/ros2_ws/install/custom_msgs/include/custom_msgs/custom_msgs/msg/detail/movement__functions.c
[0.497s] -- Up-to-date: /home/sahil-22/ros2_ws/install/custom_msgs/include/custom_msgs/custom_msgs/msg/detail/movement__type_support.h
[0.497s] -- Up-to-date: /home/sahil-22/ros2_ws/install/custom_msgs/include/custom_msgs/custom_msgs/msg/detail/movement__struct.h
[0.497s] -- Up-to-date: /home/sahil-22/ros2_ws/install/custom_msgs/include/custom_msgs/custom_msgs/msg/detail/movement__functions.h
[0.497s] -- Up-to-date: /home/sahil-22/ros2_ws/install/custom_msgs/include/custom_msgs/custom_msgs/msg/rosidl_generator_c__visibility_control.h
[0.497s] -- Up-to-date: /home/sahil-22/ros2_ws/install/custom_msgs/share/custom_msgs/environment/library_path.sh
[0.497s] -- Up-to-date: /home/sahil-22/ros2_ws/install/custom_msgs/share/custom_msgs/environment/library_path.dsv
[0.497s] -- Up-to-date: /home/sahil-22/ros2_ws/install/custom_msgs/lib/libcustom_msgs__rosidl_generator_c.so
[0.497s] -- Up-to-date: /home/sahil-22/ros2_ws/install/custom_msgs/include/custom_msgs/custom_msgs
[0.497s] -- Up-to-date: /home/sahil-22/ros2_ws/install/custom_msgs/include/custom_msgs/custom_msgs/msg
[0.497s] -- Up-to-date: /home/sahil-22/ros2_ws/install/custom_msgs/include/custom_msgs/custom_msgs/msg/rosidl_typesupport_fastrtps_c__visibility_control.h
[0.498s] -- Up-to-date: /home/sahil-22/ros2_ws/install/custom_msgs/include/custom_msgs/custom_msgs/msg/detail
[0.498s] -- Up-to-date: /home/sahil-22/ros2_ws/install/custom_msgs/include/custom_msgs/custom_msgs/msg/detail/movement__rosidl_typesupport_fastrtps_c.h
[0.498s] -- Up-to-date: /home/sahil-22/ros2_ws/install/custom_msgs/lib/libcustom_msgs__rosidl_typesupport_fastrtps_c.so
[0.498s] -- Up-to-date: /home/sahil-22/ros2_ws/install/custom_msgs/include/custom_msgs/custom_msgs
[0.498s] -- Up-to-date: /home/sahil-22/ros2_ws/install/custom_msgs/include/custom_msgs/custom_msgs/msg
[0.498s] -- Up-to-date: /home/sahil-22/ros2_ws/install/custom_msgs/include/custom_msgs/custom_msgs/msg/detail
[0.498s] -- Up-to-date: /home/sahil-22/ros2_ws/install/custom_msgs/include/custom_msgs/custom_msgs/msg/detail/movement__type_support.c
[0.498s] -- Up-to-date: /home/sahil-22/ros2_ws/install/custom_msgs/include/custom_msgs/custom_msgs/msg/detail/movement__rosidl_typesupport_introspection_c.h
[0.498s] -- Up-to-date: /home/sahil-22/ros2_ws/install/custom_msgs/include/custom_msgs/custom_msgs/msg/rosidl_typesupport_introspection_c__visibility_control.h
[0.498s] -- Up-to-date: /home/sahil-22/ros2_ws/install/custom_msgs/lib/libcustom_msgs__rosidl_typesupport_introspection_c.so
[0.498s] -- Up-to-date: /home/sahil-22/ros2_ws/install/custom_msgs/lib/libcustom_msgs__rosidl_typesupport_c.so
[0.498s] -- Up-to-date: /home/sahil-22/ros2_ws/install/custom_msgs/include/custom_msgs/custom_msgs
[0.498s] -- Up-to-date: /home/sahil-22/ros2_ws/install/custom_msgs/include/custom_msgs/custom_msgs/msg
[0.499s] -- Up-to-date: /home/sahil-22/ros2_ws/install/custom_msgs/include/custom_msgs/custom_msgs/msg/detail
[0.499s] -- Up-to-date: /home/sahil-22/ros2_ws/install/custom_msgs/include/custom_msgs/custom_msgs/msg/detail/movement__builder.hpp
[0.499s] -- Up-to-date: /home/sahil-22/ros2_ws/install/custom_msgs/include/custom_msgs/custom_msgs/msg/detail/movement__traits.hpp
[0.499s] -- Up-to-date: /home/sahil-22/ros2_ws/install/custom_msgs/include/custom_msgs/custom_msgs/msg/detail/movement__struct.hpp
[0.499s] -- Up-to-date: /home/sahil-22/ros2_ws/install/custom_msgs/include/custom_msgs/custom_msgs/msg/movement.hpp
[0.499s] -- Up-to-date: /home/sahil-22/ros2_ws/install/custom_msgs/include/custom_msgs/custom_msgs
[0.499s] -- Up-to-date: /home/sahil-22/ros2_ws/install/custom_msgs/include/custom_msgs/custom_msgs/msg
[0.499s] -- Up-to-date: /home/sahil-22/ros2_ws/install/custom_msgs/include/custom_msgs/custom_msgs/msg/rosidl_typesupport_fastrtps_cpp__visibility_control.h
[0.499s] -- Up-to-date: /home/sahil-22/ros2_ws/install/custom_msgs/include/custom_msgs/custom_msgs/msg/detail
[0.499s] -- Up-to-date: /home/sahil-22/ros2_ws/install/custom_msgs/include/custom_msgs/custom_msgs/msg/detail/movement__rosidl_typesupport_fastrtps_cpp.hpp
[0.499s] -- Up-to-date: /home/sahil-22/ros2_ws/install/custom_msgs/include/custom_msgs/custom_msgs/msg/detail/dds_fastrtps
[0.499s] -- Up-to-date: /home/sahil-22/ros2_ws/install/custom_msgs/lib/libcustom_msgs__rosidl_typesupport_fastrtps_cpp.so
[0.500s] -- Up-to-date: /home/sahil-22/ros2_ws/install/custom_msgs/include/custom_msgs/custom_msgs
[0.500s] -- Up-to-date: /home/sahil-22/ros2_ws/install/custom_msgs/include/custom_msgs/custom_msgs/msg
[0.505s] -- Up-to-date: /home/sahil-22/ros2_ws/install/custom_msgs/include/custom_msgs/custom_msgs/msg/detail
[0.505s] -- Up-to-date: /home/sahil-22/ros2_ws/install/custom_msgs/include/custom_msgs/custom_msgs/msg/detail/movement__type_support.cpp
[0.505s] -- Up-to-date: /home/sahil-22/ros2_ws/install/custom_msgs/include/custom_msgs/custom_msgs/msg/detail/movement__rosidl_typesupport_introspection_cpp.hpp
[0.505s] -- Up-to-date: /home/sahil-22/ros2_ws/install/custom_msgs/lib/libcustom_msgs__rosidl_typesupport_introspection_cpp.so
[0.505s] -- Up-to-date: /home/sahil-22/ros2_ws/install/custom_msgs/lib/libcustom_msgs__rosidl_typesupport_cpp.so
[0.505s] -- Up-to-date: /home/sahil-22/ros2_ws/install/custom_msgs/share/custom_msgs/environment/pythonpath.sh
[0.505s] -- Up-to-date: /home/sahil-22/ros2_ws/install/custom_msgs/share/custom_msgs/environment/pythonpath.dsv
[0.505s] -- Up-to-date: /home/sahil-22/ros2_ws/install/custom_msgs/local/lib/python3.10/dist-packages/custom_msgs-0.0.0-py3.10.egg-info
[0.505s] -- Installing: /home/sahil-22/ros2_ws/install/custom_msgs/local/lib/python3.10/dist-packages/custom_msgs-0.0.0-py3.10.egg-info/SOURCES.txt
[0.505s] -- Installing: /home/sahil-22/ros2_ws/install/custom_msgs/local/lib/python3.10/dist-packages/custom_msgs-0.0.0-py3.10.egg-info/top_level.txt
[0.505s] -- Installing: /home/sahil-22/ros2_ws/install/custom_msgs/local/lib/python3.10/dist-packages/custom_msgs-0.0.0-py3.10.egg-info/PKG-INFO
[0.505s] -- Installing: /home/sahil-22/ros2_ws/install/custom_msgs/local/lib/python3.10/dist-packages/custom_msgs-0.0.0-py3.10.egg-info/dependency_links.txt
[0.505s] -- Up-to-date: /home/sahil-22/ros2_ws/install/custom_msgs/local/lib/python3.10/dist-packages/custom_msgs
[0.505s] -- Up-to-date: /home/sahil-22/ros2_ws/install/custom_msgs/local/lib/python3.10/dist-packages/custom_msgs/custom_msgs_s__rosidl_typesupport_fastrtps_c.cpython-310-x86_64-linux-gnu.so
[0.506s] -- Up-to-date: /home/sahil-22/ros2_ws/install/custom_msgs/local/lib/python3.10/dist-packages/custom_msgs/__init__.py
[0.506s] -- Up-to-date: /home/sahil-22/ros2_ws/install/custom_msgs/local/lib/python3.10/dist-packages/custom_msgs/custom_msgs_s__rosidl_typesupport_c.cpython-310-x86_64-linux-gnu.so
[0.506s] -- Up-to-date: /home/sahil-22/ros2_ws/install/custom_msgs/local/lib/python3.10/dist-packages/custom_msgs/libcustom_msgs__rosidl_generator_py.so
[0.506s] -- Up-to-date: /home/sahil-22/ros2_ws/install/custom_msgs/local/lib/python3.10/dist-packages/custom_msgs/msg
[0.506s] -- Up-to-date: /home/sahil-22/ros2_ws/install/custom_msgs/local/lib/python3.10/dist-packages/custom_msgs/msg/__init__.py
[0.506s] -- Up-to-date: /home/sahil-22/ros2_ws/install/custom_msgs/local/lib/python3.10/dist-packages/custom_msgs/msg/_movement_s.c
[0.506s] -- Up-to-date: /home/sahil-22/ros2_ws/install/custom_msgs/local/lib/python3.10/dist-packages/custom_msgs/msg/_movement.py
[0.506s] -- Up-to-date: /home/sahil-22/ros2_ws/install/custom_msgs/local/lib/python3.10/dist-packages/custom_msgs/_custom_msgs_s.ep.rosidl_typesupport_fastrtps_c.c
[0.506s] -- Up-to-date: /home/sahil-22/ros2_ws/install/custom_msgs/local/lib/python3.10/dist-packages/custom_msgs/_custom_msgs_s.ep.rosidl_typesupport_c.c
[0.506s] -- Up-to-date: /home/sahil-22/ros2_ws/install/custom_msgs/local/lib/python3.10/dist-packages/custom_msgs/_custom_msgs_s.ep.rosidl_typesupport_introspection_c.c
[0.506s] -- Up-to-date: /home/sahil-22/ros2_ws/install/custom_msgs/local/lib/python3.10/dist-packages/custom_msgs/custom_msgs_s__rosidl_typesupport_introspection_c.cpython-310-x86_64-linux-gnu.so
[0.532s] Listing '/home/sahil-22/ros2_ws/install/custom_msgs/local/lib/python3.10/dist-packages/custom_msgs'...
[0.532s] Listing '/home/sahil-22/ros2_ws/install/custom_msgs/local/lib/python3.10/dist-packages/custom_msgs/msg'...
[0.538s] -- Up-to-date: /home/sahil-22/ros2_ws/install/custom_msgs/local/lib/python3.10/dist-packages/custom_msgs/custom_msgs_s__rosidl_typesupport_fastrtps_c.cpython-310-x86_64-linux-gnu.so
[0.540s] -- Up-to-date: /home/sahil-22/ros2_ws/install/custom_msgs/local/lib/python3.10/dist-packages/custom_msgs/custom_msgs_s__rosidl_typesupport_introspection_c.cpython-310-x86_64-linux-gnu.so
[0.540s] -- Up-to-date: /home/sahil-22/ros2_ws/install/custom_msgs/local/lib/python3.10/dist-packages/custom_msgs/custom_msgs_s__rosidl_typesupport_c.cpython-310-x86_64-linux-gnu.so
[0.541s] -- Up-to-date: /home/sahil-22/ros2_ws/install/custom_msgs/lib/libcustom_msgs__rosidl_generator_py.so
[0.542s] -- Up-to-date: /home/sahil-22/ros2_ws/install/custom_msgs/share/custom_msgs/msg/Movement.idl
[0.543s] -- Up-to-date: /home/sahil-22/ros2_ws/install/custom_msgs/share/custom_msgs/msg/Movement.msg
[0.543s] -- Up-to-date: /home/sahil-22/ros2_ws/install/custom_msgs/share/ament_index/resource_index/package_run_dependencies/custom_msgs
[0.544s] -- Up-to-date: /home/sahil-22/ros2_ws/install/custom_msgs/share/ament_index/resource_index/parent_prefix_path/custom_msgs
[0.544s] -- Up-to-date: /home/sahil-22/ros2_ws/install/custom_msgs/share/custom_msgs/environment/ament_prefix_path.sh
[0.545s] -- Up-to-date: /home/sahil-22/ros2_ws/install/custom_msgs/share/custom_msgs/environment/ament_prefix_path.dsv
[0.546s] -- Up-to-date: /home/sahil-22/ros2_ws/install/custom_msgs/share/custom_msgs/environment/path.sh
[0.546s] -- Up-to-date: /home/sahil-22/ros2_ws/install/custom_msgs/share/custom_msgs/environment/path.dsv
[0.547s] -- Up-to-date: /home/sahil-22/ros2_ws/install/custom_msgs/share/custom_msgs/local_setup.bash
[0.547s] -- Up-to-date: /home/sahil-22/ros2_ws/install/custom_msgs/share/custom_msgs/local_setup.sh
[0.547s] -- Up-to-date: /home/sahil-22/ros2_ws/install/custom_msgs/share/custom_msgs/local_setup.zsh
[0.547s] -- Up-to-date: /home/sahil-22/ros2_ws/install/custom_msgs/share/custom_msgs/local_setup.dsv
[0.547s] -- Installing: /home/sahil-22/ros2_ws/install/custom_msgs/share/custom_msgs/package.dsv
[0.547s] -- Up-to-date: /home/sahil-22/ros2_ws/install/custom_msgs/share/ament_index/resource_index/packages/custom_msgs
[0.547s] -- Up-to-date: /home/sahil-22/ros2_ws/install/custom_msgs/share/custom_msgs/cmake/export_custom_msgs__rosidl_generator_cExport.cmake
[0.547s] -- Up-to-date: /home/sahil-22/ros2_ws/install/custom_msgs/share/custom_msgs/cmake/export_custom_msgs__rosidl_generator_cExport-noconfig.cmake
[0.547s] -- Up-to-date: /home/sahil-22/ros2_ws/install/custom_msgs/share/custom_msgs/cmake/export_custom_msgs__rosidl_typesupport_fastrtps_cExport.cmake
[0.547s] -- Up-to-date: /home/sahil-22/ros2_ws/install/custom_msgs/share/custom_msgs/cmake/export_custom_msgs__rosidl_typesupport_fastrtps_cExport-noconfig.cmake
[0.548s] -- Up-to-date: /home/sahil-22/ros2_ws/install/custom_msgs/share/custom_msgs/cmake/custom_msgs__rosidl_typesupport_introspection_cExport.cmake
[0.548s] -- Up-to-date: /home/sahil-22/ros2_ws/install/custom_msgs/share/custom_msgs/cmake/custom_msgs__rosidl_typesupport_introspection_cExport-noconfig.cmake
[0.550s] -- Up-to-date: /home/sahil-22/ros2_ws/install/custom_msgs/share/custom_msgs/cmake/custom_msgs__rosidl_typesupport_cExport.cmake
[0.550s] -- Up-to-date: /home/sahil-22/ros2_ws/install/custom_msgs/share/custom_msgs/cmake/custom_msgs__rosidl_typesupport_cExport-noconfig.cmake
[0.550s] -- Up-to-date: /home/sahil-22/ros2_ws/install/custom_msgs/share/custom_msgs/cmake/export_custom_msgs__rosidl_generator_cppExport.cmake
[0.551s] -- Up-to-date: /home/sahil-22/ros2_ws/install/custom_msgs/share/custom_msgs/cmake/export_custom_msgs__rosidl_typesupport_fastrtps_cppExport.cmake
[0.551s] -- Up-to-date: /home/sahil-22/ros2_ws/install/custom_msgs/share/custom_msgs/cmake/export_custom_msgs__rosidl_typesupport_fastrtps_cppExport-noconfig.cmake
[0.551s] -- Up-to-date: /home/sahil-22/ros2_ws/install/custom_msgs/share/custom_msgs/cmake/custom_msgs__rosidl_typesupport_introspection_cppExport.cmake
[0.551s] -- Up-to-date: /home/sahil-22/ros2_ws/install/custom_msgs/share/custom_msgs/cmake/custom_msgs__rosidl_typesupport_introspection_cppExport-noconfig.cmake
[0.551s] -- Up-to-date: /home/sahil-22/ros2_ws/install/custom_msgs/share/custom_msgs/cmake/custom_msgs__rosidl_typesupport_cppExport.cmake
[0.551s] -- Up-to-date: /home/sahil-22/ros2_ws/install/custom_msgs/share/custom_msgs/cmake/custom_msgs__rosidl_typesupport_cppExport-noconfig.cmake
[0.551s] -- Up-to-date: /home/sahil-22/ros2_ws/install/custom_msgs/share/custom_msgs/cmake/export_custom_msgs__rosidl_generator_pyExport.cmake
[0.551s] -- Up-to-date: /home/sahil-22/ros2_ws/install/custom_msgs/share/custom_msgs/cmake/export_custom_msgs__rosidl_generator_pyExport-noconfig.cmake
[0.551s] -- Up-to-date: /home/sahil-22/ros2_ws/install/custom_msgs/share/custom_msgs/cmake/rosidl_cmake-extras.cmake
[0.551s] -- Up-to-date: /home/sahil-22/ros2_ws/install/custom_msgs/share/custom_msgs/cmake/ament_cmake_export_include_directories-extras.cmake
[0.551s] -- Up-to-date: /home/sahil-22/ros2_ws/install/custom_msgs/share/custom_msgs/cmake/ament_cmake_export_libraries-extras.cmake
[0.551s] -- Up-to-date: /home/sahil-22/ros2_ws/install/custom_msgs/share/custom_msgs/cmake/ament_cmake_export_targets-extras.cmake
[0.551s] -- Up-to-date: /home/sahil-22/ros2_ws/install/custom_msgs/share/custom_msgs/cmake/rosidl_cmake_export_typesupport_targets-extras.cmake
[0.551s] -- Up-to-date: /home/sahil-22/ros2_ws/install/custom_msgs/share/custom_msgs/cmake/ament_cmake_export_dependencies-extras.cmake
[0.551s] -- Up-to-date: /home/sahil-22/ros2_ws/install/custom_msgs/share/custom_msgs/cmake/rosidl_cmake_export_typesupport_libraries-extras.cmake
[0.552s] -- Up-to-date: /home/sahil-22/ros2_ws/install/custom_msgs/share/custom_msgs/cmake/custom_msgsConfig.cmake
[0.552s] -- Up-to-date: /home/sahil-22/ros2_ws/install/custom_msgs/share/custom_msgs/cmake/custom_msgsConfig-version.cmake
[0.563s] -- Up-to-date: /home/sahil-22/ros2_ws/install/custom_msgs/share/custom_msgs/package.xml
[0.563s] Invoked command in '/home/sahil-22/ros2_ws/build/custom_msgs' returned '0': CMAKE_PREFIX_PATH=${CMAKE_PREFIX_PATH}:/home/sahil-22/ros2_ws/install/turtle_sim_project:/opt/ros/humble /usr/bin/cmake --install /home/sahil-22/ros2_ws/build/custom_msgs
