[0.007s] Invoking command in '/home/sahil-22/ros2_ws/build/custom_msgs': CMAKE_PREFIX_PATH=/home/sahil-22/ros2_ws/install/turtle_sim_project:/opt/ros/humble /usr/bin/cmake /home/sahil-22/ros2_ws/src/custom_msgs -DCMAKE_INSTALL_PREFIX=/home/sahil-22/ros2_ws/install/custom_msgs
[0.015s] -- Found ament_cmake: 1.3.8 (/opt/ros/humble/share/ament_cmake/cmake)
[0.100s] -- Found rosidl_default_generators: 1.2.0 (/opt/ros/humble/share/rosidl_default_generators/cmake)
[0.100s] -- Using all available rosidl_typesupport_c: rosidl_typesupport_fastrtps_c;rosidl_typesupport_introspection_c
[0.102s] -- Found rosidl_adapter: 3.1.5 (/opt/ros/humble/share/rosidl_adapter/cmake)
[0.122s] -- Using all available rosidl_typesupport_cpp: rosidl_typesupport_fastrtps_cpp;rosidl_typesupport_introspection_cpp
[0.307s] -- Found ament_cmake_ros: 0.10.0 (/opt/ros/humble/share/ament_cmake_ros/cmake)
[0.440s] -- Using all available rosidl_typesupport_c: rosidl_typesupport_fastrtps_c;rosidl_typesupport_introspection_c
[0.603s] -- Using all available rosidl_typesupport_cpp: rosidl_typesupport_fastrtps_cpp;rosidl_typesupport_introspection_cpp
[0.619s] -- Found PythonInterp: /usr/bin/python3 (found suitable version "3.10.12", minimum required is "3.6") 
[0.620s] -- Found python_cmake_module: 0.10.0 (/opt/ros/humble/share/python_cmake_module/cmake)
[0.643s] -- Found PythonLibs: /usr/lib/x86_64-linux-gnu/libpython3.10.so (found suitable version "3.10.12", minimum required is "3.5") 
[0.643s] -- Using PYTHON_EXECUTABLE: /usr/bin/python3
[0.643s] -- Using PYTHON_INCLUDE_DIRS: /usr/include/python3.10
[0.643s] -- Using PYTHON_LIBRARIES: /usr/lib/x86_64-linux-gnu/libpython3.10.so
[0.658s] -- Found PythonExtra: .so  
[0.685s] -- Configuring done
[0.701s] -- Generating done
[0.702s] -- Build files have been written to: /home/sahil-22/ros2_ws/build/custom_msgs
[0.706s] Invoked command in '/home/sahil-22/ros2_ws/build/custom_msgs' returned '0': CMAKE_PREFIX_PATH=/home/sahil-22/ros2_ws/install/turtle_sim_project:/opt/ros/humble /usr/bin/cmake /home/sahil-22/ros2_ws/src/custom_msgs -DCMAKE_INSTALL_PREFIX=/home/sahil-22/ros2_ws/install/custom_msgs
[0.707s] Invoking command in '/home/sahil-22/ros2_ws/build/custom_msgs': CMAKE_PREFIX_PATH=/home/sahil-22/ros2_ws/install/turtle_sim_project:/opt/ros/humble /usr/bin/cmake --build /home/sahil-22/ros2_ws/build/custom_msgs -- -j4 -l4
[0.735s] [  3%] [34m[1mGenerating C code for ROS interfaces[0m
[0.741s] [  6%] [34m[1mGenerating C++ code for ROS interfaces[0m
[0.753s] [  6%] Built target ament_cmake_python_copy_custom_msgs
[0.943s] running egg_info
[0.945s] creating custom_msgs.egg-info
[0.946s] writing custom_msgs.egg-info/PKG-INFO
[0.946s] writing dependency_links to custom_msgs.egg-info/dependency_links.txt
[0.947s] writing top-level names to custom_msgs.egg-info/top_level.txt
[0.948s] writing manifest file 'custom_msgs.egg-info/SOURCES.txt'
[0.951s] reading manifest file 'custom_msgs.egg-info/SOURCES.txt'
[0.952s] writing manifest file 'custom_msgs.egg-info/SOURCES.txt'
[0.984s] [  6%] Built target ament_cmake_python_build_custom_msgs_egg
[1.006s] [  9%] [32mBuilding C object CMakeFiles/custom_msgs__rosidl_generator_c.dir/rosidl_generator_c/custom_msgs/msg/detail/movement__functions.c.o[0m
[1.018s] [  9%] Built target custom_msgs__cpp
[1.026s] [ 12%] [34m[1mGenerating C++ type support dispatch for ROS interfaces[0m
[1.026s] [ 19%] [34m[1mGenerating C++ type support for eProsima Fast-RTPS[0m
[1.027s] [ 19%] [34m[1mGenerating C++ introspection for ROS interfaces[0m
[1.105s] [ 22%] [32m[1mLinking C shared library libcustom_msgs__rosidl_generator_c.so[0m
[1.157s] [ 22%] Built target custom_msgs__rosidl_generator_c
[1.165s] [ 25%] [34m[1mGenerating C type support for eProsima Fast-RTPS[0m
[1.347s] [ 29%] [32mBuilding CXX object CMakeFiles/custom_msgs__rosidl_typesupport_fastrtps_cpp.dir/rosidl_typesupport_fastrtps_cpp/custom_msgs/msg/detail/dds_fastrtps/movement__type_support.cpp.o[0m
[1.376s] [ 32%] [32mBuilding CXX object CMakeFiles/custom_msgs__rosidl_typesupport_cpp.dir/rosidl_typesupport_cpp/custom_msgs/msg/movement__type_support.cpp.o[0m
[1.387s] [ 35%] [32mBuilding CXX object CMakeFiles/custom_msgs__rosidl_typesupport_introspection_cpp.dir/rosidl_typesupport_introspection_cpp/custom_msgs/msg/detail/movement__type_support.cpp.o[0m
[1.445s] [ 38%] [32mBuilding CXX object CMakeFiles/custom_msgs__rosidl_typesupport_fastrtps_c.dir/rosidl_typesupport_fastrtps_c/custom_msgs/msg/detail/movement__type_support_c.cpp.o[0m
[1.790s] [ 41%] [32m[1mLinking CXX shared library libcustom_msgs__rosidl_typesupport_cpp.so[0m
[1.837s] [ 45%] [32m[1mLinking CXX shared library libcustom_msgs__rosidl_typesupport_introspection_cpp.so[0m
[1.840s] [ 45%] Built target custom_msgs__rosidl_typesupport_cpp
[1.856s] [ 48%] [34m[1mGenerating C introspection for ROS interfaces[0m
[1.882s] [ 48%] Built target custom_msgs__rosidl_typesupport_introspection_cpp
[1.893s] [ 51%] [34m[1mGenerating C type support dispatch for ROS interfaces[0m
[1.900s] [ 54%] [32m[1mLinking CXX shared library libcustom_msgs__rosidl_typesupport_fastrtps_c.so[0m
[1.919s] [ 58%] [32m[1mLinking CXX shared library libcustom_msgs__rosidl_typesupport_fastrtps_cpp.so[0m
[2.018s] [ 58%] Built target custom_msgs__rosidl_typesupport_fastrtps_c
[2.052s] [ 58%] Built target custom_msgs__rosidl_typesupport_fastrtps_cpp
[2.110s] [ 61%] [32mBuilding C object CMakeFiles/custom_msgs__rosidl_typesupport_introspection_c.dir/rosidl_typesupport_introspection_c/custom_msgs/msg/detail/movement__type_support.c.o[0m
[2.132s] [ 64%] [32m[1mLinking C shared library libcustom_msgs__rosidl_typesupport_introspection_c.so[0m
[2.154s] [ 67%] [32mBuilding CXX object CMakeFiles/custom_msgs__rosidl_typesupport_c.dir/rosidl_typesupport_c/custom_msgs/msg/movement__type_support.cpp.o[0m
[2.158s] [ 67%] Built target custom_msgs__rosidl_typesupport_introspection_c
[2.175s] [ 70%] [32m[1mLinking CXX shared library libcustom_msgs__rosidl_typesupport_c.so[0m
[2.204s] [ 70%] Built target custom_msgs__rosidl_typesupport_c
[2.218s] [ 70%] Built target custom_msgs
[2.233s] [ 74%] [34m[1mGenerating Python code for ROS interfaces[0m
[2.439s] [ 74%] Built target custom_msgs__py
[2.453s] [ 77%] [32mBuilding C object CMakeFiles/custom_msgs__rosidl_generator_py.dir/rosidl_generator_py/custom_msgs/msg/_movement_s.c.o[0m
[2.530s] [ 80%] [32m[1mLinking C shared library rosidl_generator_py/custom_msgs/libcustom_msgs__rosidl_generator_py.so[0m
[2.557s] [ 80%] Built target custom_msgs__rosidl_generator_py
[2.575s] [ 90%] [32mBuilding C object CMakeFiles/custom_msgs__rosidl_typesupport_fastrtps_c__pyext.dir/rosidl_generator_py/custom_msgs/_custom_msgs_s.ep.rosidl_typesupport_fastrtps_c.c.o[0m
[2.575s] [ 90%] [32mBuilding C object CMakeFiles/custom_msgs__rosidl_typesupport_introspection_c__pyext.dir/rosidl_generator_py/custom_msgs/_custom_msgs_s.ep.rosidl_typesupport_introspection_c.c.o[0m
[2.576s] [ 90%] [32mBuilding C object CMakeFiles/custom_msgs__rosidl_typesupport_c__pyext.dir/rosidl_generator_py/custom_msgs/_custom_msgs_s.ep.rosidl_typesupport_c.c.o[0m
[2.676s] [ 96%] [32m[1mLinking C shared library rosidl_generator_py/custom_msgs/custom_msgs_s__rosidl_typesupport_introspection_c.cpython-310-x86_64-linux-gnu.so[0m
[2.676s] [ 96%] [32m[1mLinking C shared library rosidl_generator_py/custom_msgs/custom_msgs_s__rosidl_typesupport_c.cpython-310-x86_64-linux-gnu.so[0m
[2.684s] [100%] [32m[1mLinking C shared library rosidl_generator_py/custom_msgs/custom_msgs_s__rosidl_typesupport_fastrtps_c.cpython-310-x86_64-linux-gnu.so[0m
[2.707s] [100%] Built target custom_msgs__rosidl_typesupport_introspection_c__pyext
[2.711s] [100%] Built target custom_msgs__rosidl_typesupport_c__pyext
[2.719s] [100%] Built target custom_msgs__rosidl_typesupport_fastrtps_c__pyext
[2.728s] Invoked command in '/home/sahil-22/ros2_ws/build/custom_msgs' returned '0': CMAKE_PREFIX_PATH=/home/sahil-22/ros2_ws/install/turtle_sim_project:/opt/ros/humble /usr/bin/cmake --build /home/sahil-22/ros2_ws/build/custom_msgs -- -j4 -l4
[2.767s] Invoking command in '/home/sahil-22/ros2_ws/build/custom_msgs': CMAKE_PREFIX_PATH=/home/sahil-22/ros2_ws/install/turtle_sim_project:/opt/ros/humble /usr/bin/cmake --install /home/sahil-22/ros2_ws/build/custom_msgs
[2.773s] -- Install configuration: ""
[2.774s] -- Installing: /home/sahil-22/ros2_ws/install/custom_msgs/share/ament_index/resource_index/rosidl_interfaces/custom_msgs
[2.774s] -- Installing: /home/sahil-22/ros2_ws/install/custom_msgs/include/custom_msgs/custom_msgs
[2.774s] -- Installing: /home/sahil-22/ros2_ws/install/custom_msgs/include/custom_msgs/custom_msgs/msg
[2.774s] -- Installing: /home/sahil-22/ros2_ws/install/custom_msgs/include/custom_msgs/custom_msgs/msg/movement.h
[2.774s] -- Installing: /home/sahil-22/ros2_ws/install/custom_msgs/include/custom_msgs/custom_msgs/msg/detail
[2.774s] -- Installing: /home/sahil-22/ros2_ws/install/custom_msgs/include/custom_msgs/custom_msgs/msg/detail/movement__functions.c
[2.774s] -- Installing: /home/sahil-22/ros2_ws/install/custom_msgs/include/custom_msgs/custom_msgs/msg/detail/movement__type_support.h
[2.774s] -- Installing: /home/sahil-22/ros2_ws/install/custom_msgs/include/custom_msgs/custom_msgs/msg/detail/movement__struct.h
[2.774s] -- Installing: /home/sahil-22/ros2_ws/install/custom_msgs/include/custom_msgs/custom_msgs/msg/detail/movement__functions.h
[2.774s] -- Installing: /home/sahil-22/ros2_ws/install/custom_msgs/include/custom_msgs/custom_msgs/msg/rosidl_generator_c__visibility_control.h
[2.774s] -- Installing: /home/sahil-22/ros2_ws/install/custom_msgs/share/custom_msgs/environment/library_path.sh
[2.774s] -- Installing: /home/sahil-22/ros2_ws/install/custom_msgs/share/custom_msgs/environment/library_path.dsv
[2.774s] -- Installing: /home/sahil-22/ros2_ws/install/custom_msgs/lib/libcustom_msgs__rosidl_generator_c.so
[2.775s] -- Set runtime path of "/home/sahil-22/ros2_ws/install/custom_msgs/lib/libcustom_msgs__rosidl_generator_c.so" to ""
[2.775s] -- Up-to-date: /home/sahil-22/ros2_ws/install/custom_msgs/include/custom_msgs/custom_msgs
[2.775s] -- Up-to-date: /home/sahil-22/ros2_ws/install/custom_msgs/include/custom_msgs/custom_msgs/msg
[2.775s] -- Installing: /home/sahil-22/ros2_ws/install/custom_msgs/include/custom_msgs/custom_msgs/msg/rosidl_typesupport_fastrtps_c__visibility_control.h
[2.775s] -- Up-to-date: /home/sahil-22/ros2_ws/install/custom_msgs/include/custom_msgs/custom_msgs/msg/detail
[2.775s] -- Installing: /home/sahil-22/ros2_ws/install/custom_msgs/include/custom_msgs/custom_msgs/msg/detail/movement__rosidl_typesupport_fastrtps_c.h
[2.775s] -- Installing: /home/sahil-22/ros2_ws/install/custom_msgs/lib/libcustom_msgs__rosidl_typesupport_fastrtps_c.so
[2.775s] -- Set runtime path of "/home/sahil-22/ros2_ws/install/custom_msgs/lib/libcustom_msgs__rosidl_typesupport_fastrtps_c.so" to ""
[2.775s] -- Up-to-date: /home/sahil-22/ros2_ws/install/custom_msgs/include/custom_msgs/custom_msgs
[2.775s] -- Up-to-date: /home/sahil-22/ros2_ws/install/custom_msgs/include/custom_msgs/custom_msgs/msg
[2.775s] -- Up-to-date: /home/sahil-22/ros2_ws/install/custom_msgs/include/custom_msgs/custom_msgs/msg/detail
[2.775s] -- Installing: /home/sahil-22/ros2_ws/install/custom_msgs/include/custom_msgs/custom_msgs/msg/detail/movement__type_support.c
[2.775s] -- Installing: /home/sahil-22/ros2_ws/install/custom_msgs/include/custom_msgs/custom_msgs/msg/detail/movement__rosidl_typesupport_introspection_c.h
[2.775s] -- Installing: /home/sahil-22/ros2_ws/install/custom_msgs/include/custom_msgs/custom_msgs/msg/rosidl_typesupport_introspection_c__visibility_control.h
[2.776s] -- Installing: /home/sahil-22/ros2_ws/install/custom_msgs/lib/libcustom_msgs__rosidl_typesupport_introspection_c.so
[2.776s] -- Set runtime path of "/home/sahil-22/ros2_ws/install/custom_msgs/lib/libcustom_msgs__rosidl_typesupport_introspection_c.so" to ""
[2.776s] -- Installing: /home/sahil-22/ros2_ws/install/custom_msgs/lib/libcustom_msgs__rosidl_typesupport_c.so
[2.776s] -- Set runtime path of "/home/sahil-22/ros2_ws/install/custom_msgs/lib/libcustom_msgs__rosidl_typesupport_c.so" to ""
[2.776s] -- Up-to-date: /home/sahil-22/ros2_ws/install/custom_msgs/include/custom_msgs/custom_msgs
[2.776s] -- Up-to-date: /home/sahil-22/ros2_ws/install/custom_msgs/include/custom_msgs/custom_msgs/msg
[2.776s] -- Up-to-date: /home/sahil-22/ros2_ws/install/custom_msgs/include/custom_msgs/custom_msgs/msg/detail
[2.776s] -- Installing: /home/sahil-22/ros2_ws/install/custom_msgs/include/custom_msgs/custom_msgs/msg/detail/movement__builder.hpp
[2.777s] -- Installing: /home/sahil-22/ros2_ws/install/custom_msgs/include/custom_msgs/custom_msgs/msg/detail/movement__traits.hpp
[2.777s] -- Installing: /home/sahil-22/ros2_ws/install/custom_msgs/include/custom_msgs/custom_msgs/msg/detail/movement__struct.hpp
[2.777s] -- Installing: /home/sahil-22/ros2_ws/install/custom_msgs/include/custom_msgs/custom_msgs/msg/movement.hpp
[2.777s] -- Up-to-date: /home/sahil-22/ros2_ws/install/custom_msgs/include/custom_msgs/custom_msgs
[2.777s] -- Up-to-date: /home/sahil-22/ros2_ws/install/custom_msgs/include/custom_msgs/custom_msgs/msg
[2.777s] -- Installing: /home/sahil-22/ros2_ws/install/custom_msgs/include/custom_msgs/custom_msgs/msg/rosidl_typesupport_fastrtps_cpp__visibility_control.h
[2.777s] -- Up-to-date: /home/sahil-22/ros2_ws/install/custom_msgs/include/custom_msgs/custom_msgs/msg/detail
[2.777s] -- Installing: /home/sahil-22/ros2_ws/install/custom_msgs/include/custom_msgs/custom_msgs/msg/detail/movement__rosidl_typesupport_fastrtps_cpp.hpp
[2.777s] -- Installing: /home/sahil-22/ros2_ws/install/custom_msgs/include/custom_msgs/custom_msgs/msg/detail/dds_fastrtps
[2.777s] -- Installing: /home/sahil-22/ros2_ws/install/custom_msgs/lib/libcustom_msgs__rosidl_typesupport_fastrtps_cpp.so
[2.777s] -- Set runtime path of "/home/sahil-22/ros2_ws/install/custom_msgs/lib/libcustom_msgs__rosidl_typesupport_fastrtps_cpp.so" to ""
[2.777s] -- Up-to-date: /home/sahil-22/ros2_ws/install/custom_msgs/include/custom_msgs/custom_msgs
[2.778s] -- Up-to-date: /home/sahil-22/ros2_ws/install/custom_msgs/include/custom_msgs/custom_msgs/msg
[2.778s] -- Up-to-date: /home/sahil-22/ros2_ws/install/custom_msgs/include/custom_msgs/custom_msgs/msg/detail
[2.778s] -- Installing: /home/sahil-22/ros2_ws/install/custom_msgs/include/custom_msgs/custom_msgs/msg/detail/movement__type_support.cpp
[2.778s] -- Installing: /home/sahil-22/ros2_ws/install/custom_msgs/include/custom_msgs/custom_msgs/msg/detail/movement__rosidl_typesupport_introspection_cpp.hpp
[2.778s] -- Installing: /home/sahil-22/ros2_ws/install/custom_msgs/lib/libcustom_msgs__rosidl_typesupport_introspection_cpp.so
[2.778s] -- Set runtime path of "/home/sahil-22/ros2_ws/install/custom_msgs/lib/libcustom_msgs__rosidl_typesupport_introspection_cpp.so" to ""
[2.778s] -- Installing: /home/sahil-22/ros2_ws/install/custom_msgs/lib/libcustom_msgs__rosidl_typesupport_cpp.so
[2.778s] -- Set runtime path of "/home/sahil-22/ros2_ws/install/custom_msgs/lib/libcustom_msgs__rosidl_typesupport_cpp.so" to ""
[2.778s] -- Installing: /home/sahil-22/ros2_ws/install/custom_msgs/share/custom_msgs/environment/pythonpath.sh
[2.778s] -- Installing: /home/sahil-22/ros2_ws/install/custom_msgs/share/custom_msgs/environment/pythonpath.dsv
[2.779s] -- Installing: /home/sahil-22/ros2_ws/install/custom_msgs/local/lib/python3.10/dist-packages/custom_msgs-0.0.0-py3.10.egg-info
[2.779s] -- Installing: /home/sahil-22/ros2_ws/install/custom_msgs/local/lib/python3.10/dist-packages/custom_msgs-0.0.0-py3.10.egg-info/SOURCES.txt
[2.779s] -- Installing: /home/sahil-22/ros2_ws/install/custom_msgs/local/lib/python3.10/dist-packages/custom_msgs-0.0.0-py3.10.egg-info/top_level.txt
[2.779s] -- Installing: /home/sahil-22/ros2_ws/install/custom_msgs/local/lib/python3.10/dist-packages/custom_msgs-0.0.0-py3.10.egg-info/PKG-INFO
[2.779s] -- Installing: /home/sahil-22/ros2_ws/install/custom_msgs/local/lib/python3.10/dist-packages/custom_msgs-0.0.0-py3.10.egg-info/dependency_links.txt
[2.779s] -- Installing: /home/sahil-22/ros2_ws/install/custom_msgs/local/lib/python3.10/dist-packages/custom_msgs
[2.779s] -- Installing: /home/sahil-22/ros2_ws/install/custom_msgs/local/lib/python3.10/dist-packages/custom_msgs/custom_msgs_s__rosidl_typesupport_fastrtps_c.cpython-310-x86_64-linux-gnu.so
[2.779s] -- Installing: /home/sahil-22/ros2_ws/install/custom_msgs/local/lib/python3.10/dist-packages/custom_msgs/__init__.py
[2.779s] -- Installing: /home/sahil-22/ros2_ws/install/custom_msgs/local/lib/python3.10/dist-packages/custom_msgs/custom_msgs_s__rosidl_typesupport_c.cpython-310-x86_64-linux-gnu.so
[2.779s] -- Installing: /home/sahil-22/ros2_ws/install/custom_msgs/local/lib/python3.10/dist-packages/custom_msgs/libcustom_msgs__rosidl_generator_py.so
[2.780s] -- Installing: /home/sahil-22/ros2_ws/install/custom_msgs/local/lib/python3.10/dist-packages/custom_msgs/msg
[2.780s] -- Installing: /home/sahil-22/ros2_ws/install/custom_msgs/local/lib/python3.10/dist-packages/custom_msgs/msg/__init__.py
[2.780s] -- Installing: /home/sahil-22/ros2_ws/install/custom_msgs/local/lib/python3.10/dist-packages/custom_msgs/msg/_movement_s.c
[2.780s] -- Installing: /home/sahil-22/ros2_ws/install/custom_msgs/local/lib/python3.10/dist-packages/custom_msgs/msg/_movement.py
[2.780s] -- Installing: /home/sahil-22/ros2_ws/install/custom_msgs/local/lib/python3.10/dist-packages/custom_msgs/_custom_msgs_s.ep.rosidl_typesupport_fastrtps_c.c
[2.780s] -- Installing: /home/sahil-22/ros2_ws/install/custom_msgs/local/lib/python3.10/dist-packages/custom_msgs/_custom_msgs_s.ep.rosidl_typesupport_c.c
[2.780s] -- Installing: /home/sahil-22/ros2_ws/install/custom_msgs/local/lib/python3.10/dist-packages/custom_msgs/_custom_msgs_s.ep.rosidl_typesupport_introspection_c.c
[2.780s] -- Installing: /home/sahil-22/ros2_ws/install/custom_msgs/local/lib/python3.10/dist-packages/custom_msgs/custom_msgs_s__rosidl_typesupport_introspection_c.cpython-310-x86_64-linux-gnu.so
[2.811s] Listing '/home/sahil-22/ros2_ws/install/custom_msgs/local/lib/python3.10/dist-packages/custom_msgs'...
[2.811s] Compiling '/home/sahil-22/ros2_ws/install/custom_msgs/local/lib/python3.10/dist-packages/custom_msgs/__init__.py'...
[2.811s] Listing '/home/sahil-22/ros2_ws/install/custom_msgs/local/lib/python3.10/dist-packages/custom_msgs/msg'...
[2.812s] Compiling '/home/sahil-22/ros2_ws/install/custom_msgs/local/lib/python3.10/dist-packages/custom_msgs/msg/__init__.py'...
[2.812s] Compiling '/home/sahil-22/ros2_ws/install/custom_msgs/local/lib/python3.10/dist-packages/custom_msgs/msg/_movement.py'...
[2.815s] -- Installing: /home/sahil-22/ros2_ws/install/custom_msgs/local/lib/python3.10/dist-packages/custom_msgs/custom_msgs_s__rosidl_typesupport_fastrtps_c.cpython-310-x86_64-linux-gnu.so
[2.815s] -- Set runtime path of "/home/sahil-22/ros2_ws/install/custom_msgs/local/lib/python3.10/dist-packages/custom_msgs/custom_msgs_s__rosidl_typesupport_fastrtps_c.cpython-310-x86_64-linux-gnu.so" to ""
[2.816s] -- Installing: /home/sahil-22/ros2_ws/install/custom_msgs/local/lib/python3.10/dist-packages/custom_msgs/custom_msgs_s__rosidl_typesupport_introspection_c.cpython-310-x86_64-linux-gnu.so
[2.816s] -- Set runtime path of "/home/sahil-22/ros2_ws/install/custom_msgs/local/lib/python3.10/dist-packages/custom_msgs/custom_msgs_s__rosidl_typesupport_introspection_c.cpython-310-x86_64-linux-gnu.so" to ""
[2.816s] -- Installing: /home/sahil-22/ros2_ws/install/custom_msgs/local/lib/python3.10/dist-packages/custom_msgs/custom_msgs_s__rosidl_typesupport_c.cpython-310-x86_64-linux-gnu.so
[2.816s] -- Set runtime path of "/home/sahil-22/ros2_ws/install/custom_msgs/local/lib/python3.10/dist-packages/custom_msgs/custom_msgs_s__rosidl_typesupport_c.cpython-310-x86_64-linux-gnu.so" to ""
[2.816s] -- Installing: /home/sahil-22/ros2_ws/install/custom_msgs/lib/libcustom_msgs__rosidl_generator_py.so
[2.817s] -- Set runtime path of "/home/sahil-22/ros2_ws/install/custom_msgs/lib/libcustom_msgs__rosidl_generator_py.so" to ""
[2.817s] -- Installing: /home/sahil-22/ros2_ws/install/custom_msgs/share/custom_msgs/msg/Movement.idl
[2.817s] -- Installing: /home/sahil-22/ros2_ws/install/custom_msgs/share/custom_msgs/msg/Movement.msg
[2.817s] -- Installing: /home/sahil-22/ros2_ws/install/custom_msgs/share/ament_index/resource_index/package_run_dependencies/custom_msgs
[2.817s] -- Installing: /home/sahil-22/ros2_ws/install/custom_msgs/share/ament_index/resource_index/parent_prefix_path/custom_msgs
[2.817s] -- Installing: /home/sahil-22/ros2_ws/install/custom_msgs/share/custom_msgs/environment/ament_prefix_path.sh
[2.817s] -- Installing: /home/sahil-22/ros2_ws/install/custom_msgs/share/custom_msgs/environment/ament_prefix_path.dsv
[2.817s] -- Installing: /home/sahil-22/ros2_ws/install/custom_msgs/share/custom_msgs/environment/path.sh
[2.818s] -- Installing: /home/sahil-22/ros2_ws/install/custom_msgs/share/custom_msgs/environment/path.dsv
[2.818s] -- Installing: /home/sahil-22/ros2_ws/install/custom_msgs/share/custom_msgs/local_setup.bash
[2.818s] -- Installing: /home/sahil-22/ros2_ws/install/custom_msgs/share/custom_msgs/local_setup.sh
[2.818s] -- Installing: /home/sahil-22/ros2_ws/install/custom_msgs/share/custom_msgs/local_setup.zsh
[2.818s] -- Installing: /home/sahil-22/ros2_ws/install/custom_msgs/share/custom_msgs/local_setup.dsv
[2.818s] -- Installing: /home/sahil-22/ros2_ws/install/custom_msgs/share/custom_msgs/package.dsv
[2.818s] -- Installing: /home/sahil-22/ros2_ws/install/custom_msgs/share/ament_index/resource_index/packages/custom_msgs
[2.818s] -- Installing: /home/sahil-22/ros2_ws/install/custom_msgs/share/custom_msgs/cmake/export_custom_msgs__rosidl_generator_cExport.cmake
[2.818s] -- Installing: /home/sahil-22/ros2_ws/install/custom_msgs/share/custom_msgs/cmake/export_custom_msgs__rosidl_generator_cExport-noconfig.cmake
[2.819s] -- Installing: /home/sahil-22/ros2_ws/install/custom_msgs/share/custom_msgs/cmake/export_custom_msgs__rosidl_typesupport_fastrtps_cExport.cmake
[2.819s] -- Installing: /home/sahil-22/ros2_ws/install/custom_msgs/share/custom_msgs/cmake/export_custom_msgs__rosidl_typesupport_fastrtps_cExport-noconfig.cmake
[2.819s] -- Installing: /home/sahil-22/ros2_ws/install/custom_msgs/share/custom_msgs/cmake/custom_msgs__rosidl_typesupport_introspection_cExport.cmake
[2.819s] -- Installing: /home/sahil-22/ros2_ws/install/custom_msgs/share/custom_msgs/cmake/custom_msgs__rosidl_typesupport_introspection_cExport-noconfig.cmake
[2.819s] -- Installing: /home/sahil-22/ros2_ws/install/custom_msgs/share/custom_msgs/cmake/custom_msgs__rosidl_typesupport_cExport.cmake
[2.819s] -- Installing: /home/sahil-22/ros2_ws/install/custom_msgs/share/custom_msgs/cmake/custom_msgs__rosidl_typesupport_cExport-noconfig.cmake
[2.819s] -- Installing: /home/sahil-22/ros2_ws/install/custom_msgs/share/custom_msgs/cmake/export_custom_msgs__rosidl_generator_cppExport.cmake
[2.819s] -- Installing: /home/sahil-22/ros2_ws/install/custom_msgs/share/custom_msgs/cmake/export_custom_msgs__rosidl_typesupport_fastrtps_cppExport.cmake
[2.820s] -- Installing: /home/sahil-22/ros2_ws/install/custom_msgs/share/custom_msgs/cmake/export_custom_msgs__rosidl_typesupport_fastrtps_cppExport-noconfig.cmake
[2.820s] -- Installing: /home/sahil-22/ros2_ws/install/custom_msgs/share/custom_msgs/cmake/custom_msgs__rosidl_typesupport_introspection_cppExport.cmake
[2.820s] -- Installing: /home/sahil-22/ros2_ws/install/custom_msgs/share/custom_msgs/cmake/custom_msgs__rosidl_typesupport_introspection_cppExport-noconfig.cmake
[2.820s] -- Installing: /home/sahil-22/ros2_ws/install/custom_msgs/share/custom_msgs/cmake/custom_msgs__rosidl_typesupport_cppExport.cmake
[2.820s] -- Installing: /home/sahil-22/ros2_ws/install/custom_msgs/share/custom_msgs/cmake/custom_msgs__rosidl_typesupport_cppExport-noconfig.cmake
[2.820s] -- Installing: /home/sahil-22/ros2_ws/install/custom_msgs/share/custom_msgs/cmake/export_custom_msgs__rosidl_generator_pyExport.cmake
[2.820s] -- Installing: /home/sahil-22/ros2_ws/install/custom_msgs/share/custom_msgs/cmake/export_custom_msgs__rosidl_generator_pyExport-noconfig.cmake
[2.820s] -- Installing: /home/sahil-22/ros2_ws/install/custom_msgs/share/custom_msgs/cmake/rosidl_cmake-extras.cmake
[2.820s] -- Installing: /home/sahil-22/ros2_ws/install/custom_msgs/share/custom_msgs/cmake/ament_cmake_export_include_directories-extras.cmake
[2.821s] -- Installing: /home/sahil-22/ros2_ws/install/custom_msgs/share/custom_msgs/cmake/ament_cmake_export_libraries-extras.cmake
[2.821s] -- Installing: /home/sahil-22/ros2_ws/install/custom_msgs/share/custom_msgs/cmake/ament_cmake_export_targets-extras.cmake
[2.821s] -- Installing: /home/sahil-22/ros2_ws/install/custom_msgs/share/custom_msgs/cmake/rosidl_cmake_export_typesupport_targets-extras.cmake
[2.821s] -- Installing: /home/sahil-22/ros2_ws/install/custom_msgs/share/custom_msgs/cmake/ament_cmake_export_dependencies-extras.cmake
[2.821s] -- Installing: /home/sahil-22/ros2_ws/install/custom_msgs/share/custom_msgs/cmake/rosidl_cmake_export_typesupport_libraries-extras.cmake
[2.821s] -- Installing: /home/sahil-22/ros2_ws/install/custom_msgs/share/custom_msgs/cmake/custom_msgsConfig.cmake
[2.821s] -- Installing: /home/sahil-22/ros2_ws/install/custom_msgs/share/custom_msgs/cmake/custom_msgsConfig-version.cmake
[2.821s] -- Installing: /home/sahil-22/ros2_ws/install/custom_msgs/share/custom_msgs/package.xml
[2.824s] Invoked command in '/home/sahil-22/ros2_ws/build/custom_msgs' returned '0': CMAKE_PREFIX_PATH=/home/sahil-22/ros2_ws/install/turtle_sim_project:/opt/ros/humble /usr/bin/cmake --install /home/sahil-22/ros2_ws/build/custom_msgs
