[0.130s] Invoking command in '/home/nextup/turtle_bot/flytbase_assignment/build/custom_msgs': CMAKE_PREFIX_PATH=${CMAKE_PREFIX_PATH}:/home/nextup/turtle_bot/flytbase_assignment/install/turtle_sim_project:/opt/ros/humble /usr/bin/cmake /home/nextup/turtle_bot/flytbase_assignment/src/custom_msgs -DCMAKE_INSTALL_PREFIX=/home/nextup/turtle_bot/flytbase_assignment/install/custom_msgs
[0.199s] -- The C compiler identification is GNU 11.4.0
[0.257s] -- The CXX compiler identification is GNU 11.4.0
[0.264s] -- Detecting C compiler ABI info
[0.312s] -- Detecting C compiler ABI info - done
[0.318s] -- Check for working C compiler: /usr/bin/cc - skipped
[0.318s] -- Detecting C compile features
[0.318s] -- Detecting C compile features - done
[0.321s] -- Detecting CXX compiler ABI info
[0.376s] -- Detecting CXX compiler ABI info - done
[0.381s] -- Check for working CXX compiler: /usr/bin/c++ - skipped
[0.381s] -- Detecting CXX compile features
[0.381s] -- Detecting CXX compile features - done
[0.386s] -- Found ament_cmake: 1.3.6 (/opt/ros/humble/share/ament_cmake/cmake)
[0.509s] -- Found Python3: /usr/bin/python3.10 (found version "3.10.12") found components: Interpreter 
[0.584s] -- Found rosidl_default_generators: 1.2.0 (/opt/ros/humble/share/rosidl_default_generators/cmake)
[0.587s] -- Using all available rosidl_typesupport_c: rosidl_typesupport_fastrtps_c;rosidl_typesupport_introspection_c
[0.594s] -- Found rosidl_adapter: 3.1.5 (/opt/ros/humble/share/rosidl_adapter/cmake)
[0.633s] -- Using all available rosidl_typesupport_cpp: rosidl_typesupport_fastrtps_cpp;rosidl_typesupport_introspection_cpp
[0.839s] -- Found ament_cmake_ros: 0.10.0 (/opt/ros/humble/share/ament_cmake_ros/cmake)
[0.972s] -- Using all available rosidl_typesupport_c: rosidl_typesupport_fastrtps_c;rosidl_typesupport_introspection_c
[1.143s] -- Using all available rosidl_typesupport_cpp: rosidl_typesupport_fastrtps_cpp;rosidl_typesupport_introspection_cpp
[1.159s] -- Found PythonInterp: /usr/bin/python3 (found suitable version "3.10.12", minimum required is "3.6") 
[1.161s] -- Found python_cmake_module: 0.10.0 (/opt/ros/humble/share/python_cmake_module/cmake)
[1.181s] -- Found PythonLibs: /usr/lib/x86_64-linux-gnu/libpython3.10.so (found suitable version "3.10.12", minimum required is "3.5") 
[1.181s] -- Using PYTHON_EXECUTABLE: /usr/bin/python3
[1.181s] -- Using PYTHON_INCLUDE_DIRS: /usr/include/python3.10
[1.181s] -- Using PYTHON_LIBRARIES: /usr/lib/x86_64-linux-gnu/libpython3.10.so
[1.196s] -- Found PythonExtra: .so  
[1.226s] -- Configuring done
[1.244s] -- Generating done
[1.246s] -- Build files have been written to: /home/nextup/turtle_bot/flytbase_assignment/build/custom_msgs
[1.251s] Invoked command in '/home/nextup/turtle_bot/flytbase_assignment/build/custom_msgs' returned '0': CMAKE_PREFIX_PATH=${CMAKE_PREFIX_PATH}:/home/nextup/turtle_bot/flytbase_assignment/install/turtle_sim_project:/opt/ros/humble /usr/bin/cmake /home/nextup/turtle_bot/flytbase_assignment/src/custom_msgs -DCMAKE_INSTALL_PREFIX=/home/nextup/turtle_bot/flytbase_assignment/install/custom_msgs
[1.253s] Invoking command in '/home/nextup/turtle_bot/flytbase_assignment/build/custom_msgs': CMAKE_PREFIX_PATH=${CMAKE_PREFIX_PATH}:/home/nextup/turtle_bot/flytbase_assignment/install/turtle_sim_project:/opt/ros/humble /usr/bin/cmake --build /home/nextup/turtle_bot/flytbase_assignment/build/custom_msgs -- -j16 -l16
[1.280s] [  3%] [34m[1mGenerating C code for ROS interfaces[0m
[1.287s] [  6%] [34m[1mGenerating C++ code for ROS interfaces[0m
[1.293s] [  6%] Built target ament_cmake_python_copy_custom_msgs
[1.461s] [  6%] Built target custom_msgs__cpp
[1.468s] [ 16%] [34m[1mGenerating C++ type support for eProsima Fast-RTPS[0m
[1.468s] [ 16%] [34m[1mGenerating C++ type support dispatch for ROS interfaces[0m
[1.468s] [ 16%] [34m[1mGenerating C++ introspection for ROS interfaces[0m
[1.472s] [ 19%] [32mBuilding C object CMakeFiles/custom_msgs__rosidl_generator_c.dir/rosidl_generator_c/custom_msgs/msg/detail/movement__functions.c.o[0m
[1.502s] running egg_info
[1.503s] creating custom_msgs.egg-info
[1.503s] writing custom_msgs.egg-info/PKG-INFO
[1.503s] writing dependency_links to custom_msgs.egg-info/dependency_links.txt
[1.503s] writing top-level names to custom_msgs.egg-info/top_level.txt
[1.503s] writing manifest file 'custom_msgs.egg-info/SOURCES.txt'
[1.505s] reading manifest file 'custom_msgs.egg-info/SOURCES.txt'
[1.505s] writing manifest file 'custom_msgs.egg-info/SOURCES.txt'
[1.513s] [ 22%] [32m[1mLinking C shared library libcustom_msgs__rosidl_generator_c.so[0m
[1.526s] [ 22%] Built target ament_cmake_python_build_custom_msgs_egg
[1.537s] [ 22%] Built target custom_msgs__rosidl_generator_c
[1.545s] [ 32%] [34m[1mGenerating C type support for eProsima Fast-RTPS[0m
[1.545s] [ 32%] [34m[1mGenerating C type support dispatch for ROS interfaces[0m
[1.545s] [ 32%] [34m[1mGenerating C introspection for ROS interfaces[0m
[1.629s] [ 35%] [32mBuilding CXX object CMakeFiles/custom_msgs__rosidl_typesupport_cpp.dir/rosidl_typesupport_cpp/custom_msgs/msg/movement__type_support.cpp.o[0m
[1.643s] [ 38%] [32mBuilding CXX object CMakeFiles/custom_msgs__rosidl_typesupport_introspection_cpp.dir/rosidl_typesupport_introspection_cpp/custom_msgs/msg/detail/movement__type_support.cpp.o[0m
[1.648s] [ 41%] [32mBuilding CXX object CMakeFiles/custom_msgs__rosidl_typesupport_fastrtps_cpp.dir/rosidl_typesupport_fastrtps_cpp/custom_msgs/msg/detail/dds_fastrtps/movement__type_support.cpp.o[0m
[1.704s] [ 45%] [32mBuilding CXX object CMakeFiles/custom_msgs__rosidl_typesupport_c.dir/rosidl_typesupport_c/custom_msgs/msg/movement__type_support.cpp.o[0m
[1.722s] [ 48%] [32mBuilding C object CMakeFiles/custom_msgs__rosidl_typesupport_introspection_c.dir/rosidl_typesupport_introspection_c/custom_msgs/msg/detail/movement__type_support.c.o[0m
[1.723s] [ 51%] [32mBuilding CXX object CMakeFiles/custom_msgs__rosidl_typesupport_fastrtps_c.dir/rosidl_typesupport_fastrtps_c/custom_msgs/msg/detail/movement__type_support_c.cpp.o[0m
[1.724s] [ 54%] [32m[1mLinking CXX shared library libcustom_msgs__rosidl_typesupport_c.so[0m
[1.744s] [ 58%] [32m[1mLinking C shared library libcustom_msgs__rosidl_typesupport_introspection_c.so[0m
[1.753s] [ 58%] Built target custom_msgs__rosidl_typesupport_c
[1.765s] [ 58%] Built target custom_msgs__rosidl_typesupport_introspection_c
[1.837s] [ 61%] [32m[1mLinking CXX shared library libcustom_msgs__rosidl_typesupport_cpp.so[0m
[1.865s] [ 61%] Built target custom_msgs__rosidl_typesupport_cpp
[1.921s] [ 64%] [32m[1mLinking CXX shared library libcustom_msgs__rosidl_typesupport_introspection_cpp.so[0m
[1.929s] [ 67%] [32m[1mLinking CXX shared library libcustom_msgs__rosidl_typesupport_fastrtps_cpp.so[0m
[1.950s] [ 67%] Built target custom_msgs__rosidl_typesupport_introspection_cpp
[1.958s] [ 70%] [32m[1mLinking CXX shared library libcustom_msgs__rosidl_typesupport_fastrtps_c.so[0m
[1.981s] [ 70%] Built target custom_msgs__rosidl_typesupport_fastrtps_cpp
[2.008s] [ 70%] Built target custom_msgs__rosidl_typesupport_fastrtps_c
[2.022s] [ 70%] Built target custom_msgs
[2.036s] [ 74%] [34m[1mGenerating Python code for ROS interfaces[0m
[2.236s] [ 74%] Built target custom_msgs__py
[2.248s] [ 77%] [32mBuilding C object CMakeFiles/custom_msgs__rosidl_generator_py.dir/rosidl_generator_py/custom_msgs/msg/_movement_s.c.o[0m
[2.331s] [ 80%] [32m[1mLinking C shared library rosidl_generator_py/custom_msgs/libcustom_msgs__rosidl_generator_py.so[0m
[2.356s] [ 80%] Built target custom_msgs__rosidl_generator_py
[2.369s] [ 90%] [32mBuilding C object CMakeFiles/custom_msgs__rosidl_typesupport_introspection_c__pyext.dir/rosidl_generator_py/custom_msgs/_custom_msgs_s.ep.rosidl_typesupport_introspection_c.c.o[0m
[2.369s] [ 90%] [32mBuilding C object CMakeFiles/custom_msgs__rosidl_typesupport_c__pyext.dir/rosidl_generator_py/custom_msgs/_custom_msgs_s.ep.rosidl_typesupport_c.c.o[0m
[2.369s] [ 90%] [32mBuilding C object CMakeFiles/custom_msgs__rosidl_typesupport_fastrtps_c__pyext.dir/rosidl_generator_py/custom_msgs/_custom_msgs_s.ep.rosidl_typesupport_fastrtps_c.c.o[0m
[2.429s] [ 96%] [32m[1mLinking C shared library rosidl_generator_py/custom_msgs/custom_msgs_s__rosidl_typesupport_c.cpython-310-x86_64-linux-gnu.so[0m
[2.430s] [ 96%] [32m[1mLinking C shared library rosidl_generator_py/custom_msgs/custom_msgs_s__rosidl_typesupport_introspection_c.cpython-310-x86_64-linux-gnu.so[0m
[2.431s] [100%] [32m[1mLinking C shared library rosidl_generator_py/custom_msgs/custom_msgs_s__rosidl_typesupport_fastrtps_c.cpython-310-x86_64-linux-gnu.so[0m
[2.451s] [100%] Built target custom_msgs__rosidl_typesupport_introspection_c__pyext
[2.451s] [100%] Built target custom_msgs__rosidl_typesupport_c__pyext
[2.453s] [100%] Built target custom_msgs__rosidl_typesupport_fastrtps_c__pyext
[2.460s] Invoked command in '/home/nextup/turtle_bot/flytbase_assignment/build/custom_msgs' returned '0': CMAKE_PREFIX_PATH=${CMAKE_PREFIX_PATH}:/home/nextup/turtle_bot/flytbase_assignment/install/turtle_sim_project:/opt/ros/humble /usr/bin/cmake --build /home/nextup/turtle_bot/flytbase_assignment/build/custom_msgs -- -j16 -l16
[2.500s] Invoking command in '/home/nextup/turtle_bot/flytbase_assignment/build/custom_msgs': CMAKE_PREFIX_PATH=${CMAKE_PREFIX_PATH}:/home/nextup/turtle_bot/flytbase_assignment/install/turtle_sim_project:/opt/ros/humble /usr/bin/cmake --install /home/nextup/turtle_bot/flytbase_assignment/build/custom_msgs
[2.504s] -- Install configuration: ""
[2.505s] -- Installing: /home/nextup/turtle_bot/flytbase_assignment/install/custom_msgs/share/ament_index/resource_index/rosidl_interfaces/custom_msgs
[2.505s] -- Installing: /home/nextup/turtle_bot/flytbase_assignment/install/custom_msgs/include/custom_msgs/custom_msgs
[2.505s] -- Installing: /home/nextup/turtle_bot/flytbase_assignment/install/custom_msgs/include/custom_msgs/custom_msgs/msg
[2.505s] -- Installing: /home/nextup/turtle_bot/flytbase_assignment/install/custom_msgs/include/custom_msgs/custom_msgs/msg/rosidl_generator_c__visibility_control.h
[2.505s] -- Installing: /home/nextup/turtle_bot/flytbase_assignment/install/custom_msgs/include/custom_msgs/custom_msgs/msg/movement.h
[2.505s] -- Installing: /home/nextup/turtle_bot/flytbase_assignment/install/custom_msgs/include/custom_msgs/custom_msgs/msg/detail
[2.505s] -- Installing: /home/nextup/turtle_bot/flytbase_assignment/install/custom_msgs/include/custom_msgs/custom_msgs/msg/detail/movement__type_support.h
[2.505s] -- Installing: /home/nextup/turtle_bot/flytbase_assignment/install/custom_msgs/include/custom_msgs/custom_msgs/msg/detail/movement__struct.h
[2.505s] -- Installing: /home/nextup/turtle_bot/flytbase_assignment/install/custom_msgs/include/custom_msgs/custom_msgs/msg/detail/movement__functions.h
[2.505s] -- Installing: /home/nextup/turtle_bot/flytbase_assignment/install/custom_msgs/include/custom_msgs/custom_msgs/msg/detail/movement__functions.c
[2.505s] -- Installing: /home/nextup/turtle_bot/flytbase_assignment/install/custom_msgs/share/custom_msgs/environment/library_path.sh
[2.505s] -- Installing: /home/nextup/turtle_bot/flytbase_assignment/install/custom_msgs/share/custom_msgs/environment/library_path.dsv
[2.505s] -- Installing: /home/nextup/turtle_bot/flytbase_assignment/install/custom_msgs/lib/libcustom_msgs__rosidl_generator_c.so
[2.506s] -- Set runtime path of "/home/nextup/turtle_bot/flytbase_assignment/install/custom_msgs/lib/libcustom_msgs__rosidl_generator_c.so" to ""
[2.506s] -- Up-to-date: /home/nextup/turtle_bot/flytbase_assignment/install/custom_msgs/include/custom_msgs/custom_msgs
[2.506s] -- Up-to-date: /home/nextup/turtle_bot/flytbase_assignment/install/custom_msgs/include/custom_msgs/custom_msgs/msg
[2.506s] -- Installing: /home/nextup/turtle_bot/flytbase_assignment/install/custom_msgs/include/custom_msgs/custom_msgs/msg/rosidl_typesupport_fastrtps_c__visibility_control.h
[2.506s] -- Up-to-date: /home/nextup/turtle_bot/flytbase_assignment/install/custom_msgs/include/custom_msgs/custom_msgs/msg/detail
[2.506s] -- Installing: /home/nextup/turtle_bot/flytbase_assignment/install/custom_msgs/include/custom_msgs/custom_msgs/msg/detail/movement__rosidl_typesupport_fastrtps_c.h
[2.506s] -- Installing: /home/nextup/turtle_bot/flytbase_assignment/install/custom_msgs/lib/libcustom_msgs__rosidl_typesupport_fastrtps_c.so
[2.506s] -- Set runtime path of "/home/nextup/turtle_bot/flytbase_assignment/install/custom_msgs/lib/libcustom_msgs__rosidl_typesupport_fastrtps_c.so" to ""
[2.506s] -- Up-to-date: /home/nextup/turtle_bot/flytbase_assignment/install/custom_msgs/include/custom_msgs/custom_msgs
[2.506s] -- Up-to-date: /home/nextup/turtle_bot/flytbase_assignment/install/custom_msgs/include/custom_msgs/custom_msgs/msg
[2.506s] -- Installing: /home/nextup/turtle_bot/flytbase_assignment/install/custom_msgs/include/custom_msgs/custom_msgs/msg/rosidl_typesupport_introspection_c__visibility_control.h
[2.506s] -- Up-to-date: /home/nextup/turtle_bot/flytbase_assignment/install/custom_msgs/include/custom_msgs/custom_msgs/msg/detail
[2.506s] -- Installing: /home/nextup/turtle_bot/flytbase_assignment/install/custom_msgs/include/custom_msgs/custom_msgs/msg/detail/movement__rosidl_typesupport_introspection_c.h
[2.506s] -- Installing: /home/nextup/turtle_bot/flytbase_assignment/install/custom_msgs/include/custom_msgs/custom_msgs/msg/detail/movement__type_support.c
[2.506s] -- Installing: /home/nextup/turtle_bot/flytbase_assignment/install/custom_msgs/lib/libcustom_msgs__rosidl_typesupport_introspection_c.so
[2.507s] -- Set runtime path of "/home/nextup/turtle_bot/flytbase_assignment/install/custom_msgs/lib/libcustom_msgs__rosidl_typesupport_introspection_c.so" to ""
[2.507s] -- Installing: /home/nextup/turtle_bot/flytbase_assignment/install/custom_msgs/lib/libcustom_msgs__rosidl_typesupport_c.so
[2.507s] -- Set runtime path of "/home/nextup/turtle_bot/flytbase_assignment/install/custom_msgs/lib/libcustom_msgs__rosidl_typesupport_c.so" to ""
[2.507s] -- Up-to-date: /home/nextup/turtle_bot/flytbase_assignment/install/custom_msgs/include/custom_msgs/custom_msgs
[2.507s] -- Up-to-date: /home/nextup/turtle_bot/flytbase_assignment/install/custom_msgs/include/custom_msgs/custom_msgs/msg
[2.507s] -- Installing: /home/nextup/turtle_bot/flytbase_assignment/install/custom_msgs/include/custom_msgs/custom_msgs/msg/movement.hpp
[2.507s] -- Up-to-date: /home/nextup/turtle_bot/flytbase_assignment/install/custom_msgs/include/custom_msgs/custom_msgs/msg/detail
[2.507s] -- Installing: /home/nextup/turtle_bot/flytbase_assignment/install/custom_msgs/include/custom_msgs/custom_msgs/msg/detail/movement__traits.hpp
[2.507s] -- Installing: /home/nextup/turtle_bot/flytbase_assignment/install/custom_msgs/include/custom_msgs/custom_msgs/msg/detail/movement__builder.hpp
[2.507s] -- Installing: /home/nextup/turtle_bot/flytbase_assignment/install/custom_msgs/include/custom_msgs/custom_msgs/msg/detail/movement__struct.hpp
[2.507s] -- Up-to-date: /home/nextup/turtle_bot/flytbase_assignment/install/custom_msgs/include/custom_msgs/custom_msgs
[2.507s] -- Up-to-date: /home/nextup/turtle_bot/flytbase_assignment/install/custom_msgs/include/custom_msgs/custom_msgs/msg
[2.507s] -- Installing: /home/nextup/turtle_bot/flytbase_assignment/install/custom_msgs/include/custom_msgs/custom_msgs/msg/rosidl_typesupport_fastrtps_cpp__visibility_control.h
[2.507s] -- Up-to-date: /home/nextup/turtle_bot/flytbase_assignment/install/custom_msgs/include/custom_msgs/custom_msgs/msg/detail
[2.507s] -- Installing: /home/nextup/turtle_bot/flytbase_assignment/install/custom_msgs/include/custom_msgs/custom_msgs/msg/detail/dds_fastrtps
[2.507s] -- Installing: /home/nextup/turtle_bot/flytbase_assignment/install/custom_msgs/include/custom_msgs/custom_msgs/msg/detail/movement__rosidl_typesupport_fastrtps_cpp.hpp
[2.508s] -- Installing: /home/nextup/turtle_bot/flytbase_assignment/install/custom_msgs/lib/libcustom_msgs__rosidl_typesupport_fastrtps_cpp.so
[2.508s] -- Set runtime path of "/home/nextup/turtle_bot/flytbase_assignment/install/custom_msgs/lib/libcustom_msgs__rosidl_typesupport_fastrtps_cpp.so" to ""
[2.508s] -- Up-to-date: /home/nextup/turtle_bot/flytbase_assignment/install/custom_msgs/include/custom_msgs/custom_msgs
[2.508s] -- Up-to-date: /home/nextup/turtle_bot/flytbase_assignment/install/custom_msgs/include/custom_msgs/custom_msgs/msg
[2.508s] -- Up-to-date: /home/nextup/turtle_bot/flytbase_assignment/install/custom_msgs/include/custom_msgs/custom_msgs/msg/detail
[2.508s] -- Installing: /home/nextup/turtle_bot/flytbase_assignment/install/custom_msgs/include/custom_msgs/custom_msgs/msg/detail/movement__rosidl_typesupport_introspection_cpp.hpp
[2.508s] -- Installing: /home/nextup/turtle_bot/flytbase_assignment/install/custom_msgs/include/custom_msgs/custom_msgs/msg/detail/movement__type_support.cpp
[2.508s] -- Installing: /home/nextup/turtle_bot/flytbase_assignment/install/custom_msgs/lib/libcustom_msgs__rosidl_typesupport_introspection_cpp.so
[2.508s] -- Set runtime path of "/home/nextup/turtle_bot/flytbase_assignment/install/custom_msgs/lib/libcustom_msgs__rosidl_typesupport_introspection_cpp.so" to ""
[2.508s] -- Installing: /home/nextup/turtle_bot/flytbase_assignment/install/custom_msgs/lib/libcustom_msgs__rosidl_typesupport_cpp.so
[2.508s] -- Set runtime path of "/home/nextup/turtle_bot/flytbase_assignment/install/custom_msgs/lib/libcustom_msgs__rosidl_typesupport_cpp.so" to ""
[2.508s] -- Installing: /home/nextup/turtle_bot/flytbase_assignment/install/custom_msgs/share/custom_msgs/environment/pythonpath.sh
[2.508s] -- Installing: /home/nextup/turtle_bot/flytbase_assignment/install/custom_msgs/share/custom_msgs/environment/pythonpath.dsv
[2.508s] -- Installing: /home/nextup/turtle_bot/flytbase_assignment/install/custom_msgs/local/lib/python3.10/dist-packages/custom_msgs-0.0.0-py3.10.egg-info
[2.508s] -- Installing: /home/nextup/turtle_bot/flytbase_assignment/install/custom_msgs/local/lib/python3.10/dist-packages/custom_msgs-0.0.0-py3.10.egg-info/top_level.txt
[2.509s] -- Installing: /home/nextup/turtle_bot/flytbase_assignment/install/custom_msgs/local/lib/python3.10/dist-packages/custom_msgs-0.0.0-py3.10.egg-info/dependency_links.txt
[2.509s] -- Installing: /home/nextup/turtle_bot/flytbase_assignment/install/custom_msgs/local/lib/python3.10/dist-packages/custom_msgs-0.0.0-py3.10.egg-info/PKG-INFO
[2.509s] -- Installing: /home/nextup/turtle_bot/flytbase_assignment/install/custom_msgs/local/lib/python3.10/dist-packages/custom_msgs-0.0.0-py3.10.egg-info/SOURCES.txt
[2.509s] -- Installing: /home/nextup/turtle_bot/flytbase_assignment/install/custom_msgs/local/lib/python3.10/dist-packages/custom_msgs
[2.509s] -- Installing: /home/nextup/turtle_bot/flytbase_assignment/install/custom_msgs/local/lib/python3.10/dist-packages/custom_msgs/custom_msgs_s__rosidl_typesupport_c.cpython-310-x86_64-linux-gnu.so
[2.509s] -- Installing: /home/nextup/turtle_bot/flytbase_assignment/install/custom_msgs/local/lib/python3.10/dist-packages/custom_msgs/custom_msgs_s__rosidl_typesupport_introspection_c.cpython-310-x86_64-linux-gnu.so
[2.509s] -- Installing: /home/nextup/turtle_bot/flytbase_assignment/install/custom_msgs/local/lib/python3.10/dist-packages/custom_msgs/_custom_msgs_s.ep.rosidl_typesupport_fastrtps_c.c
[2.509s] -- Installing: /home/nextup/turtle_bot/flytbase_assignment/install/custom_msgs/local/lib/python3.10/dist-packages/custom_msgs/__init__.py
[2.509s] -- Installing: /home/nextup/turtle_bot/flytbase_assignment/install/custom_msgs/local/lib/python3.10/dist-packages/custom_msgs/libcustom_msgs__rosidl_generator_py.so
[2.509s] -- Installing: /home/nextup/turtle_bot/flytbase_assignment/install/custom_msgs/local/lib/python3.10/dist-packages/custom_msgs/msg
[2.509s] -- Installing: /home/nextup/turtle_bot/flytbase_assignment/install/custom_msgs/local/lib/python3.10/dist-packages/custom_msgs/msg/_movement_s.c
[2.509s] -- Installing: /home/nextup/turtle_bot/flytbase_assignment/install/custom_msgs/local/lib/python3.10/dist-packages/custom_msgs/msg/__init__.py
[2.509s] -- Installing: /home/nextup/turtle_bot/flytbase_assignment/install/custom_msgs/local/lib/python3.10/dist-packages/custom_msgs/msg/_movement.py
[2.509s] -- Installing: /home/nextup/turtle_bot/flytbase_assignment/install/custom_msgs/local/lib/python3.10/dist-packages/custom_msgs/_custom_msgs_s.ep.rosidl_typesupport_introspection_c.c
[2.509s] -- Installing: /home/nextup/turtle_bot/flytbase_assignment/install/custom_msgs/local/lib/python3.10/dist-packages/custom_msgs/custom_msgs_s__rosidl_typesupport_fastrtps_c.cpython-310-x86_64-linux-gnu.so
[2.509s] -- Installing: /home/nextup/turtle_bot/flytbase_assignment/install/custom_msgs/local/lib/python3.10/dist-packages/custom_msgs/_custom_msgs_s.ep.rosidl_typesupport_c.c
[2.533s] Listing '/home/nextup/turtle_bot/flytbase_assignment/install/custom_msgs/local/lib/python3.10/dist-packages/custom_msgs'...
[2.533s] Compiling '/home/nextup/turtle_bot/flytbase_assignment/install/custom_msgs/local/lib/python3.10/dist-packages/custom_msgs/__init__.py'...
[2.533s] Listing '/home/nextup/turtle_bot/flytbase_assignment/install/custom_msgs/local/lib/python3.10/dist-packages/custom_msgs/msg'...
[2.533s] Compiling '/home/nextup/turtle_bot/flytbase_assignment/install/custom_msgs/local/lib/python3.10/dist-packages/custom_msgs/msg/__init__.py'...
[2.533s] Compiling '/home/nextup/turtle_bot/flytbase_assignment/install/custom_msgs/local/lib/python3.10/dist-packages/custom_msgs/msg/_movement.py'...
[2.536s] -- Installing: /home/nextup/turtle_bot/flytbase_assignment/install/custom_msgs/local/lib/python3.10/dist-packages/custom_msgs/custom_msgs_s__rosidl_typesupport_fastrtps_c.cpython-310-x86_64-linux-gnu.so
[2.536s] -- Set runtime path of "/home/nextup/turtle_bot/flytbase_assignment/install/custom_msgs/local/lib/python3.10/dist-packages/custom_msgs/custom_msgs_s__rosidl_typesupport_fastrtps_c.cpython-310-x86_64-linux-gnu.so" to ""
[2.536s] -- Installing: /home/nextup/turtle_bot/flytbase_assignment/install/custom_msgs/local/lib/python3.10/dist-packages/custom_msgs/custom_msgs_s__rosidl_typesupport_introspection_c.cpython-310-x86_64-linux-gnu.so
[2.536s] -- Set runtime path of "/home/nextup/turtle_bot/flytbase_assignment/install/custom_msgs/local/lib/python3.10/dist-packages/custom_msgs/custom_msgs_s__rosidl_typesupport_introspection_c.cpython-310-x86_64-linux-gnu.so" to ""
[2.536s] -- Installing: /home/nextup/turtle_bot/flytbase_assignment/install/custom_msgs/local/lib/python3.10/dist-packages/custom_msgs/custom_msgs_s__rosidl_typesupport_c.cpython-310-x86_64-linux-gnu.so
[2.536s] -- Set runtime path of "/home/nextup/turtle_bot/flytbase_assignment/install/custom_msgs/local/lib/python3.10/dist-packages/custom_msgs/custom_msgs_s__rosidl_typesupport_c.cpython-310-x86_64-linux-gnu.so" to ""
[2.536s] -- Installing: /home/nextup/turtle_bot/flytbase_assignment/install/custom_msgs/lib/libcustom_msgs__rosidl_generator_py.so
[2.537s] -- Set runtime path of "/home/nextup/turtle_bot/flytbase_assignment/install/custom_msgs/lib/libcustom_msgs__rosidl_generator_py.so" to ""
[2.537s] -- Installing: /home/nextup/turtle_bot/flytbase_assignment/install/custom_msgs/share/custom_msgs/msg/Movement.idl
[2.537s] -- Installing: /home/nextup/turtle_bot/flytbase_assignment/install/custom_msgs/share/custom_msgs/msg/Movement.msg
[2.537s] -- Installing: /home/nextup/turtle_bot/flytbase_assignment/install/custom_msgs/share/ament_index/resource_index/package_run_dependencies/custom_msgs
[2.537s] -- Installing: /home/nextup/turtle_bot/flytbase_assignment/install/custom_msgs/share/ament_index/resource_index/parent_prefix_path/custom_msgs
[2.537s] -- Installing: /home/nextup/turtle_bot/flytbase_assignment/install/custom_msgs/share/custom_msgs/environment/ament_prefix_path.sh
[2.537s] -- Installing: /home/nextup/turtle_bot/flytbase_assignment/install/custom_msgs/share/custom_msgs/environment/ament_prefix_path.dsv
[2.537s] -- Installing: /home/nextup/turtle_bot/flytbase_assignment/install/custom_msgs/share/custom_msgs/environment/path.sh
[2.537s] -- Installing: /home/nextup/turtle_bot/flytbase_assignment/install/custom_msgs/share/custom_msgs/environment/path.dsv
[2.537s] -- Installing: /home/nextup/turtle_bot/flytbase_assignment/install/custom_msgs/share/custom_msgs/local_setup.bash
[2.537s] -- Installing: /home/nextup/turtle_bot/flytbase_assignment/install/custom_msgs/share/custom_msgs/local_setup.sh
[2.537s] -- Installing: /home/nextup/turtle_bot/flytbase_assignment/install/custom_msgs/share/custom_msgs/local_setup.zsh
[2.537s] -- Installing: /home/nextup/turtle_bot/flytbase_assignment/install/custom_msgs/share/custom_msgs/local_setup.dsv
[2.538s] -- Installing: /home/nextup/turtle_bot/flytbase_assignment/install/custom_msgs/share/custom_msgs/package.dsv
[2.538s] -- Installing: /home/nextup/turtle_bot/flytbase_assignment/install/custom_msgs/share/ament_index/resource_index/packages/custom_msgs
[2.538s] -- Installing: /home/nextup/turtle_bot/flytbase_assignment/install/custom_msgs/share/custom_msgs/cmake/export_custom_msgs__rosidl_generator_cExport.cmake
[2.538s] -- Installing: /home/nextup/turtle_bot/flytbase_assignment/install/custom_msgs/share/custom_msgs/cmake/export_custom_msgs__rosidl_generator_cExport-noconfig.cmake
[2.538s] -- Installing: /home/nextup/turtle_bot/flytbase_assignment/install/custom_msgs/share/custom_msgs/cmake/export_custom_msgs__rosidl_typesupport_fastrtps_cExport.cmake
[2.538s] -- Installing: /home/nextup/turtle_bot/flytbase_assignment/install/custom_msgs/share/custom_msgs/cmake/export_custom_msgs__rosidl_typesupport_fastrtps_cExport-noconfig.cmake
[2.538s] -- Installing: /home/nextup/turtle_bot/flytbase_assignment/install/custom_msgs/share/custom_msgs/cmake/custom_msgs__rosidl_typesupport_introspection_cExport.cmake
[2.538s] -- Installing: /home/nextup/turtle_bot/flytbase_assignment/install/custom_msgs/share/custom_msgs/cmake/custom_msgs__rosidl_typesupport_introspection_cExport-noconfig.cmake
[2.538s] -- Installing: /home/nextup/turtle_bot/flytbase_assignment/install/custom_msgs/share/custom_msgs/cmake/custom_msgs__rosidl_typesupport_cExport.cmake
[2.538s] -- Installing: /home/nextup/turtle_bot/flytbase_assignment/install/custom_msgs/share/custom_msgs/cmake/custom_msgs__rosidl_typesupport_cExport-noconfig.cmake
[2.538s] -- Installing: /home/nextup/turtle_bot/flytbase_assignment/install/custom_msgs/share/custom_msgs/cmake/export_custom_msgs__rosidl_generator_cppExport.cmake
[2.539s] -- Installing: /home/nextup/turtle_bot/flytbase_assignment/install/custom_msgs/share/custom_msgs/cmake/export_custom_msgs__rosidl_typesupport_fastrtps_cppExport.cmake
[2.539s] -- Installing: /home/nextup/turtle_bot/flytbase_assignment/install/custom_msgs/share/custom_msgs/cmake/export_custom_msgs__rosidl_typesupport_fastrtps_cppExport-noconfig.cmake
[2.539s] -- Installing: /home/nextup/turtle_bot/flytbase_assignment/install/custom_msgs/share/custom_msgs/cmake/custom_msgs__rosidl_typesupport_introspection_cppExport.cmake
[2.539s] -- Installing: /home/nextup/turtle_bot/flytbase_assignment/install/custom_msgs/share/custom_msgs/cmake/custom_msgs__rosidl_typesupport_introspection_cppExport-noconfig.cmake
[2.539s] -- Installing: /home/nextup/turtle_bot/flytbase_assignment/install/custom_msgs/share/custom_msgs/cmake/custom_msgs__rosidl_typesupport_cppExport.cmake
[2.539s] -- Installing: /home/nextup/turtle_bot/flytbase_assignment/install/custom_msgs/share/custom_msgs/cmake/custom_msgs__rosidl_typesupport_cppExport-noconfig.cmake
[2.539s] -- Installing: /home/nextup/turtle_bot/flytbase_assignment/install/custom_msgs/share/custom_msgs/cmake/export_custom_msgs__rosidl_generator_pyExport.cmake
[2.539s] -- Installing: /home/nextup/turtle_bot/flytbase_assignment/install/custom_msgs/share/custom_msgs/cmake/export_custom_msgs__rosidl_generator_pyExport-noconfig.cmake
[2.539s] -- Installing: /home/nextup/turtle_bot/flytbase_assignment/install/custom_msgs/share/custom_msgs/cmake/rosidl_cmake-extras.cmake
[2.540s] -- Installing: /home/nextup/turtle_bot/flytbase_assignment/install/custom_msgs/share/custom_msgs/cmake/ament_cmake_export_include_directories-extras.cmake
[2.540s] -- Installing: /home/nextup/turtle_bot/flytbase_assignment/install/custom_msgs/share/custom_msgs/cmake/ament_cmake_export_libraries-extras.cmake
[2.540s] -- Installing: /home/nextup/turtle_bot/flytbase_assignment/install/custom_msgs/share/custom_msgs/cmake/ament_cmake_export_targets-extras.cmake
[2.540s] -- Installing: /home/nextup/turtle_bot/flytbase_assignment/install/custom_msgs/share/custom_msgs/cmake/rosidl_cmake_export_typesupport_targets-extras.cmake
[2.540s] -- Installing: /home/nextup/turtle_bot/flytbase_assignment/install/custom_msgs/share/custom_msgs/cmake/ament_cmake_export_dependencies-extras.cmake
[2.540s] -- Installing: /home/nextup/turtle_bot/flytbase_assignment/install/custom_msgs/share/custom_msgs/cmake/rosidl_cmake_export_typesupport_libraries-extras.cmake
[2.540s] -- Installing: /home/nextup/turtle_bot/flytbase_assignment/install/custom_msgs/share/custom_msgs/cmake/custom_msgsConfig.cmake
[2.540s] -- Installing: /home/nextup/turtle_bot/flytbase_assignment/install/custom_msgs/share/custom_msgs/cmake/custom_msgsConfig-version.cmake
[2.540s] -- Installing: /home/nextup/turtle_bot/flytbase_assignment/install/custom_msgs/share/custom_msgs/package.xml
[2.542s] Invoked command in '/home/nextup/turtle_bot/flytbase_assignment/build/custom_msgs' returned '0': CMAKE_PREFIX_PATH=${CMAKE_PREFIX_PATH}:/home/nextup/turtle_bot/flytbase_assignment/install/turtle_sim_project:/opt/ros/humble /usr/bin/cmake --install /home/nextup/turtle_bot/flytbase_assignment/build/custom_msgs
