running egg_info
creating ../../build/turtle_sim_project/turtle_sim_project.egg-info
writing ../../build/turtle_sim_project/turtle_sim_project.egg-info/PKG-INFO
writing dependency_links to ../../build/turtle_sim_project/turtle_sim_project.egg-info/dependency_links.txt
writing entry points to ../../build/turtle_sim_project/turtle_sim_project.egg-info/entry_points.txt
writing requirements to ../../build/turtle_sim_project/turtle_sim_project.egg-info/requires.txt
writing top-level names to ../../build/turtle_sim_project/turtle_sim_project.egg-info/top_level.txt
writing manifest file '../../build/turtle_sim_project/turtle_sim_project.egg-info/SOURCES.txt'
reading manifest file '../../build/turtle_sim_project/turtle_sim_project.egg-info/SOURCES.txt'
writing manifest file '../../build/turtle_sim_project/turtle_sim_project.egg-info/SOURCES.txt'
running build
running build_py
creating /home/sahil-22/ros2_ws/build/turtle_sim_project/build
creating /home/sahil-22/ros2_ws/build/turtle_sim_project/build/lib
creating /home/sahil-22/ros2_ws/build/turtle_sim_project/build/lib/turtle_sim_project
copying turtle_sim_project/__init__.py -> /home/sahil-22/ros2_ws/build/turtle_sim_project/build/lib/turtle_sim_project
copying turtle_sim_project/turtle_spawner.py -> /home/sahil-22/ros2_ws/build/turtle_sim_project/build/lib/turtle_sim_project
copying turtle_sim_project/turtle_controller.py -> /home/sahil-22/ros2_ws/build/turtle_sim_project/build/lib/turtle_sim_project
running install
running install_lib
creating /home/sahil-22/ros2_ws/install/turtle_sim_project/lib/python3.10/site-packages/turtle_sim_project
copying /home/sahil-22/ros2_ws/build/turtle_sim_project/build/lib/turtle_sim_project/__init__.py -> /home/sahil-22/ros2_ws/install/turtle_sim_project/lib/python3.10/site-packages/turtle_sim_project
copying /home/sahil-22/ros2_ws/build/turtle_sim_project/build/lib/turtle_sim_project/turtle_spawner.py -> /home/sahil-22/ros2_ws/install/turtle_sim_project/lib/python3.10/site-packages/turtle_sim_project
copying /home/sahil-22/ros2_ws/build/turtle_sim_project/build/lib/turtle_sim_project/turtle_controller.py -> /home/sahil-22/ros2_ws/install/turtle_sim_project/lib/python3.10/site-packages/turtle_sim_project
byte-compiling /home/sahil-22/ros2_ws/install/turtle_sim_project/lib/python3.10/site-packages/turtle_sim_project/__init__.py to __init__.cpython-310.pyc
byte-compiling /home/sahil-22/ros2_ws/install/turtle_sim_project/lib/python3.10/site-packages/turtle_sim_project/turtle_spawner.py to turtle_spawner.cpython-310.pyc
byte-compiling /home/sahil-22/ros2_ws/install/turtle_sim_project/lib/python3.10/site-packages/turtle_sim_project/turtle_controller.py to turtle_controller.cpython-310.pyc
running install_data
creating /home/sahil-22/ros2_ws/install/turtle_sim_project/share/ament_index
creating /home/sahil-22/ros2_ws/install/turtle_sim_project/share/ament_index/resource_index
creating /home/sahil-22/ros2_ws/install/turtle_sim_project/share/ament_index/resource_index/packages
copying resource/turtle_sim_project -> /home/sahil-22/ros2_ws/install/turtle_sim_project/share/ament_index/resource_index/packages
copying package.xml -> /home/sahil-22/ros2_ws/install/turtle_sim_project/share/turtle_sim_project
running install_egg_info
Copying ../../build/turtle_sim_project/turtle_sim_project.egg-info to /home/sahil-22/ros2_ws/install/turtle_sim_project/lib/python3.10/site-packages/turtle_sim_project-0.0.0-py3.10.egg-info
running install_scripts
Installing turtlesim_controller = turtle_sim_project.turtle_controller:mainturtle_spawner script to /home/sahil-22/ros2_ws/install/turtle_sim_project/lib/turtle_sim_project
writing list of installed files to '/home/sahil-22/ros2_ws/build/turtle_sim_project/install.log'
