[0.410s] Invoking command in '/home/sahil-22/ros2_ws/src/turtle_sim_project': PYTHONPATH=/home/sahil-22/ros2_ws/build/turtle_sim_project/prefix_override:/home/sahil-22/ros2_ws/install/turtle_sim_project/lib/python3.10/site-packages:${PYTHONPATH} /usr/bin/python3 -W ignore:setup.py install is deprecated setup.py egg_info --egg-base ../../build/turtle_sim_project build --build-base /home/sahil-22/ros2_ws/build/turtle_sim_project/build install --record /home/sahil-22/ros2_ws/build/turtle_sim_project/install.log --single-version-externally-managed install_data
[0.581s] running egg_info
[0.582s] writing ../../build/turtle_sim_project/turtle_sim_project.egg-info/PKG-INFO
[0.582s] writing dependency_links to ../../build/turtle_sim_project/turtle_sim_project.egg-info/dependency_links.txt
[0.582s] writing entry points to ../../build/turtle_sim_project/turtle_sim_project.egg-info/entry_points.txt
[0.582s] writing requirements to ../../build/turtle_sim_project/turtle_sim_project.egg-info/requires.txt
[0.582s] writing top-level names to ../../build/turtle_sim_project/turtle_sim_project.egg-info/top_level.txt
[0.584s] reading manifest file '../../build/turtle_sim_project/turtle_sim_project.egg-info/SOURCES.txt'
[0.585s] writing manifest file '../../build/turtle_sim_project/turtle_sim_project.egg-info/SOURCES.txt'
[0.585s] running build
[0.585s] running build_py
[0.585s] copying turtle_sim_project/turtle_rotate_chase_goal5.py -> /home/sahil-22/ros2_ws/build/turtle_sim_project/build/lib/turtle_sim_project
[0.586s] running install
[0.586s] running install_lib
[0.587s] copying /home/sahil-22/ros2_ws/build/turtle_sim_project/build/lib/turtle_sim_project/turtle_rotate_chase_goal5.py -> /home/sahil-22/ros2_ws/install/turtle_sim_project/lib/python3.10/site-packages/turtle_sim_project
[0.587s] byte-compiling /home/sahil-22/ros2_ws/install/turtle_sim_project/lib/python3.10/site-packages/turtle_sim_project/turtle_rotate_chase_goal5.py to turtle_rotate_chase_goal5.cpython-310.pyc
[0.589s] running install_data
[0.589s] running install_egg_info
[0.591s] removing '/home/sahil-22/ros2_ws/install/turtle_sim_project/lib/python3.10/site-packages/turtle_sim_project-0.0.0-py3.10.egg-info' (and everything under it)
[0.591s] Copying ../../build/turtle_sim_project/turtle_sim_project.egg-info to /home/sahil-22/ros2_ws/install/turtle_sim_project/lib/python3.10/site-packages/turtle_sim_project-0.0.0-py3.10.egg-info
[0.592s] running install_scripts
[0.608s] Installing turtlesim_controller script to /home/sahil-22/ros2_ws/install/turtle_sim_project/lib/turtle_sim_project
[0.608s] Installing turtlesim_controller_pid script to /home/sahil-22/ros2_ws/install/turtle_sim_project/lib/turtle_sim_project
[0.609s] Installing turtlesim_grid_goal2 script to /home/sahil-22/ros2_ws/install/turtle_sim_project/lib/turtle_sim_project
[0.609s] Installing turtlesim_relocate script to /home/sahil-22/ros2_ws/install/turtle_sim_project/lib/turtle_sim_project
[0.609s] Installing turtlesim_rotate_chase_goal4 script to /home/sahil-22/ros2_ws/install/turtle_sim_project/lib/turtle_sim_project
[0.609s] Installing turtlesim_rotate_chase_goal5 script to /home/sahil-22/ros2_ws/install/turtle_sim_project/lib/turtle_sim_project
[0.609s] Installing turtlesim_rotate_goal3 script to /home/sahil-22/ros2_ws/install/turtle_sim_project/lib/turtle_sim_project
[0.609s] Installing turtlesim_spawner script to /home/sahil-22/ros2_ws/install/turtle_sim_project/lib/turtle_sim_project
[0.609s] writing list of installed files to '/home/sahil-22/ros2_ws/build/turtle_sim_project/install.log'
[0.628s] Invoked command in '/home/sahil-22/ros2_ws/src/turtle_sim_project' returned '0': PYTHONPATH=/home/sahil-22/ros2_ws/build/turtle_sim_project/prefix_override:/home/sahil-22/ros2_ws/install/turtle_sim_project/lib/python3.10/site-packages:${PYTHONPATH} /usr/bin/python3 -W ignore:setup.py install is deprecated setup.py egg_info --egg-base ../../build/turtle_sim_project build --build-base /home/sahil-22/ros2_ws/build/turtle_sim_project/build install --record /home/sahil-22/ros2_ws/build/turtle_sim_project/install.log --single-version-externally-managed install_data
