[0.009s] Invoking command in '/home/sahil-22/ros2_ws/build/custom_msgs': CMAKE_PREFIX_PATH=${CMAKE_PREFIX_PATH}:/home/sahil-22/ros2_ws/install/turtle_sim_project:/opt/ros/humble /usr/bin/cmake --build /home/sahil-22/ros2_ws/build/custom_msgs -- -j4 -l4
[0.051s] [  3%] Built target custom_msgs__cpp
[0.053s] [ 12%] Built target custom_msgs__rosidl_generator_c
[0.064s] [ 12%] Built target ament_cmake_python_copy_custom_msgs
[0.084s] [ 22%] Built target custom_msgs__rosidl_typesupport_fastrtps_cpp
[0.091s] [ 32%] Built target custom_msgs__rosidl_typesupport_fastrtps_c
[0.092s] [ 41%] Built target custom_msgs__rosidl_typesupport_cpp
[0.097s] [ 51%] Built target custom_msgs__rosidl_typesupport_introspection_cpp
[0.108s] [ 61%] Built target custom_msgs__rosidl_typesupport_introspection_c
[0.114s] [ 70%] Built target custom_msgs__rosidl_typesupport_c
[0.130s] [ 70%] Built target custom_msgs
[0.149s] [ 74%] Built target custom_msgs__py
[0.172s] [ 80%] Built target custom_msgs__rosidl_generator_py
[0.203s] [ 87%] Built target custom_msgs__rosidl_typesupport_fastrtps_c__pyext
[0.206s] [ 93%] Built target custom_msgs__rosidl_typesupport_introspection_c__pyext
[0.213s] [100%] Built target custom_msgs__rosidl_typesupport_c__pyext
[0.325s] running egg_info
[0.326s] writing custom_msgs.egg-info/PKG-INFO
[0.327s] writing dependency_links to custom_msgs.egg-info/dependency_links.txt
[0.327s] writing top-level names to custom_msgs.egg-info/top_level.txt
[0.329s] reading manifest file 'custom_msgs.egg-info/SOURCES.txt'
[0.330s] writing manifest file 'custom_msgs.egg-info/SOURCES.txt'
[0.360s] [100%] Built target ament_cmake_python_build_custom_msgs_egg
[0.372s] Invoked command in '/home/sahil-22/ros2_ws/build/custom_msgs' returned '0': CMAKE_PREFIX_PATH=${CMAKE_PREFIX_PATH}:/home/sahil-22/ros2_ws/install/turtle_sim_project:/opt/ros/humble /usr/bin/cmake --build /home/sahil-22/ros2_ws/build/custom_msgs -- -j4 -l4
[0.448s] Invoking command in '/home/sahil-22/ros2_ws/build/custom_msgs': CMAKE_PREFIX_PATH=${CMAKE_PREFIX_PATH}:/home/sahil-22/ros2_ws/install/turtle_sim_project:/opt/ros/humble /usr/bin/cmake --install /home/sahil-22/ros2_ws/build/custom_msgs
[0.472s] -- Install configuration: ""
[0.472s] -- Up-to-date: /home/sahil-22/ros2_ws/install/custom_msgs/share/ament_index/resource_index/rosidl_interfaces/custom_msgs
[0.472s] -- Up-to-date: /home/sahil-22/ros2_ws/install/custom_msgs/include/custom_msgs/custom_msgs
[0.472s] -- Up-to-date: /home/sahil-22/ros2_ws/install/custom_msgs/include/custom_msgs/custom_msgs/msg
[0.472s] -- Up-to-date: /home/sahil-22/ros2_ws/install/custom_msgs/include/custom_msgs/custom_msgs/msg/movement.h
[0.472s] -- Up-to-date: /home/sahil-22/ros2_ws/install/custom_msgs/include/custom_msgs/custom_msgs/msg/detail
[0.472s] -- Up-to-date: /home/sahil-22/ros2_ws/install/custom_msgs/include/custom_msgs/custom_msgs/msg/detail/movement__functions.c
[0.472s] -- Up-to-date: /home/sahil-22/ros2_ws/install/custom_msgs/include/custom_msgs/custom_msgs/msg/detail/movement__type_support.h
[0.472s] -- Up-to-date: /home/sahil-22/ros2_ws/install/custom_msgs/include/custom_msgs/custom_msgs/msg/detail/movement__struct.h
[0.472s] -- Up-to-date: /home/sahil-22/ros2_ws/install/custom_msgs/include/custom_msgs/custom_msgs/msg/detail/movement__functions.h
[0.472s] -- Up-to-date: /home/sahil-22/ros2_ws/install/custom_msgs/include/custom_msgs/custom_msgs/msg/rosidl_generator_c__visibility_control.h
[0.473s] -- Up-to-date: /home/sahil-22/ros2_ws/install/custom_msgs/share/custom_msgs/environment/library_path.sh
[0.473s] -- Up-to-date: /home/sahil-22/ros2_ws/install/custom_msgs/share/custom_msgs/environment/library_path.dsv
[0.473s] -- Up-to-date: /home/sahil-22/ros2_ws/install/custom_msgs/lib/libcustom_msgs__rosidl_generator_c.so
[0.473s] -- Up-to-date: /home/sahil-22/ros2_ws/install/custom_msgs/include/custom_msgs/custom_msgs
[0.473s] -- Up-to-date: /home/sahil-22/ros2_ws/install/custom_msgs/include/custom_msgs/custom_msgs/msg
[0.473s] -- Up-to-date: /home/sahil-22/ros2_ws/install/custom_msgs/include/custom_msgs/custom_msgs/msg/rosidl_typesupport_fastrtps_c__visibility_control.h
[0.473s] -- Up-to-date: /home/sahil-22/ros2_ws/install/custom_msgs/include/custom_msgs/custom_msgs/msg/detail
[0.473s] -- Up-to-date: /home/sahil-22/ros2_ws/install/custom_msgs/include/custom_msgs/custom_msgs/msg/detail/movement__rosidl_typesupport_fastrtps_c.h
[0.473s] -- Up-to-date: /home/sahil-22/ros2_ws/install/custom_msgs/lib/libcustom_msgs__rosidl_typesupport_fastrtps_c.so
[0.473s] -- Up-to-date: /home/sahil-22/ros2_ws/install/custom_msgs/include/custom_msgs/custom_msgs
[0.473s] -- Up-to-date: /home/sahil-22/ros2_ws/install/custom_msgs/include/custom_msgs/custom_msgs/msg
[0.474s] -- Up-to-date: /home/sahil-22/ros2_ws/install/custom_msgs/include/custom_msgs/custom_msgs/msg/detail
[0.474s] -- Up-to-date: /home/sahil-22/ros2_ws/install/custom_msgs/include/custom_msgs/custom_msgs/msg/detail/movement__type_support.c
[0.474s] -- Up-to-date: /home/sahil-22/ros2_ws/install/custom_msgs/include/custom_msgs/custom_msgs/msg/detail/movement__rosidl_typesupport_introspection_c.h
[0.474s] -- Up-to-date: /home/sahil-22/ros2_ws/install/custom_msgs/include/custom_msgs/custom_msgs/msg/rosidl_typesupport_introspection_c__visibility_control.h
[0.474s] -- Up-to-date: /home/sahil-22/ros2_ws/install/custom_msgs/lib/libcustom_msgs__rosidl_typesupport_introspection_c.so
[0.474s] -- Up-to-date: /home/sahil-22/ros2_ws/install/custom_msgs/lib/libcustom_msgs__rosidl_typesupport_c.so
[0.474s] -- Up-to-date: /home/sahil-22/ros2_ws/install/custom_msgs/include/custom_msgs/custom_msgs
[0.474s] -- Up-to-date: /home/sahil-22/ros2_ws/install/custom_msgs/include/custom_msgs/custom_msgs/msg
[0.474s] -- Up-to-date: /home/sahil-22/ros2_ws/install/custom_msgs/include/custom_msgs/custom_msgs/msg/detail
[0.475s] -- Up-to-date: /home/sahil-22/ros2_ws/install/custom_msgs/include/custom_msgs/custom_msgs/msg/detail/movement__builder.hpp
[0.475s] -- Up-to-date: /home/sahil-22/ros2_ws/install/custom_msgs/include/custom_msgs/custom_msgs/msg/detail/movement__traits.hpp
[0.475s] -- Up-to-date: /home/sahil-22/ros2_ws/install/custom_msgs/include/custom_msgs/custom_msgs/msg/detail/movement__struct.hpp
[0.475s] -- Up-to-date: /home/sahil-22/ros2_ws/install/custom_msgs/include/custom_msgs/custom_msgs/msg/movement.hpp
[0.475s] -- Up-to-date: /home/sahil-22/ros2_ws/install/custom_msgs/include/custom_msgs/custom_msgs
[0.475s] -- Up-to-date: /home/sahil-22/ros2_ws/install/custom_msgs/include/custom_msgs/custom_msgs/msg
[0.475s] -- Up-to-date: /home/sahil-22/ros2_ws/install/custom_msgs/include/custom_msgs/custom_msgs/msg/rosidl_typesupport_fastrtps_cpp__visibility_control.h
[0.475s] -- Up-to-date: /home/sahil-22/ros2_ws/install/custom_msgs/include/custom_msgs/custom_msgs/msg/detail
[0.475s] -- Up-to-date: /home/sahil-22/ros2_ws/install/custom_msgs/include/custom_msgs/custom_msgs/msg/detail/movement__rosidl_typesupport_fastrtps_cpp.hpp
[0.475s] -- Up-to-date: /home/sahil-22/ros2_ws/install/custom_msgs/include/custom_msgs/custom_msgs/msg/detail/dds_fastrtps
[0.475s] -- Up-to-date: /home/sahil-22/ros2_ws/install/custom_msgs/lib/libcustom_msgs__rosidl_typesupport_fastrtps_cpp.so
[0.476s] -- Up-to-date: /home/sahil-22/ros2_ws/install/custom_msgs/include/custom_msgs/custom_msgs
[0.476s] -- Up-to-date: /home/sahil-22/ros2_ws/install/custom_msgs/include/custom_msgs/custom_msgs/msg
[0.476s] -- Up-to-date: /home/sahil-22/ros2_ws/install/custom_msgs/include/custom_msgs/custom_msgs/msg/detail
[0.476s] -- Up-to-date: /home/sahil-22/ros2_ws/install/custom_msgs/include/custom_msgs/custom_msgs/msg/detail/movement__type_support.cpp
[0.476s] -- Up-to-date: /home/sahil-22/ros2_ws/install/custom_msgs/include/custom_msgs/custom_msgs/msg/detail/movement__rosidl_typesupport_introspection_cpp.hpp
[0.476s] -- Up-to-date: /home/sahil-22/ros2_ws/install/custom_msgs/lib/libcustom_msgs__rosidl_typesupport_introspection_cpp.so
[0.476s] -- Up-to-date: /home/sahil-22/ros2_ws/install/custom_msgs/lib/libcustom_msgs__rosidl_typesupport_cpp.so
[0.476s] -- Up-to-date: /home/sahil-22/ros2_ws/install/custom_msgs/share/custom_msgs/environment/pythonpath.sh
[0.476s] -- Up-to-date: /home/sahil-22/ros2_ws/install/custom_msgs/share/custom_msgs/environment/pythonpath.dsv
[0.476s] -- Up-to-date: /home/sahil-22/ros2_ws/install/custom_msgs/local/lib/python3.10/dist-packages/custom_msgs-0.0.0-py3.10.egg-info
[0.476s] -- Installing: /home/sahil-22/ros2_ws/install/custom_msgs/local/lib/python3.10/dist-packages/custom_msgs-0.0.0-py3.10.egg-info/SOURCES.txt
[0.483s] -- Installing: /home/sahil-22/ros2_ws/install/custom_msgs/local/lib/python3.10/dist-packages/custom_msgs-0.0.0-py3.10.egg-info/top_level.txt
[0.486s] -- Installing: /home/sahil-22/ros2_ws/install/custom_msgs/local/lib/python3.10/dist-packages/custom_msgs-0.0.0-py3.10.egg-info/PKG-INFO
[0.486s] -- Installing: /home/sahil-22/ros2_ws/install/custom_msgs/local/lib/python3.10/dist-packages/custom_msgs-0.0.0-py3.10.egg-info/dependency_links.txt
[0.486s] -- Up-to-date: /home/sahil-22/ros2_ws/install/custom_msgs/local/lib/python3.10/dist-packages/custom_msgs
[0.486s] -- Up-to-date: /home/sahil-22/ros2_ws/install/custom_msgs/local/lib/python3.10/dist-packages/custom_msgs/custom_msgs_s__rosidl_typesupport_fastrtps_c.cpython-310-x86_64-linux-gnu.so
[0.486s] -- Up-to-date: /home/sahil-22/ros2_ws/install/custom_msgs/local/lib/python3.10/dist-packages/custom_msgs/__init__.py
[0.486s] -- Up-to-date: /home/sahil-22/ros2_ws/install/custom_msgs/local/lib/python3.10/dist-packages/custom_msgs/custom_msgs_s__rosidl_typesupport_c.cpython-310-x86_64-linux-gnu.so
[0.486s] -- Up-to-date: /home/sahil-22/ros2_ws/install/custom_msgs/local/lib/python3.10/dist-packages/custom_msgs/libcustom_msgs__rosidl_generator_py.so
[0.486s] -- Up-to-date: /home/sahil-22/ros2_ws/install/custom_msgs/local/lib/python3.10/dist-packages/custom_msgs/msg
[0.486s] -- Up-to-date: /home/sahil-22/ros2_ws/install/custom_msgs/local/lib/python3.10/dist-packages/custom_msgs/msg/__init__.py
[0.486s] -- Up-to-date: /home/sahil-22/ros2_ws/install/custom_msgs/local/lib/python3.10/dist-packages/custom_msgs/msg/_movement_s.c
[0.487s] -- Up-to-date: /home/sahil-22/ros2_ws/install/custom_msgs/local/lib/python3.10/dist-packages/custom_msgs/msg/_movement.py
[0.487s] -- Up-to-date: /home/sahil-22/ros2_ws/install/custom_msgs/local/lib/python3.10/dist-packages/custom_msgs/_custom_msgs_s.ep.rosidl_typesupport_fastrtps_c.c
[0.487s] -- Up-to-date: /home/sahil-22/ros2_ws/install/custom_msgs/local/lib/python3.10/dist-packages/custom_msgs/_custom_msgs_s.ep.rosidl_typesupport_c.c
[0.487s] -- Up-to-date: /home/sahil-22/ros2_ws/install/custom_msgs/local/lib/python3.10/dist-packages/custom_msgs/_custom_msgs_s.ep.rosidl_typesupport_introspection_c.c
[0.487s] -- Up-to-date: /home/sahil-22/ros2_ws/install/custom_msgs/local/lib/python3.10/dist-packages/custom_msgs/custom_msgs_s__rosidl_typesupport_introspection_c.cpython-310-x86_64-linux-gnu.so
[0.548s] Listing '/home/sahil-22/ros2_ws/install/custom_msgs/local/lib/python3.10/dist-packages/custom_msgs'...
[0.548s] Listing '/home/sahil-22/ros2_ws/install/custom_msgs/local/lib/python3.10/dist-packages/custom_msgs/msg'...
[0.554s] -- Up-to-date: /home/sahil-22/ros2_ws/install/custom_msgs/local/lib/python3.10/dist-packages/custom_msgs/custom_msgs_s__rosidl_typesupport_fastrtps_c.cpython-310-x86_64-linux-gnu.so
[0.556s] -- Up-to-date: /home/sahil-22/ros2_ws/install/custom_msgs/local/lib/python3.10/dist-packages/custom_msgs/custom_msgs_s__rosidl_typesupport_introspection_c.cpython-310-x86_64-linux-gnu.so
[0.557s] -- Up-to-date: /home/sahil-22/ros2_ws/install/custom_msgs/local/lib/python3.10/dist-packages/custom_msgs/custom_msgs_s__rosidl_typesupport_c.cpython-310-x86_64-linux-gnu.so
[0.558s] -- Up-to-date: /home/sahil-22/ros2_ws/install/custom_msgs/lib/libcustom_msgs__rosidl_generator_py.so
[0.558s] -- Up-to-date: /home/sahil-22/ros2_ws/install/custom_msgs/share/custom_msgs/msg/Movement.idl
[0.559s] -- Up-to-date: /home/sahil-22/ros2_ws/install/custom_msgs/share/custom_msgs/msg/Movement.msg
[0.559s] -- Up-to-date: /home/sahil-22/ros2_ws/install/custom_msgs/share/ament_index/resource_index/package_run_dependencies/custom_msgs
[0.559s] -- Up-to-date: /home/sahil-22/ros2_ws/install/custom_msgs/share/ament_index/resource_index/parent_prefix_path/custom_msgs
[0.559s] -- Up-to-date: /home/sahil-22/ros2_ws/install/custom_msgs/share/custom_msgs/environment/ament_prefix_path.sh
[0.559s] -- Up-to-date: /home/sahil-22/ros2_ws/install/custom_msgs/share/custom_msgs/environment/ament_prefix_path.dsv
[0.560s] -- Up-to-date: /home/sahil-22/ros2_ws/install/custom_msgs/share/custom_msgs/environment/path.sh
[0.560s] -- Up-to-date: /home/sahil-22/ros2_ws/install/custom_msgs/share/custom_msgs/environment/path.dsv
[0.560s] -- Up-to-date: /home/sahil-22/ros2_ws/install/custom_msgs/share/custom_msgs/local_setup.bash
[0.560s] -- Up-to-date: /home/sahil-22/ros2_ws/install/custom_msgs/share/custom_msgs/local_setup.sh
[0.560s] -- Up-to-date: /home/sahil-22/ros2_ws/install/custom_msgs/share/custom_msgs/local_setup.zsh
[0.560s] -- Up-to-date: /home/sahil-22/ros2_ws/install/custom_msgs/share/custom_msgs/local_setup.dsv
[0.560s] -- Installing: /home/sahil-22/ros2_ws/install/custom_msgs/share/custom_msgs/package.dsv
[0.565s] -- Up-to-date: /home/sahil-22/ros2_ws/install/custom_msgs/share/ament_index/resource_index/packages/custom_msgs
[0.565s] -- Up-to-date: /home/sahil-22/ros2_ws/install/custom_msgs/share/custom_msgs/cmake/export_custom_msgs__rosidl_generator_cExport.cmake
[0.565s] -- Up-to-date: /home/sahil-22/ros2_ws/install/custom_msgs/share/custom_msgs/cmake/export_custom_msgs__rosidl_generator_cExport-noconfig.cmake
[0.567s] -- Up-to-date: /home/sahil-22/ros2_ws/install/custom_msgs/share/custom_msgs/cmake/export_custom_msgs__rosidl_typesupport_fastrtps_cExport.cmake
[0.567s] -- Up-to-date: /home/sahil-22/ros2_ws/install/custom_msgs/share/custom_msgs/cmake/export_custom_msgs__rosidl_typesupport_fastrtps_cExport-noconfig.cmake
[0.567s] -- Up-to-date: /home/sahil-22/ros2_ws/install/custom_msgs/share/custom_msgs/cmake/custom_msgs__rosidl_typesupport_introspection_cExport.cmake
[0.567s] -- Up-to-date: /home/sahil-22/ros2_ws/install/custom_msgs/share/custom_msgs/cmake/custom_msgs__rosidl_typesupport_introspection_cExport-noconfig.cmake
[0.568s] -- Up-to-date: /home/sahil-22/ros2_ws/install/custom_msgs/share/custom_msgs/cmake/custom_msgs__rosidl_typesupport_cExport.cmake
[0.568s] -- Up-to-date: /home/sahil-22/ros2_ws/install/custom_msgs/share/custom_msgs/cmake/custom_msgs__rosidl_typesupport_cExport-noconfig.cmake
[0.568s] -- Up-to-date: /home/sahil-22/ros2_ws/install/custom_msgs/share/custom_msgs/cmake/export_custom_msgs__rosidl_generator_cppExport.cmake
[0.569s] -- Up-to-date: /home/sahil-22/ros2_ws/install/custom_msgs/share/custom_msgs/cmake/export_custom_msgs__rosidl_typesupport_fastrtps_cppExport.cmake
[0.569s] -- Up-to-date: /home/sahil-22/ros2_ws/install/custom_msgs/share/custom_msgs/cmake/export_custom_msgs__rosidl_typesupport_fastrtps_cppExport-noconfig.cmake
[0.569s] -- Up-to-date: /home/sahil-22/ros2_ws/install/custom_msgs/share/custom_msgs/cmake/custom_msgs__rosidl_typesupport_introspection_cppExport.cmake
[0.569s] -- Up-to-date: /home/sahil-22/ros2_ws/install/custom_msgs/share/custom_msgs/cmake/custom_msgs__rosidl_typesupport_introspection_cppExport-noconfig.cmake
[0.569s] -- Up-to-date: /home/sahil-22/ros2_ws/install/custom_msgs/share/custom_msgs/cmake/custom_msgs__rosidl_typesupport_cppExport.cmake
[0.570s] -- Up-to-date: /home/sahil-22/ros2_ws/install/custom_msgs/share/custom_msgs/cmake/custom_msgs__rosidl_typesupport_cppExport-noconfig.cmake
[0.570s] -- Up-to-date: /home/sahil-22/ros2_ws/install/custom_msgs/share/custom_msgs/cmake/export_custom_msgs__rosidl_generator_pyExport.cmake
[0.570s] -- Up-to-date: /home/sahil-22/ros2_ws/install/custom_msgs/share/custom_msgs/cmake/export_custom_msgs__rosidl_generator_pyExport-noconfig.cmake
[0.570s] -- Up-to-date: /home/sahil-22/ros2_ws/install/custom_msgs/share/custom_msgs/cmake/rosidl_cmake-extras.cmake
[0.570s] -- Up-to-date: /home/sahil-22/ros2_ws/install/custom_msgs/share/custom_msgs/cmake/ament_cmake_export_include_directories-extras.cmake
[0.570s] -- Up-to-date: /home/sahil-22/ros2_ws/install/custom_msgs/share/custom_msgs/cmake/ament_cmake_export_libraries-extras.cmake
[0.571s] -- Up-to-date: /home/sahil-22/ros2_ws/install/custom_msgs/share/custom_msgs/cmake/ament_cmake_export_targets-extras.cmake
[0.571s] -- Up-to-date: /home/sahil-22/ros2_ws/install/custom_msgs/share/custom_msgs/cmake/rosidl_cmake_export_typesupport_targets-extras.cmake
[0.571s] -- Up-to-date: /home/sahil-22/ros2_ws/install/custom_msgs/share/custom_msgs/cmake/ament_cmake_export_dependencies-extras.cmake
[0.571s] -- Up-to-date: /home/sahil-22/ros2_ws/install/custom_msgs/share/custom_msgs/cmake/rosidl_cmake_export_typesupport_libraries-extras.cmake
[0.572s] -- Up-to-date: /home/sahil-22/ros2_ws/install/custom_msgs/share/custom_msgs/cmake/custom_msgsConfig.cmake
[0.572s] -- Up-to-date: /home/sahil-22/ros2_ws/install/custom_msgs/share/custom_msgs/cmake/custom_msgsConfig-version.cmake
[0.572s] -- Up-to-date: /home/sahil-22/ros2_ws/install/custom_msgs/share/custom_msgs/package.xml
[0.588s] Invoked command in '/home/sahil-22/ros2_ws/build/custom_msgs' returned '0': CMAKE_PREFIX_PATH=${CMAKE_PREFIX_PATH}:/home/sahil-22/ros2_ws/install/turtle_sim_project:/opt/ros/humble /usr/bin/cmake --install /home/sahil-22/ros2_ws/build/custom_msgs
