[0.887s] DEBUG:colcon:Command line arguments: ['/usr/bin/colcon', 'build', '--symlink-install']
[0.887s] DEBUG:colcon:Parsed command line arguments: Namespace(log_base=None, log_level=None, verb_name='build', build_base='build', install_base='install', merge_install=False, symlink_install=True, test_result_base=None, continue_on_error=False, executor='parallel', parallel_workers=16, event_handlers=None, ignore_user_meta=False, metas=['./colcon.meta'], base_paths=['.'], packages_ignore=None, packages_ignore_regex=None, paths=None, packages_up_to=None, packages_up_to_regex=None, packages_above=None, packages_above_and_dependencies=None, packages_above_depth=None, packages_select_by_dep=None, packages_skip_by_dep=None, packages_skip_up_to=None, packages_select_build_failed=False, packages_skip_build_finished=False, packages_select_test_failures=False, packages_skip_test_passed=False, packages_select=None, packages_skip=None, packages_select_regex=None, packages_skip_regex=None, packages_start=None, packages_end=None, allow_overriding=[], cmake_args=None, cmake_target=None, cmake_target_skip_unavailable=False, cmake_clean_cache=False, cmake_clean_first=False, cmake_force_configure=False, ament_cmake_args=None, catkin_cmake_args=None, catkin_skip_building_tests=False, verb_parser=<colcon_defaults.argument_parser.defaults.DefaultArgumentsDecorator object at 0x7ff39dff3ee0>, verb_extension=<colcon_core.verb.build.BuildVerb object at 0x7ff39dff3310>, main=<bound method BuildVerb.main of <colcon_core.verb.build.BuildVerb object at 0x7ff39dff3310>>)
[0.925s] Level 1:colcon.colcon_core.package_discovery:discover_packages(colcon_meta) check parameters
[0.925s] Level 1:colcon.colcon_core.package_discovery:discover_packages(recursive) check parameters
[0.925s] Level 1:colcon.colcon_core.package_discovery:discover_packages(ignore) check parameters
[0.925s] Level 1:colcon.colcon_core.package_discovery:discover_packages(path) check parameters
[0.925s] Level 1:colcon.colcon_core.package_discovery:discover_packages(colcon_meta) discover
[0.925s] Level 1:colcon.colcon_core.package_discovery:discover_packages(recursive) discover
[0.925s] INFO:colcon.colcon_core.package_discovery:Crawling recursively for packages in '/home/nextup/turtle_bot/flytbase_assignment'
[0.925s] Level 1:colcon.colcon_core.package_identification:_identify(.) by extensions ['ignore', 'ignore_ament_install']
[0.925s] Level 1:colcon.colcon_core.package_identification:_identify(.) by extension 'ignore'
[0.925s] Level 1:colcon.colcon_core.package_identification:_identify(.) by extension 'ignore_ament_install'
[0.925s] Level 1:colcon.colcon_core.package_identification:_identify(.) by extensions ['colcon_pkg']
[0.925s] Level 1:colcon.colcon_core.package_identification:_identify(.) by extension 'colcon_pkg'
[0.926s] Level 1:colcon.colcon_core.package_identification:_identify(.) by extensions ['colcon_meta']
[0.926s] Level 1:colcon.colcon_core.package_identification:_identify(.) by extension 'colcon_meta'
[0.926s] Level 1:colcon.colcon_core.package_identification:_identify(.) by extensions ['ros']
[0.926s] Level 1:colcon.colcon_core.package_identification:_identify(.) by extension 'ros'
[0.933s] Level 1:colcon.colcon_core.package_identification:_identify(.) by extensions ['cmake', 'python']
[0.933s] Level 1:colcon.colcon_core.package_identification:_identify(.) by extension 'cmake'
[0.933s] Level 1:colcon.colcon_core.package_identification:_identify(.) by extension 'python'
[0.934s] Level 1:colcon.colcon_core.package_identification:_identify(.) by extensions ['python_setup_py']
[0.934s] Level 1:colcon.colcon_core.package_identification:_identify(.) by extension 'python_setup_py'
[0.934s] Level 1:colcon.colcon_core.package_identification:_identify(build) by extensions ['ignore', 'ignore_ament_install']
[0.934s] Level 1:colcon.colcon_core.package_identification:_identify(build) by extension 'ignore'
[0.934s] Level 1:colcon.colcon_core.package_identification:_identify(build) ignored
[0.934s] Level 1:colcon.colcon_core.package_identification:_identify(captures) by extensions ['ignore', 'ignore_ament_install']
[0.934s] Level 1:colcon.colcon_core.package_identification:_identify(captures) by extension 'ignore'
[0.934s] Level 1:colcon.colcon_core.package_identification:_identify(captures) by extension 'ignore_ament_install'
[0.934s] Level 1:colcon.colcon_core.package_identification:_identify(captures) by extensions ['colcon_pkg']
[0.934s] Level 1:colcon.colcon_core.package_identification:_identify(captures) by extension 'colcon_pkg'
[0.934s] Level 1:colcon.colcon_core.package_identification:_identify(captures) by extensions ['colcon_meta']
[0.934s] Level 1:colcon.colcon_core.package_identification:_identify(captures) by extension 'colcon_meta'
[0.934s] Level 1:colcon.colcon_core.package_identification:_identify(captures) by extensions ['ros']
[0.934s] Level 1:colcon.colcon_core.package_identification:_identify(captures) by extension 'ros'
[0.934s] Level 1:colcon.colcon_core.package_identification:_identify(captures) by extensions ['cmake', 'python']
[0.934s] Level 1:colcon.colcon_core.package_identification:_identify(captures) by extension 'cmake'
[0.934s] Level 1:colcon.colcon_core.package_identification:_identify(captures) by extension 'python'
[0.934s] Level 1:colcon.colcon_core.package_identification:_identify(captures) by extensions ['python_setup_py']
[0.934s] Level 1:colcon.colcon_core.package_identification:_identify(captures) by extension 'python_setup_py'
[0.934s] Level 1:colcon.colcon_core.package_identification:_identify(install) by extensions ['ignore', 'ignore_ament_install']
[0.934s] Level 1:colcon.colcon_core.package_identification:_identify(install) by extension 'ignore'
[0.934s] Level 1:colcon.colcon_core.package_identification:_identify(install) ignored
[0.935s] Level 1:colcon.colcon_core.package_identification:_identify(log) by extensions ['ignore', 'ignore_ament_install']
[0.935s] Level 1:colcon.colcon_core.package_identification:_identify(log) by extension 'ignore'
[0.935s] Level 1:colcon.colcon_core.package_identification:_identify(log) ignored
[0.935s] Level 1:colcon.colcon_core.package_identification:_identify(src) by extensions ['ignore', 'ignore_ament_install']
[0.935s] Level 1:colcon.colcon_core.package_identification:_identify(src) by extension 'ignore'
[0.935s] Level 1:colcon.colcon_core.package_identification:_identify(src) by extension 'ignore_ament_install'
[0.935s] Level 1:colcon.colcon_core.package_identification:_identify(src) by extensions ['colcon_pkg']
[0.935s] Level 1:colcon.colcon_core.package_identification:_identify(src) by extension 'colcon_pkg'
[0.935s] Level 1:colcon.colcon_core.package_identification:_identify(src) by extensions ['colcon_meta']
[0.935s] Level 1:colcon.colcon_core.package_identification:_identify(src) by extension 'colcon_meta'
[0.935s] Level 1:colcon.colcon_core.package_identification:_identify(src) by extensions ['ros']
[0.935s] Level 1:colcon.colcon_core.package_identification:_identify(src) by extension 'ros'
[0.935s] Level 1:colcon.colcon_core.package_identification:_identify(src) by extensions ['cmake', 'python']
[0.935s] Level 1:colcon.colcon_core.package_identification:_identify(src) by extension 'cmake'
[0.935s] Level 1:colcon.colcon_core.package_identification:_identify(src) by extension 'python'
[0.935s] Level 1:colcon.colcon_core.package_identification:_identify(src) by extensions ['python_setup_py']
[0.935s] Level 1:colcon.colcon_core.package_identification:_identify(src) by extension 'python_setup_py'
[0.935s] Level 1:colcon.colcon_core.package_identification:_identify(src/custom_msgs) by extensions ['ignore', 'ignore_ament_install']
[0.935s] Level 1:colcon.colcon_core.package_identification:_identify(src/custom_msgs) by extension 'ignore'
[0.935s] Level 1:colcon.colcon_core.package_identification:_identify(src/custom_msgs) by extension 'ignore_ament_install'
[0.935s] Level 1:colcon.colcon_core.package_identification:_identify(src/custom_msgs) by extensions ['colcon_pkg']
[0.935s] Level 1:colcon.colcon_core.package_identification:_identify(src/custom_msgs) by extension 'colcon_pkg'
[0.935s] Level 1:colcon.colcon_core.package_identification:_identify(src/custom_msgs) by extensions ['colcon_meta']
[0.935s] Level 1:colcon.colcon_core.package_identification:_identify(src/custom_msgs) by extension 'colcon_meta'
[0.935s] Level 1:colcon.colcon_core.package_identification:_identify(src/custom_msgs) by extensions ['ros']
[0.936s] Level 1:colcon.colcon_core.package_identification:_identify(src/custom_msgs) by extension 'ros'
[0.937s] DEBUG:colcon.colcon_core.package_identification:Package 'src/custom_msgs' with type 'ros.ament_cmake' and name 'custom_msgs'
[0.937s] Level 1:colcon.colcon_core.package_identification:_identify(src/turtle_sim_project) by extensions ['ignore', 'ignore_ament_install']
[0.937s] Level 1:colcon.colcon_core.package_identification:_identify(src/turtle_sim_project) by extension 'ignore'
[0.937s] Level 1:colcon.colcon_core.package_identification:_identify(src/turtle_sim_project) by extension 'ignore_ament_install'
[0.937s] Level 1:colcon.colcon_core.package_identification:_identify(src/turtle_sim_project) by extensions ['colcon_pkg']
[0.937s] Level 1:colcon.colcon_core.package_identification:_identify(src/turtle_sim_project) by extension 'colcon_pkg'
[0.937s] Level 1:colcon.colcon_core.package_identification:_identify(src/turtle_sim_project) by extensions ['colcon_meta']
[0.937s] Level 1:colcon.colcon_core.package_identification:_identify(src/turtle_sim_project) by extension 'colcon_meta'
[0.937s] Level 1:colcon.colcon_core.package_identification:_identify(src/turtle_sim_project) by extensions ['ros']
[0.938s] Level 1:colcon.colcon_core.package_identification:_identify(src/turtle_sim_project) by extension 'ros'
[0.938s] DEBUG:colcon.colcon_core.package_identification:Package 'src/turtle_sim_project' with type 'ros.ament_python' and name 'turtle_sim_project'
[0.938s] Level 1:colcon.colcon_core.package_discovery:discover_packages(recursive) using defaults
[0.938s] Level 1:colcon.colcon_core.package_discovery:discover_packages(ignore) discover
[0.938s] Level 1:colcon.colcon_core.package_discovery:discover_packages(ignore) using defaults
[0.938s] Level 1:colcon.colcon_core.package_discovery:discover_packages(path) discover
[0.938s] Level 1:colcon.colcon_core.package_discovery:discover_packages(path) using defaults
[1.017s] Level 1:colcon.colcon_core.package_discovery:discover_packages(prefix_path) check parameters
[1.017s] Level 1:colcon.colcon_core.package_discovery:discover_packages(prefix_path) discover
[1.030s] WARNING:colcon.colcon_ros.prefix_path.ament:The path '/home/nextup/turtle_bot/flytbase_assignment/install/turtle_sim_project' in the environment variable AMENT_PREFIX_PATH doesn't exist
[1.030s] WARNING:colcon.colcon_ros.prefix_path.ament:The path '/home/nextup/turtle_bot/flytbase_assignment/install/custom_msgs' in the environment variable AMENT_PREFIX_PATH doesn't exist
[1.030s] WARNING:colcon.colcon_ros.prefix_path.catkin:The path '/home/nextup/turtle_bot/flytbase_assignment/install/custom_msgs' in the environment variable CMAKE_PREFIX_PATH doesn't exist
[1.043s] DEBUG:colcon.colcon_installed_package_information.package_discovery:Found 0 installed packages in /home/nextup/turtle_bot/flytbase_assignment/install
[1.063s] DEBUG:colcon.colcon_installed_package_information.package_discovery:Found 423 installed packages in /opt/ros/humble
[1.065s] Level 1:colcon.colcon_core.package_discovery:discover_packages(prefix_path) using defaults
[1.152s] Level 5:colcon.colcon_core.verb:set package 'custom_msgs' build argument 'cmake_args' from command line to 'None'
[1.153s] Level 5:colcon.colcon_core.verb:set package 'custom_msgs' build argument 'cmake_target' from command line to 'None'
[1.153s] Level 5:colcon.colcon_core.verb:set package 'custom_msgs' build argument 'cmake_target_skip_unavailable' from command line to 'False'
[1.153s] Level 5:colcon.colcon_core.verb:set package 'custom_msgs' build argument 'cmake_clean_cache' from command line to 'False'
[1.153s] Level 5:colcon.colcon_core.verb:set package 'custom_msgs' build argument 'cmake_clean_first' from command line to 'False'
[1.153s] Level 5:colcon.colcon_core.verb:set package 'custom_msgs' build argument 'cmake_force_configure' from command line to 'False'
[1.153s] Level 5:colcon.colcon_core.verb:set package 'custom_msgs' build argument 'ament_cmake_args' from command line to 'None'
[1.153s] Level 5:colcon.colcon_core.verb:set package 'custom_msgs' build argument 'catkin_cmake_args' from command line to 'None'
[1.153s] Level 5:colcon.colcon_core.verb:set package 'custom_msgs' build argument 'catkin_skip_building_tests' from command line to 'False'
[1.153s] DEBUG:colcon.colcon_core.verb:Building package 'custom_msgs' with the following arguments: {'ament_cmake_args': None, 'build_base': '/home/nextup/turtle_bot/flytbase_assignment/build/custom_msgs', 'catkin_cmake_args': None, 'catkin_skip_building_tests': False, 'cmake_args': None, 'cmake_clean_cache': False, 'cmake_clean_first': False, 'cmake_force_configure': False, 'cmake_target': None, 'cmake_target_skip_unavailable': False, 'install_base': '/home/nextup/turtle_bot/flytbase_assignment/install/custom_msgs', 'merge_install': False, 'path': '/home/nextup/turtle_bot/flytbase_assignment/src/custom_msgs', 'symlink_install': True, 'test_result_base': None}
[1.166s] Level 5:colcon.colcon_core.verb:set package 'turtle_sim_project' build argument 'cmake_args' from command line to 'None'
[1.166s] Level 5:colcon.colcon_core.verb:set package 'turtle_sim_project' build argument 'cmake_target' from command line to 'None'
[1.166s] Level 5:colcon.colcon_core.verb:set package 'turtle_sim_project' build argument 'cmake_target_skip_unavailable' from command line to 'False'
[1.166s] Level 5:colcon.colcon_core.verb:set package 'turtle_sim_project' build argument 'cmake_clean_cache' from command line to 'False'
[1.166s] Level 5:colcon.colcon_core.verb:set package 'turtle_sim_project' build argument 'cmake_clean_first' from command line to 'False'
[1.166s] Level 5:colcon.colcon_core.verb:set package 'turtle_sim_project' build argument 'cmake_force_configure' from command line to 'False'
[1.166s] Level 5:colcon.colcon_core.verb:set package 'turtle_sim_project' build argument 'ament_cmake_args' from command line to 'None'
[1.166s] Level 5:colcon.colcon_core.verb:set package 'turtle_sim_project' build argument 'catkin_cmake_args' from command line to 'None'
[1.166s] Level 5:colcon.colcon_core.verb:set package 'turtle_sim_project' build argument 'catkin_skip_building_tests' from command line to 'False'
[1.166s] DEBUG:colcon.colcon_core.verb:Building package 'turtle_sim_project' with the following arguments: {'ament_cmake_args': None, 'build_base': '/home/nextup/turtle_bot/flytbase_assignment/build/turtle_sim_project', 'catkin_cmake_args': None, 'catkin_skip_building_tests': False, 'cmake_args': None, 'cmake_clean_cache': False, 'cmake_clean_first': False, 'cmake_force_configure': False, 'cmake_target': None, 'cmake_target_skip_unavailable': False, 'install_base': '/home/nextup/turtle_bot/flytbase_assignment/install/turtle_sim_project', 'merge_install': False, 'path': '/home/nextup/turtle_bot/flytbase_assignment/src/turtle_sim_project', 'symlink_install': True, 'test_result_base': None}
[1.179s] INFO:colcon.colcon_core.executor:Executing jobs using 'parallel' executor
[1.193s] DEBUG:colcon.colcon_parallel_executor.executor.parallel:run_until_complete
[1.193s] INFO:colcon.colcon_ros.task.ament_cmake.build:Building ROS package in '/home/nextup/turtle_bot/flytbase_assignment/src/custom_msgs' with build type 'ament_cmake'
[1.193s] INFO:colcon.colcon_cmake.task.cmake.build:Building CMake package in '/home/nextup/turtle_bot/flytbase_assignment/src/custom_msgs'
[1.208s] INFO:colcon.colcon_core.plugin_system:Skipping extension 'colcon_core.shell.bat': Not used on non-Windows systems
[1.208s] INFO:colcon.colcon_core.shell:Skip shell extension 'powershell' for command environment: Not usable outside of PowerShell
[1.208s] DEBUG:colcon.colcon_core.shell:Skip shell extension 'dsv' for command environment
[1.249s] INFO:colcon.colcon_ros.task.ament_python.build:Building ROS package in '/home/nextup/turtle_bot/flytbase_assignment/src/turtle_sim_project' with build type 'ament_python'
[1.249s] Level 1:colcon.colcon_core.shell:create_environment_hook('turtle_sim_project', 'ament_prefix_path')
[1.263s] INFO:colcon.colcon_core.shell:Creating environment hook '/home/nextup/turtle_bot/flytbase_assignment/install/turtle_sim_project/share/turtle_sim_project/hook/ament_prefix_path.ps1'
[1.264s] INFO:colcon.colcon_core.shell:Creating environment descriptor '/home/nextup/turtle_bot/flytbase_assignment/install/turtle_sim_project/share/turtle_sim_project/hook/ament_prefix_path.dsv'
[1.264s] INFO:colcon.colcon_core.shell:Creating environment hook '/home/nextup/turtle_bot/flytbase_assignment/install/turtle_sim_project/share/turtle_sim_project/hook/ament_prefix_path.sh'
[1.278s] INFO:colcon.colcon_core.shell:Skip shell extension 'powershell' for command environment: Not usable outside of PowerShell
[1.278s] DEBUG:colcon.colcon_core.shell:Skip shell extension 'dsv' for command environment
[1.321s] DEBUG:colcon.colcon_core.event_handler.log_command:Invoking command in '/home/nextup/turtle_bot/flytbase_assignment/build/custom_msgs': CMAKE_PREFIX_PATH=${CMAKE_PREFIX_PATH}:/home/nextup/turtle_bot/flytbase_assignment/install/turtle_sim_project:/opt/ros/humble /usr/bin/cmake /home/nextup/turtle_bot/flytbase_assignment/src/custom_msgs -DAMENT_CMAKE_SYMLINK_INSTALL=1 -DCMAKE_INSTALL_PREFIX=/home/nextup/turtle_bot/flytbase_assignment/install/custom_msgs
[1.533s] INFO:colcon.colcon_core.task.python.build:Building Python package in '/home/nextup/turtle_bot/flytbase_assignment/src/turtle_sim_project'
[1.547s] INFO:colcon.colcon_core.shell:Skip shell extension 'powershell' for command environment: Not usable outside of PowerShell
[1.547s] DEBUG:colcon.colcon_core.shell:Skip shell extension 'dsv' for command environment
[1.863s] DEBUG:colcon.colcon_core.event_handler.log_command:Invoking command in '/home/nextup/turtle_bot/flytbase_assignment/build/turtle_sim_project': PYTHONPATH=/home/nextup/turtle_bot/flytbase_assignment/build/turtle_sim_project/prefix_override:/home/nextup/turtle_bot/flytbase_assignment/install/turtle_sim_project/lib/python3.10/site-packages:${PYTHONPATH} /usr/bin/python3 setup.py develop --editable --build-directory /home/nextup/turtle_bot/flytbase_assignment/build/turtle_sim_project/build --no-deps install_data
[2.240s] Level 1:colcon.colcon_core.shell:create_environment_hook('turtle_sim_project', 'pythonpath_develop')
[2.240s] DEBUG:colcon.colcon_core.event_handler.log_command:Invoked command in '/home/nextup/turtle_bot/flytbase_assignment/build/turtle_sim_project' returned '0': PYTHONPATH=/home/nextup/turtle_bot/flytbase_assignment/build/turtle_sim_project/prefix_override:/home/nextup/turtle_bot/flytbase_assignment/install/turtle_sim_project/lib/python3.10/site-packages:${PYTHONPATH} /usr/bin/python3 setup.py develop --editable --build-directory /home/nextup/turtle_bot/flytbase_assignment/build/turtle_sim_project/build --no-deps install_data
[2.255s] INFO:colcon.colcon_core.shell:Creating environment hook '/home/nextup/turtle_bot/flytbase_assignment/build/turtle_sim_project/share/turtle_sim_project/hook/pythonpath_develop.ps1'
[2.256s] INFO:colcon.colcon_core.shell:Creating environment descriptor '/home/nextup/turtle_bot/flytbase_assignment/build/turtle_sim_project/share/turtle_sim_project/hook/pythonpath_develop.dsv'
[2.256s] INFO:colcon.colcon_core.shell:Creating environment hook '/home/nextup/turtle_bot/flytbase_assignment/build/turtle_sim_project/share/turtle_sim_project/hook/pythonpath_develop.sh'
[2.271s] Level 1:colcon.colcon_core.environment:checking '/home/nextup/turtle_bot/flytbase_assignment/install/turtle_sim_project' for CMake module files
[2.271s] Level 1:colcon.colcon_core.environment:checking '/home/nextup/turtle_bot/flytbase_assignment/install/turtle_sim_project' for CMake config files
[2.272s] Level 1:colcon.colcon_core.environment:checking '/home/nextup/turtle_bot/flytbase_assignment/install/turtle_sim_project/lib'
[2.272s] Level 1:colcon.colcon_core.environment:checking '/home/nextup/turtle_bot/flytbase_assignment/install/turtle_sim_project/bin'
[2.272s] Level 1:colcon.colcon_core.environment:checking '/home/nextup/turtle_bot/flytbase_assignment/install/turtle_sim_project/lib/pkgconfig/turtle_sim_project.pc'
[2.272s] Level 1:colcon.colcon_core.environment:checking '/home/nextup/turtle_bot/flytbase_assignment/install/turtle_sim_project/lib/python3.10/site-packages'
[2.272s] Level 1:colcon.colcon_core.shell:create_environment_hook('turtle_sim_project', 'pythonpath')
[2.286s] INFO:colcon.colcon_core.shell:Creating environment hook '/home/nextup/turtle_bot/flytbase_assignment/install/turtle_sim_project/share/turtle_sim_project/hook/pythonpath.ps1'
[2.286s] INFO:colcon.colcon_core.shell:Creating environment descriptor '/home/nextup/turtle_bot/flytbase_assignment/install/turtle_sim_project/share/turtle_sim_project/hook/pythonpath.dsv'
[2.286s] INFO:colcon.colcon_core.shell:Creating environment hook '/home/nextup/turtle_bot/flytbase_assignment/install/turtle_sim_project/share/turtle_sim_project/hook/pythonpath.sh'
[2.286s] Level 1:colcon.colcon_core.environment:checking '/home/nextup/turtle_bot/flytbase_assignment/install/turtle_sim_project/bin'
[2.286s] Level 1:colcon.colcon_core.environment:create_environment_scripts_only(turtle_sim_project)
[2.300s] INFO:colcon.colcon_core.shell:Creating package script '/home/nextup/turtle_bot/flytbase_assignment/install/turtle_sim_project/share/turtle_sim_project/package.ps1'
[2.301s] INFO:colcon.colcon_core.shell:Creating package descriptor '/home/nextup/turtle_bot/flytbase_assignment/install/turtle_sim_project/share/turtle_sim_project/package.dsv'
[2.301s] INFO:colcon.colcon_core.shell:Creating package script '/home/nextup/turtle_bot/flytbase_assignment/install/turtle_sim_project/share/turtle_sim_project/package.sh'
[2.302s] INFO:colcon.colcon_core.shell:Creating package script '/home/nextup/turtle_bot/flytbase_assignment/install/turtle_sim_project/share/turtle_sim_project/package.bash'
[2.302s] INFO:colcon.colcon_core.shell:Creating package script '/home/nextup/turtle_bot/flytbase_assignment/install/turtle_sim_project/share/turtle_sim_project/package.zsh'
[2.302s] Level 1:colcon.colcon_core.environment:create_file_with_runtime_dependencies(/home/nextup/turtle_bot/flytbase_assignment/install/turtle_sim_project/share/colcon-core/packages/turtle_sim_project)
[2.312s] DEBUG:colcon.colcon_core.event_handler.log_command:Invoked command in '/home/nextup/turtle_bot/flytbase_assignment/build/custom_msgs' returned '0': CMAKE_PREFIX_PATH=${CMAKE_PREFIX_PATH}:/home/nextup/turtle_bot/flytbase_assignment/install/turtle_sim_project:/opt/ros/humble /usr/bin/cmake /home/nextup/turtle_bot/flytbase_assignment/src/custom_msgs -DAMENT_CMAKE_SYMLINK_INSTALL=1 -DCMAKE_INSTALL_PREFIX=/home/nextup/turtle_bot/flytbase_assignment/install/custom_msgs
[2.313s] DEBUG:colcon.colcon_core.event_handler.log_command:Invoking command in '/home/nextup/turtle_bot/flytbase_assignment/build/custom_msgs': CMAKE_PREFIX_PATH=${CMAKE_PREFIX_PATH}:/home/nextup/turtle_bot/flytbase_assignment/install/turtle_sim_project:/opt/ros/humble /usr/bin/cmake --build /home/nextup/turtle_bot/flytbase_assignment/build/custom_msgs -- -j16 -l16
[3.495s] DEBUG:colcon.colcon_core.event_handler.log_command:Invoked command in '/home/nextup/turtle_bot/flytbase_assignment/build/custom_msgs' returned '0': CMAKE_PREFIX_PATH=${CMAKE_PREFIX_PATH}:/home/nextup/turtle_bot/flytbase_assignment/install/turtle_sim_project:/opt/ros/humble /usr/bin/cmake --build /home/nextup/turtle_bot/flytbase_assignment/build/custom_msgs -- -j16 -l16
[3.535s] DEBUG:colcon.colcon_core.event_handler.log_command:Invoking command in '/home/nextup/turtle_bot/flytbase_assignment/build/custom_msgs': CMAKE_PREFIX_PATH=${CMAKE_PREFIX_PATH}:/home/nextup/turtle_bot/flytbase_assignment/install/turtle_sim_project:/opt/ros/humble /usr/bin/cmake --install /home/nextup/turtle_bot/flytbase_assignment/build/custom_msgs
[3.904s] Level 1:colcon.colcon_core.environment:create_environment_scripts_only(custom_msgs)
[3.904s] DEBUG:colcon.colcon_core.event_handler.log_command:Invoked command in '/home/nextup/turtle_bot/flytbase_assignment/build/custom_msgs' returned '0': CMAKE_PREFIX_PATH=${CMAKE_PREFIX_PATH}:/home/nextup/turtle_bot/flytbase_assignment/install/turtle_sim_project:/opt/ros/humble /usr/bin/cmake --install /home/nextup/turtle_bot/flytbase_assignment/build/custom_msgs
[3.918s] Level 1:colcon.colcon_core.environment:checking '/home/nextup/turtle_bot/flytbase_assignment/install/custom_msgs' for CMake module files
[3.919s] Level 1:colcon.colcon_core.environment:checking '/home/nextup/turtle_bot/flytbase_assignment/install/custom_msgs' for CMake config files
[3.919s] Level 1:colcon.colcon_core.shell:create_environment_hook('custom_msgs', 'cmake_prefix_path')
[3.933s] INFO:colcon.colcon_core.shell:Creating environment hook '/home/nextup/turtle_bot/flytbase_assignment/install/custom_msgs/share/custom_msgs/hook/cmake_prefix_path.ps1'
[3.933s] INFO:colcon.colcon_core.shell:Creating environment descriptor '/home/nextup/turtle_bot/flytbase_assignment/install/custom_msgs/share/custom_msgs/hook/cmake_prefix_path.dsv'
[3.934s] INFO:colcon.colcon_core.shell:Creating environment hook '/home/nextup/turtle_bot/flytbase_assignment/install/custom_msgs/share/custom_msgs/hook/cmake_prefix_path.sh'
[3.934s] Level 1:colcon.colcon_core.environment:checking '/home/nextup/turtle_bot/flytbase_assignment/install/custom_msgs/lib'
[3.934s] Level 1:colcon.colcon_core.shell:create_environment_hook('custom_msgs', 'ld_library_path_lib')
[3.948s] INFO:colcon.colcon_core.shell:Creating environment hook '/home/nextup/turtle_bot/flytbase_assignment/install/custom_msgs/share/custom_msgs/hook/ld_library_path_lib.ps1'
[3.948s] INFO:colcon.colcon_core.shell:Creating environment descriptor '/home/nextup/turtle_bot/flytbase_assignment/install/custom_msgs/share/custom_msgs/hook/ld_library_path_lib.dsv'
[3.948s] INFO:colcon.colcon_core.shell:Creating environment hook '/home/nextup/turtle_bot/flytbase_assignment/install/custom_msgs/share/custom_msgs/hook/ld_library_path_lib.sh'
[3.948s] Level 1:colcon.colcon_core.environment:checking '/home/nextup/turtle_bot/flytbase_assignment/install/custom_msgs/bin'
[3.948s] Level 1:colcon.colcon_core.environment:checking '/home/nextup/turtle_bot/flytbase_assignment/install/custom_msgs/lib/pkgconfig/custom_msgs.pc'
[3.948s] Level 1:colcon.colcon_core.environment:checking '/home/nextup/turtle_bot/flytbase_assignment/install/custom_msgs/lib/python3.10/site-packages'
[3.949s] Level 1:colcon.colcon_core.environment:checking '/home/nextup/turtle_bot/flytbase_assignment/install/custom_msgs/bin'
[3.963s] INFO:colcon.colcon_core.shell:Creating package script '/home/nextup/turtle_bot/flytbase_assignment/install/custom_msgs/share/custom_msgs/package.ps1'
[3.964s] INFO:colcon.colcon_core.shell:Creating package descriptor '/home/nextup/turtle_bot/flytbase_assignment/install/custom_msgs/share/custom_msgs/package.dsv'
[3.964s] INFO:colcon.colcon_core.shell:Creating package script '/home/nextup/turtle_bot/flytbase_assignment/install/custom_msgs/share/custom_msgs/package.sh'
[3.964s] INFO:colcon.colcon_core.shell:Creating package script '/home/nextup/turtle_bot/flytbase_assignment/install/custom_msgs/share/custom_msgs/package.bash'
[3.964s] INFO:colcon.colcon_core.shell:Creating package script '/home/nextup/turtle_bot/flytbase_assignment/install/custom_msgs/share/custom_msgs/package.zsh'
[3.964s] Level 1:colcon.colcon_core.environment:create_file_with_runtime_dependencies(/home/nextup/turtle_bot/flytbase_assignment/install/custom_msgs/share/colcon-core/packages/custom_msgs)
[4.014s] Level 1:colcon.colcon_core.environment:create_environment_scripts_only(custom_msgs)
[4.028s] Level 1:colcon.colcon_core.environment:checking '/home/nextup/turtle_bot/flytbase_assignment/install/custom_msgs' for CMake module files
[4.028s] Level 1:colcon.colcon_core.environment:checking '/home/nextup/turtle_bot/flytbase_assignment/install/custom_msgs' for CMake config files
[4.029s] Level 1:colcon.colcon_core.shell:create_environment_hook('custom_msgs', 'cmake_prefix_path')
[4.042s] INFO:colcon.colcon_core.shell:Creating environment hook '/home/nextup/turtle_bot/flytbase_assignment/install/custom_msgs/share/custom_msgs/hook/cmake_prefix_path.ps1'
[4.043s] INFO:colcon.colcon_core.shell:Creating environment descriptor '/home/nextup/turtle_bot/flytbase_assignment/install/custom_msgs/share/custom_msgs/hook/cmake_prefix_path.dsv'
[4.043s] INFO:colcon.colcon_core.shell:Creating environment hook '/home/nextup/turtle_bot/flytbase_assignment/install/custom_msgs/share/custom_msgs/hook/cmake_prefix_path.sh'
[4.043s] Level 1:colcon.colcon_core.environment:checking '/home/nextup/turtle_bot/flytbase_assignment/install/custom_msgs/lib'
[4.043s] Level 1:colcon.colcon_core.shell:create_environment_hook('custom_msgs', 'ld_library_path_lib')
[4.064s] INFO:colcon.colcon_core.shell:Creating environment hook '/home/nextup/turtle_bot/flytbase_assignment/install/custom_msgs/share/custom_msgs/hook/ld_library_path_lib.ps1'
[4.064s] INFO:colcon.colcon_core.shell:Creating environment descriptor '/home/nextup/turtle_bot/flytbase_assignment/install/custom_msgs/share/custom_msgs/hook/ld_library_path_lib.dsv'
[4.065s] INFO:colcon.colcon_core.shell:Creating environment hook '/home/nextup/turtle_bot/flytbase_assignment/install/custom_msgs/share/custom_msgs/hook/ld_library_path_lib.sh'
[4.065s] Level 1:colcon.colcon_core.environment:checking '/home/nextup/turtle_bot/flytbase_assignment/install/custom_msgs/bin'
[4.065s] Level 1:colcon.colcon_core.environment:checking '/home/nextup/turtle_bot/flytbase_assignment/install/custom_msgs/lib/pkgconfig/custom_msgs.pc'
[4.065s] Level 1:colcon.colcon_core.environment:checking '/home/nextup/turtle_bot/flytbase_assignment/install/custom_msgs/lib/python3.10/site-packages'
[4.066s] Level 1:colcon.colcon_core.environment:checking '/home/nextup/turtle_bot/flytbase_assignment/install/custom_msgs/bin'
[4.086s] INFO:colcon.colcon_core.shell:Creating package script '/home/nextup/turtle_bot/flytbase_assignment/install/custom_msgs/share/custom_msgs/package.ps1'
[4.087s] INFO:colcon.colcon_core.shell:Creating package descriptor '/home/nextup/turtle_bot/flytbase_assignment/install/custom_msgs/share/custom_msgs/package.dsv'
[4.087s] INFO:colcon.colcon_core.shell:Creating package script '/home/nextup/turtle_bot/flytbase_assignment/install/custom_msgs/share/custom_msgs/package.sh'
[4.087s] INFO:colcon.colcon_core.shell:Creating package script '/home/nextup/turtle_bot/flytbase_assignment/install/custom_msgs/share/custom_msgs/package.bash'
[4.087s] INFO:colcon.colcon_core.shell:Creating package script '/home/nextup/turtle_bot/flytbase_assignment/install/custom_msgs/share/custom_msgs/package.zsh'
[4.088s] Level 1:colcon.colcon_core.environment:create_file_with_runtime_dependencies(/home/nextup/turtle_bot/flytbase_assignment/install/custom_msgs/share/colcon-core/packages/custom_msgs)
[4.088s] DEBUG:colcon.colcon_parallel_executor.executor.parallel:closing loop
[4.088s] DEBUG:colcon.colcon_parallel_executor.executor.parallel:loop closed
[4.088s] DEBUG:colcon.colcon_parallel_executor.executor.parallel:run_until_complete finished with '0'
[4.088s] DEBUG:colcon.colcon_core.event_reactor:joining thread
[4.105s] INFO:colcon.colcon_core.plugin_system:Skipping extension 'colcon_notification.desktop_notification.terminal_notifier': Not used on non-Darwin systems
[4.105s] INFO:colcon.colcon_core.plugin_system:Skipping extension 'colcon_notification.desktop_notification.win32': Not used on non-Windows systems
[4.105s] INFO:colcon.colcon_notification.desktop_notification:Sending desktop notification using 'notify2'
[4.113s] DEBUG:colcon.colcon_core.event_reactor:joined thread
[4.126s] INFO:colcon.colcon_core.shell:Creating prefix script '/home/nextup/turtle_bot/flytbase_assignment/install/local_setup.ps1'
[4.127s] INFO:colcon.colcon_core.shell:Creating prefix util module '/home/nextup/turtle_bot/flytbase_assignment/install/_local_setup_util_ps1.py'
[4.127s] INFO:colcon.colcon_core.shell:Creating prefix chain script '/home/nextup/turtle_bot/flytbase_assignment/install/setup.ps1'
[4.142s] INFO:colcon.colcon_core.shell:Creating prefix script '/home/nextup/turtle_bot/flytbase_assignment/install/local_setup.sh'
[4.142s] INFO:colcon.colcon_core.shell:Creating prefix util module '/home/nextup/turtle_bot/flytbase_assignment/install/_local_setup_util_sh.py'
[4.142s] INFO:colcon.colcon_core.shell:Creating prefix chain script '/home/nextup/turtle_bot/flytbase_assignment/install/setup.sh'
[4.156s] INFO:colcon.colcon_core.shell:Creating prefix script '/home/nextup/turtle_bot/flytbase_assignment/install/local_setup.bash'
[4.157s] INFO:colcon.colcon_core.shell:Creating prefix chain script '/home/nextup/turtle_bot/flytbase_assignment/install/setup.bash'
[4.171s] INFO:colcon.colcon_core.shell:Creating prefix script '/home/nextup/turtle_bot/flytbase_assignment/install/local_setup.zsh'
[4.171s] INFO:colcon.colcon_core.shell:Creating prefix chain script '/home/nextup/turtle_bot/flytbase_assignment/install/setup.zsh'
