[0.633s] Invoking command in '/home/nextup/turtle_bot/flytbase_assignment/build/turtle_sim_project': PYTHONPATH=/home/nextup/turtle_bot/flytbase_assignment/build/turtle_sim_project/prefix_override:/home/nextup/turtle_bot/flytbase_assignment/install/turtle_sim_project/lib/python3.10/site-packages:${PYTHONPATH} /usr/bin/python3 setup.py develop --editable --build-directory /home/nextup/turtle_bot/flytbase_assignment/build/turtle_sim_project/build --no-deps install_data
[0.846s] running develop
[0.991s] running egg_info
[0.991s] writing turtle_sim_project.egg-info/PKG-INFO
[0.991s] writing dependency_links to turtle_sim_project.egg-info/dependency_links.txt
[0.991s] writing entry points to turtle_sim_project.egg-info/entry_points.txt
[0.991s] writing requirements to turtle_sim_project.egg-info/requires.txt
[0.991s] writing top-level names to turtle_sim_project.egg-info/top_level.txt
[0.993s] reading manifest file 'turtle_sim_project.egg-info/SOURCES.txt'
[0.993s] writing manifest file 'turtle_sim_project.egg-info/SOURCES.txt'
[0.994s] running build_ext
[0.994s] Creating /home/nextup/turtle_bot/flytbase_assignment/install/turtle_sim_project/lib/python3.10/site-packages/turtle-sim-project.egg-link (link to .)
[0.995s] Installing turtlesim_controller script to /home/nextup/turtle_bot/flytbase_assignment/install/turtle_sim_project/lib/turtle_sim_project
[0.995s] Installing turtlesim_controller_pid script to /home/nextup/turtle_bot/flytbase_assignment/install/turtle_sim_project/lib/turtle_sim_project
[0.995s] Installing turtlesim_grid_goal2 script to /home/nextup/turtle_bot/flytbase_assignment/install/turtle_sim_project/lib/turtle_sim_project
[0.995s] Installing turtlesim_relocate script to /home/nextup/turtle_bot/flytbase_assignment/install/turtle_sim_project/lib/turtle_sim_project
[0.996s] Installing turtlesim_rotate_chase_goal4 script to /home/nextup/turtle_bot/flytbase_assignment/install/turtle_sim_project/lib/turtle_sim_project
[0.996s] Installing turtlesim_rotate_chase_goal5 script to /home/nextup/turtle_bot/flytbase_assignment/install/turtle_sim_project/lib/turtle_sim_project
[0.996s] Installing turtlesim_rotate_chase_goal6 script to /home/nextup/turtle_bot/flytbase_assignment/install/turtle_sim_project/lib/turtle_sim_project
[0.996s] Installing turtlesim_rotate_goal3 script to /home/nextup/turtle_bot/flytbase_assignment/install/turtle_sim_project/lib/turtle_sim_project
[0.996s] Installing turtlesim_spawner script to /home/nextup/turtle_bot/flytbase_assignment/install/turtle_sim_project/lib/turtle_sim_project
[0.996s] 
[0.996s] Installed /home/nextup/turtle_bot/flytbase_assignment/build/turtle_sim_project
[0.996s] running install_data
