[0.124s] Invoking command in '/home/nextup/turtle_bot/flytbase_assignment/build/custom_msgs': CMAKE_PREFIX_PATH=${CMAKE_PREFIX_PATH}:/home/nextup/turtle_bot/flytbase_assignment/install/turtle_sim_project:/opt/ros/humble /usr/bin/cmake --build /home/nextup/turtle_bot/flytbase_assignment/build/custom_msgs -- -j16 -l16
[0.150s] [35m[1mConsolidate compiler generated dependencies of target custom_msgs__rosidl_generator_c[0m
[0.157s] [  3%] Built target custom_msgs__cpp
[0.158s] [ 12%] Built target custom_msgs__rosidl_generator_c
[0.163s] [ 12%] Built target ament_cmake_python_copy_custom_msgs
[0.163s] [35m[1mConsolidate compiler generated dependencies of target custom_msgs__rosidl_typesupport_cpp[0m
[0.163s] [35m[1mConsolidate compiler generated dependencies of target custom_msgs__rosidl_typesupport_introspection_cpp[0m
[0.164s] [35m[1mConsolidate compiler generated dependencies of target custom_msgs__rosidl_typesupport_fastrtps_cpp[0m
[0.164s] [35m[1mConsolidate compiler generated dependencies of target custom_msgs__rosidl_typesupport_introspection_c[0m
[0.164s] [35m[1mConsolidate compiler generated dependencies of target custom_msgs__rosidl_typesupport_c[0m
[0.164s] [35m[1mConsolidate compiler generated dependencies of target custom_msgs__rosidl_typesupport_fastrtps_c[0m
[0.171s] [ 22%] Built target custom_msgs__rosidl_typesupport_introspection_c
[0.171s] [ 32%] Built target custom_msgs__rosidl_typesupport_c
[0.172s] [ 41%] Built target custom_msgs__rosidl_typesupport_cpp
[0.172s] [ 51%] Built target custom_msgs__rosidl_typesupport_introspection_cpp
[0.173s] [ 61%] Built target custom_msgs__rosidl_typesupport_fastrtps_c
[0.176s] [ 70%] Built target custom_msgs__rosidl_typesupport_fastrtps_cpp
[0.189s] [ 70%] Built target custom_msgs
[0.203s] [ 74%] Built target custom_msgs__py
[0.209s] [35m[1mConsolidate compiler generated dependencies of target custom_msgs__rosidl_generator_py[0m
[0.218s] [ 80%] Built target custom_msgs__rosidl_generator_py
[0.224s] [35m[1mConsolidate compiler generated dependencies of target custom_msgs__rosidl_typesupport_c__pyext[0m
[0.225s] [35m[1mConsolidate compiler generated dependencies of target custom_msgs__rosidl_typesupport_introspection_c__pyext[0m
[0.225s] [35m[1mConsolidate compiler generated dependencies of target custom_msgs__rosidl_typesupport_fastrtps_c__pyext[0m
[0.233s] [100%] Built target custom_msgs__rosidl_typesupport_c__pyext
[0.233s] [100%] Built target custom_msgs__rosidl_typesupport_fastrtps_c__pyext
[0.233s] [100%] Built target custom_msgs__rosidl_typesupport_introspection_c__pyext
[0.369s] running egg_info
[0.369s] writing custom_msgs.egg-info/PKG-INFO
[0.369s] writing dependency_links to custom_msgs.egg-info/dependency_links.txt
[0.370s] writing top-level names to custom_msgs.egg-info/top_level.txt
[0.371s] reading manifest file 'custom_msgs.egg-info/SOURCES.txt'
[0.371s] writing manifest file 'custom_msgs.egg-info/SOURCES.txt'
[0.389s] [100%] Built target ament_cmake_python_build_custom_msgs_egg
[0.405s] Invoked command in '/home/nextup/turtle_bot/flytbase_assignment/build/custom_msgs' returned '0': CMAKE_PREFIX_PATH=${CMAKE_PREFIX_PATH}:/home/nextup/turtle_bot/flytbase_assignment/install/turtle_sim_project:/opt/ros/humble /usr/bin/cmake --build /home/nextup/turtle_bot/flytbase_assignment/build/custom_msgs -- -j16 -l16
[0.446s] Invoking command in '/home/nextup/turtle_bot/flytbase_assignment/build/custom_msgs': CMAKE_PREFIX_PATH=${CMAKE_PREFIX_PATH}:/home/nextup/turtle_bot/flytbase_assignment/install/turtle_sim_project:/opt/ros/humble /usr/bin/cmake --install /home/nextup/turtle_bot/flytbase_assignment/build/custom_msgs
[0.452s] -- Install configuration: ""
[0.452s] -- Up-to-date: /home/nextup/turtle_bot/flytbase_assignment/install/custom_msgs/share/ament_index/resource_index/rosidl_interfaces/custom_msgs
[0.452s] -- Up-to-date: /home/nextup/turtle_bot/flytbase_assignment/install/custom_msgs/include/custom_msgs/custom_msgs
[0.452s] -- Up-to-date: /home/nextup/turtle_bot/flytbase_assignment/install/custom_msgs/include/custom_msgs/custom_msgs/msg
[0.452s] -- Up-to-date: /home/nextup/turtle_bot/flytbase_assignment/install/custom_msgs/include/custom_msgs/custom_msgs/msg/rosidl_generator_c__visibility_control.h
[0.452s] -- Up-to-date: /home/nextup/turtle_bot/flytbase_assignment/install/custom_msgs/include/custom_msgs/custom_msgs/msg/movement.h
[0.452s] -- Up-to-date: /home/nextup/turtle_bot/flytbase_assignment/install/custom_msgs/include/custom_msgs/custom_msgs/msg/detail
[0.452s] -- Up-to-date: /home/nextup/turtle_bot/flytbase_assignment/install/custom_msgs/include/custom_msgs/custom_msgs/msg/detail/movement__type_support.h
[0.452s] -- Up-to-date: /home/nextup/turtle_bot/flytbase_assignment/install/custom_msgs/include/custom_msgs/custom_msgs/msg/detail/movement__struct.h
[0.452s] -- Up-to-date: /home/nextup/turtle_bot/flytbase_assignment/install/custom_msgs/include/custom_msgs/custom_msgs/msg/detail/movement__functions.h
[0.453s] -- Up-to-date: /home/nextup/turtle_bot/flytbase_assignment/install/custom_msgs/include/custom_msgs/custom_msgs/msg/detail/movement__functions.c
[0.453s] -- Up-to-date: /home/nextup/turtle_bot/flytbase_assignment/install/custom_msgs/share/custom_msgs/environment/library_path.sh
[0.453s] -- Up-to-date: /home/nextup/turtle_bot/flytbase_assignment/install/custom_msgs/share/custom_msgs/environment/library_path.dsv
[0.453s] -- Up-to-date: /home/nextup/turtle_bot/flytbase_assignment/install/custom_msgs/lib/libcustom_msgs__rosidl_generator_c.so
[0.453s] -- Up-to-date: /home/nextup/turtle_bot/flytbase_assignment/install/custom_msgs/include/custom_msgs/custom_msgs
[0.453s] -- Up-to-date: /home/nextup/turtle_bot/flytbase_assignment/install/custom_msgs/include/custom_msgs/custom_msgs/msg
[0.453s] -- Up-to-date: /home/nextup/turtle_bot/flytbase_assignment/install/custom_msgs/include/custom_msgs/custom_msgs/msg/rosidl_typesupport_fastrtps_c__visibility_control.h
[0.453s] -- Up-to-date: /home/nextup/turtle_bot/flytbase_assignment/install/custom_msgs/include/custom_msgs/custom_msgs/msg/detail
[0.453s] -- Up-to-date: /home/nextup/turtle_bot/flytbase_assignment/install/custom_msgs/include/custom_msgs/custom_msgs/msg/detail/movement__rosidl_typesupport_fastrtps_c.h
[0.453s] -- Up-to-date: /home/nextup/turtle_bot/flytbase_assignment/install/custom_msgs/lib/libcustom_msgs__rosidl_typesupport_fastrtps_c.so
[0.453s] -- Up-to-date: /home/nextup/turtle_bot/flytbase_assignment/install/custom_msgs/include/custom_msgs/custom_msgs
[0.453s] -- Up-to-date: /home/nextup/turtle_bot/flytbase_assignment/install/custom_msgs/include/custom_msgs/custom_msgs/msg
[0.454s] -- Up-to-date: /home/nextup/turtle_bot/flytbase_assignment/install/custom_msgs/include/custom_msgs/custom_msgs/msg/rosidl_typesupport_introspection_c__visibility_control.h
[0.454s] -- Up-to-date: /home/nextup/turtle_bot/flytbase_assignment/install/custom_msgs/include/custom_msgs/custom_msgs/msg/detail
[0.454s] -- Up-to-date: /home/nextup/turtle_bot/flytbase_assignment/install/custom_msgs/include/custom_msgs/custom_msgs/msg/detail/movement__rosidl_typesupport_introspection_c.h
[0.454s] -- Up-to-date: /home/nextup/turtle_bot/flytbase_assignment/install/custom_msgs/include/custom_msgs/custom_msgs/msg/detail/movement__type_support.c
[0.454s] -- Up-to-date: /home/nextup/turtle_bot/flytbase_assignment/install/custom_msgs/lib/libcustom_msgs__rosidl_typesupport_introspection_c.so
[0.454s] -- Up-to-date: /home/nextup/turtle_bot/flytbase_assignment/install/custom_msgs/lib/libcustom_msgs__rosidl_typesupport_c.so
[0.454s] -- Up-to-date: /home/nextup/turtle_bot/flytbase_assignment/install/custom_msgs/include/custom_msgs/custom_msgs
[0.454s] -- Up-to-date: /home/nextup/turtle_bot/flytbase_assignment/install/custom_msgs/include/custom_msgs/custom_msgs/msg
[0.454s] -- Up-to-date: /home/nextup/turtle_bot/flytbase_assignment/install/custom_msgs/include/custom_msgs/custom_msgs/msg/movement.hpp
[0.454s] -- Up-to-date: /home/nextup/turtle_bot/flytbase_assignment/install/custom_msgs/include/custom_msgs/custom_msgs/msg/detail
[0.454s] -- Up-to-date: /home/nextup/turtle_bot/flytbase_assignment/install/custom_msgs/include/custom_msgs/custom_msgs/msg/detail/movement__traits.hpp
[0.454s] -- Up-to-date: /home/nextup/turtle_bot/flytbase_assignment/install/custom_msgs/include/custom_msgs/custom_msgs/msg/detail/movement__builder.hpp
[0.454s] -- Up-to-date: /home/nextup/turtle_bot/flytbase_assignment/install/custom_msgs/include/custom_msgs/custom_msgs/msg/detail/movement__struct.hpp
[0.454s] -- Up-to-date: /home/nextup/turtle_bot/flytbase_assignment/install/custom_msgs/include/custom_msgs/custom_msgs
[0.455s] -- Up-to-date: /home/nextup/turtle_bot/flytbase_assignment/install/custom_msgs/include/custom_msgs/custom_msgs/msg
[0.455s] -- Up-to-date: /home/nextup/turtle_bot/flytbase_assignment/install/custom_msgs/include/custom_msgs/custom_msgs/msg/rosidl_typesupport_fastrtps_cpp__visibility_control.h
[0.455s] -- Up-to-date: /home/nextup/turtle_bot/flytbase_assignment/install/custom_msgs/include/custom_msgs/custom_msgs/msg/detail
[0.455s] -- Up-to-date: /home/nextup/turtle_bot/flytbase_assignment/install/custom_msgs/include/custom_msgs/custom_msgs/msg/detail/dds_fastrtps
[0.455s] -- Up-to-date: /home/nextup/turtle_bot/flytbase_assignment/install/custom_msgs/include/custom_msgs/custom_msgs/msg/detail/movement__rosidl_typesupport_fastrtps_cpp.hpp
[0.455s] -- Up-to-date: /home/nextup/turtle_bot/flytbase_assignment/install/custom_msgs/lib/libcustom_msgs__rosidl_typesupport_fastrtps_cpp.so
[0.455s] -- Up-to-date: /home/nextup/turtle_bot/flytbase_assignment/install/custom_msgs/include/custom_msgs/custom_msgs
[0.455s] -- Up-to-date: /home/nextup/turtle_bot/flytbase_assignment/install/custom_msgs/include/custom_msgs/custom_msgs/msg
[0.455s] -- Up-to-date: /home/nextup/turtle_bot/flytbase_assignment/install/custom_msgs/include/custom_msgs/custom_msgs/msg/detail
[0.455s] -- Up-to-date: /home/nextup/turtle_bot/flytbase_assignment/install/custom_msgs/include/custom_msgs/custom_msgs/msg/detail/movement__rosidl_typesupport_introspection_cpp.hpp
[0.455s] -- Up-to-date: /home/nextup/turtle_bot/flytbase_assignment/install/custom_msgs/include/custom_msgs/custom_msgs/msg/detail/movement__type_support.cpp
[0.455s] -- Up-to-date: /home/nextup/turtle_bot/flytbase_assignment/install/custom_msgs/lib/libcustom_msgs__rosidl_typesupport_introspection_cpp.so
[0.455s] -- Up-to-date: /home/nextup/turtle_bot/flytbase_assignment/install/custom_msgs/lib/libcustom_msgs__rosidl_typesupport_cpp.so
[0.455s] -- Up-to-date: /home/nextup/turtle_bot/flytbase_assignment/install/custom_msgs/share/custom_msgs/environment/pythonpath.sh
[0.455s] -- Up-to-date: /home/nextup/turtle_bot/flytbase_assignment/install/custom_msgs/share/custom_msgs/environment/pythonpath.dsv
[0.455s] -- Up-to-date: /home/nextup/turtle_bot/flytbase_assignment/install/custom_msgs/local/lib/python3.10/dist-packages/custom_msgs-0.0.0-py3.10.egg-info
[0.455s] -- Installing: /home/nextup/turtle_bot/flytbase_assignment/install/custom_msgs/local/lib/python3.10/dist-packages/custom_msgs-0.0.0-py3.10.egg-info/top_level.txt
[0.455s] -- Installing: /home/nextup/turtle_bot/flytbase_assignment/install/custom_msgs/local/lib/python3.10/dist-packages/custom_msgs-0.0.0-py3.10.egg-info/dependency_links.txt
[0.455s] -- Installing: /home/nextup/turtle_bot/flytbase_assignment/install/custom_msgs/local/lib/python3.10/dist-packages/custom_msgs-0.0.0-py3.10.egg-info/PKG-INFO
[0.455s] -- Installing: /home/nextup/turtle_bot/flytbase_assignment/install/custom_msgs/local/lib/python3.10/dist-packages/custom_msgs-0.0.0-py3.10.egg-info/SOURCES.txt
[0.455s] -- Up-to-date: /home/nextup/turtle_bot/flytbase_assignment/install/custom_msgs/local/lib/python3.10/dist-packages/custom_msgs
[0.455s] -- Up-to-date: /home/nextup/turtle_bot/flytbase_assignment/install/custom_msgs/local/lib/python3.10/dist-packages/custom_msgs/custom_msgs_s__rosidl_typesupport_c.cpython-310-x86_64-linux-gnu.so
[0.456s] -- Up-to-date: /home/nextup/turtle_bot/flytbase_assignment/install/custom_msgs/local/lib/python3.10/dist-packages/custom_msgs/custom_msgs_s__rosidl_typesupport_introspection_c.cpython-310-x86_64-linux-gnu.so
[0.456s] -- Up-to-date: /home/nextup/turtle_bot/flytbase_assignment/install/custom_msgs/local/lib/python3.10/dist-packages/custom_msgs/_custom_msgs_s.ep.rosidl_typesupport_fastrtps_c.c
[0.456s] -- Up-to-date: /home/nextup/turtle_bot/flytbase_assignment/install/custom_msgs/local/lib/python3.10/dist-packages/custom_msgs/__init__.py
[0.456s] -- Up-to-date: /home/nextup/turtle_bot/flytbase_assignment/install/custom_msgs/local/lib/python3.10/dist-packages/custom_msgs/libcustom_msgs__rosidl_generator_py.so
[0.456s] -- Up-to-date: /home/nextup/turtle_bot/flytbase_assignment/install/custom_msgs/local/lib/python3.10/dist-packages/custom_msgs/msg
[0.456s] -- Up-to-date: /home/nextup/turtle_bot/flytbase_assignment/install/custom_msgs/local/lib/python3.10/dist-packages/custom_msgs/msg/_movement_s.c
[0.456s] -- Up-to-date: /home/nextup/turtle_bot/flytbase_assignment/install/custom_msgs/local/lib/python3.10/dist-packages/custom_msgs/msg/__init__.py
[0.456s] -- Up-to-date: /home/nextup/turtle_bot/flytbase_assignment/install/custom_msgs/local/lib/python3.10/dist-packages/custom_msgs/msg/_movement.py
[0.456s] -- Up-to-date: /home/nextup/turtle_bot/flytbase_assignment/install/custom_msgs/local/lib/python3.10/dist-packages/custom_msgs/_custom_msgs_s.ep.rosidl_typesupport_introspection_c.c
[0.456s] -- Up-to-date: /home/nextup/turtle_bot/flytbase_assignment/install/custom_msgs/local/lib/python3.10/dist-packages/custom_msgs/custom_msgs_s__rosidl_typesupport_fastrtps_c.cpython-310-x86_64-linux-gnu.so
[0.456s] -- Up-to-date: /home/nextup/turtle_bot/flytbase_assignment/install/custom_msgs/local/lib/python3.10/dist-packages/custom_msgs/_custom_msgs_s.ep.rosidl_typesupport_c.c
[0.477s] Listing '/home/nextup/turtle_bot/flytbase_assignment/install/custom_msgs/local/lib/python3.10/dist-packages/custom_msgs'...
[0.477s] Listing '/home/nextup/turtle_bot/flytbase_assignment/install/custom_msgs/local/lib/python3.10/dist-packages/custom_msgs/msg'...
[0.480s] -- Up-to-date: /home/nextup/turtle_bot/flytbase_assignment/install/custom_msgs/local/lib/python3.10/dist-packages/custom_msgs/custom_msgs_s__rosidl_typesupport_fastrtps_c.cpython-310-x86_64-linux-gnu.so
[0.480s] -- Up-to-date: /home/nextup/turtle_bot/flytbase_assignment/install/custom_msgs/local/lib/python3.10/dist-packages/custom_msgs/custom_msgs_s__rosidl_typesupport_introspection_c.cpython-310-x86_64-linux-gnu.so
[0.480s] -- Up-to-date: /home/nextup/turtle_bot/flytbase_assignment/install/custom_msgs/local/lib/python3.10/dist-packages/custom_msgs/custom_msgs_s__rosidl_typesupport_c.cpython-310-x86_64-linux-gnu.so
[0.480s] -- Up-to-date: /home/nextup/turtle_bot/flytbase_assignment/install/custom_msgs/lib/libcustom_msgs__rosidl_generator_py.so
[0.480s] -- Up-to-date: /home/nextup/turtle_bot/flytbase_assignment/install/custom_msgs/share/custom_msgs/msg/Movement.idl
[0.480s] -- Up-to-date: /home/nextup/turtle_bot/flytbase_assignment/install/custom_msgs/share/custom_msgs/msg/Movement.msg
[0.481s] -- Up-to-date: /home/nextup/turtle_bot/flytbase_assignment/install/custom_msgs/share/ament_index/resource_index/package_run_dependencies/custom_msgs
[0.481s] -- Up-to-date: /home/nextup/turtle_bot/flytbase_assignment/install/custom_msgs/share/ament_index/resource_index/parent_prefix_path/custom_msgs
[0.481s] -- Up-to-date: /home/nextup/turtle_bot/flytbase_assignment/install/custom_msgs/share/custom_msgs/environment/ament_prefix_path.sh
[0.481s] -- Up-to-date: /home/nextup/turtle_bot/flytbase_assignment/install/custom_msgs/share/custom_msgs/environment/ament_prefix_path.dsv
[0.481s] -- Up-to-date: /home/nextup/turtle_bot/flytbase_assignment/install/custom_msgs/share/custom_msgs/environment/path.sh
[0.481s] -- Up-to-date: /home/nextup/turtle_bot/flytbase_assignment/install/custom_msgs/share/custom_msgs/environment/path.dsv
[0.481s] -- Up-to-date: /home/nextup/turtle_bot/flytbase_assignment/install/custom_msgs/share/custom_msgs/local_setup.bash
[0.481s] -- Up-to-date: /home/nextup/turtle_bot/flytbase_assignment/install/custom_msgs/share/custom_msgs/local_setup.sh
[0.481s] -- Up-to-date: /home/nextup/turtle_bot/flytbase_assignment/install/custom_msgs/share/custom_msgs/local_setup.zsh
[0.481s] -- Up-to-date: /home/nextup/turtle_bot/flytbase_assignment/install/custom_msgs/share/custom_msgs/local_setup.dsv
[0.481s] -- Installing: /home/nextup/turtle_bot/flytbase_assignment/install/custom_msgs/share/custom_msgs/package.dsv
[0.482s] -- Up-to-date: /home/nextup/turtle_bot/flytbase_assignment/install/custom_msgs/share/ament_index/resource_index/packages/custom_msgs
[0.482s] -- Up-to-date: /home/nextup/turtle_bot/flytbase_assignment/install/custom_msgs/share/custom_msgs/cmake/export_custom_msgs__rosidl_generator_cExport.cmake
[0.482s] -- Up-to-date: /home/nextup/turtle_bot/flytbase_assignment/install/custom_msgs/share/custom_msgs/cmake/export_custom_msgs__rosidl_generator_cExport-noconfig.cmake
[0.482s] -- Up-to-date: /home/nextup/turtle_bot/flytbase_assignment/install/custom_msgs/share/custom_msgs/cmake/export_custom_msgs__rosidl_typesupport_fastrtps_cExport.cmake
[0.482s] -- Up-to-date: /home/nextup/turtle_bot/flytbase_assignment/install/custom_msgs/share/custom_msgs/cmake/export_custom_msgs__rosidl_typesupport_fastrtps_cExport-noconfig.cmake
[0.482s] -- Up-to-date: /home/nextup/turtle_bot/flytbase_assignment/install/custom_msgs/share/custom_msgs/cmake/custom_msgs__rosidl_typesupport_introspection_cExport.cmake
[0.482s] -- Up-to-date: /home/nextup/turtle_bot/flytbase_assignment/install/custom_msgs/share/custom_msgs/cmake/custom_msgs__rosidl_typesupport_introspection_cExport-noconfig.cmake
[0.482s] -- Up-to-date: /home/nextup/turtle_bot/flytbase_assignment/install/custom_msgs/share/custom_msgs/cmake/custom_msgs__rosidl_typesupport_cExport.cmake
[0.482s] -- Up-to-date: /home/nextup/turtle_bot/flytbase_assignment/install/custom_msgs/share/custom_msgs/cmake/custom_msgs__rosidl_typesupport_cExport-noconfig.cmake
[0.482s] -- Up-to-date: /home/nextup/turtle_bot/flytbase_assignment/install/custom_msgs/share/custom_msgs/cmake/export_custom_msgs__rosidl_generator_cppExport.cmake
[0.482s] -- Up-to-date: /home/nextup/turtle_bot/flytbase_assignment/install/custom_msgs/share/custom_msgs/cmake/export_custom_msgs__rosidl_typesupport_fastrtps_cppExport.cmake
[0.482s] -- Up-to-date: /home/nextup/turtle_bot/flytbase_assignment/install/custom_msgs/share/custom_msgs/cmake/export_custom_msgs__rosidl_typesupport_fastrtps_cppExport-noconfig.cmake
[0.482s] -- Up-to-date: /home/nextup/turtle_bot/flytbase_assignment/install/custom_msgs/share/custom_msgs/cmake/custom_msgs__rosidl_typesupport_introspection_cppExport.cmake
[0.482s] -- Up-to-date: /home/nextup/turtle_bot/flytbase_assignment/install/custom_msgs/share/custom_msgs/cmake/custom_msgs__rosidl_typesupport_introspection_cppExport-noconfig.cmake
[0.482s] -- Up-to-date: /home/nextup/turtle_bot/flytbase_assignment/install/custom_msgs/share/custom_msgs/cmake/custom_msgs__rosidl_typesupport_cppExport.cmake
[0.482s] -- Up-to-date: /home/nextup/turtle_bot/flytbase_assignment/install/custom_msgs/share/custom_msgs/cmake/custom_msgs__rosidl_typesupport_cppExport-noconfig.cmake
[0.482s] -- Up-to-date: /home/nextup/turtle_bot/flytbase_assignment/install/custom_msgs/share/custom_msgs/cmake/export_custom_msgs__rosidl_generator_pyExport.cmake
[0.482s] -- Up-to-date: /home/nextup/turtle_bot/flytbase_assignment/install/custom_msgs/share/custom_msgs/cmake/export_custom_msgs__rosidl_generator_pyExport-noconfig.cmake
[0.482s] -- Up-to-date: /home/nextup/turtle_bot/flytbase_assignment/install/custom_msgs/share/custom_msgs/cmake/rosidl_cmake-extras.cmake
[0.483s] -- Up-to-date: /home/nextup/turtle_bot/flytbase_assignment/install/custom_msgs/share/custom_msgs/cmake/ament_cmake_export_include_directories-extras.cmake
[0.483s] -- Up-to-date: /home/nextup/turtle_bot/flytbase_assignment/install/custom_msgs/share/custom_msgs/cmake/ament_cmake_export_libraries-extras.cmake
[0.483s] -- Up-to-date: /home/nextup/turtle_bot/flytbase_assignment/install/custom_msgs/share/custom_msgs/cmake/ament_cmake_export_targets-extras.cmake
[0.483s] -- Up-to-date: /home/nextup/turtle_bot/flytbase_assignment/install/custom_msgs/share/custom_msgs/cmake/rosidl_cmake_export_typesupport_targets-extras.cmake
[0.483s] -- Up-to-date: /home/nextup/turtle_bot/flytbase_assignment/install/custom_msgs/share/custom_msgs/cmake/ament_cmake_export_dependencies-extras.cmake
[0.483s] -- Up-to-date: /home/nextup/turtle_bot/flytbase_assignment/install/custom_msgs/share/custom_msgs/cmake/rosidl_cmake_export_typesupport_libraries-extras.cmake
[0.483s] -- Up-to-date: /home/nextup/turtle_bot/flytbase_assignment/install/custom_msgs/share/custom_msgs/cmake/custom_msgsConfig.cmake
[0.483s] -- Up-to-date: /home/nextup/turtle_bot/flytbase_assignment/install/custom_msgs/share/custom_msgs/cmake/custom_msgsConfig-version.cmake
[0.483s] -- Up-to-date: /home/nextup/turtle_bot/flytbase_assignment/install/custom_msgs/share/custom_msgs/package.xml
[0.483s] Invoked command in '/home/nextup/turtle_bot/flytbase_assignment/build/custom_msgs' returned '0': CMAKE_PREFIX_PATH=${CMAKE_PREFIX_PATH}:/home/nextup/turtle_bot/flytbase_assignment/install/turtle_sim_project:/opt/ros/humble /usr/bin/cmake --install /home/nextup/turtle_bot/flytbase_assignment/build/custom_msgs
