running develop
/usr/lib/python3/dist-packages/setuptools/command/easy_install.py:158: EasyInstallDeprecationWarning: easy_install command is deprecated. Use build and pip and other standards-based tools.
  warnings.warn(
running egg_info
creating turtle_sim_project.egg-info
writing turtle_sim_project.egg-info/PKG-INFO
writing dependency_links to turtle_sim_project.egg-info/dependency_links.txt
writing entry points to turtle_sim_project.egg-info/entry_points.txt
writing requirements to turtle_sim_project.egg-info/requires.txt
writing top-level names to turtle_sim_project.egg-info/top_level.txt
writing manifest file 'turtle_sim_project.egg-info/SOURCES.txt'
reading manifest file 'turtle_sim_project.egg-info/SOURCES.txt'
writing manifest file 'turtle_sim_project.egg-info/SOURCES.txt'
running build_ext
Creating /home/sahil-22/flytbase_assignment/install/turtle_sim_project/lib/python3.10/site-packages/turtle-sim-project.egg-link (link to .)
Installing turtlesim_controller script to /home/sahil-22/flytbase_assignment/install/turtle_sim_project/lib/turtle_sim_project
Installing turtlesim_controller_pid script to /home/sahil-22/flytbase_assignment/install/turtle_sim_project/lib/turtle_sim_project
Installing turtlesim_grid_goal2 script to /home/sahil-22/flytbase_assignment/install/turtle_sim_project/lib/turtle_sim_project
Installing turtlesim_relocate script to /home/sahil-22/flytbase_assignment/install/turtle_sim_project/lib/turtle_sim_project
Installing turtlesim_rotate_chase_goal4 script to /home/sahil-22/flytbase_assignment/install/turtle_sim_project/lib/turtle_sim_project
Installing turtlesim_rotate_chase_goal5 script to /home/sahil-22/flytbase_assignment/install/turtle_sim_project/lib/turtle_sim_project
Installing turtlesim_rotate_chase_goal6 script to /home/sahil-22/flytbase_assignment/install/turtle_sim_project/lib/turtle_sim_project
Installing turtlesim_rotate_goal3 script to /home/sahil-22/flytbase_assignment/install/turtle_sim_project/lib/turtle_sim_project
Installing turtlesim_spawner script to /home/sahil-22/flytbase_assignment/install/turtle_sim_project/lib/turtle_sim_project

Installed /home/sahil-22/flytbase_assignment/build/turtle_sim_project
running symlink_data
creating /home/sahil-22/flytbase_assignment/install/turtle_sim_project/share/ament_index
creating /home/sahil-22/flytbase_assignment/install/turtle_sim_project/share/ament_index/resource_index
creating /home/sahil-22/flytbase_assignment/install/turtle_sim_project/share/ament_index/resource_index/packages
symbolically linking /home/sahil-22/flytbase_assignment/build/turtle_sim_project/resource/turtle_sim_project -> /home/sahil-22/flytbase_assignment/install/turtle_sim_project/share/ament_index/resource_index/packages
symbolically linking /home/sahil-22/flytbase_assignment/build/turtle_sim_project/package.xml -> /home/sahil-22/flytbase_assignment/install/turtle_sim_project/share/turtle_sim_project
