[0.688s] Invoking command in '/home/sahil-22/flytbase_assignment/build/turtle_sim_project': PYTHONPATH=/home/sahil-22/flytbase_assignment/build/turtle_sim_project/prefix_override:/home/sahil-22/flytbase_assignment/install/turtle_sim_project/lib/python3.10/site-packages:${PYTHONPATH} /usr/bin/python3 -W ignore:setup.py install is deprecated setup.py develop --editable --build-directory /home/sahil-22/flytbase_assignment/build/turtle_sim_project/build --no-deps symlink_data
[1.002s] running develop
[1.003s] /usr/lib/python3/dist-packages/setuptools/command/easy_install.py:158: EasyInstallDeprecationWarning: easy_install command is deprecated. Use build and pip and other standards-based tools.
[1.003s]   warnings.warn(
[1.238s] running egg_info
[1.238s] creating turtle_sim_project.egg-info
[1.238s] writing turtle_sim_project.egg-info/PKG-INFO
[1.238s] writing dependency_links to turtle_sim_project.egg-info/dependency_links.txt
[1.238s] writing entry points to turtle_sim_project.egg-info/entry_points.txt
[1.238s] writing requirements to turtle_sim_project.egg-info/requires.txt
[1.238s] writing top-level names to turtle_sim_project.egg-info/top_level.txt
[1.238s] writing manifest file 'turtle_sim_project.egg-info/SOURCES.txt'
[1.241s] reading manifest file 'turtle_sim_project.egg-info/SOURCES.txt'
[1.242s] writing manifest file 'turtle_sim_project.egg-info/SOURCES.txt'
[1.242s] running build_ext
[1.242s] Creating /home/sahil-22/flytbase_assignment/install/turtle_sim_project/lib/python3.10/site-packages/turtle-sim-project.egg-link (link to .)
[1.243s] Installing turtlesim_controller script to /home/sahil-22/flytbase_assignment/install/turtle_sim_project/lib/turtle_sim_project
[1.243s] Installing turtlesim_controller_pid script to /home/sahil-22/flytbase_assignment/install/turtle_sim_project/lib/turtle_sim_project
[1.243s] Installing turtlesim_grid_goal2 script to /home/sahil-22/flytbase_assignment/install/turtle_sim_project/lib/turtle_sim_project
[1.244s] Installing turtlesim_relocate script to /home/sahil-22/flytbase_assignment/install/turtle_sim_project/lib/turtle_sim_project
[1.244s] Installing turtlesim_rotate_chase_goal4 script to /home/sahil-22/flytbase_assignment/install/turtle_sim_project/lib/turtle_sim_project
[1.244s] Installing turtlesim_rotate_chase_goal5 script to /home/sahil-22/flytbase_assignment/install/turtle_sim_project/lib/turtle_sim_project
[1.244s] Installing turtlesim_rotate_chase_goal6 script to /home/sahil-22/flytbase_assignment/install/turtle_sim_project/lib/turtle_sim_project
[1.244s] Installing turtlesim_rotate_goal3 script to /home/sahil-22/flytbase_assignment/install/turtle_sim_project/lib/turtle_sim_project
[1.244s] Installing turtlesim_spawner script to /home/sahil-22/flytbase_assignment/install/turtle_sim_project/lib/turtle_sim_project
[1.244s] 
[1.244s] Installed /home/sahil-22/flytbase_assignment/build/turtle_sim_project
[1.244s] running symlink_data
[1.248s] creating /home/sahil-22/flytbase_assignment/install/turtle_sim_project/share/ament_index
[1.249s] creating /home/sahil-22/flytbase_assignment/install/turtle_sim_project/share/ament_index/resource_index
[1.249s] creating /home/sahil-22/flytbase_assignment/install/turtle_sim_project/share/ament_index/resource_index/packages
[1.249s] symbolically linking /home/sahil-22/flytbase_assignment/build/turtle_sim_project/resource/turtle_sim_project -> /home/sahil-22/flytbase_assignment/install/turtle_sim_project/share/ament_index/resource_index/packages
[1.249s] symbolically linking /home/sahil-22/flytbase_assignment/build/turtle_sim_project/package.xml -> /home/sahil-22/flytbase_assignment/install/turtle_sim_project/share/turtle_sim_project
[1.285s] Invoked command in '/home/sahil-22/flytbase_assignment/build/turtle_sim_project' returned '0': PYTHONPATH=/home/sahil-22/flytbase_assignment/build/turtle_sim_project/prefix_override:/home/sahil-22/flytbase_assignment/install/turtle_sim_project/lib/python3.10/site-packages:${PYTHONPATH} /usr/bin/python3 -W ignore:setup.py install is deprecated setup.py develop --editable --build-directory /home/sahil-22/flytbase_assignment/build/turtle_sim_project/build --no-deps symlink_data
