[0.041s] Invoking command in '/home/sahil-22/ros2_ws/build/custom_msgs': CMAKE_PREFIX_PATH=/home/sahil-22/ros2_ws/install/turtle_sim_project:/opt/ros/humble /usr/bin/cmake /home/sahil-22/ros2_ws/src/custom_msgs -DCMAKE_INSTALL_PREFIX=/home/sahil-22/ros2_ws/install/custom_msgs
[0.208s] -- The C compiler identification is GNU 11.4.0
[0.317s] -- The CXX compiler identification is GNU 11.4.0
[0.324s] -- Detecting C compiler ABI info
[0.393s] -- Detecting C compiler ABI info - done
[0.398s] -- Check for working C compiler: /usr/bin/cc - skipped
[0.399s] -- Detecting C compile features
[0.400s] -- Detecting C compile features - done
[0.402s] -- Detecting CXX compiler ABI info
[0.468s] -- Detecting CXX compiler ABI info - done
[0.477s] -- Check for working CXX compiler: /usr/bin/c++ - skipped
[0.478s] -- Detecting CXX compile features
[0.478s] -- Detecting CXX compile features - done
[0.486s] -- Found ament_cmake: 1.3.8 (/opt/ros/humble/share/ament_cmake/cmake)
[0.595s] -- Found Python3: /usr/bin/python3 (found version "3.10.12") found components: Interpreter 
[0.672s] -- Found rosidl_default_generators: 1.2.0 (/opt/ros/humble/share/rosidl_default_generators/cmake)
[0.675s] -- Using all available rosidl_typesupport_c: rosidl_typesupport_fastrtps_c;rosidl_typesupport_introspection_c
[0.679s] -- Found rosidl_adapter: 3.1.5 (/opt/ros/humble/share/rosidl_adapter/cmake)
[0.721s] -- Using all available rosidl_typesupport_cpp: rosidl_typesupport_fastrtps_cpp;rosidl_typesupport_introspection_cpp
[0.748s] [31mCMake Error at CMakeLists.txt:14 (rosidl_default_generators):
[0.748s]   Unknown CMake command "rosidl_default_generators".
[0.748s] 
[0.748s] [0m
[0.748s] -- Configuring incomplete, errors occurred!
[0.748s] See also "/home/sahil-22/ros2_ws/build/custom_msgs/CMakeFiles/CMakeOutput.log".
[0.760s] Invoked command in '/home/sahil-22/ros2_ws/build/custom_msgs' returned '1': CMAKE_PREFIX_PATH=/home/sahil-22/ros2_ws/install/turtle_sim_project:/opt/ros/humble /usr/bin/cmake /home/sahil-22/ros2_ws/src/custom_msgs -DCMAKE_INSTALL_PREFIX=/home/sahil-22/ros2_ws/install/custom_msgs
