/home/sahil-22/ros2_ws/install/turtle_sim_project/lib/python3.10/site-packages/turtle_sim_project/__init__.py
/home/sahil-22/ros2_ws/install/turtle_sim_project/lib/python3.10/site-packages/turtle_sim_project/turtle_controller_pid.py
/home/sahil-22/ros2_ws/install/turtle_sim_project/lib/python3.10/site-packages/turtle_sim_project/turtle_relocate.py
/home/sahil-22/ros2_ws/install/turtle_sim_project/lib/python3.10/site-packages/turtle_sim_project/turtle_spawner.py
/home/sahil-22/ros2_ws/install/turtle_sim_project/lib/python3.10/site-packages/turtle_sim_project/turtle_rotate_chase_goal4.py
/home/sahil-22/ros2_ws/install/turtle_sim_project/lib/python3.10/site-packages/turtle_sim_project/turtle_rotate_chase_goal5.py
/home/sahil-22/ros2_ws/install/turtle_sim_project/lib/python3.10/site-packages/turtle_sim_project/turtle_controller.py
/home/sahil-22/ros2_ws/install/turtle_sim_project/lib/python3.10/site-packages/turtle_sim_project/turtle_grid_goal2.py
/home/sahil-22/ros2_ws/install/turtle_sim_project/lib/python3.10/site-packages/turtle_sim_project/turtle_rotate_chase_goal6.py
/home/sahil-22/ros2_ws/install/turtle_sim_project/lib/python3.10/site-packages/turtle_sim_project/turtle_rotate_goal3.py
/home/sahil-22/ros2_ws/install/turtle_sim_project/lib/python3.10/site-packages/turtle_sim_project/__pycache__/__init__.cpython-310.pyc
/home/sahil-22/ros2_ws/install/turtle_sim_project/lib/python3.10/site-packages/turtle_sim_project/__pycache__/turtle_controller_pid.cpython-310.pyc
/home/sahil-22/ros2_ws/install/turtle_sim_project/lib/python3.10/site-packages/turtle_sim_project/__pycache__/turtle_relocate.cpython-310.pyc
/home/sahil-22/ros2_ws/install/turtle_sim_project/lib/python3.10/site-packages/turtle_sim_project/__pycache__/turtle_spawner.cpython-310.pyc
/home/sahil-22/ros2_ws/install/turtle_sim_project/lib/python3.10/site-packages/turtle_sim_project/__pycache__/turtle_rotate_chase_goal4.cpython-310.pyc
/home/sahil-22/ros2_ws/install/turtle_sim_project/lib/python3.10/site-packages/turtle_sim_project/__pycache__/turtle_rotate_chase_goal5.cpython-310.pyc
/home/sahil-22/ros2_ws/install/turtle_sim_project/lib/python3.10/site-packages/turtle_sim_project/__pycache__/turtle_controller.cpython-310.pyc
/home/sahil-22/ros2_ws/install/turtle_sim_project/lib/python3.10/site-packages/turtle_sim_project/__pycache__/turtle_grid_goal2.cpython-310.pyc
/home/sahil-22/ros2_ws/install/turtle_sim_project/lib/python3.10/site-packages/turtle_sim_project/__pycache__/turtle_rotate_chase_goal6.cpython-310.pyc
/home/sahil-22/ros2_ws/install/turtle_sim_project/lib/python3.10/site-packages/turtle_sim_project/__pycache__/turtle_rotate_goal3.cpython-310.pyc
/home/sahil-22/ros2_ws/install/turtle_sim_project/share/ament_index/resource_index/packages/turtle_sim_project
/home/sahil-22/ros2_ws/install/turtle_sim_project/share/turtle_sim_project/package.xml
/home/sahil-22/ros2_ws/install/turtle_sim_project/lib/python3.10/site-packages/turtle_sim_project-0.0.0-py3.10.egg-info/requires.txt
/home/sahil-22/ros2_ws/install/turtle_sim_project/lib/python3.10/site-packages/turtle_sim_project-0.0.0-py3.10.egg-info/SOURCES.txt
/home/sahil-22/ros2_ws/install/turtle_sim_project/lib/python3.10/site-packages/turtle_sim_project-0.0.0-py3.10.egg-info/top_level.txt
/home/sahil-22/ros2_ws/install/turtle_sim_project/lib/python3.10/site-packages/turtle_sim_project-0.0.0-py3.10.egg-info/entry_points.txt
/home/sahil-22/ros2_ws/install/turtle_sim_project/lib/python3.10/site-packages/turtle_sim_project-0.0.0-py3.10.egg-info/PKG-INFO
/home/sahil-22/ros2_ws/install/turtle_sim_project/lib/python3.10/site-packages/turtle_sim_project-0.0.0-py3.10.egg-info/dependency_links.txt
/home/sahil-22/ros2_ws/install/turtle_sim_project/lib/python3.10/site-packages/turtle_sim_project-0.0.0-py3.10.egg-info/zip-safe
/home/sahil-22/ros2_ws/install/turtle_sim_project/lib/turtle_sim_project/turtlesim_controller
/home/sahil-22/ros2_ws/install/turtle_sim_project/lib/turtle_sim_project/turtlesim_controller_pid
/home/sahil-22/ros2_ws/install/turtle_sim_project/lib/turtle_sim_project/turtlesim_grid_goal2
/home/sahil-22/ros2_ws/install/turtle_sim_project/lib/turtle_sim_project/turtlesim_relocate
/home/sahil-22/ros2_ws/install/turtle_sim_project/lib/turtle_sim_project/turtlesim_rotate_chase_goal4
/home/sahil-22/ros2_ws/install/turtle_sim_project/lib/turtle_sim_project/turtlesim_rotate_chase_goal5
/home/sahil-22/ros2_ws/install/turtle_sim_project/lib/turtle_sim_project/turtlesim_rotate_chase_goal6
/home/sahil-22/ros2_ws/install/turtle_sim_project/lib/turtle_sim_project/turtlesim_rotate_goal3
/home/sahil-22/ros2_ws/install/turtle_sim_project/lib/turtle_sim_project/turtlesim_spawner
