running egg_info
writing ../../build/turtle_sim_project/turtle_sim_project.egg-info/PKG-INFO
writing dependency_links to ../../build/turtle_sim_project/turtle_sim_project.egg-info/dependency_links.txt
writing entry points to ../../build/turtle_sim_project/turtle_sim_project.egg-info/entry_points.txt
writing requirements to ../../build/turtle_sim_project/turtle_sim_project.egg-info/requires.txt
writing top-level names to ../../build/turtle_sim_project/turtle_sim_project.egg-info/top_level.txt
reading manifest file '../../build/turtle_sim_project/turtle_sim_project.egg-info/SOURCES.txt'
writing manifest file '../../build/turtle_sim_project/turtle_sim_project.egg-info/SOURCES.txt'
running build
running build_py
copying turtle_sim_project/turtle_rotate_chase_goal5.py -> /home/nextup/turtle_bot/flytbase_assignment/build/turtle_sim_project/build/lib/turtle_sim_project
copying turtle_sim_project/turtle_rotate_chase_goal6.py -> /home/nextup/turtle_bot/flytbase_assignment/build/turtle_sim_project/build/lib/turtle_sim_project
copying turtle_sim_project/turtle_rotate_chase_goal4.py -> /home/nextup/turtle_bot/flytbase_assignment/build/turtle_sim_project/build/lib/turtle_sim_project
running install
running install_lib
copying /home/nextup/turtle_bot/flytbase_assignment/build/turtle_sim_project/build/lib/turtle_sim_project/turtle_rotate_chase_goal5.py -> /home/nextup/turtle_bot/flytbase_assignment/install/turtle_sim_project/lib/python3.10/site-packages/turtle_sim_project
copying /home/nextup/turtle_bot/flytbase_assignment/build/turtle_sim_project/build/lib/turtle_sim_project/turtle_rotate_chase_goal6.py -> /home/nextup/turtle_bot/flytbase_assignment/install/turtle_sim_project/lib/python3.10/site-packages/turtle_sim_project
copying /home/nextup/turtle_bot/flytbase_assignment/build/turtle_sim_project/build/lib/turtle_sim_project/turtle_rotate_chase_goal4.py -> /home/nextup/turtle_bot/flytbase_assignment/install/turtle_sim_project/lib/python3.10/site-packages/turtle_sim_project
byte-compiling /home/nextup/turtle_bot/flytbase_assignment/install/turtle_sim_project/lib/python3.10/site-packages/turtle_sim_project/turtle_rotate_chase_goal5.py to turtle_rotate_chase_goal5.cpython-310.pyc
byte-compiling /home/nextup/turtle_bot/flytbase_assignment/install/turtle_sim_project/lib/python3.10/site-packages/turtle_sim_project/turtle_rotate_chase_goal6.py to turtle_rotate_chase_goal6.cpython-310.pyc
byte-compiling /home/nextup/turtle_bot/flytbase_assignment/install/turtle_sim_project/lib/python3.10/site-packages/turtle_sim_project/turtle_rotate_chase_goal4.py to turtle_rotate_chase_goal4.cpython-310.pyc
running install_data
running install_egg_info
removing '/home/nextup/turtle_bot/flytbase_assignment/install/turtle_sim_project/lib/python3.10/site-packages/turtle_sim_project-0.0.0-py3.10.egg-info' (and everything under it)
Copying ../../build/turtle_sim_project/turtle_sim_project.egg-info to /home/nextup/turtle_bot/flytbase_assignment/install/turtle_sim_project/lib/python3.10/site-packages/turtle_sim_project-0.0.0-py3.10.egg-info
running install_scripts
Installing turtlesim_controller script to /home/nextup/turtle_bot/flytbase_assignment/install/turtle_sim_project/lib/turtle_sim_project
Installing turtlesim_controller_pid script to /home/nextup/turtle_bot/flytbase_assignment/install/turtle_sim_project/lib/turtle_sim_project
Installing turtlesim_grid_goal2 script to /home/nextup/turtle_bot/flytbase_assignment/install/turtle_sim_project/lib/turtle_sim_project
Installing turtlesim_relocate script to /home/nextup/turtle_bot/flytbase_assignment/install/turtle_sim_project/lib/turtle_sim_project
Installing turtlesim_rotate_chase_goal4 script to /home/nextup/turtle_bot/flytbase_assignment/install/turtle_sim_project/lib/turtle_sim_project
Installing turtlesim_rotate_chase_goal5 script to /home/nextup/turtle_bot/flytbase_assignment/install/turtle_sim_project/lib/turtle_sim_project
Installing turtlesim_rotate_chase_goal6 script to /home/nextup/turtle_bot/flytbase_assignment/install/turtle_sim_project/lib/turtle_sim_project
Installing turtlesim_rotate_goal3 script to /home/nextup/turtle_bot/flytbase_assignment/install/turtle_sim_project/lib/turtle_sim_project
Installing turtlesim_spawner script to /home/nextup/turtle_bot/flytbase_assignment/install/turtle_sim_project/lib/turtle_sim_project
writing list of installed files to '/home/nextup/turtle_bot/flytbase_assignment/build/turtle_sim_project/install.log'
