[0.627s] Invoking command in '/home/nextup/turtle_bot/flytbase_assignment/src/turtle_sim_project': PYTHONPATH=/home/nextup/turtle_bot/flytbase_assignment/build/turtle_sim_project/prefix_override:/home/nextup/turtle_bot/flytbase_assignment/install/turtle_sim_project/lib/python3.10/site-packages:${PYTHONPATH} /usr/bin/python3 setup.py egg_info --egg-base ../../build/turtle_sim_project build --build-base /home/nextup/turtle_bot/flytbase_assignment/build/turtle_sim_project/build install --record /home/nextup/turtle_bot/flytbase_assignment/build/turtle_sim_project/install.log --single-version-externally-managed
[0.827s] running egg_info
[0.827s] writing ../../build/turtle_sim_project/turtle_sim_project.egg-info/PKG-INFO
[0.827s] writing dependency_links to ../../build/turtle_sim_project/turtle_sim_project.egg-info/dependency_links.txt
[0.827s] writing entry points to ../../build/turtle_sim_project/turtle_sim_project.egg-info/entry_points.txt
[0.827s] writing requirements to ../../build/turtle_sim_project/turtle_sim_project.egg-info/requires.txt
[0.827s] writing top-level names to ../../build/turtle_sim_project/turtle_sim_project.egg-info/top_level.txt
[0.828s] reading manifest file '../../build/turtle_sim_project/turtle_sim_project.egg-info/SOURCES.txt'
[0.829s] writing manifest file '../../build/turtle_sim_project/turtle_sim_project.egg-info/SOURCES.txt'
[0.829s] running build
[0.829s] running build_py
[0.829s] copying turtle_sim_project/turtle_rotate_chase_goal5.py -> /home/nextup/turtle_bot/flytbase_assignment/build/turtle_sim_project/build/lib/turtle_sim_project
[0.830s] copying turtle_sim_project/turtle_rotate_chase_goal6.py -> /home/nextup/turtle_bot/flytbase_assignment/build/turtle_sim_project/build/lib/turtle_sim_project
[0.830s] copying turtle_sim_project/turtle_rotate_chase_goal4.py -> /home/nextup/turtle_bot/flytbase_assignment/build/turtle_sim_project/build/lib/turtle_sim_project
[0.830s] running install
[0.830s] running install_lib
[0.831s] copying /home/nextup/turtle_bot/flytbase_assignment/build/turtle_sim_project/build/lib/turtle_sim_project/turtle_rotate_chase_goal5.py -> /home/nextup/turtle_bot/flytbase_assignment/install/turtle_sim_project/lib/python3.10/site-packages/turtle_sim_project
[0.831s] copying /home/nextup/turtle_bot/flytbase_assignment/build/turtle_sim_project/build/lib/turtle_sim_project/turtle_rotate_chase_goal6.py -> /home/nextup/turtle_bot/flytbase_assignment/install/turtle_sim_project/lib/python3.10/site-packages/turtle_sim_project
[0.831s] copying /home/nextup/turtle_bot/flytbase_assignment/build/turtle_sim_project/build/lib/turtle_sim_project/turtle_rotate_chase_goal4.py -> /home/nextup/turtle_bot/flytbase_assignment/install/turtle_sim_project/lib/python3.10/site-packages/turtle_sim_project
[0.831s] byte-compiling /home/nextup/turtle_bot/flytbase_assignment/install/turtle_sim_project/lib/python3.10/site-packages/turtle_sim_project/turtle_rotate_chase_goal5.py to turtle_rotate_chase_goal5.cpython-310.pyc
[0.832s] byte-compiling /home/nextup/turtle_bot/flytbase_assignment/install/turtle_sim_project/lib/python3.10/site-packages/turtle_sim_project/turtle_rotate_chase_goal6.py to turtle_rotate_chase_goal6.cpython-310.pyc
[0.833s] byte-compiling /home/nextup/turtle_bot/flytbase_assignment/install/turtle_sim_project/lib/python3.10/site-packages/turtle_sim_project/turtle_rotate_chase_goal4.py to turtle_rotate_chase_goal4.cpython-310.pyc
[0.834s] running install_data
[0.834s] running install_egg_info
[0.835s] removing '/home/nextup/turtle_bot/flytbase_assignment/install/turtle_sim_project/lib/python3.10/site-packages/turtle_sim_project-0.0.0-py3.10.egg-info' (and everything under it)
[0.836s] Copying ../../build/turtle_sim_project/turtle_sim_project.egg-info to /home/nextup/turtle_bot/flytbase_assignment/install/turtle_sim_project/lib/python3.10/site-packages/turtle_sim_project-0.0.0-py3.10.egg-info
[0.836s] running install_scripts
[0.849s] Installing turtlesim_controller script to /home/nextup/turtle_bot/flytbase_assignment/install/turtle_sim_project/lib/turtle_sim_project
[0.849s] Installing turtlesim_controller_pid script to /home/nextup/turtle_bot/flytbase_assignment/install/turtle_sim_project/lib/turtle_sim_project
[0.849s] Installing turtlesim_grid_goal2 script to /home/nextup/turtle_bot/flytbase_assignment/install/turtle_sim_project/lib/turtle_sim_project
[0.849s] Installing turtlesim_relocate script to /home/nextup/turtle_bot/flytbase_assignment/install/turtle_sim_project/lib/turtle_sim_project
[0.850s] Installing turtlesim_rotate_chase_goal4 script to /home/nextup/turtle_bot/flytbase_assignment/install/turtle_sim_project/lib/turtle_sim_project
[0.850s] Installing turtlesim_rotate_chase_goal5 script to /home/nextup/turtle_bot/flytbase_assignment/install/turtle_sim_project/lib/turtle_sim_project
[0.850s] Installing turtlesim_rotate_chase_goal6 script to /home/nextup/turtle_bot/flytbase_assignment/install/turtle_sim_project/lib/turtle_sim_project
[0.850s] Installing turtlesim_rotate_goal3 script to /home/nextup/turtle_bot/flytbase_assignment/install/turtle_sim_project/lib/turtle_sim_project
[0.850s] Installing turtlesim_spawner script to /home/nextup/turtle_bot/flytbase_assignment/install/turtle_sim_project/lib/turtle_sim_project
[0.850s] writing list of installed files to '/home/nextup/turtle_bot/flytbase_assignment/build/turtle_sim_project/install.log'
[0.864s] Invoked command in '/home/nextup/turtle_bot/flytbase_assignment/src/turtle_sim_project' returned '0': PYTHONPATH=/home/nextup/turtle_bot/flytbase_assignment/build/turtle_sim_project/prefix_override:/home/nextup/turtle_bot/flytbase_assignment/install/turtle_sim_project/lib/python3.10/site-packages:${PYTHONPATH} /usr/bin/python3 setup.py egg_info --egg-base ../../build/turtle_sim_project build --build-base /home/nextup/turtle_bot/flytbase_assignment/build/turtle_sim_project/build install --record /home/nextup/turtle_bot/flytbase_assignment/build/turtle_sim_project/install.log --single-version-externally-managed
