[0.086s] DEBUG:colcon:Command line arguments: ['/home/sahil-22/.local/bin/colcon', 'build']
[0.086s] DEBUG:colcon:Parsed command line arguments: Namespace(log_base=None, log_level=None, verb_name='build', build_base='build', install_base='install', merge_install=False, symlink_install=False, test_result_base=None, continue_on_error=False, executor='parallel', parallel_workers=4, event_handlers=None, ignore_user_meta=False, metas=['./colcon.meta'], base_paths=['.'], packages_ignore=None, packages_ignore_regex=None, paths=None, packages_up_to=None, packages_up_to_regex=None, packages_above=None, packages_above_and_dependencies=None, packages_above_depth=None, packages_select_by_dep=None, packages_skip_by_dep=None, packages_skip_up_to=None, packages_select_build_failed=False, packages_skip_build_finished=False, packages_select_test_failures=False, packages_skip_test_passed=False, packages_select=None, packages_skip=None, packages_select_regex=None, packages_skip_regex=None, packages_start=None, packages_end=None, allow_overriding=[], cmake_args=None, cmake_target=None, cmake_target_skip_unavailable=False, cmake_clean_cache=False, cmake_clean_first=False, cmake_force_configure=False, ament_cmake_args=None, catkin_cmake_args=None, catkin_skip_building_tests=False, verb_parser=<colcon_defaults.argument_parser.defaults.DefaultArgumentsDecorator object at 0x7416fb1e1390>, verb_extension=<colcon_core.verb.build.BuildVerb object at 0x7416fb1e0a60>, main=<bound method BuildVerb.main of <colcon_core.verb.build.BuildVerb object at 0x7416fb1e0a60>>)
[0.179s] Level 1:colcon.colcon_core.package_discovery:discover_packages(colcon_meta) check parameters
[0.179s] Level 1:colcon.colcon_core.package_discovery:discover_packages(recursive) check parameters
[0.179s] Level 1:colcon.colcon_core.package_discovery:discover_packages(ignore) check parameters
[0.179s] Level 1:colcon.colcon_core.package_discovery:discover_packages(path) check parameters
[0.179s] Level 1:colcon.colcon_core.package_discovery:discover_packages(colcon_meta) discover
[0.179s] Level 1:colcon.colcon_core.package_discovery:discover_packages(recursive) discover
[0.180s] INFO:colcon.colcon_core.package_discovery:Crawling recursively for packages in '/home/sahil-22/ros2_ws'
[0.180s] Level 1:colcon.colcon_core.package_identification:_identify(.) by extensions ['ignore', 'ignore_ament_install']
[0.180s] Level 1:colcon.colcon_core.package_identification:_identify(.) by extension 'ignore'
[0.180s] Level 1:colcon.colcon_core.package_identification:_identify(.) by extension 'ignore_ament_install'
[0.180s] Level 1:colcon.colcon_core.package_identification:_identify(.) by extensions ['colcon_pkg']
[0.180s] Level 1:colcon.colcon_core.package_identification:_identify(.) by extension 'colcon_pkg'
[0.180s] Level 1:colcon.colcon_core.package_identification:_identify(.) by extensions ['colcon_meta']
[0.180s] Level 1:colcon.colcon_core.package_identification:_identify(.) by extension 'colcon_meta'
[0.180s] Level 1:colcon.colcon_core.package_identification:_identify(.) by extensions ['ros']
[0.180s] Level 1:colcon.colcon_core.package_identification:_identify(.) by extension 'ros'
[0.188s] Level 1:colcon.colcon_core.package_identification:_identify(.) by extensions ['cmake', 'python']
[0.188s] Level 1:colcon.colcon_core.package_identification:_identify(.) by extension 'cmake'
[0.188s] Level 1:colcon.colcon_core.package_identification:_identify(.) by extension 'python'
[0.188s] Level 1:colcon.colcon_core.package_identification:_identify(.) by extensions ['python_setup_py']
[0.189s] Level 1:colcon.colcon_core.package_identification:_identify(.) by extension 'python_setup_py'
[0.189s] Level 1:colcon.colcon_core.package_identification:_identify(build) by extensions ['ignore', 'ignore_ament_install']
[0.189s] Level 1:colcon.colcon_core.package_identification:_identify(build) by extension 'ignore'
[0.189s] Level 1:colcon.colcon_core.package_identification:_identify(build) ignored
[0.189s] Level 1:colcon.colcon_core.package_identification:_identify(install) by extensions ['ignore', 'ignore_ament_install']
[0.189s] Level 1:colcon.colcon_core.package_identification:_identify(install) by extension 'ignore'
[0.189s] Level 1:colcon.colcon_core.package_identification:_identify(install) ignored
[0.189s] Level 1:colcon.colcon_core.package_identification:_identify(log) by extensions ['ignore', 'ignore_ament_install']
[0.189s] Level 1:colcon.colcon_core.package_identification:_identify(log) by extension 'ignore'
[0.189s] Level 1:colcon.colcon_core.package_identification:_identify(log) ignored
[0.189s] Level 1:colcon.colcon_core.package_identification:_identify(src) by extensions ['ignore', 'ignore_ament_install']
[0.190s] Level 1:colcon.colcon_core.package_identification:_identify(src) by extension 'ignore'
[0.190s] Level 1:colcon.colcon_core.package_identification:_identify(src) by extension 'ignore_ament_install'
[0.190s] Level 1:colcon.colcon_core.package_identification:_identify(src) by extensions ['colcon_pkg']
[0.190s] Level 1:colcon.colcon_core.package_identification:_identify(src) by extension 'colcon_pkg'
[0.190s] Level 1:colcon.colcon_core.package_identification:_identify(src) by extensions ['colcon_meta']
[0.190s] Level 1:colcon.colcon_core.package_identification:_identify(src) by extension 'colcon_meta'
[0.190s] Level 1:colcon.colcon_core.package_identification:_identify(src) by extensions ['ros']
[0.190s] Level 1:colcon.colcon_core.package_identification:_identify(src) by extension 'ros'
[0.190s] Level 1:colcon.colcon_core.package_identification:_identify(src) by extensions ['cmake', 'python']
[0.190s] Level 1:colcon.colcon_core.package_identification:_identify(src) by extension 'cmake'
[0.190s] Level 1:colcon.colcon_core.package_identification:_identify(src) by extension 'python'
[0.190s] Level 1:colcon.colcon_core.package_identification:_identify(src) by extensions ['python_setup_py']
[0.190s] Level 1:colcon.colcon_core.package_identification:_identify(src) by extension 'python_setup_py'
[0.190s] Level 1:colcon.colcon_core.package_identification:_identify(src/custom_msgs) by extensions ['ignore', 'ignore_ament_install']
[0.190s] Level 1:colcon.colcon_core.package_identification:_identify(src/custom_msgs) by extension 'ignore'
[0.190s] Level 1:colcon.colcon_core.package_identification:_identify(src/custom_msgs) by extension 'ignore_ament_install'
[0.190s] Level 1:colcon.colcon_core.package_identification:_identify(src/custom_msgs) by extensions ['colcon_pkg']
[0.190s] Level 1:colcon.colcon_core.package_identification:_identify(src/custom_msgs) by extension 'colcon_pkg'
[0.190s] Level 1:colcon.colcon_core.package_identification:_identify(src/custom_msgs) by extensions ['colcon_meta']
[0.190s] Level 1:colcon.colcon_core.package_identification:_identify(src/custom_msgs) by extension 'colcon_meta'
[0.190s] Level 1:colcon.colcon_core.package_identification:_identify(src/custom_msgs) by extensions ['ros']
[0.190s] Level 1:colcon.colcon_core.package_identification:_identify(src/custom_msgs) by extension 'ros'
[0.192s] DEBUG:colcon.colcon_core.package_identification:Package 'src/custom_msgs' with type 'ros.ament_cmake' and name 'custom_msgs'
[0.192s] Level 1:colcon.colcon_core.package_identification:_identify(src/turtle_sim_project) by extensions ['ignore', 'ignore_ament_install']
[0.192s] Level 1:colcon.colcon_core.package_identification:_identify(src/turtle_sim_project) by extension 'ignore'
[0.192s] Level 1:colcon.colcon_core.package_identification:_identify(src/turtle_sim_project) by extension 'ignore_ament_install'
[0.192s] Level 1:colcon.colcon_core.package_identification:_identify(src/turtle_sim_project) by extensions ['colcon_pkg']
[0.193s] Level 1:colcon.colcon_core.package_identification:_identify(src/turtle_sim_project) by extension 'colcon_pkg'
[0.193s] Level 1:colcon.colcon_core.package_identification:_identify(src/turtle_sim_project) by extensions ['colcon_meta']
[0.193s] Level 1:colcon.colcon_core.package_identification:_identify(src/turtle_sim_project) by extension 'colcon_meta'
[0.193s] Level 1:colcon.colcon_core.package_identification:_identify(src/turtle_sim_project) by extensions ['ros']
[0.193s] Level 1:colcon.colcon_core.package_identification:_identify(src/turtle_sim_project) by extension 'ros'
[0.193s] DEBUG:colcon.colcon_core.package_identification:Package 'src/turtle_sim_project' with type 'ros.ament_python' and name 'turtle_sim_project'
[0.193s] Level 1:colcon.colcon_core.package_discovery:discover_packages(recursive) using defaults
[0.193s] Level 1:colcon.colcon_core.package_discovery:discover_packages(ignore) discover
[0.193s] Level 1:colcon.colcon_core.package_discovery:discover_packages(ignore) using defaults
[0.193s] Level 1:colcon.colcon_core.package_discovery:discover_packages(path) discover
[0.193s] Level 1:colcon.colcon_core.package_discovery:discover_packages(path) using defaults
[0.208s] Level 1:colcon.colcon_core.package_discovery:discover_packages(prefix_path) check parameters
[0.208s] Level 1:colcon.colcon_core.package_discovery:discover_packages(prefix_path) discover
[0.209s] DEBUG:colcon.colcon_installed_package_information.package_discovery:Found 1 installed packages in /home/sahil-22/ros2_ws/install
[0.210s] DEBUG:colcon.colcon_installed_package_information.package_discovery:Found 272 installed packages in /opt/ros/humble
[0.211s] Level 1:colcon.colcon_core.package_discovery:discover_packages(prefix_path) using defaults
[0.243s] Level 5:colcon.colcon_core.verb:set package 'custom_msgs' build argument 'cmake_args' from command line to 'None'
[0.243s] Level 5:colcon.colcon_core.verb:set package 'custom_msgs' build argument 'cmake_target' from command line to 'None'
[0.243s] Level 5:colcon.colcon_core.verb:set package 'custom_msgs' build argument 'cmake_target_skip_unavailable' from command line to 'False'
[0.243s] Level 5:colcon.colcon_core.verb:set package 'custom_msgs' build argument 'cmake_clean_cache' from command line to 'False'
[0.243s] Level 5:colcon.colcon_core.verb:set package 'custom_msgs' build argument 'cmake_clean_first' from command line to 'False'
[0.243s] Level 5:colcon.colcon_core.verb:set package 'custom_msgs' build argument 'cmake_force_configure' from command line to 'False'
[0.243s] Level 5:colcon.colcon_core.verb:set package 'custom_msgs' build argument 'ament_cmake_args' from command line to 'None'
[0.243s] Level 5:colcon.colcon_core.verb:set package 'custom_msgs' build argument 'catkin_cmake_args' from command line to 'None'
[0.243s] Level 5:colcon.colcon_core.verb:set package 'custom_msgs' build argument 'catkin_skip_building_tests' from command line to 'False'
[0.243s] DEBUG:colcon.colcon_core.verb:Building package 'custom_msgs' with the following arguments: {'ament_cmake_args': None, 'build_base': '/home/sahil-22/ros2_ws/build/custom_msgs', 'catkin_cmake_args': None, 'catkin_skip_building_tests': False, 'cmake_args': None, 'cmake_clean_cache': False, 'cmake_clean_first': False, 'cmake_force_configure': False, 'cmake_target': None, 'cmake_target_skip_unavailable': False, 'install_base': '/home/sahil-22/ros2_ws/install/custom_msgs', 'merge_install': False, 'path': '/home/sahil-22/ros2_ws/src/custom_msgs', 'symlink_install': False, 'test_result_base': None}
[0.243s] Level 5:colcon.colcon_core.verb:set package 'turtle_sim_project' build argument 'cmake_args' from command line to 'None'
[0.243s] Level 5:colcon.colcon_core.verb:set package 'turtle_sim_project' build argument 'cmake_target' from command line to 'None'
[0.243s] Level 5:colcon.colcon_core.verb:set package 'turtle_sim_project' build argument 'cmake_target_skip_unavailable' from command line to 'False'
[0.243s] Level 5:colcon.colcon_core.verb:set package 'turtle_sim_project' build argument 'cmake_clean_cache' from command line to 'False'
[0.243s] Level 5:colcon.colcon_core.verb:set package 'turtle_sim_project' build argument 'cmake_clean_first' from command line to 'False'
[0.243s] Level 5:colcon.colcon_core.verb:set package 'turtle_sim_project' build argument 'cmake_force_configure' from command line to 'False'
[0.243s] Level 5:colcon.colcon_core.verb:set package 'turtle_sim_project' build argument 'ament_cmake_args' from command line to 'None'
[0.243s] Level 5:colcon.colcon_core.verb:set package 'turtle_sim_project' build argument 'catkin_cmake_args' from command line to 'None'
[0.243s] Level 5:colcon.colcon_core.verb:set package 'turtle_sim_project' build argument 'catkin_skip_building_tests' from command line to 'False'
[0.244s] DEBUG:colcon.colcon_core.verb:Building package 'turtle_sim_project' with the following arguments: {'ament_cmake_args': None, 'build_base': '/home/sahil-22/ros2_ws/build/turtle_sim_project', 'catkin_cmake_args': None, 'catkin_skip_building_tests': False, 'cmake_args': None, 'cmake_clean_cache': False, 'cmake_clean_first': False, 'cmake_force_configure': False, 'cmake_target': None, 'cmake_target_skip_unavailable': False, 'install_base': '/home/sahil-22/ros2_ws/install/turtle_sim_project', 'merge_install': False, 'path': '/home/sahil-22/ros2_ws/src/turtle_sim_project', 'symlink_install': False, 'test_result_base': None}
[0.244s] INFO:colcon.colcon_core.executor:Executing jobs using 'parallel' executor
[0.244s] DEBUG:colcon.colcon_parallel_executor.executor.parallel:run_until_complete
[0.245s] INFO:colcon.colcon_ros.task.ament_cmake.build:Building ROS package in '/home/sahil-22/ros2_ws/src/custom_msgs' with build type 'ament_cmake'
[0.245s] INFO:colcon.colcon_cmake.task.cmake.build:Building CMake package in '/home/sahil-22/ros2_ws/src/custom_msgs'
[0.246s] INFO:colcon.colcon_core.plugin_system:Skipping extension 'colcon_core.shell.bat': Not used on non-Windows systems
[0.246s] INFO:colcon.colcon_core.shell:Skip shell extension 'powershell' for command environment: Not usable outside of PowerShell
[0.246s] DEBUG:colcon.colcon_core.shell:Skip shell extension 'dsv' for command environment
[0.248s] INFO:colcon.colcon_ros.task.ament_python.build:Building ROS package in '/home/sahil-22/ros2_ws/src/turtle_sim_project' with build type 'ament_python'
[0.248s] Level 1:colcon.colcon_core.shell:create_environment_hook('turtle_sim_project', 'ament_prefix_path')
[0.248s] INFO:colcon.colcon_core.shell:Creating environment hook '/home/sahil-22/ros2_ws/install/turtle_sim_project/share/turtle_sim_project/hook/ament_prefix_path.ps1'
[0.249s] INFO:colcon.colcon_core.shell:Creating environment descriptor '/home/sahil-22/ros2_ws/install/turtle_sim_project/share/turtle_sim_project/hook/ament_prefix_path.dsv'
[0.249s] INFO:colcon.colcon_core.shell:Creating environment hook '/home/sahil-22/ros2_ws/install/turtle_sim_project/share/turtle_sim_project/hook/ament_prefix_path.sh'
[0.250s] INFO:colcon.colcon_core.shell:Skip shell extension 'powershell' for command environment: Not usable outside of PowerShell
[0.250s] DEBUG:colcon.colcon_core.shell:Skip shell extension 'dsv' for command environment
[0.285s] DEBUG:colcon.colcon_core.event_handler.log_command:Invoking command in '/home/sahil-22/ros2_ws/build/custom_msgs': CMAKE_PREFIX_PATH=/home/sahil-22/ros2_ws/install/turtle_sim_project:/opt/ros/humble /usr/bin/cmake /home/sahil-22/ros2_ws/src/custom_msgs -DCMAKE_INSTALL_PREFIX=/home/sahil-22/ros2_ws/install/custom_msgs
[0.454s] INFO:colcon.colcon_core.task.python.build:Building Python package in '/home/sahil-22/ros2_ws/src/turtle_sim_project'
[0.454s] INFO:colcon.colcon_core.shell:Skip shell extension 'powershell' for command environment: Not usable outside of PowerShell
[0.454s] DEBUG:colcon.colcon_core.shell:Skip shell extension 'dsv' for command environment
[0.736s] DEBUG:colcon.colcon_core.event_handler.log_command:Invoking command in '/home/sahil-22/ros2_ws/src/turtle_sim_project': PYTHONPATH=/home/sahil-22/ros2_ws/build/turtle_sim_project/prefix_override:/home/sahil-22/ros2_ws/install/turtle_sim_project/lib/python3.10/site-packages:${PYTHONPATH} /usr/bin/python3 -W ignore:setup.py install is deprecated setup.py egg_info --egg-base ../../build/turtle_sim_project build --build-base /home/sahil-22/ros2_ws/build/turtle_sim_project/build install --record /home/sahil-22/ros2_ws/build/turtle_sim_project/install.log --single-version-externally-managed install_data
[0.948s] DEBUG:colcon.colcon_core.event_handler.log_command:Invoked command in '/home/sahil-22/ros2_ws/src/turtle_sim_project' returned '0': PYTHONPATH=/home/sahil-22/ros2_ws/build/turtle_sim_project/prefix_override:/home/sahil-22/ros2_ws/install/turtle_sim_project/lib/python3.10/site-packages:${PYTHONPATH} /usr/bin/python3 -W ignore:setup.py install is deprecated setup.py egg_info --egg-base ../../build/turtle_sim_project build --build-base /home/sahil-22/ros2_ws/build/turtle_sim_project/build install --record /home/sahil-22/ros2_ws/build/turtle_sim_project/install.log --single-version-externally-managed install_data
[0.950s] Level 1:colcon.colcon_core.environment:checking '/home/sahil-22/ros2_ws/install/turtle_sim_project' for CMake module files
[0.950s] Level 1:colcon.colcon_core.environment:checking '/home/sahil-22/ros2_ws/install/turtle_sim_project' for CMake config files
[0.951s] Level 1:colcon.colcon_core.environment:checking '/home/sahil-22/ros2_ws/install/turtle_sim_project/lib'
[0.951s] Level 1:colcon.colcon_core.environment:checking '/home/sahil-22/ros2_ws/install/turtle_sim_project/bin'
[0.951s] Level 1:colcon.colcon_core.environment:checking '/home/sahil-22/ros2_ws/install/turtle_sim_project/lib/pkgconfig/turtle_sim_project.pc'
[0.952s] Level 1:colcon.colcon_core.environment:checking '/home/sahil-22/ros2_ws/install/turtle_sim_project/lib/python3.10/site-packages'
[0.952s] Level 1:colcon.colcon_core.shell:create_environment_hook('turtle_sim_project', 'pythonpath')
[0.952s] INFO:colcon.colcon_core.shell:Creating environment hook '/home/sahil-22/ros2_ws/install/turtle_sim_project/share/turtle_sim_project/hook/pythonpath.ps1'
[0.952s] INFO:colcon.colcon_core.shell:Creating environment descriptor '/home/sahil-22/ros2_ws/install/turtle_sim_project/share/turtle_sim_project/hook/pythonpath.dsv'
[0.953s] INFO:colcon.colcon_core.shell:Creating environment hook '/home/sahil-22/ros2_ws/install/turtle_sim_project/share/turtle_sim_project/hook/pythonpath.sh'
[0.953s] Level 1:colcon.colcon_core.environment:checking '/home/sahil-22/ros2_ws/install/turtle_sim_project/bin'
[0.953s] Level 1:colcon.colcon_core.environment:create_environment_scripts_only(turtle_sim_project)
[0.953s] INFO:colcon.colcon_core.shell:Creating package script '/home/sahil-22/ros2_ws/install/turtle_sim_project/share/turtle_sim_project/package.ps1'
[0.954s] INFO:colcon.colcon_core.shell:Creating package descriptor '/home/sahil-22/ros2_ws/install/turtle_sim_project/share/turtle_sim_project/package.dsv'
[0.955s] INFO:colcon.colcon_core.shell:Creating package script '/home/sahil-22/ros2_ws/install/turtle_sim_project/share/turtle_sim_project/package.sh'
[0.955s] INFO:colcon.colcon_core.shell:Creating package script '/home/sahil-22/ros2_ws/install/turtle_sim_project/share/turtle_sim_project/package.bash'
[0.956s] INFO:colcon.colcon_core.shell:Creating package script '/home/sahil-22/ros2_ws/install/turtle_sim_project/share/turtle_sim_project/package.zsh'
[0.957s] Level 1:colcon.colcon_core.environment:create_file_with_runtime_dependencies(/home/sahil-22/ros2_ws/install/turtle_sim_project/share/colcon-core/packages/turtle_sim_project)
[1.005s] DEBUG:colcon.colcon_core.event_handler.log_command:Invoked command in '/home/sahil-22/ros2_ws/build/custom_msgs' returned '1': CMAKE_PREFIX_PATH=/home/sahil-22/ros2_ws/install/turtle_sim_project:/opt/ros/humble /usr/bin/cmake /home/sahil-22/ros2_ws/src/custom_msgs -DCMAKE_INSTALL_PREFIX=/home/sahil-22/ros2_ws/install/custom_msgs
[1.018s] Level 1:colcon.colcon_core.environment:create_environment_scripts_only(custom_msgs)
[1.018s] Level 1:colcon.colcon_core.environment:checking '/home/sahil-22/ros2_ws/install/custom_msgs' for CMake module files
[1.019s] Level 1:colcon.colcon_core.environment:checking '/home/sahil-22/ros2_ws/install/custom_msgs' for CMake config files
[1.019s] Level 1:colcon.colcon_core.environment:checking '/home/sahil-22/ros2_ws/install/custom_msgs/bin'
[1.019s] Level 1:colcon.colcon_core.environment:checking '/home/sahil-22/ros2_ws/install/custom_msgs/lib/pkgconfig/custom_msgs.pc'
[1.019s] Level 1:colcon.colcon_core.environment:checking '/home/sahil-22/ros2_ws/install/custom_msgs/lib/python3.10/site-packages'
[1.019s] Level 1:colcon.colcon_core.environment:checking '/home/sahil-22/ros2_ws/install/custom_msgs/bin'
[1.020s] INFO:colcon.colcon_core.shell:Creating package script '/home/sahil-22/ros2_ws/install/custom_msgs/share/custom_msgs/package.ps1'
[1.020s] INFO:colcon.colcon_core.shell:Creating package descriptor '/home/sahil-22/ros2_ws/install/custom_msgs/share/custom_msgs/package.dsv'
[1.020s] INFO:colcon.colcon_core.shell:Creating package script '/home/sahil-22/ros2_ws/install/custom_msgs/share/custom_msgs/package.sh'
[1.021s] INFO:colcon.colcon_core.shell:Creating package script '/home/sahil-22/ros2_ws/install/custom_msgs/share/custom_msgs/package.bash'
[1.021s] INFO:colcon.colcon_core.shell:Creating package script '/home/sahil-22/ros2_ws/install/custom_msgs/share/custom_msgs/package.zsh'
[1.021s] Level 1:colcon.colcon_core.environment:create_file_with_runtime_dependencies(/home/sahil-22/ros2_ws/install/custom_msgs/share/colcon-core/packages/custom_msgs)
[1.031s] DEBUG:colcon.colcon_parallel_executor.executor.parallel:closing loop
[1.032s] DEBUG:colcon.colcon_parallel_executor.executor.parallel:loop closed
[1.032s] DEBUG:colcon.colcon_parallel_executor.executor.parallel:run_until_complete finished with '1'
[1.032s] DEBUG:colcon.colcon_core.event_reactor:joining thread
[1.037s] INFO:colcon.colcon_core.plugin_system:Skipping extension 'colcon_notification.desktop_notification.terminal_notifier': Not used on non-Darwin systems
[1.037s] INFO:colcon.colcon_core.plugin_system:Skipping extension 'colcon_notification.desktop_notification.win32': Not used on non-Windows systems
[1.037s] INFO:colcon.colcon_notification.desktop_notification:Sending desktop notification using 'notify2'
[1.047s] DEBUG:colcon.colcon_core.event_reactor:joined thread
[1.047s] INFO:colcon.colcon_core.shell:Creating prefix script '/home/sahil-22/ros2_ws/install/local_setup.ps1'
[1.048s] INFO:colcon.colcon_core.shell:Creating prefix util module '/home/sahil-22/ros2_ws/install/_local_setup_util_ps1.py'
[1.049s] INFO:colcon.colcon_core.shell:Creating prefix chain script '/home/sahil-22/ros2_ws/install/setup.ps1'
[1.050s] INFO:colcon.colcon_core.shell:Creating prefix script '/home/sahil-22/ros2_ws/install/local_setup.sh'
[1.051s] INFO:colcon.colcon_core.shell:Creating prefix util module '/home/sahil-22/ros2_ws/install/_local_setup_util_sh.py'
[1.051s] INFO:colcon.colcon_core.shell:Creating prefix chain script '/home/sahil-22/ros2_ws/install/setup.sh'
[1.052s] INFO:colcon.colcon_core.shell:Creating prefix script '/home/sahil-22/ros2_ws/install/local_setup.bash'
[1.052s] INFO:colcon.colcon_core.shell:Creating prefix chain script '/home/sahil-22/ros2_ws/install/setup.bash'
[1.053s] INFO:colcon.colcon_core.shell:Creating prefix script '/home/sahil-22/ros2_ws/install/local_setup.zsh'
[1.053s] INFO:colcon.colcon_core.shell:Creating prefix chain script '/home/sahil-22/ros2_ws/install/setup.zsh'
