[0.867s] DEBUG:colcon:Command line arguments: ['/usr/bin/colcon', 'build']
[0.867s] DEBUG:colcon:Parsed command line arguments: Namespace(log_base=None, log_level=None, verb_name='build', build_base='build', install_base='install', merge_install=False, symlink_install=False, test_result_base=None, continue_on_error=False, executor='parallel', parallel_workers=16, event_handlers=None, ignore_user_meta=False, metas=['./colcon.meta'], base_paths=['.'], packages_ignore=None, packages_ignore_regex=None, paths=None, packages_up_to=None, packages_up_to_regex=None, packages_above=None, packages_above_and_dependencies=None, packages_above_depth=None, packages_select_by_dep=None, packages_skip_by_dep=None, packages_skip_up_to=None, packages_select_build_failed=False, packages_skip_build_finished=False, packages_select_test_failures=False, packages_skip_test_passed=False, packages_select=None, packages_skip=None, packages_select_regex=None, packages_skip_regex=None, packages_start=None, packages_end=None, allow_overriding=[], cmake_args=None, cmake_target=None, cmake_target_skip_unavailable=False, cmake_clean_cache=False, cmake_clean_first=False, cmake_force_configure=False, ament_cmake_args=None, catkin_cmake_args=None, catkin_skip_building_tests=False, verb_parser=<colcon_defaults.argument_parser.defaults.DefaultArgumentsDecorator object at 0x7f7b2e7833d0>, verb_extension=<colcon_core.verb.build.BuildVerb object at 0x7f7b2e7814b0>, main=<bound method BuildVerb.main of <colcon_core.verb.build.BuildVerb object at 0x7f7b2e7814b0>>)
[0.904s] Level 1:colcon.colcon_core.package_discovery:discover_packages(colcon_meta) check parameters
[0.904s] Level 1:colcon.colcon_core.package_discovery:discover_packages(recursive) check parameters
[0.904s] Level 1:colcon.colcon_core.package_discovery:discover_packages(ignore) check parameters
[0.904s] Level 1:colcon.colcon_core.package_discovery:discover_packages(path) check parameters
[0.904s] Level 1:colcon.colcon_core.package_discovery:discover_packages(colcon_meta) discover
[0.904s] Level 1:colcon.colcon_core.package_discovery:discover_packages(recursive) discover
[0.904s] INFO:colcon.colcon_core.package_discovery:Crawling recursively for packages in '/home/nextup/turtle_bot/flytbase_assignment'
[0.904s] Level 1:colcon.colcon_core.package_identification:_identify(.) by extensions ['ignore', 'ignore_ament_install']
[0.904s] Level 1:colcon.colcon_core.package_identification:_identify(.) by extension 'ignore'
[0.905s] Level 1:colcon.colcon_core.package_identification:_identify(.) by extension 'ignore_ament_install'
[0.905s] Level 1:colcon.colcon_core.package_identification:_identify(.) by extensions ['colcon_pkg']
[0.905s] Level 1:colcon.colcon_core.package_identification:_identify(.) by extension 'colcon_pkg'
[0.905s] Level 1:colcon.colcon_core.package_identification:_identify(.) by extensions ['colcon_meta']
[0.905s] Level 1:colcon.colcon_core.package_identification:_identify(.) by extension 'colcon_meta'
[0.905s] Level 1:colcon.colcon_core.package_identification:_identify(.) by extensions ['ros']
[0.905s] Level 1:colcon.colcon_core.package_identification:_identify(.) by extension 'ros'
[0.912s] Level 1:colcon.colcon_core.package_identification:_identify(.) by extensions ['cmake', 'python']
[0.912s] Level 1:colcon.colcon_core.package_identification:_identify(.) by extension 'cmake'
[0.912s] Level 1:colcon.colcon_core.package_identification:_identify(.) by extension 'python'
[0.912s] Level 1:colcon.colcon_core.package_identification:_identify(.) by extensions ['python_setup_py']
[0.912s] Level 1:colcon.colcon_core.package_identification:_identify(.) by extension 'python_setup_py'
[0.913s] Level 1:colcon.colcon_core.package_identification:_identify(build) by extensions ['ignore', 'ignore_ament_install']
[0.913s] Level 1:colcon.colcon_core.package_identification:_identify(build) by extension 'ignore'
[0.913s] Level 1:colcon.colcon_core.package_identification:_identify(build) ignored
[0.913s] Level 1:colcon.colcon_core.package_identification:_identify(captures) by extensions ['ignore', 'ignore_ament_install']
[0.913s] Level 1:colcon.colcon_core.package_identification:_identify(captures) by extension 'ignore'
[0.913s] Level 1:colcon.colcon_core.package_identification:_identify(captures) by extension 'ignore_ament_install'
[0.913s] Level 1:colcon.colcon_core.package_identification:_identify(captures) by extensions ['colcon_pkg']
[0.913s] Level 1:colcon.colcon_core.package_identification:_identify(captures) by extension 'colcon_pkg'
[0.913s] Level 1:colcon.colcon_core.package_identification:_identify(captures) by extensions ['colcon_meta']
[0.913s] Level 1:colcon.colcon_core.package_identification:_identify(captures) by extension 'colcon_meta'
[0.913s] Level 1:colcon.colcon_core.package_identification:_identify(captures) by extensions ['ros']
[0.913s] Level 1:colcon.colcon_core.package_identification:_identify(captures) by extension 'ros'
[0.913s] Level 1:colcon.colcon_core.package_identification:_identify(captures) by extensions ['cmake', 'python']
[0.913s] Level 1:colcon.colcon_core.package_identification:_identify(captures) by extension 'cmake'
[0.913s] Level 1:colcon.colcon_core.package_identification:_identify(captures) by extension 'python'
[0.913s] Level 1:colcon.colcon_core.package_identification:_identify(captures) by extensions ['python_setup_py']
[0.913s] Level 1:colcon.colcon_core.package_identification:_identify(captures) by extension 'python_setup_py'
[0.913s] Level 1:colcon.colcon_core.package_identification:_identify(install) by extensions ['ignore', 'ignore_ament_install']
[0.913s] Level 1:colcon.colcon_core.package_identification:_identify(install) by extension 'ignore'
[0.913s] Level 1:colcon.colcon_core.package_identification:_identify(install) ignored
[0.913s] Level 1:colcon.colcon_core.package_identification:_identify(log) by extensions ['ignore', 'ignore_ament_install']
[0.914s] Level 1:colcon.colcon_core.package_identification:_identify(log) by extension 'ignore'
[0.914s] Level 1:colcon.colcon_core.package_identification:_identify(log) ignored
[0.914s] Level 1:colcon.colcon_core.package_identification:_identify(src) by extensions ['ignore', 'ignore_ament_install']
[0.914s] Level 1:colcon.colcon_core.package_identification:_identify(src) by extension 'ignore'
[0.914s] Level 1:colcon.colcon_core.package_identification:_identify(src) by extension 'ignore_ament_install'
[0.914s] Level 1:colcon.colcon_core.package_identification:_identify(src) by extensions ['colcon_pkg']
[0.914s] Level 1:colcon.colcon_core.package_identification:_identify(src) by extension 'colcon_pkg'
[0.914s] Level 1:colcon.colcon_core.package_identification:_identify(src) by extensions ['colcon_meta']
[0.914s] Level 1:colcon.colcon_core.package_identification:_identify(src) by extension 'colcon_meta'
[0.914s] Level 1:colcon.colcon_core.package_identification:_identify(src) by extensions ['ros']
[0.914s] Level 1:colcon.colcon_core.package_identification:_identify(src) by extension 'ros'
[0.914s] Level 1:colcon.colcon_core.package_identification:_identify(src) by extensions ['cmake', 'python']
[0.914s] Level 1:colcon.colcon_core.package_identification:_identify(src) by extension 'cmake'
[0.914s] Level 1:colcon.colcon_core.package_identification:_identify(src) by extension 'python'
[0.914s] Level 1:colcon.colcon_core.package_identification:_identify(src) by extensions ['python_setup_py']
[0.914s] Level 1:colcon.colcon_core.package_identification:_identify(src) by extension 'python_setup_py'
[0.914s] Level 1:colcon.colcon_core.package_identification:_identify(src/custom_msgs) by extensions ['ignore', 'ignore_ament_install']
[0.914s] Level 1:colcon.colcon_core.package_identification:_identify(src/custom_msgs) by extension 'ignore'
[0.914s] Level 1:colcon.colcon_core.package_identification:_identify(src/custom_msgs) by extension 'ignore_ament_install'
[0.914s] Level 1:colcon.colcon_core.package_identification:_identify(src/custom_msgs) by extensions ['colcon_pkg']
[0.914s] Level 1:colcon.colcon_core.package_identification:_identify(src/custom_msgs) by extension 'colcon_pkg'
[0.914s] Level 1:colcon.colcon_core.package_identification:_identify(src/custom_msgs) by extensions ['colcon_meta']
[0.914s] Level 1:colcon.colcon_core.package_identification:_identify(src/custom_msgs) by extension 'colcon_meta'
[0.914s] Level 1:colcon.colcon_core.package_identification:_identify(src/custom_msgs) by extensions ['ros']
[0.914s] Level 1:colcon.colcon_core.package_identification:_identify(src/custom_msgs) by extension 'ros'
[0.916s] DEBUG:colcon.colcon_core.package_identification:Package 'src/custom_msgs' with type 'ros.ament_cmake' and name 'custom_msgs'
[0.916s] Level 1:colcon.colcon_core.package_identification:_identify(src/turtle_sim_project) by extensions ['ignore', 'ignore_ament_install']
[0.916s] Level 1:colcon.colcon_core.package_identification:_identify(src/turtle_sim_project) by extension 'ignore'
[0.916s] Level 1:colcon.colcon_core.package_identification:_identify(src/turtle_sim_project) by extension 'ignore_ament_install'
[0.916s] Level 1:colcon.colcon_core.package_identification:_identify(src/turtle_sim_project) by extensions ['colcon_pkg']
[0.916s] Level 1:colcon.colcon_core.package_identification:_identify(src/turtle_sim_project) by extension 'colcon_pkg'
[0.916s] Level 1:colcon.colcon_core.package_identification:_identify(src/turtle_sim_project) by extensions ['colcon_meta']
[0.916s] Level 1:colcon.colcon_core.package_identification:_identify(src/turtle_sim_project) by extension 'colcon_meta'
[0.916s] Level 1:colcon.colcon_core.package_identification:_identify(src/turtle_sim_project) by extensions ['ros']
[0.916s] Level 1:colcon.colcon_core.package_identification:_identify(src/turtle_sim_project) by extension 'ros'
[0.917s] DEBUG:colcon.colcon_core.package_identification:Package 'src/turtle_sim_project' with type 'ros.ament_python' and name 'turtle_sim_project'
[0.917s] Level 1:colcon.colcon_core.package_discovery:discover_packages(recursive) using defaults
[0.917s] Level 1:colcon.colcon_core.package_discovery:discover_packages(ignore) discover
[0.917s] Level 1:colcon.colcon_core.package_discovery:discover_packages(ignore) using defaults
[0.917s] Level 1:colcon.colcon_core.package_discovery:discover_packages(path) discover
[0.917s] Level 1:colcon.colcon_core.package_discovery:discover_packages(path) using defaults
[0.994s] Level 1:colcon.colcon_core.package_discovery:discover_packages(prefix_path) check parameters
[0.994s] Level 1:colcon.colcon_core.package_discovery:discover_packages(prefix_path) discover
[1.020s] DEBUG:colcon.colcon_installed_package_information.package_discovery:Found 2 installed packages in /home/nextup/turtle_bot/flytbase_assignment/install
[1.039s] DEBUG:colcon.colcon_installed_package_information.package_discovery:Found 423 installed packages in /opt/ros/humble
[1.040s] Level 1:colcon.colcon_core.package_discovery:discover_packages(prefix_path) using defaults
[1.126s] Level 5:colcon.colcon_core.verb:set package 'custom_msgs' build argument 'cmake_args' from command line to 'None'
[1.126s] Level 5:colcon.colcon_core.verb:set package 'custom_msgs' build argument 'cmake_target' from command line to 'None'
[1.126s] Level 5:colcon.colcon_core.verb:set package 'custom_msgs' build argument 'cmake_target_skip_unavailable' from command line to 'False'
[1.126s] Level 5:colcon.colcon_core.verb:set package 'custom_msgs' build argument 'cmake_clean_cache' from command line to 'False'
[1.126s] Level 5:colcon.colcon_core.verb:set package 'custom_msgs' build argument 'cmake_clean_first' from command line to 'False'
[1.126s] Level 5:colcon.colcon_core.verb:set package 'custom_msgs' build argument 'cmake_force_configure' from command line to 'False'
[1.126s] Level 5:colcon.colcon_core.verb:set package 'custom_msgs' build argument 'ament_cmake_args' from command line to 'None'
[1.126s] Level 5:colcon.colcon_core.verb:set package 'custom_msgs' build argument 'catkin_cmake_args' from command line to 'None'
[1.126s] Level 5:colcon.colcon_core.verb:set package 'custom_msgs' build argument 'catkin_skip_building_tests' from command line to 'False'
[1.126s] DEBUG:colcon.colcon_core.verb:Building package 'custom_msgs' with the following arguments: {'ament_cmake_args': None, 'build_base': '/home/nextup/turtle_bot/flytbase_assignment/build/custom_msgs', 'catkin_cmake_args': None, 'catkin_skip_building_tests': False, 'cmake_args': None, 'cmake_clean_cache': False, 'cmake_clean_first': False, 'cmake_force_configure': False, 'cmake_target': None, 'cmake_target_skip_unavailable': False, 'install_base': '/home/nextup/turtle_bot/flytbase_assignment/install/custom_msgs', 'merge_install': False, 'path': '/home/nextup/turtle_bot/flytbase_assignment/src/custom_msgs', 'symlink_install': False, 'test_result_base': None}
[1.139s] Level 5:colcon.colcon_core.verb:set package 'turtle_sim_project' build argument 'cmake_args' from command line to 'None'
[1.139s] Level 5:colcon.colcon_core.verb:set package 'turtle_sim_project' build argument 'cmake_target' from command line to 'None'
[1.139s] Level 5:colcon.colcon_core.verb:set package 'turtle_sim_project' build argument 'cmake_target_skip_unavailable' from command line to 'False'
[1.139s] Level 5:colcon.colcon_core.verb:set package 'turtle_sim_project' build argument 'cmake_clean_cache' from command line to 'False'
[1.139s] Level 5:colcon.colcon_core.verb:set package 'turtle_sim_project' build argument 'cmake_clean_first' from command line to 'False'
[1.139s] Level 5:colcon.colcon_core.verb:set package 'turtle_sim_project' build argument 'cmake_force_configure' from command line to 'False'
[1.139s] Level 5:colcon.colcon_core.verb:set package 'turtle_sim_project' build argument 'ament_cmake_args' from command line to 'None'
[1.139s] Level 5:colcon.colcon_core.verb:set package 'turtle_sim_project' build argument 'catkin_cmake_args' from command line to 'None'
[1.139s] Level 5:colcon.colcon_core.verb:set package 'turtle_sim_project' build argument 'catkin_skip_building_tests' from command line to 'False'
[1.139s] DEBUG:colcon.colcon_core.verb:Building package 'turtle_sim_project' with the following arguments: {'ament_cmake_args': None, 'build_base': '/home/nextup/turtle_bot/flytbase_assignment/build/turtle_sim_project', 'catkin_cmake_args': None, 'catkin_skip_building_tests': False, 'cmake_args': None, 'cmake_clean_cache': False, 'cmake_clean_first': False, 'cmake_force_configure': False, 'cmake_target': None, 'cmake_target_skip_unavailable': False, 'install_base': '/home/nextup/turtle_bot/flytbase_assignment/install/turtle_sim_project', 'merge_install': False, 'path': '/home/nextup/turtle_bot/flytbase_assignment/src/turtle_sim_project', 'symlink_install': False, 'test_result_base': None}
[1.152s] INFO:colcon.colcon_core.executor:Executing jobs using 'parallel' executor
[1.165s] DEBUG:colcon.colcon_parallel_executor.executor.parallel:run_until_complete
[1.165s] INFO:colcon.colcon_ros.task.ament_cmake.build:Building ROS package in '/home/nextup/turtle_bot/flytbase_assignment/src/custom_msgs' with build type 'ament_cmake'
[1.165s] INFO:colcon.colcon_cmake.task.cmake.build:Building CMake package in '/home/nextup/turtle_bot/flytbase_assignment/src/custom_msgs'
[1.180s] INFO:colcon.colcon_core.plugin_system:Skipping extension 'colcon_core.shell.bat': Not used on non-Windows systems
[1.180s] INFO:colcon.colcon_core.shell:Skip shell extension 'powershell' for command environment: Not usable outside of PowerShell
[1.180s] DEBUG:colcon.colcon_core.shell:Skip shell extension 'dsv' for command environment
[1.220s] INFO:colcon.colcon_ros.task.ament_python.build:Building ROS package in '/home/nextup/turtle_bot/flytbase_assignment/src/turtle_sim_project' with build type 'ament_python'
[1.220s] Level 1:colcon.colcon_core.shell:create_environment_hook('turtle_sim_project', 'ament_prefix_path')
[1.233s] INFO:colcon.colcon_core.shell:Creating environment hook '/home/nextup/turtle_bot/flytbase_assignment/install/turtle_sim_project/share/turtle_sim_project/hook/ament_prefix_path.ps1'
[1.233s] INFO:colcon.colcon_core.shell:Creating environment descriptor '/home/nextup/turtle_bot/flytbase_assignment/install/turtle_sim_project/share/turtle_sim_project/hook/ament_prefix_path.dsv'
[1.234s] INFO:colcon.colcon_core.shell:Creating environment hook '/home/nextup/turtle_bot/flytbase_assignment/install/turtle_sim_project/share/turtle_sim_project/hook/ament_prefix_path.sh'
[1.247s] INFO:colcon.colcon_core.shell:Skip shell extension 'powershell' for command environment: Not usable outside of PowerShell
[1.247s] DEBUG:colcon.colcon_core.shell:Skip shell extension 'dsv' for command environment
[1.290s] DEBUG:colcon.colcon_core.event_handler.log_command:Invoking command in '/home/nextup/turtle_bot/flytbase_assignment/build/custom_msgs': CMAKE_PREFIX_PATH=${CMAKE_PREFIX_PATH}:/home/nextup/turtle_bot/flytbase_assignment/install/turtle_sim_project:/opt/ros/humble /usr/bin/cmake --build /home/nextup/turtle_bot/flytbase_assignment/build/custom_msgs -- -j16 -l16
[1.510s] INFO:colcon.colcon_core.task.python.build:Building Python package in '/home/nextup/turtle_bot/flytbase_assignment/src/turtle_sim_project'
[1.525s] INFO:colcon.colcon_core.shell:Skip shell extension 'powershell' for command environment: Not usable outside of PowerShell
[1.525s] DEBUG:colcon.colcon_core.shell:Skip shell extension 'dsv' for command environment
[1.571s] DEBUG:colcon.colcon_core.event_handler.log_command:Invoked command in '/home/nextup/turtle_bot/flytbase_assignment/build/custom_msgs' returned '0': CMAKE_PREFIX_PATH=${CMAKE_PREFIX_PATH}:/home/nextup/turtle_bot/flytbase_assignment/install/turtle_sim_project:/opt/ros/humble /usr/bin/cmake --build /home/nextup/turtle_bot/flytbase_assignment/build/custom_msgs -- -j16 -l16
[1.612s] DEBUG:colcon.colcon_core.event_handler.log_command:Invoking command in '/home/nextup/turtle_bot/flytbase_assignment/build/custom_msgs': CMAKE_PREFIX_PATH=${CMAKE_PREFIX_PATH}:/home/nextup/turtle_bot/flytbase_assignment/install/turtle_sim_project:/opt/ros/humble /usr/bin/cmake --install /home/nextup/turtle_bot/flytbase_assignment/build/custom_msgs
[1.649s] Level 1:colcon.colcon_core.environment:create_environment_scripts_only(custom_msgs)
[1.649s] DEBUG:colcon.colcon_core.event_handler.log_command:Invoked command in '/home/nextup/turtle_bot/flytbase_assignment/build/custom_msgs' returned '0': CMAKE_PREFIX_PATH=${CMAKE_PREFIX_PATH}:/home/nextup/turtle_bot/flytbase_assignment/install/turtle_sim_project:/opt/ros/humble /usr/bin/cmake --install /home/nextup/turtle_bot/flytbase_assignment/build/custom_msgs
[1.664s] Level 1:colcon.colcon_core.environment:checking '/home/nextup/turtle_bot/flytbase_assignment/install/custom_msgs' for CMake module files
[1.664s] Level 1:colcon.colcon_core.environment:checking '/home/nextup/turtle_bot/flytbase_assignment/install/custom_msgs' for CMake config files
[1.665s] Level 1:colcon.colcon_core.shell:create_environment_hook('custom_msgs', 'cmake_prefix_path')
[1.678s] INFO:colcon.colcon_core.shell:Creating environment hook '/home/nextup/turtle_bot/flytbase_assignment/install/custom_msgs/share/custom_msgs/hook/cmake_prefix_path.ps1'
[1.678s] INFO:colcon.colcon_core.shell:Creating environment descriptor '/home/nextup/turtle_bot/flytbase_assignment/install/custom_msgs/share/custom_msgs/hook/cmake_prefix_path.dsv'
[1.678s] INFO:colcon.colcon_core.shell:Creating environment hook '/home/nextup/turtle_bot/flytbase_assignment/install/custom_msgs/share/custom_msgs/hook/cmake_prefix_path.sh'
[1.679s] Level 1:colcon.colcon_core.environment:checking '/home/nextup/turtle_bot/flytbase_assignment/install/custom_msgs/lib'
[1.679s] Level 1:colcon.colcon_core.shell:create_environment_hook('custom_msgs', 'ld_library_path_lib')
[1.692s] INFO:colcon.colcon_core.shell:Creating environment hook '/home/nextup/turtle_bot/flytbase_assignment/install/custom_msgs/share/custom_msgs/hook/ld_library_path_lib.ps1'
[1.692s] INFO:colcon.colcon_core.shell:Creating environment descriptor '/home/nextup/turtle_bot/flytbase_assignment/install/custom_msgs/share/custom_msgs/hook/ld_library_path_lib.dsv'
[1.692s] INFO:colcon.colcon_core.shell:Creating environment hook '/home/nextup/turtle_bot/flytbase_assignment/install/custom_msgs/share/custom_msgs/hook/ld_library_path_lib.sh'
[1.692s] Level 1:colcon.colcon_core.environment:checking '/home/nextup/turtle_bot/flytbase_assignment/install/custom_msgs/bin'
[1.692s] Level 1:colcon.colcon_core.environment:checking '/home/nextup/turtle_bot/flytbase_assignment/install/custom_msgs/lib/pkgconfig/custom_msgs.pc'
[1.692s] Level 1:colcon.colcon_core.environment:checking '/home/nextup/turtle_bot/flytbase_assignment/install/custom_msgs/lib/python3.10/site-packages'
[1.693s] Level 1:colcon.colcon_core.environment:checking '/home/nextup/turtle_bot/flytbase_assignment/install/custom_msgs/bin'
[1.705s] INFO:colcon.colcon_core.shell:Creating package script '/home/nextup/turtle_bot/flytbase_assignment/install/custom_msgs/share/custom_msgs/package.ps1'
[1.706s] INFO:colcon.colcon_core.shell:Creating package descriptor '/home/nextup/turtle_bot/flytbase_assignment/install/custom_msgs/share/custom_msgs/package.dsv'
[1.706s] INFO:colcon.colcon_core.shell:Creating package script '/home/nextup/turtle_bot/flytbase_assignment/install/custom_msgs/share/custom_msgs/package.sh'
[1.707s] INFO:colcon.colcon_core.shell:Creating package script '/home/nextup/turtle_bot/flytbase_assignment/install/custom_msgs/share/custom_msgs/package.bash'
[1.707s] INFO:colcon.colcon_core.shell:Creating package script '/home/nextup/turtle_bot/flytbase_assignment/install/custom_msgs/share/custom_msgs/package.zsh'
[1.708s] Level 1:colcon.colcon_core.environment:create_file_with_runtime_dependencies(/home/nextup/turtle_bot/flytbase_assignment/install/custom_msgs/share/colcon-core/packages/custom_msgs)
[1.756s] Level 1:colcon.colcon_core.environment:create_environment_scripts_only(custom_msgs)
[1.769s] Level 1:colcon.colcon_core.environment:checking '/home/nextup/turtle_bot/flytbase_assignment/install/custom_msgs' for CMake module files
[1.769s] Level 1:colcon.colcon_core.environment:checking '/home/nextup/turtle_bot/flytbase_assignment/install/custom_msgs' for CMake config files
[1.770s] Level 1:colcon.colcon_core.shell:create_environment_hook('custom_msgs', 'cmake_prefix_path')
[1.783s] INFO:colcon.colcon_core.shell:Creating environment hook '/home/nextup/turtle_bot/flytbase_assignment/install/custom_msgs/share/custom_msgs/hook/cmake_prefix_path.ps1'
[1.783s] INFO:colcon.colcon_core.shell:Creating environment descriptor '/home/nextup/turtle_bot/flytbase_assignment/install/custom_msgs/share/custom_msgs/hook/cmake_prefix_path.dsv'
[1.783s] INFO:colcon.colcon_core.shell:Creating environment hook '/home/nextup/turtle_bot/flytbase_assignment/install/custom_msgs/share/custom_msgs/hook/cmake_prefix_path.sh'
[1.784s] Level 1:colcon.colcon_core.environment:checking '/home/nextup/turtle_bot/flytbase_assignment/install/custom_msgs/lib'
[1.784s] Level 1:colcon.colcon_core.shell:create_environment_hook('custom_msgs', 'ld_library_path_lib')
[1.797s] INFO:colcon.colcon_core.shell:Creating environment hook '/home/nextup/turtle_bot/flytbase_assignment/install/custom_msgs/share/custom_msgs/hook/ld_library_path_lib.ps1'
[1.797s] INFO:colcon.colcon_core.shell:Creating environment descriptor '/home/nextup/turtle_bot/flytbase_assignment/install/custom_msgs/share/custom_msgs/hook/ld_library_path_lib.dsv'
[1.798s] INFO:colcon.colcon_core.shell:Creating environment hook '/home/nextup/turtle_bot/flytbase_assignment/install/custom_msgs/share/custom_msgs/hook/ld_library_path_lib.sh'
[1.798s] Level 1:colcon.colcon_core.environment:checking '/home/nextup/turtle_bot/flytbase_assignment/install/custom_msgs/bin'
[1.798s] Level 1:colcon.colcon_core.environment:checking '/home/nextup/turtle_bot/flytbase_assignment/install/custom_msgs/lib/pkgconfig/custom_msgs.pc'
[1.798s] Level 1:colcon.colcon_core.environment:checking '/home/nextup/turtle_bot/flytbase_assignment/install/custom_msgs/lib/python3.10/site-packages'
[1.798s] Level 1:colcon.colcon_core.environment:checking '/home/nextup/turtle_bot/flytbase_assignment/install/custom_msgs/bin'
[1.811s] INFO:colcon.colcon_core.shell:Creating package script '/home/nextup/turtle_bot/flytbase_assignment/install/custom_msgs/share/custom_msgs/package.ps1'
[1.812s] INFO:colcon.colcon_core.shell:Creating package descriptor '/home/nextup/turtle_bot/flytbase_assignment/install/custom_msgs/share/custom_msgs/package.dsv'
[1.812s] INFO:colcon.colcon_core.shell:Creating package script '/home/nextup/turtle_bot/flytbase_assignment/install/custom_msgs/share/custom_msgs/package.sh'
[1.812s] INFO:colcon.colcon_core.shell:Creating package script '/home/nextup/turtle_bot/flytbase_assignment/install/custom_msgs/share/custom_msgs/package.bash'
[1.813s] INFO:colcon.colcon_core.shell:Creating package script '/home/nextup/turtle_bot/flytbase_assignment/install/custom_msgs/share/custom_msgs/package.zsh'
[1.813s] Level 1:colcon.colcon_core.environment:create_file_with_runtime_dependencies(/home/nextup/turtle_bot/flytbase_assignment/install/custom_msgs/share/colcon-core/packages/custom_msgs)
[1.847s] DEBUG:colcon.colcon_core.event_handler.log_command:Invoking command in '/home/nextup/turtle_bot/flytbase_assignment/src/turtle_sim_project': PYTHONPATH=/home/nextup/turtle_bot/flytbase_assignment/build/turtle_sim_project/prefix_override:/home/nextup/turtle_bot/flytbase_assignment/install/turtle_sim_project/lib/python3.10/site-packages:${PYTHONPATH} /usr/bin/python3 setup.py egg_info --egg-base ../../build/turtle_sim_project build --build-base /home/nextup/turtle_bot/flytbase_assignment/build/turtle_sim_project/build install --record /home/nextup/turtle_bot/flytbase_assignment/build/turtle_sim_project/install.log --single-version-externally-managed
[2.084s] DEBUG:colcon.colcon_core.event_handler.log_command:Invoked command in '/home/nextup/turtle_bot/flytbase_assignment/src/turtle_sim_project' returned '0': PYTHONPATH=/home/nextup/turtle_bot/flytbase_assignment/build/turtle_sim_project/prefix_override:/home/nextup/turtle_bot/flytbase_assignment/install/turtle_sim_project/lib/python3.10/site-packages:${PYTHONPATH} /usr/bin/python3 setup.py egg_info --egg-base ../../build/turtle_sim_project build --build-base /home/nextup/turtle_bot/flytbase_assignment/build/turtle_sim_project/build install --record /home/nextup/turtle_bot/flytbase_assignment/build/turtle_sim_project/install.log --single-version-externally-managed
[2.097s] Level 1:colcon.colcon_core.environment:checking '/home/nextup/turtle_bot/flytbase_assignment/install/turtle_sim_project' for CMake module files
[2.098s] Level 1:colcon.colcon_core.environment:checking '/home/nextup/turtle_bot/flytbase_assignment/install/turtle_sim_project' for CMake config files
[2.098s] Level 1:colcon.colcon_core.environment:checking '/home/nextup/turtle_bot/flytbase_assignment/install/turtle_sim_project/lib'
[2.098s] Level 1:colcon.colcon_core.environment:checking '/home/nextup/turtle_bot/flytbase_assignment/install/turtle_sim_project/bin'
[2.098s] Level 1:colcon.colcon_core.environment:checking '/home/nextup/turtle_bot/flytbase_assignment/install/turtle_sim_project/lib/pkgconfig/turtle_sim_project.pc'
[2.098s] Level 1:colcon.colcon_core.environment:checking '/home/nextup/turtle_bot/flytbase_assignment/install/turtle_sim_project/lib/python3.10/site-packages'
[2.098s] Level 1:colcon.colcon_core.shell:create_environment_hook('turtle_sim_project', 'pythonpath')
[2.111s] INFO:colcon.colcon_core.shell:Creating environment hook '/home/nextup/turtle_bot/flytbase_assignment/install/turtle_sim_project/share/turtle_sim_project/hook/pythonpath.ps1'
[2.111s] INFO:colcon.colcon_core.shell:Creating environment descriptor '/home/nextup/turtle_bot/flytbase_assignment/install/turtle_sim_project/share/turtle_sim_project/hook/pythonpath.dsv'
[2.112s] INFO:colcon.colcon_core.shell:Creating environment hook '/home/nextup/turtle_bot/flytbase_assignment/install/turtle_sim_project/share/turtle_sim_project/hook/pythonpath.sh'
[2.112s] Level 1:colcon.colcon_core.environment:checking '/home/nextup/turtle_bot/flytbase_assignment/install/turtle_sim_project/bin'
[2.112s] Level 1:colcon.colcon_core.environment:create_environment_scripts_only(turtle_sim_project)
[2.125s] INFO:colcon.colcon_core.shell:Creating package script '/home/nextup/turtle_bot/flytbase_assignment/install/turtle_sim_project/share/turtle_sim_project/package.ps1'
[2.125s] INFO:colcon.colcon_core.shell:Creating package descriptor '/home/nextup/turtle_bot/flytbase_assignment/install/turtle_sim_project/share/turtle_sim_project/package.dsv'
[2.125s] INFO:colcon.colcon_core.shell:Creating package script '/home/nextup/turtle_bot/flytbase_assignment/install/turtle_sim_project/share/turtle_sim_project/package.sh'
[2.126s] INFO:colcon.colcon_core.shell:Creating package script '/home/nextup/turtle_bot/flytbase_assignment/install/turtle_sim_project/share/turtle_sim_project/package.bash'
[2.126s] INFO:colcon.colcon_core.shell:Creating package script '/home/nextup/turtle_bot/flytbase_assignment/install/turtle_sim_project/share/turtle_sim_project/package.zsh'
[2.126s] Level 1:colcon.colcon_core.environment:create_file_with_runtime_dependencies(/home/nextup/turtle_bot/flytbase_assignment/install/turtle_sim_project/share/colcon-core/packages/turtle_sim_project)
[2.126s] DEBUG:colcon.colcon_parallel_executor.executor.parallel:closing loop
[2.127s] DEBUG:colcon.colcon_parallel_executor.executor.parallel:loop closed
[2.127s] DEBUG:colcon.colcon_parallel_executor.executor.parallel:run_until_complete finished with '0'
[2.127s] DEBUG:colcon.colcon_core.event_reactor:joining thread
[2.143s] INFO:colcon.colcon_core.plugin_system:Skipping extension 'colcon_notification.desktop_notification.terminal_notifier': Not used on non-Darwin systems
[2.144s] INFO:colcon.colcon_core.plugin_system:Skipping extension 'colcon_notification.desktop_notification.win32': Not used on non-Windows systems
[2.144s] INFO:colcon.colcon_notification.desktop_notification:Sending desktop notification using 'notify2'
[2.151s] DEBUG:colcon.colcon_core.event_reactor:joined thread
[2.164s] INFO:colcon.colcon_core.shell:Creating prefix script '/home/nextup/turtle_bot/flytbase_assignment/install/local_setup.ps1'
[2.165s] INFO:colcon.colcon_core.shell:Creating prefix util module '/home/nextup/turtle_bot/flytbase_assignment/install/_local_setup_util_ps1.py'
[2.166s] INFO:colcon.colcon_core.shell:Creating prefix chain script '/home/nextup/turtle_bot/flytbase_assignment/install/setup.ps1'
[2.180s] INFO:colcon.colcon_core.shell:Creating prefix script '/home/nextup/turtle_bot/flytbase_assignment/install/local_setup.sh'
[2.180s] INFO:colcon.colcon_core.shell:Creating prefix util module '/home/nextup/turtle_bot/flytbase_assignment/install/_local_setup_util_sh.py'
[2.180s] INFO:colcon.colcon_core.shell:Creating prefix chain script '/home/nextup/turtle_bot/flytbase_assignment/install/setup.sh'
[2.193s] INFO:colcon.colcon_core.shell:Creating prefix script '/home/nextup/turtle_bot/flytbase_assignment/install/local_setup.bash'
[2.194s] INFO:colcon.colcon_core.shell:Creating prefix chain script '/home/nextup/turtle_bot/flytbase_assignment/install/setup.bash'
[2.207s] INFO:colcon.colcon_core.shell:Creating prefix script '/home/nextup/turtle_bot/flytbase_assignment/install/local_setup.zsh'
[2.208s] INFO:colcon.colcon_core.shell:Creating prefix chain script '/home/nextup/turtle_bot/flytbase_assignment/install/setup.zsh'
