[0.402s] Invoking command in '/home/sahil-22/ros2_ws/src/turtle_sim_project': PYTHONPATH=/home/sahil-22/ros2_ws/build/turtle_sim_project/prefix_override:/home/sahil-22/ros2_ws/install/turtle_sim_project/lib/python3.10/site-packages:${PYTHONPATH} /usr/bin/python3 -W ignore:setup.py install is deprecated setup.py egg_info --egg-base ../../build/turtle_sim_project build --build-base /home/sahil-22/ros2_ws/build/turtle_sim_project/build install --record /home/sahil-22/ros2_ws/build/turtle_sim_project/install.log --single-version-externally-managed install_data
[0.609s] running egg_info
[0.609s] writing ../../build/turtle_sim_project/turtle_sim_project.egg-info/PKG-INFO
[0.609s] writing dependency_links to ../../build/turtle_sim_project/turtle_sim_project.egg-info/dependency_links.txt
[0.609s] writing entry points to ../../build/turtle_sim_project/turtle_sim_project.egg-info/entry_points.txt
[0.609s] writing requirements to ../../build/turtle_sim_project/turtle_sim_project.egg-info/requires.txt
[0.609s] writing top-level names to ../../build/turtle_sim_project/turtle_sim_project.egg-info/top_level.txt
[0.610s] reading manifest file '../../build/turtle_sim_project/turtle_sim_project.egg-info/SOURCES.txt'
[0.611s] writing manifest file '../../build/turtle_sim_project/turtle_sim_project.egg-info/SOURCES.txt'
[0.611s] running build
[0.611s] running build_py
[0.611s] copying turtle_sim_project/turtle_grid_goal2.py -> /home/sahil-22/ros2_ws/build/turtle_sim_project/build/lib/turtle_sim_project
[0.612s] running install
[0.612s] running install_lib
[0.613s] copying /home/sahil-22/ros2_ws/build/turtle_sim_project/build/lib/turtle_sim_project/turtle_grid_goal2.py -> /home/sahil-22/ros2_ws/install/turtle_sim_project/lib/python3.10/site-packages/turtle_sim_project
[0.613s] byte-compiling /home/sahil-22/ros2_ws/install/turtle_sim_project/lib/python3.10/site-packages/turtle_sim_project/turtle_grid_goal2.py to turtle_grid_goal2.cpython-310.pyc
[0.614s] running install_data
[0.614s] running install_egg_info
[0.615s] removing '/home/sahil-22/ros2_ws/install/turtle_sim_project/lib/python3.10/site-packages/turtle_sim_project-0.0.0-py3.10.egg-info' (and everything under it)
[0.615s] Copying ../../build/turtle_sim_project/turtle_sim_project.egg-info to /home/sahil-22/ros2_ws/install/turtle_sim_project/lib/python3.10/site-packages/turtle_sim_project-0.0.0-py3.10.egg-info
[0.616s] running install_scripts
[0.632s] Installing turtlesim_controller script to /home/sahil-22/ros2_ws/install/turtle_sim_project/lib/turtle_sim_project
[0.632s] Installing turtlesim_controller_pid script to /home/sahil-22/ros2_ws/install/turtle_sim_project/lib/turtle_sim_project
[0.632s] Installing turtlesim_grid_goal2 script to /home/sahil-22/ros2_ws/install/turtle_sim_project/lib/turtle_sim_project
[0.632s] Installing turtlesim_relocate script to /home/sahil-22/ros2_ws/install/turtle_sim_project/lib/turtle_sim_project
[0.632s] Installing turtlesim_spawner script to /home/sahil-22/ros2_ws/install/turtle_sim_project/lib/turtle_sim_project
[0.632s] writing list of installed files to '/home/sahil-22/ros2_ws/build/turtle_sim_project/install.log'
[0.651s] Invoked command in '/home/sahil-22/ros2_ws/src/turtle_sim_project' returned '0': PYTHONPATH=/home/sahil-22/ros2_ws/build/turtle_sim_project/prefix_override:/home/sahil-22/ros2_ws/install/turtle_sim_project/lib/python3.10/site-packages:${PYTHONPATH} /usr/bin/python3 -W ignore:setup.py install is deprecated setup.py egg_info --egg-base ../../build/turtle_sim_project build --build-base /home/sahil-22/ros2_ws/build/turtle_sim_project/build install --record /home/sahil-22/ros2_ws/build/turtle_sim_project/install.log --single-version-externally-managed install_data
