[0.128s] Invoking command in '/home/nextup/turtle_bot/flytbase_assignment/build/custom_msgs': CMAKE_PREFIX_PATH=${CMAKE_PREFIX_PATH}:/home/nextup/turtle_bot/flytbase_assignment/install/turtle_sim_project:/opt/ros/humble /usr/bin/cmake /home/nextup/turtle_bot/flytbase_assignment/src/custom_msgs -DAMENT_CMAKE_SYMLINK_INSTALL=1 -DCMAKE_INSTALL_PREFIX=/home/nextup/turtle_bot/flytbase_assignment/install/custom_msgs
[0.162s] -- The C compiler identification is GNU 11.4.0
[0.198s] -- The CXX compiler identification is GNU 11.4.0
[0.202s] -- Detecting C compiler ABI info
[0.245s] -- Detecting C compiler ABI info - done
[0.253s] -- Check for working C compiler: /usr/bin/cc - skipped
[0.253s] -- Detecting C compile features
[0.254s] -- Detecting C compile features - done
[0.256s] -- Detecting CXX compiler ABI info
[0.309s] -- Detecting CXX compiler ABI info - done
[0.315s] -- Check for working CXX compiler: /usr/bin/c++ - skipped
[0.316s] -- Detecting CXX compile features
[0.316s] -- Detecting CXX compile features - done
[0.318s] -- Found ament_cmake: 1.3.6 (/opt/ros/humble/share/ament_cmake/cmake)
[0.438s] -- Found Python3: /usr/bin/python3.10 (found version "3.10.12") found components: Interpreter 
[0.481s] -- Override CMake install command with custom implementation using symlinks instead of copying resources
[0.501s] -- Found rosidl_default_generators: 1.2.0 (/opt/ros/humble/share/rosidl_default_generators/cmake)
[0.503s] -- Using all available rosidl_typesupport_c: rosidl_typesupport_fastrtps_c;rosidl_typesupport_introspection_c
[0.508s] -- Found rosidl_adapter: 3.1.5 (/opt/ros/humble/share/rosidl_adapter/cmake)
[0.539s] -- Using all available rosidl_typesupport_cpp: rosidl_typesupport_fastrtps_cpp;rosidl_typesupport_introspection_cpp
[0.731s] -- Found ament_cmake_ros: 0.10.0 (/opt/ros/humble/share/ament_cmake_ros/cmake)
[0.855s] -- Using all available rosidl_typesupport_c: rosidl_typesupport_fastrtps_c;rosidl_typesupport_introspection_c
[1.014s] -- Using all available rosidl_typesupport_cpp: rosidl_typesupport_fastrtps_cpp;rosidl_typesupport_introspection_cpp
[1.030s] -- Found PythonInterp: /usr/bin/python3 (found suitable version "3.10.12", minimum required is "3.6") 
[1.031s] -- Found python_cmake_module: 0.10.0 (/opt/ros/humble/share/python_cmake_module/cmake)
[1.050s] -- Found PythonLibs: /usr/lib/x86_64-linux-gnu/libpython3.10.so (found suitable version "3.10.12", minimum required is "3.5") 
[1.050s] -- Using PYTHON_EXECUTABLE: /usr/bin/python3
[1.050s] -- Using PYTHON_INCLUDE_DIRS: /usr/include/python3.10
[1.050s] -- Using PYTHON_LIBRARIES: /usr/lib/x86_64-linux-gnu/libpython3.10.so
[1.065s] -- Found PythonExtra: .so  
[1.094s] -- Configuring done
[1.111s] -- Generating done
[1.113s] -- Build files have been written to: /home/nextup/turtle_bot/flytbase_assignment/build/custom_msgs
[1.118s] Invoked command in '/home/nextup/turtle_bot/flytbase_assignment/build/custom_msgs' returned '0': CMAKE_PREFIX_PATH=${CMAKE_PREFIX_PATH}:/home/nextup/turtle_bot/flytbase_assignment/install/turtle_sim_project:/opt/ros/humble /usr/bin/cmake /home/nextup/turtle_bot/flytbase_assignment/src/custom_msgs -DAMENT_CMAKE_SYMLINK_INSTALL=1 -DCMAKE_INSTALL_PREFIX=/home/nextup/turtle_bot/flytbase_assignment/install/custom_msgs
[1.119s] Invoking command in '/home/nextup/turtle_bot/flytbase_assignment/build/custom_msgs': CMAKE_PREFIX_PATH=${CMAKE_PREFIX_PATH}:/home/nextup/turtle_bot/flytbase_assignment/install/turtle_sim_project:/opt/ros/humble /usr/bin/cmake --build /home/nextup/turtle_bot/flytbase_assignment/build/custom_msgs -- -j16 -l16
[1.144s] [  3%] [34m[1mGenerating C code for ROS interfaces[0m
[1.150s] [  6%] [34m[1mGenerating C++ code for ROS interfaces[0m
[1.156s] [  6%] Built target ament_cmake_python_symlink_custom_msgs
[1.320s] [  6%] Built target custom_msgs__cpp
[1.321s] [  9%] [32mBuilding C object CMakeFiles/custom_msgs__rosidl_generator_c.dir/rosidl_generator_c/custom_msgs/msg/detail/movement__functions.c.o[0m
[1.326s] [ 19%] [34m[1mGenerating C++ type support for eProsima Fast-RTPS[0m
[1.327s] [ 19%] [34m[1mGenerating C++ introspection for ROS interfaces[0m
[1.327s] [ 19%] [34m[1mGenerating C++ type support dispatch for ROS interfaces[0m
[1.350s] [ 22%] [32m[1mLinking C shared library libcustom_msgs__rosidl_generator_c.so[0m
[1.363s] running egg_info
[1.364s] creating custom_msgs.egg-info
[1.364s] writing custom_msgs.egg-info/PKG-INFO
[1.364s] writing dependency_links to custom_msgs.egg-info/dependency_links.txt
[1.364s] writing top-level names to custom_msgs.egg-info/top_level.txt
[1.364s] writing manifest file 'custom_msgs.egg-info/SOURCES.txt'
[1.366s] reading manifest file 'custom_msgs.egg-info/SOURCES.txt'
[1.366s] writing manifest file 'custom_msgs.egg-info/SOURCES.txt'
[1.376s] [ 22%] Built target custom_msgs__rosidl_generator_c
[1.383s] [ 32%] [34m[1mGenerating C type support for eProsima Fast-RTPS[0m
[1.383s] [ 32%] [34m[1mGenerating C type support dispatch for ROS interfaces[0m
[1.383s] [ 32%] [34m[1mGenerating C introspection for ROS interfaces[0m
[1.387s] [ 32%] Built target ament_cmake_python_build_custom_msgs_egg
[1.503s] [ 35%] [32mBuilding CXX object CMakeFiles/custom_msgs__rosidl_typesupport_cpp.dir/rosidl_typesupport_cpp/custom_msgs/msg/movement__type_support.cpp.o[0m
[1.506s] [ 38%] [32mBuilding CXX object CMakeFiles/custom_msgs__rosidl_typesupport_fastrtps_cpp.dir/rosidl_typesupport_fastrtps_cpp/custom_msgs/msg/detail/dds_fastrtps/movement__type_support.cpp.o[0m
[1.507s] [ 41%] [32mBuilding CXX object CMakeFiles/custom_msgs__rosidl_typesupport_introspection_cpp.dir/rosidl_typesupport_introspection_cpp/custom_msgs/msg/detail/movement__type_support.cpp.o[0m
[1.540s] [ 45%] [32mBuilding CXX object CMakeFiles/custom_msgs__rosidl_typesupport_c.dir/rosidl_typesupport_c/custom_msgs/msg/movement__type_support.cpp.o[0m
[1.559s] [ 48%] [32m[1mLinking CXX shared library libcustom_msgs__rosidl_typesupport_c.so[0m
[1.560s] [ 51%] [32mBuilding CXX object CMakeFiles/custom_msgs__rosidl_typesupport_fastrtps_c.dir/rosidl_typesupport_fastrtps_c/custom_msgs/msg/detail/movement__type_support_c.cpp.o[0m
[1.571s] [ 54%] [32mBuilding C object CMakeFiles/custom_msgs__rosidl_typesupport_introspection_c.dir/rosidl_typesupport_introspection_c/custom_msgs/msg/detail/movement__type_support.c.o[0m
[1.593s] [ 58%] [32m[1mLinking C shared library libcustom_msgs__rosidl_typesupport_introspection_c.so[0m
[1.596s] [ 58%] Built target custom_msgs__rosidl_typesupport_c
[1.614s] [ 58%] Built target custom_msgs__rosidl_typesupport_introspection_c
[1.691s] [ 61%] [32m[1mLinking CXX shared library libcustom_msgs__rosidl_typesupport_cpp.so[0m
[1.719s] [ 61%] Built target custom_msgs__rosidl_typesupport_cpp
[1.780s] [ 64%] [32m[1mLinking CXX shared library libcustom_msgs__rosidl_typesupport_introspection_cpp.so[0m
[1.796s] [ 67%] [32m[1mLinking CXX shared library libcustom_msgs__rosidl_typesupport_fastrtps_c.so[0m
[1.808s] [ 67%] Built target custom_msgs__rosidl_typesupport_introspection_cpp
[1.824s] [ 70%] [32m[1mLinking CXX shared library libcustom_msgs__rosidl_typesupport_fastrtps_cpp.so[0m
[1.851s] [ 70%] Built target custom_msgs__rosidl_typesupport_fastrtps_c
[1.872s] [ 70%] Built target custom_msgs__rosidl_typesupport_fastrtps_cpp
[1.884s] [ 70%] Built target custom_msgs
[1.897s] [ 74%] [34m[1mGenerating Python code for ROS interfaces[0m
[2.095s] [ 74%] Built target custom_msgs__py
[2.107s] [ 77%] [32mBuilding C object CMakeFiles/custom_msgs__rosidl_generator_py.dir/rosidl_generator_py/custom_msgs/msg/_movement_s.c.o[0m
[2.173s] [ 80%] [32m[1mLinking C shared library rosidl_generator_py/custom_msgs/libcustom_msgs__rosidl_generator_py.so[0m
[2.197s] [ 80%] Built target custom_msgs__rosidl_generator_py
[2.210s] [ 90%] [32mBuilding C object CMakeFiles/custom_msgs__rosidl_typesupport_fastrtps_c__pyext.dir/rosidl_generator_py/custom_msgs/_custom_msgs_s.ep.rosidl_typesupport_fastrtps_c.c.o[0m
[2.210s] [ 90%] [32mBuilding C object CMakeFiles/custom_msgs__rosidl_typesupport_introspection_c__pyext.dir/rosidl_generator_py/custom_msgs/_custom_msgs_s.ep.rosidl_typesupport_introspection_c.c.o[0m
[2.210s] [ 90%] [32mBuilding C object CMakeFiles/custom_msgs__rosidl_typesupport_c__pyext.dir/rosidl_generator_py/custom_msgs/_custom_msgs_s.ep.rosidl_typesupport_c.c.o[0m
[2.271s] [ 93%] [32m[1mLinking C shared library rosidl_generator_py/custom_msgs/custom_msgs_s__rosidl_typesupport_c.cpython-310-x86_64-linux-gnu.so[0m
[2.271s] [ 96%] [32m[1mLinking C shared library rosidl_generator_py/custom_msgs/custom_msgs_s__rosidl_typesupport_introspection_c.cpython-310-x86_64-linux-gnu.so[0m
[2.272s] [100%] [32m[1mLinking C shared library rosidl_generator_py/custom_msgs/custom_msgs_s__rosidl_typesupport_fastrtps_c.cpython-310-x86_64-linux-gnu.so[0m
[2.292s] [100%] Built target custom_msgs__rosidl_typesupport_c__pyext
[2.292s] [100%] Built target custom_msgs__rosidl_typesupport_introspection_c__pyext
[2.294s] [100%] Built target custom_msgs__rosidl_typesupport_fastrtps_c__pyext
[2.302s] Invoked command in '/home/nextup/turtle_bot/flytbase_assignment/build/custom_msgs' returned '0': CMAKE_PREFIX_PATH=${CMAKE_PREFIX_PATH}:/home/nextup/turtle_bot/flytbase_assignment/install/turtle_sim_project:/opt/ros/humble /usr/bin/cmake --build /home/nextup/turtle_bot/flytbase_assignment/build/custom_msgs -- -j16 -l16
[2.341s] Invoking command in '/home/nextup/turtle_bot/flytbase_assignment/build/custom_msgs': CMAKE_PREFIX_PATH=${CMAKE_PREFIX_PATH}:/home/nextup/turtle_bot/flytbase_assignment/install/turtle_sim_project:/opt/ros/humble /usr/bin/cmake --install /home/nextup/turtle_bot/flytbase_assignment/build/custom_msgs
[2.346s] -- Install configuration: ""
[2.347s] -- Execute custom install script
[2.347s] -- Symlinking: /home/nextup/turtle_bot/flytbase_assignment/install/custom_msgs/share/ament_index/resource_index/rosidl_interfaces/custom_msgs
[2.353s] -- Symlinking: /home/nextup/turtle_bot/flytbase_assignment/install/custom_msgs/include/custom_msgs/custom_msgs/msg/detail/movement__functions.h
[2.358s] -- Symlinking: /home/nextup/turtle_bot/flytbase_assignment/install/custom_msgs/include/custom_msgs/custom_msgs/msg/detail/movement__struct.h
[2.363s] -- Symlinking: /home/nextup/turtle_bot/flytbase_assignment/install/custom_msgs/include/custom_msgs/custom_msgs/msg/detail/movement__type_support.h
[2.368s] -- Symlinking: /home/nextup/turtle_bot/flytbase_assignment/install/custom_msgs/include/custom_msgs/custom_msgs/msg/movement.h
[2.373s] -- Symlinking: /home/nextup/turtle_bot/flytbase_assignment/install/custom_msgs/include/custom_msgs/custom_msgs/msg/rosidl_generator_c__visibility_control.h
[2.379s] -- Symlinking: /home/nextup/turtle_bot/flytbase_assignment/install/custom_msgs/share/custom_msgs/environment/library_path.sh
[2.385s] -- Symlinking: /home/nextup/turtle_bot/flytbase_assignment/install/custom_msgs/share/custom_msgs/environment/library_path.dsv
[2.390s] -- Symlinking: /home/nextup/turtle_bot/flytbase_assignment/install/custom_msgs/include/custom_msgs/custom_msgs/msg/detail/movement__rosidl_typesupport_fastrtps_c.h
[2.395s] -- Symlinking: /home/nextup/turtle_bot/flytbase_assignment/install/custom_msgs/include/custom_msgs/custom_msgs/msg/rosidl_typesupport_fastrtps_c__visibility_control.h
[2.401s] -- Symlinking: /home/nextup/turtle_bot/flytbase_assignment/install/custom_msgs/include/custom_msgs/custom_msgs/msg/detail/movement__rosidl_typesupport_introspection_c.h
[2.406s] -- Symlinking: /home/nextup/turtle_bot/flytbase_assignment/install/custom_msgs/include/custom_msgs/custom_msgs/msg/rosidl_typesupport_introspection_c__visibility_control.h
[2.412s] -- Symlinking: /home/nextup/turtle_bot/flytbase_assignment/install/custom_msgs/include/custom_msgs/custom_msgs/msg/detail/movement__builder.hpp
[2.417s] -- Symlinking: /home/nextup/turtle_bot/flytbase_assignment/install/custom_msgs/include/custom_msgs/custom_msgs/msg/detail/movement__struct.hpp
[2.423s] -- Symlinking: /home/nextup/turtle_bot/flytbase_assignment/install/custom_msgs/include/custom_msgs/custom_msgs/msg/detail/movement__traits.hpp
[2.428s] -- Symlinking: /home/nextup/turtle_bot/flytbase_assignment/install/custom_msgs/include/custom_msgs/custom_msgs/msg/movement.hpp
[2.434s] -- Symlinking: /home/nextup/turtle_bot/flytbase_assignment/install/custom_msgs/include/custom_msgs/custom_msgs/msg/detail/movement__rosidl_typesupport_fastrtps_cpp.hpp
[2.439s] -- Symlinking: /home/nextup/turtle_bot/flytbase_assignment/install/custom_msgs/include/custom_msgs/custom_msgs/msg/rosidl_typesupport_fastrtps_cpp__visibility_control.h
[2.444s] -- Symlinking: /home/nextup/turtle_bot/flytbase_assignment/install/custom_msgs/include/custom_msgs/custom_msgs/msg/detail/movement__rosidl_typesupport_introspection_cpp.hpp
[2.450s] -- Symlinking: /home/nextup/turtle_bot/flytbase_assignment/install/custom_msgs/share/custom_msgs/environment/pythonpath.sh
[2.455s] -- Symlinking: /home/nextup/turtle_bot/flytbase_assignment/install/custom_msgs/share/custom_msgs/environment/pythonpath.dsv
[2.461s] -- Symlinking: /home/nextup/turtle_bot/flytbase_assignment/install/custom_msgs/local/lib/python3.10/dist-packages/custom_msgs-0.0.0-py3.10.egg-info/PKG-INFO
[2.466s] -- Symlinking: /home/nextup/turtle_bot/flytbase_assignment/install/custom_msgs/local/lib/python3.10/dist-packages/custom_msgs-0.0.0-py3.10.egg-info/SOURCES.txt
[2.471s] -- Symlinking: /home/nextup/turtle_bot/flytbase_assignment/install/custom_msgs/local/lib/python3.10/dist-packages/custom_msgs-0.0.0-py3.10.egg-info/dependency_links.txt
[2.476s] -- Symlinking: /home/nextup/turtle_bot/flytbase_assignment/install/custom_msgs/local/lib/python3.10/dist-packages/custom_msgs-0.0.0-py3.10.egg-info/top_level.txt
[2.482s] -- Symlinking: /home/nextup/turtle_bot/flytbase_assignment/install/custom_msgs/local/lib/python3.10/dist-packages/custom_msgs/__init__.py
[2.488s] -- Symlinking: /home/nextup/turtle_bot/flytbase_assignment/install/custom_msgs/local/lib/python3.10/dist-packages/custom_msgs/_custom_msgs_s.ep.rosidl_typesupport_c.c
[2.493s] -- Symlinking: /home/nextup/turtle_bot/flytbase_assignment/install/custom_msgs/local/lib/python3.10/dist-packages/custom_msgs/_custom_msgs_s.ep.rosidl_typesupport_fastrtps_c.c
[2.498s] -- Symlinking: /home/nextup/turtle_bot/flytbase_assignment/install/custom_msgs/local/lib/python3.10/dist-packages/custom_msgs/_custom_msgs_s.ep.rosidl_typesupport_introspection_c.c
[2.503s] -- Symlinking: /home/nextup/turtle_bot/flytbase_assignment/install/custom_msgs/local/lib/python3.10/dist-packages/custom_msgs/custom_msgs_s__rosidl_typesupport_c.cpython-310-x86_64-linux-gnu.so
[2.509s] -- Symlinking: /home/nextup/turtle_bot/flytbase_assignment/install/custom_msgs/local/lib/python3.10/dist-packages/custom_msgs/custom_msgs_s__rosidl_typesupport_fastrtps_c.cpython-310-x86_64-linux-gnu.so
[2.514s] -- Symlinking: /home/nextup/turtle_bot/flytbase_assignment/install/custom_msgs/local/lib/python3.10/dist-packages/custom_msgs/custom_msgs_s__rosidl_typesupport_introspection_c.cpython-310-x86_64-linux-gnu.so
[2.520s] -- Symlinking: /home/nextup/turtle_bot/flytbase_assignment/install/custom_msgs/local/lib/python3.10/dist-packages/custom_msgs/libcustom_msgs__rosidl_generator_py.so
[2.525s] -- Symlinking: /home/nextup/turtle_bot/flytbase_assignment/install/custom_msgs/local/lib/python3.10/dist-packages/custom_msgs/msg/__init__.py
[2.531s] -- Symlinking: /home/nextup/turtle_bot/flytbase_assignment/install/custom_msgs/local/lib/python3.10/dist-packages/custom_msgs/msg/_movement.py
[2.536s] -- Symlinking: /home/nextup/turtle_bot/flytbase_assignment/install/custom_msgs/local/lib/python3.10/dist-packages/custom_msgs/msg/_movement_s.c
[2.541s] -- Up-to-date symlink: /home/nextup/turtle_bot/flytbase_assignment/install/custom_msgs/local/lib/python3.10/dist-packages/custom_msgs/custom_msgs_s__rosidl_typesupport_fastrtps_c.cpython-310-x86_64-linux-gnu.so
[2.542s] -- Up-to-date symlink: /home/nextup/turtle_bot/flytbase_assignment/install/custom_msgs/local/lib/python3.10/dist-packages/custom_msgs/custom_msgs_s__rosidl_typesupport_introspection_c.cpython-310-x86_64-linux-gnu.so
[2.542s] -- Up-to-date symlink: /home/nextup/turtle_bot/flytbase_assignment/install/custom_msgs/local/lib/python3.10/dist-packages/custom_msgs/custom_msgs_s__rosidl_typesupport_c.cpython-310-x86_64-linux-gnu.so
[2.542s] -- Symlinking: /home/nextup/turtle_bot/flytbase_assignment/install/custom_msgs/share/custom_msgs/msg/Movement.idl
[2.548s] -- Symlinking: /home/nextup/turtle_bot/flytbase_assignment/install/custom_msgs/share/custom_msgs/msg/Movement.msg
[2.553s] -- Symlinking: /home/nextup/turtle_bot/flytbase_assignment/install/custom_msgs/share/ament_index/resource_index/package_run_dependencies/custom_msgs
[2.558s] -- Symlinking: /home/nextup/turtle_bot/flytbase_assignment/install/custom_msgs/share/ament_index/resource_index/parent_prefix_path/custom_msgs
[2.564s] -- Symlinking: /home/nextup/turtle_bot/flytbase_assignment/install/custom_msgs/share/custom_msgs/environment/ament_prefix_path.sh
[2.569s] -- Symlinking: /home/nextup/turtle_bot/flytbase_assignment/install/custom_msgs/share/custom_msgs/environment/ament_prefix_path.dsv
[2.574s] -- Symlinking: /home/nextup/turtle_bot/flytbase_assignment/install/custom_msgs/share/custom_msgs/environment/path.sh
[2.580s] -- Symlinking: /home/nextup/turtle_bot/flytbase_assignment/install/custom_msgs/share/custom_msgs/environment/path.dsv
[2.585s] -- Symlinking: /home/nextup/turtle_bot/flytbase_assignment/install/custom_msgs/share/custom_msgs/local_setup.bash
[2.591s] -- Symlinking: /home/nextup/turtle_bot/flytbase_assignment/install/custom_msgs/share/custom_msgs/local_setup.sh
[2.596s] -- Symlinking: /home/nextup/turtle_bot/flytbase_assignment/install/custom_msgs/share/custom_msgs/local_setup.zsh
[2.602s] -- Symlinking: /home/nextup/turtle_bot/flytbase_assignment/install/custom_msgs/share/custom_msgs/local_setup.dsv
[2.608s] -- Symlinking: /home/nextup/turtle_bot/flytbase_assignment/install/custom_msgs/share/custom_msgs/package.dsv
[2.614s] -- Symlinking: /home/nextup/turtle_bot/flytbase_assignment/install/custom_msgs/share/ament_index/resource_index/packages/custom_msgs
[2.620s] -- Symlinking: /home/nextup/turtle_bot/flytbase_assignment/install/custom_msgs/share/custom_msgs/cmake/rosidl_cmake-extras.cmake
[2.625s] -- Symlinking: /home/nextup/turtle_bot/flytbase_assignment/install/custom_msgs/share/custom_msgs/cmake/ament_cmake_export_include_directories-extras.cmake
[2.631s] -- Symlinking: /home/nextup/turtle_bot/flytbase_assignment/install/custom_msgs/share/custom_msgs/cmake/ament_cmake_export_libraries-extras.cmake
[2.637s] -- Symlinking: /home/nextup/turtle_bot/flytbase_assignment/install/custom_msgs/share/custom_msgs/cmake/ament_cmake_export_targets-extras.cmake
[2.643s] -- Symlinking: /home/nextup/turtle_bot/flytbase_assignment/install/custom_msgs/share/custom_msgs/cmake/rosidl_cmake_export_typesupport_targets-extras.cmake
[2.649s] -- Symlinking: /home/nextup/turtle_bot/flytbase_assignment/install/custom_msgs/share/custom_msgs/cmake/ament_cmake_export_dependencies-extras.cmake
[2.655s] -- Symlinking: /home/nextup/turtle_bot/flytbase_assignment/install/custom_msgs/share/custom_msgs/cmake/rosidl_cmake_export_typesupport_libraries-extras.cmake
[2.661s] -- Symlinking: /home/nextup/turtle_bot/flytbase_assignment/install/custom_msgs/share/custom_msgs/cmake/custom_msgsConfig.cmake
[2.667s] -- Symlinking: /home/nextup/turtle_bot/flytbase_assignment/install/custom_msgs/share/custom_msgs/cmake/custom_msgsConfig-version.cmake
[2.673s] -- Symlinking: /home/nextup/turtle_bot/flytbase_assignment/install/custom_msgs/share/custom_msgs/package.xml
[2.678s] -- Installing: /home/nextup/turtle_bot/flytbase_assignment/install/custom_msgs/lib/libcustom_msgs__rosidl_generator_c.so
[2.679s] -- Set runtime path of "/home/nextup/turtle_bot/flytbase_assignment/install/custom_msgs/lib/libcustom_msgs__rosidl_generator_c.so" to ""
[2.679s] -- Installing: /home/nextup/turtle_bot/flytbase_assignment/install/custom_msgs/lib/libcustom_msgs__rosidl_typesupport_fastrtps_c.so
[2.679s] -- Set runtime path of "/home/nextup/turtle_bot/flytbase_assignment/install/custom_msgs/lib/libcustom_msgs__rosidl_typesupport_fastrtps_c.so" to ""
[2.679s] -- Installing: /home/nextup/turtle_bot/flytbase_assignment/install/custom_msgs/lib/libcustom_msgs__rosidl_typesupport_introspection_c.so
[2.679s] -- Set runtime path of "/home/nextup/turtle_bot/flytbase_assignment/install/custom_msgs/lib/libcustom_msgs__rosidl_typesupport_introspection_c.so" to ""
[2.679s] -- Installing: /home/nextup/turtle_bot/flytbase_assignment/install/custom_msgs/lib/libcustom_msgs__rosidl_typesupport_c.so
[2.680s] -- Set runtime path of "/home/nextup/turtle_bot/flytbase_assignment/install/custom_msgs/lib/libcustom_msgs__rosidl_typesupport_c.so" to ""
[2.680s] -- Installing: /home/nextup/turtle_bot/flytbase_assignment/install/custom_msgs/lib/libcustom_msgs__rosidl_typesupport_fastrtps_cpp.so
[2.680s] -- Set runtime path of "/home/nextup/turtle_bot/flytbase_assignment/install/custom_msgs/lib/libcustom_msgs__rosidl_typesupport_fastrtps_cpp.so" to ""
[2.680s] -- Installing: /home/nextup/turtle_bot/flytbase_assignment/install/custom_msgs/lib/libcustom_msgs__rosidl_typesupport_introspection_cpp.so
[2.680s] -- Set runtime path of "/home/nextup/turtle_bot/flytbase_assignment/install/custom_msgs/lib/libcustom_msgs__rosidl_typesupport_introspection_cpp.so" to ""
[2.680s] -- Installing: /home/nextup/turtle_bot/flytbase_assignment/install/custom_msgs/lib/libcustom_msgs__rosidl_typesupport_cpp.so
[2.680s] -- Set runtime path of "/home/nextup/turtle_bot/flytbase_assignment/install/custom_msgs/lib/libcustom_msgs__rosidl_typesupport_cpp.so" to ""
[2.704s] Listing '/home/nextup/turtle_bot/flytbase_assignment/install/custom_msgs/local/lib/python3.10/dist-packages/custom_msgs'...
[2.704s] Compiling '/home/nextup/turtle_bot/flytbase_assignment/install/custom_msgs/local/lib/python3.10/dist-packages/custom_msgs/__init__.py'...
[2.705s] Listing '/home/nextup/turtle_bot/flytbase_assignment/install/custom_msgs/local/lib/python3.10/dist-packages/custom_msgs/msg'...
[2.705s] Compiling '/home/nextup/turtle_bot/flytbase_assignment/install/custom_msgs/local/lib/python3.10/dist-packages/custom_msgs/msg/__init__.py'...
[2.705s] Compiling '/home/nextup/turtle_bot/flytbase_assignment/install/custom_msgs/local/lib/python3.10/dist-packages/custom_msgs/msg/_movement.py'...
[2.708s] -- Installing: /home/nextup/turtle_bot/flytbase_assignment/install/custom_msgs/lib/libcustom_msgs__rosidl_generator_py.so
[2.708s] -- Set runtime path of "/home/nextup/turtle_bot/flytbase_assignment/install/custom_msgs/lib/libcustom_msgs__rosidl_generator_py.so" to ""
[2.708s] -- Installing: /home/nextup/turtle_bot/flytbase_assignment/install/custom_msgs/share/custom_msgs/cmake/export_custom_msgs__rosidl_generator_cExport.cmake
[2.708s] -- Installing: /home/nextup/turtle_bot/flytbase_assignment/install/custom_msgs/share/custom_msgs/cmake/export_custom_msgs__rosidl_generator_cExport-noconfig.cmake
[2.708s] -- Installing: /home/nextup/turtle_bot/flytbase_assignment/install/custom_msgs/share/custom_msgs/cmake/export_custom_msgs__rosidl_typesupport_fastrtps_cExport.cmake
[2.708s] -- Installing: /home/nextup/turtle_bot/flytbase_assignment/install/custom_msgs/share/custom_msgs/cmake/export_custom_msgs__rosidl_typesupport_fastrtps_cExport-noconfig.cmake
[2.708s] -- Installing: /home/nextup/turtle_bot/flytbase_assignment/install/custom_msgs/share/custom_msgs/cmake/custom_msgs__rosidl_typesupport_introspection_cExport.cmake
[2.708s] -- Installing: /home/nextup/turtle_bot/flytbase_assignment/install/custom_msgs/share/custom_msgs/cmake/custom_msgs__rosidl_typesupport_introspection_cExport-noconfig.cmake
[2.708s] -- Installing: /home/nextup/turtle_bot/flytbase_assignment/install/custom_msgs/share/custom_msgs/cmake/custom_msgs__rosidl_typesupport_cExport.cmake
[2.708s] -- Installing: /home/nextup/turtle_bot/flytbase_assignment/install/custom_msgs/share/custom_msgs/cmake/custom_msgs__rosidl_typesupport_cExport-noconfig.cmake
[2.708s] -- Installing: /home/nextup/turtle_bot/flytbase_assignment/install/custom_msgs/share/custom_msgs/cmake/export_custom_msgs__rosidl_generator_cppExport.cmake
[2.709s] -- Installing: /home/nextup/turtle_bot/flytbase_assignment/install/custom_msgs/share/custom_msgs/cmake/export_custom_msgs__rosidl_typesupport_fastrtps_cppExport.cmake
[2.709s] -- Installing: /home/nextup/turtle_bot/flytbase_assignment/install/custom_msgs/share/custom_msgs/cmake/export_custom_msgs__rosidl_typesupport_fastrtps_cppExport-noconfig.cmake
[2.709s] -- Installing: /home/nextup/turtle_bot/flytbase_assignment/install/custom_msgs/share/custom_msgs/cmake/custom_msgs__rosidl_typesupport_introspection_cppExport.cmake
[2.709s] -- Installing: /home/nextup/turtle_bot/flytbase_assignment/install/custom_msgs/share/custom_msgs/cmake/custom_msgs__rosidl_typesupport_introspection_cppExport-noconfig.cmake
[2.709s] -- Installing: /home/nextup/turtle_bot/flytbase_assignment/install/custom_msgs/share/custom_msgs/cmake/custom_msgs__rosidl_typesupport_cppExport.cmake
[2.709s] -- Installing: /home/nextup/turtle_bot/flytbase_assignment/install/custom_msgs/share/custom_msgs/cmake/custom_msgs__rosidl_typesupport_cppExport-noconfig.cmake
[2.709s] -- Installing: /home/nextup/turtle_bot/flytbase_assignment/install/custom_msgs/share/custom_msgs/cmake/export_custom_msgs__rosidl_generator_pyExport.cmake
[2.709s] -- Installing: /home/nextup/turtle_bot/flytbase_assignment/install/custom_msgs/share/custom_msgs/cmake/export_custom_msgs__rosidl_generator_pyExport-noconfig.cmake
[2.711s] Invoked command in '/home/nextup/turtle_bot/flytbase_assignment/build/custom_msgs' returned '0': CMAKE_PREFIX_PATH=${CMAKE_PREFIX_PATH}:/home/nextup/turtle_bot/flytbase_assignment/install/turtle_sim_project:/opt/ros/humble /usr/bin/cmake --install /home/nextup/turtle_bot/flytbase_assignment/build/custom_msgs
