[0.483s] Invoking command in '/home/sahil-22/flytbase_assignment/build/turtle_sim_project': PYTHONPATH=/home/sahil-22/flytbase_assignment/build/turtle_sim_project/prefix_override:/home/sahil-22/flytbase_assignment/install/turtle_sim_project/lib/python3.10/site-packages:${PYTHONPATH} /usr/bin/python3 -W ignore:setup.py install is deprecated setup.py develop --editable --build-directory /home/sahil-22/flytbase_assignment/build/turtle_sim_project/build --no-deps symlink_data
[0.670s] running develop
[0.670s] /usr/lib/python3/dist-packages/setuptools/command/easy_install.py:158: EasyInstallDeprecationWarning: easy_install command is deprecated. Use build and pip and other standards-based tools.
[0.670s]   warnings.warn(
[0.774s] running egg_info
[0.774s] writing turtle_sim_project.egg-info/PKG-INFO
[0.774s] writing dependency_links to turtle_sim_project.egg-info/dependency_links.txt
[0.774s] writing entry points to turtle_sim_project.egg-info/entry_points.txt
[0.774s] writing requirements to turtle_sim_project.egg-info/requires.txt
[0.774s] writing top-level names to turtle_sim_project.egg-info/top_level.txt
[0.776s] reading manifest file 'turtle_sim_project.egg-info/SOURCES.txt'
[0.777s] writing manifest file 'turtle_sim_project.egg-info/SOURCES.txt'
[0.778s] running build_ext
[0.778s] Creating /home/sahil-22/flytbase_assignment/install/turtle_sim_project/lib/python3.10/site-packages/turtle-sim-project.egg-link (link to .)
[0.779s] Installing turtlesim_controller script to /home/sahil-22/flytbase_assignment/install/turtle_sim_project/lib/turtle_sim_project
[0.779s] Installing turtlesim_controller_pid script to /home/sahil-22/flytbase_assignment/install/turtle_sim_project/lib/turtle_sim_project
[0.779s] Installing turtlesim_grid_goal2 script to /home/sahil-22/flytbase_assignment/install/turtle_sim_project/lib/turtle_sim_project
[0.779s] Installing turtlesim_relocate script to /home/sahil-22/flytbase_assignment/install/turtle_sim_project/lib/turtle_sim_project
[0.779s] Installing turtlesim_rotate_chase_goal4 script to /home/sahil-22/flytbase_assignment/install/turtle_sim_project/lib/turtle_sim_project
[0.779s] Installing turtlesim_rotate_chase_goal5 script to /home/sahil-22/flytbase_assignment/install/turtle_sim_project/lib/turtle_sim_project
[0.779s] Installing turtlesim_rotate_chase_goal6 script to /home/sahil-22/flytbase_assignment/install/turtle_sim_project/lib/turtle_sim_project
[0.779s] Installing turtlesim_rotate_goal3 script to /home/sahil-22/flytbase_assignment/install/turtle_sim_project/lib/turtle_sim_project
[0.779s] Installing turtlesim_spawner script to /home/sahil-22/flytbase_assignment/install/turtle_sim_project/lib/turtle_sim_project
[0.780s] 
[0.780s] Installed /home/sahil-22/flytbase_assignment/build/turtle_sim_project
[0.780s] running symlink_data
[0.802s] Invoked command in '/home/sahil-22/flytbase_assignment/build/turtle_sim_project' returned '0': PYTHONPATH=/home/sahil-22/flytbase_assignment/build/turtle_sim_project/prefix_override:/home/sahil-22/flytbase_assignment/install/turtle_sim_project/lib/python3.10/site-packages:${PYTHONPATH} /usr/bin/python3 -W ignore:setup.py install is deprecated setup.py develop --editable --build-directory /home/sahil-22/flytbase_assignment/build/turtle_sim_project/build --no-deps symlink_data
